Reading timing models for corner nom_tt_025C_1v80…
Reading timing library for the 'nom_tt_025C_1v80' corner at '/home/kien/.volare/volare/sky130/versions/0fe599b2afb6708d281543108caf8310912f54af/sky130A/libs.ref/sky130_fd_sc_hd/lib/sky130_fd_sc_hd__tt_025C_1v80.lib'…
Reading timing models for corner nom_ff_n40C_1v95…
Reading timing library for the 'nom_ff_n40C_1v95' corner at '/home/kien/.volare/volare/sky130/versions/0fe599b2afb6708d281543108caf8310912f54af/sky130A/libs.ref/sky130_fd_sc_hd/lib/sky130_fd_sc_hd__ff_n40C_1v95.lib'…
Reading timing models for corner nom_ss_100C_1v60…
Reading timing library for the 'nom_ss_100C_1v60' corner at '/home/kien/.volare/volare/sky130/versions/0fe599b2afb6708d281543108caf8310912f54af/sky130A/libs.ref/sky130_fd_sc_hd/lib/sky130_fd_sc_hd__ss_100C_1v60.lib'…
Reading OpenROAD database at '/home/kien/openlane2/MARCO/counter_all/runs/RUN_2026-01-16_18-59-06/34-openroad-cts/counter_all.odb'…
Reading design constraints file at '/nix/store/4pyixb03xfwwy77zxxplrggxrmm9f57y-python3-3.11.9-env/lib/python3.11/site-packages/openlane/scripts/base.sdc'…
[INFO] Using clock clk…
[INFO] Setting output delay to: 20000000
[INFO] Setting input delay to: 20000000
[INFO] Setting load to: 0.033442
[INFO] Setting clock uncertainty to: 0.25
[INFO] Setting clock transition to: 0.1499999999999999944488848768742172978818416595458984375
[INFO] Setting timing derate to: 5%
[INFO] Setting RC values…
[INFO RSZ-0098] No setup violations found
[INFO RSZ-0046] Found 4 endpoints with hold violations.
Iteration | Resized | Buffers | Cloned Gates |   WNS   |   TNS   | Endpoint
---------------------------------------------------------------------------
        0 |       0 |       0 |            0 |   0.077 |   0.000 | _654_/D
    final |       0 |       4 |            0 |   0.100 |   0.000 | _652_/D
---------------------------------------------------------------------------
[INFO RSZ-0032] Inserted 4 hold buffers.
Placement Analysis
---------------------------------
total displacement         45.0 u
average displacement        0.1 u
max displacement            8.1 u
original HPWL            8701.7 u
legalized HPWL           8970.4 u
delta HPWL                    3 %

[INFO DPL-0020] Mirrored 175 instances
[INFO DPL-0021] HPWL before            8970.4 u
[INFO DPL-0022] HPWL after             8717.3 u
[INFO DPL-0023] HPWL delta               -2.8 %
[INFO] Setting RC values…
Setting global connections for newly added cells…
[INFO] Setting global connections...
Updating metrics…
Cell type report:                       Count       Area
  Fill cell                                54     202.69
  Tap cell                                 72      90.09
  Buffer                                   10      37.54
  Clock buffer                              7     146.39
  Timing Repair Buffer                     83     436.67
  Inverter                                 17      63.81
  Clock inverter                            1      30.03
  Sequential cell                          33     888.35
  Multi-Input combinational cell          299    2248.41
  Total                                   576    4143.97
Writing OpenROAD database to '/home/kien/openlane2/MARCO/counter_all/runs/RUN_2026-01-16_18-59-06/36-openroad-resizertimingpostcts/counter_all.odb'…
Writing netlist to '/home/kien/openlane2/MARCO/counter_all/runs/RUN_2026-01-16_18-59-06/36-openroad-resizertimingpostcts/counter_all.nl.v'…
Writing powered netlist to '/home/kien/openlane2/MARCO/counter_all/runs/RUN_2026-01-16_18-59-06/36-openroad-resizertimingpostcts/counter_all.pnl.v'…
Writing layout to '/home/kien/openlane2/MARCO/counter_all/runs/RUN_2026-01-16_18-59-06/36-openroad-resizertimingpostcts/counter_all.def'…
Writing timing constraints to '/home/kien/openlane2/MARCO/counter_all/runs/RUN_2026-01-16_18-59-06/36-openroad-resizertimingpostcts/counter_all.sdc'…
