'PNR_SDC_FILE' is not defined. Using generic fallback SDC for OpenROAD PnR steps.
'SIGNOFF_SDC_FILE' is not defined. Using generic fallback SDC for OpenROAD PnR steps.
[STA-0366] port '__VIRTUAL_CLK__' not found.
[STA-0366] port '__VIRTUAL_CLK__' not found.
[STA-0419] transition time can not be specified for virtual clocks.
[STA-0450] virtual clock __VIRTUAL_CLK__ can not be propagated.
[STA-0366] port '__VIRTUAL_CLK__' not found.
[STA-0366] port '__VIRTUAL_CLK__' not found.
[STA-0419] transition time can not be specified for virtual clocks.
[STA-0450] virtual clock __VIRTUAL_CLK__ can not be propagated.
[STA-0366] port '__VIRTUAL_CLK__' not found.
[STA-0366] port '__VIRTUAL_CLK__' not found.
[STA-0419] transition time can not be specified for virtual clocks.
[STA-0450] virtual clock __VIRTUAL_CLK__ can not be propagated.
[STA-0366] port '__VIRTUAL_CLK__' not found.
[STA-0366] port '__VIRTUAL_CLK__' not found.
[STA-0419] transition time can not be specified for virtual clocks.
[STA-0450] virtual clock __VIRTUAL_CLK__ can not be propagated.
[STA-0366] port '__VIRTUAL_CLK__' not found.
[STA-0366] port '__VIRTUAL_CLK__' not found.
[STA-0419] transition time can not be specified for virtual clocks.
[STA-0450] virtual clock __VIRTUAL_CLK__ can not be propagated.
[STA-0366] port '__VIRTUAL_CLK__' not found.
[STA-0366] port '__VIRTUAL_CLK__' not found.
[STA-0419] transition time can not be specified for virtual clocks.
[STA-0450] virtual clock __VIRTUAL_CLK__ can not be propagated.
[STA-0366] port '__VIRTUAL_CLK__' not found.
[STA-0366] port '__VIRTUAL_CLK__' not found.
[STA-0419] transition time can not be specified for virtual clocks.
[STA-0450] virtual clock __VIRTUAL_CLK__ can not be propagated.
[GRT-0097] No global routing found for nets.
[STA-0366] port '__VIRTUAL_CLK__' not found.
[STA-0366] port '__VIRTUAL_CLK__' not found.
[STA-0419] transition time can not be specified for virtual clocks.
[STA-0450] virtual clock __VIRTUAL_CLK__ can not be propagated.
[STA-0366] port '__VIRTUAL_CLK__' not found.
[STA-0366] port '__VIRTUAL_CLK__' not found.
[STA-0419] transition time can not be specified for virtual clocks.
[STA-0450] virtual clock __VIRTUAL_CLK__ can not be propagated.
[STA-0366] port '__VIRTUAL_CLK__' not found.
[STA-0366] port '__VIRTUAL_CLK__' not found.
[STA-0419] transition time can not be specified for virtual clocks.
[STA-0450] virtual clock __VIRTUAL_CLK__ can not be propagated.
[GRT-0097] No global routing found for nets.
[STA-0366] port '__VIRTUAL_CLK__' not found.
[STA-0366] port '__VIRTUAL_CLK__' not found.
[STA-0419] transition time can not be specified for virtual clocks.
[STA-0450] virtual clock __VIRTUAL_CLK__ can not be propagated.
[STA-0450] virtual clock __VIRTUAL_CLK__ can not be propagated.
[STA-0366] port '__VIRTUAL_CLK__' not found.
[STA-0366] port '__VIRTUAL_CLK__' not found.
[STA-0419] transition time can not be specified for virtual clocks.
[STA-0450] virtual clock __VIRTUAL_CLK__ can not be propagated.
[GRT-0097] No global routing found for nets.
[STA-0366] port '__VIRTUAL_CLK__' not found.
[STA-0366] port '__VIRTUAL_CLK__' not found.
[STA-0419] transition time can not be specified for virtual clocks.
[STA-0450] virtual clock __VIRTUAL_CLK__ can not be propagated.
[STA-0450] virtual clock __VIRTUAL_CLK__ can not be propagated.
[GRT-0036] Pin button_dec is outside die area.
[GRT-0036] Pin button_inc is outside die area.
[GRT-0036] Pin dec[0] is outside die area.
[GRT-0036] Pin dec[1] is outside die area.
[GRT-0036] Pin dec[2] is outside die area.
[GRT-0036] Pin dec[3] is outside die area.
[GRT-0036] Pin dec[4] is outside die area.
[GRT-0036] Pin dec[5] is outside die area.
[GRT-0036] Pin done_dec[0] is outside die area.
[GRT-0036] Pin done_dec[1] is outside die area.
[GRT-0036] Pin done_dec[2] is outside die area.
[GRT-0036] Pin done_dec[3] is outside die area.
[GRT-0036] Pin done_dec[4] is outside die area.
[GRT-0036] Pin done_inc[0] is outside die area.
[GRT-0036] Pin done_inc[1] is outside die area.
[GRT-0036] Pin done_inc[2] is outside die area.
[GRT-0036] Pin done_inc[3] is outside die area.
[GRT-0036] Pin done_inc[4] is outside die area.
[GRT-0036] Pin en[0] is outside die area.
[GRT-0036] Pin en[1] is outside die area.
[GRT-0036] Pin en[2] is outside die area.
[GRT-0036] Pin en[3] is outside die area.
[GRT-0036] Pin en[4] is outside die area.
[GRT-0036] Pin en[5] is outside die area.
[GRT-0036] Pin inc[0] is outside die area.
[GRT-0036] Pin inc[1] is outside die area.
[GRT-0036] Pin inc[2] is outside die area.
[GRT-0036] Pin inc[3] is outside die area.
[GRT-0036] Pin inc[4] is outside die area.
[GRT-0036] Pin inc[5] is outside die area.
[GRT-0036] Pin mode[0] is outside die area.
[GRT-0036] Pin mode[1] is outside die area.
[GRT-0036] Pin select[0] is outside die area.
[GRT-0036] Pin select[1] is outside die area.
[GRT-0036] Pin select[2] is outside die area.
[GRT-0036] Pin select[3] is outside die area.
[GRT-0036] Pin select[4] is outside die area.
[GRT-0036] Pin select[5] is outside die area.
[STA-0366] port '__VIRTUAL_CLK__' not found.
[STA-0366] port '__VIRTUAL_CLK__' not found.
[STA-0419] transition time can not be specified for virtual clocks.
[STA-0450] virtual clock __VIRTUAL_CLK__ can not be propagated.
[STA-0366] port '__VIRTUAL_CLK__' not found.
[STA-0366] port '__VIRTUAL_CLK__' not found.
[STA-0419] transition time can not be specified for virtual clocks.
[STA-0450] virtual clock __VIRTUAL_CLK__ can not be propagated.
[STA-0450] virtual clock __VIRTUAL_CLK__ can not be propagated.
[GRT-0036] Pin button_dec is outside die area.
[GRT-0036] Pin button_inc is outside die area.
[GRT-0036] Pin dec[0] is outside die area.
[GRT-0036] Pin dec[1] is outside die area.
[GRT-0036] Pin dec[2] is outside die area.
[GRT-0036] Pin dec[3] is outside die area.
[GRT-0036] Pin dec[4] is outside die area.
[GRT-0036] Pin dec[5] is outside die area.
[GRT-0036] Pin done_dec[0] is outside die area.
[GRT-0036] Pin done_dec[1] is outside die area.
[GRT-0036] Pin done_dec[2] is outside die area.
[GRT-0036] Pin done_dec[3] is outside die area.
[GRT-0036] Pin done_dec[4] is outside die area.
[GRT-0036] Pin done_inc[0] is outside die area.
[GRT-0036] Pin done_inc[1] is outside die area.
[GRT-0036] Pin done_inc[2] is outside die area.
[GRT-0036] Pin done_inc[3] is outside die area.
[GRT-0036] Pin done_inc[4] is outside die area.
[GRT-0036] Pin en[0] is outside die area.
[GRT-0036] Pin en[1] is outside die area.
[GRT-0036] Pin en[2] is outside die area.
[GRT-0036] Pin en[3] is outside die area.
[GRT-0036] Pin en[4] is outside die area.
[GRT-0036] Pin en[5] is outside die area.
[GRT-0036] Pin inc[0] is outside die area.
[GRT-0036] Pin inc[1] is outside die area.
[GRT-0036] Pin inc[2] is outside die area.
[GRT-0036] Pin inc[3] is outside die area.
[GRT-0036] Pin inc[4] is outside die area.
[GRT-0036] Pin inc[5] is outside die area.
[GRT-0036] Pin mode[0] is outside die area.
[GRT-0036] Pin mode[1] is outside die area.
[GRT-0036] Pin select[0] is outside die area.
[GRT-0036] Pin select[1] is outside die area.
[GRT-0036] Pin select[2] is outside die area.
[GRT-0036] Pin select[3] is outside die area.
[GRT-0036] Pin select[4] is outside die area.
[GRT-0036] Pin select[5] is outside die area.
[GRT-0036] Pin button_dec is outside die area.
[GRT-0036] Pin button_inc is outside die area.
[GRT-0036] Pin dec[0] is outside die area.
[GRT-0036] Pin dec[1] is outside die area.
[GRT-0036] Pin dec[2] is outside die area.
[GRT-0036] Pin dec[3] is outside die area.
[GRT-0036] Pin dec[4] is outside die area.
[GRT-0036] Pin dec[5] is outside die area.
[GRT-0036] Pin done_dec[0] is outside die area.
[GRT-0036] Pin done_dec[1] is outside die area.
[GRT-0036] Pin done_dec[2] is outside die area.
[GRT-0036] Pin done_dec[3] is outside die area.
[GRT-0036] Pin done_dec[4] is outside die area.
[GRT-0036] Pin done_inc[0] is outside die area.
[GRT-0036] Pin done_inc[1] is outside die area.
[GRT-0036] Pin done_inc[2] is outside die area.
[GRT-0036] Pin done_inc[3] is outside die area.
[GRT-0036] Pin done_inc[4] is outside die area.
[GRT-0036] Pin en[0] is outside die area.
[GRT-0036] Pin en[1] is outside die area.
[GRT-0036] Pin en[2] is outside die area.
[GRT-0036] Pin en[3] is outside die area.
[GRT-0036] Pin en[4] is outside die area.
[GRT-0036] Pin en[5] is outside die area.
[GRT-0036] Pin inc[0] is outside die area.
[GRT-0036] Pin inc[1] is outside die area.
[GRT-0036] Pin inc[2] is outside die area.
[GRT-0036] Pin inc[3] is outside die area.
[GRT-0036] Pin inc[4] is outside die area.
[GRT-0036] Pin inc[5] is outside die area.
[GRT-0036] Pin mode[0] is outside die area.
[GRT-0036] Pin mode[1] is outside die area.
[GRT-0036] Pin select[0] is outside die area.
[GRT-0036] Pin select[1] is outside die area.
[GRT-0036] Pin select[2] is outside die area.
[GRT-0036] Pin select[3] is outside die area.
[GRT-0036] Pin select[4] is outside die area.
[GRT-0036] Pin select[5] is outside die area.
[STA-0366] port '__VIRTUAL_CLK__' not found.
[STA-0366] port '__VIRTUAL_CLK__' not found.
[STA-0419] transition time can not be specified for virtual clocks.
[STA-0450] virtual clock __VIRTUAL_CLK__ can not be propagated.
[STA-0366] port '__VIRTUAL_CLK__' not found.
[STA-0366] port '__VIRTUAL_CLK__' not found.
[STA-0419] transition time can not be specified for virtual clocks.
[STA-0450] virtual clock __VIRTUAL_CLK__ can not be propagated.
[STA-0366] port '__VIRTUAL_CLK__' not found.
[STA-0366] port '__VIRTUAL_CLK__' not found.
[STA-0419] transition time can not be specified for virtual clocks.
[STA-0450] virtual clock __VIRTUAL_CLK__ can not be propagated.
[DRT-0349] LEF58_ENCLOSURE with no CUTCLASS is not supported. Skipping for layer mcon
[DRT-0349] LEF58_ENCLOSURE with no CUTCLASS is not supported. Skipping for layer mcon
[DRT-0349] LEF58_ENCLOSURE with no CUTCLASS is not supported. Skipping for layer via
[DRT-0349] LEF58_ENCLOSURE with no CUTCLASS is not supported. Skipping for layer via
[DRT-0349] LEF58_ENCLOSURE with no CUTCLASS is not supported. Skipping for layer via2
[DRT-0349] LEF58_ENCLOSURE with no CUTCLASS is not supported. Skipping for layer via2
[DRT-0349] LEF58_ENCLOSURE with no CUTCLASS is not supported. Skipping for layer via3
[DRT-0349] LEF58_ENCLOSURE with no CUTCLASS is not supported. Skipping for layer via3
[DRT-0349] LEF58_ENCLOSURE with no CUTCLASS is not supported. Skipping for layer via4
[DRT-0349] LEF58_ENCLOSURE with no CUTCLASS is not supported. Skipping for layer via4
[STA-0366] port '__VIRTUAL_CLK__' not found.
[STA-0366] port '__VIRTUAL_CLK__' not found.
[STA-0419] transition time can not be specified for virtual clocks.
[STA-0450] virtual clock __VIRTUAL_CLK__ can not be propagated.
Threshold for Threshold-surpassing long wires is not set. The checker will be skipped.
[STA-0366] port '__VIRTUAL_CLK__' not found.
[STA-0366] port '__VIRTUAL_CLK__' not found.
[STA-0419] transition time can not be specified for virtual clocks.
[STA-0450] virtual clock __VIRTUAL_CLK__ can not be propagated.
'VSRC_LOC_FILES' was not given a value, which may make the results of IR drop analysis inaccurate. If you are not integrating a top-level chip for manufacture, you may ignore this warning, otherwise, see the documentation for 'VSRC_LOC_FILES'.
[STA-0366] port '__VIRTUAL_CLK__' not found.
[STA-0366] port '__VIRTUAL_CLK__' not found.
[STA-0419] transition time can not be specified for virtual clocks.
[STA-0450] virtual clock __VIRTUAL_CLK__ can not be propagated.
