Reading timing models for corner nom_tt_025C_1v80…
Reading cell library for the 'nom_tt_025C_1v80' corner at '/home/kien/.volare/volare/sky130/versions/0fe599b2afb6708d281543108caf8310912f54af/sky130A/libs.ref/sky130_fd_sc_hd/lib/sky130_fd_sc_hd__tt_025C_1v80.lib'…
Reading top-level netlist at '/home/kien/openlane2/MARCO/decode_day/runs/RUN_2026-01-15_20-14-16/50-openroad-fillinsertion/decode_day.nl.v'…
Linking design 'decode_day' from netlist…
Warning: /home/kien/openlane2/MARCO/decode_day/runs/RUN_2026-01-15_20-14-16/50-openroad-fillinsertion/decode_day.nl.v line 63, module sky130_fd_sc_hd__fill_1 not found. Creating black box for FILLER_0_7.
Warning: /home/kien/openlane2/MARCO/decode_day/runs/RUN_2026-01-15_20-14-16/50-openroad-fillinsertion/decode_day.nl.v line 88, module sky130_fd_sc_hd__tapvpwrvgnd_1 not found. Creating black box for TAP_TAPCELL_ROW_0_20.
Warning: /home/kien/openlane2/MARCO/decode_day/runs/RUN_2026-01-15_20-14-16/50-openroad-fillinsertion/decode_day.nl.v line 134, module sky130_fd_sc_hd__fill_2 not found. Creating black box for FILLER_0_75.
Warning: /home/kien/openlane2/MARCO/decode_day/runs/RUN_2026-01-15_20-14-16/50-openroad-fillinsertion/decode_day.nl.v line 135, module sky130_ef_sc_hd__decap_12 not found. Creating black box for FILLER_1_3.
Reading design constraints file at '/nix/store/4pyixb03xfwwy77zxxplrggxrmm9f57y-python3-3.11.9-env/lib/python3.11/site-packages/openlane/scripts/base.sdc'…
Warning: base.sdc line 15, port '__VIRTUAL_CLK__' not found.
[INFO] Using clock __VIRTUAL_CLK__…
[INFO] Setting output delay to: 2
[INFO] Setting input delay to: 2
Warning: base.sdc line 32, port '__VIRTUAL_CLK__' not found.
[INFO] Setting load to: 0.033442
[INFO] Setting clock uncertainty to: 0.25
[INFO] Setting clock transition to: 0.1499999999999999944488848768742172978818416595458984375
Warning: base.sdc line 69, transition time can not be specified for virtual clocks.
[INFO] Setting timing derate to: 5%
Warning: base.sdc line 79, virtual clock __VIRTUAL_CLK__ can not be propagated.
Reading top-level design parasitics for the 'nom_tt_025C_1v80' corner at '/home/kien/openlane2/MARCO/decode_day/runs/RUN_2026-01-15_20-14-16/52-openroad-rcx/nom/decode_day.nom.spef'…
%OL_CREATE_REPORT min.rpt

===========================================================================
report_checks -path_delay min (Hold)
============================================================================
======================= nom_tt_025C_1v80 Corner ===================================

Startpoint: am_pm (input port clocked by __VIRTUAL_CLK__)
Endpoint: hour_num[4] (output port clocked by __VIRTUAL_CLK__)
Path Group: __VIRTUAL_CLK__
Path Type: min

Fanout         Cap        Slew       Delay        Time   Description
---------------------------------------------------------------------------------------------
                      0.000000    0.000000    0.000000   clock __VIRTUAL_CLK__ (rise edge)
                                  0.000000    0.000000   clock network delay (ideal)
                                  2.000000    2.000000 v input external delay
     1    0.003659    0.010625    0.005897    2.005897 v am_pm (in)
                                                         am_pm (net)
                      0.010630    0.000000    2.005897 v input1/A (sky130_fd_sc_hd__buf_1)
     2    0.012525    0.078525    0.116003    2.121901 v input1/X (sky130_fd_sc_hd__buf_1)
                                                         net1 (net)
                      0.078531    0.000779    2.122679 v _04_/A (sky130_fd_sc_hd__inv_2)
     1    0.002028    0.026884    0.048239    2.170918 ^ _04_/Y (sky130_fd_sc_hd__inv_2)
                                                         net11 (net)
                      0.026884    0.000039    2.170957 ^ output11/A (sky130_fd_sc_hd__buf_2)
     1    0.034629    0.171898    0.192115    2.363072 ^ output11/X (sky130_fd_sc_hd__buf_2)
                                                         hour_num[4] (net)
                      0.171952    0.000820    2.363892 ^ hour_num[4] (out)
                                              2.363892   data arrival time

                      0.000000    0.000000    0.000000   clock __VIRTUAL_CLK__ (rise edge)
                                  0.000000    0.000000   clock network delay (ideal)
                                  0.250000    0.250000   clock uncertainty
                                  0.000000    0.250000   clock reconvergence pessimism
                                 -2.000000   -1.750000   output external delay
                                             -1.750000   data required time
---------------------------------------------------------------------------------------------
                                             -1.750000   data required time
                                             -2.363892   data arrival time
---------------------------------------------------------------------------------------------
                                              4.113893   slack (MET)


Startpoint: am_pm (input port clocked by __VIRTUAL_CLK__)
Endpoint: hour_num[2] (output port clocked by __VIRTUAL_CLK__)
Path Group: __VIRTUAL_CLK__
Path Type: min

Fanout         Cap        Slew       Delay        Time   Description
---------------------------------------------------------------------------------------------
                      0.000000    0.000000    0.000000   clock __VIRTUAL_CLK__ (rise edge)
                                  0.000000    0.000000   clock network delay (ideal)
                                  2.000000    2.000000 v input external delay
     1    0.003659    0.010625    0.005897    2.005897 v am_pm (in)
                                                         am_pm (net)
                      0.010630    0.000000    2.005897 v input1/A (sky130_fd_sc_hd__buf_1)
     2    0.012525    0.078525    0.116003    2.121901 v input1/X (sky130_fd_sc_hd__buf_1)
                                                         net1 (net)
                      0.078530    0.000735    2.122635 v _17_/A (sky130_fd_sc_hd__clkbuf_1)
     1    0.001911    0.022329    0.097197    2.219832 v _17_/X (sky130_fd_sc_hd__clkbuf_1)
                                                         net10 (net)
                      0.022329    0.000038    2.219869 v output10/A (sky130_fd_sc_hd__buf_2)
     1    0.034413    0.090016    0.170551    2.390421 v output10/X (sky130_fd_sc_hd__buf_2)
                                                         hour_num[2] (net)
                      0.090022    0.000748    2.391169 v hour_num[2] (out)
                                              2.391169   data arrival time

                      0.000000    0.000000    0.000000   clock __VIRTUAL_CLK__ (rise edge)
                                  0.000000    0.000000   clock network delay (ideal)
                                  0.250000    0.250000   clock uncertainty
                                  0.000000    0.250000   clock reconvergence pessimism
                                 -2.000000   -1.750000   output external delay
                                             -1.750000   data required time
---------------------------------------------------------------------------------------------
                                             -1.750000   data required time
                                             -2.391169   data arrival time
---------------------------------------------------------------------------------------------
                                              4.141169   slack (MET)


Startpoint: month[1] (input port clocked by __VIRTUAL_CLK__)
Endpoint: day_num[1] (output port clocked by __VIRTUAL_CLK__)
Path Group: __VIRTUAL_CLK__
Path Type: min

Fanout         Cap        Slew       Delay        Time   Description
---------------------------------------------------------------------------------------------
                      0.000000    0.000000    0.000000   clock __VIRTUAL_CLK__ (rise edge)
                                  0.000000    0.000000   clock network delay (ideal)
                                  2.000000    2.000000 v input external delay
     1    0.003059    0.009222    0.004877    2.004877 v month[1] (in)
                                                         month[1] (net)
                      0.009223    0.000000    2.004877 v input3/A (sky130_fd_sc_hd__clkbuf_1)
     2    0.006271    0.044747    0.088657    2.093534 v input3/X (sky130_fd_sc_hd__clkbuf_1)
                                                         net3 (net)
                      0.044747    0.000120    2.093654 v _06_/D_N (sky130_fd_sc_hd__or4b_1)
     2    0.009124    0.091688    0.195752    2.289406 ^ _06_/X (sky130_fd_sc_hd__or4b_1)
                                                         net9 (net)
                      0.091688    0.000348    2.289754 ^ output9/A (sky130_fd_sc_hd__buf_2)
     1    0.034319    0.170671    0.215407    2.505161 ^ output9/X (sky130_fd_sc_hd__buf_2)
                                                         day_num[1] (net)
                      0.170671    0.000733    2.505894 ^ day_num[1] (out)
                                              2.505894   data arrival time

                      0.000000    0.000000    0.000000   clock __VIRTUAL_CLK__ (rise edge)
                                  0.000000    0.000000   clock network delay (ideal)
                                  0.250000    0.250000   clock uncertainty
                                  0.000000    0.250000   clock reconvergence pessimism
                                 -2.000000   -1.750000   output external delay
                                             -1.750000   data required time
---------------------------------------------------------------------------------------------
                                             -1.750000   data required time
                                             -2.505894   data arrival time
---------------------------------------------------------------------------------------------
                                              4.255894   slack (MET)


Startpoint: month[3] (input port clocked by __VIRTUAL_CLK__)
Endpoint: day_num[0] (output port clocked by __VIRTUAL_CLK__)
Path Group: __VIRTUAL_CLK__
Path Type: min

Fanout         Cap        Slew       Delay        Time   Description
---------------------------------------------------------------------------------------------
                      0.000000    0.000000    0.000000   clock __VIRTUAL_CLK__ (rise edge)
                                  0.000000    0.000000   clock network delay (ideal)
                                  2.000000    2.000000 ^ input external delay
     1    0.004035    0.025099    0.014662    2.014663 ^ month[3] (in)
                                                         month[3] (net)
                      0.025100    0.000000    2.014663 ^ input5/A (sky130_fd_sc_hd__buf_1)
     3    0.008266    0.105007    0.117160    2.131822 ^ input5/X (sky130_fd_sc_hd__buf_1)
                                                         net5 (net)
                      0.105007    0.000211    2.132034 ^ _09_/A0 (sky130_fd_sc_hd__mux2_1)
     1    0.002685    0.040421    0.134123    2.266157 ^ _09_/X (sky130_fd_sc_hd__mux2_1)
                                                         _03_ (net)
                      0.040421    0.000080    2.266237 ^ _10_/C (sky130_fd_sc_hd__or3_1)
     1    0.006165    0.065960    0.109968    2.376205 ^ _10_/X (sky130_fd_sc_hd__or3_1)
                                                         net8 (net)
                      0.065960    0.000265    2.376470 ^ output8/A (sky130_fd_sc_hd__buf_2)
     1    0.034578    0.171746    0.206740    2.583210 ^ output8/X (sky130_fd_sc_hd__buf_2)
                                                         day_num[0] (net)
                      0.171747    0.000805    2.584016 ^ day_num[0] (out)
                                              2.584016   data arrival time

                      0.000000    0.000000    0.000000   clock __VIRTUAL_CLK__ (rise edge)
                                  0.000000    0.000000   clock network delay (ideal)
                                  0.250000    0.250000   clock uncertainty
                                  0.000000    0.250000   clock reconvergence pessimism
                                 -2.000000   -1.750000   output external delay
                                             -1.750000   data required time
---------------------------------------------------------------------------------------------
                                             -1.750000   data required time
                                             -2.584016   data arrival time
---------------------------------------------------------------------------------------------
                                              4.334015   slack (MET)



%OL_END_REPORT
%OL_CREATE_REPORT max.rpt

===========================================================================
report_checks -path_delay max (Setup)
============================================================================
======================= nom_tt_025C_1v80 Corner ===================================

Startpoint: month[0] (input port clocked by __VIRTUAL_CLK__)
Endpoint: day_num[0] (output port clocked by __VIRTUAL_CLK__)
Path Group: __VIRTUAL_CLK__
Path Type: max

Fanout         Cap        Slew       Delay        Time   Description
---------------------------------------------------------------------------------------------
                      0.000000    0.000000    0.000000   clock __VIRTUAL_CLK__ (rise edge)
                                  0.000000    0.000000   clock network delay (ideal)
                                  2.000000    2.000000 v input external delay
     1    0.003211    0.009586    0.005134    2.005134 v month[0] (in)
                                                         month[0] (net)
                      0.009586    0.000000    2.005134 v input2/A (sky130_fd_sc_hd__buf_1)
     3    0.011311    0.071741    0.110681    2.115815 v input2/X (sky130_fd_sc_hd__buf_1)
                                                         net2 (net)
                      0.071741    0.000326    2.116141 v _06_/A (sky130_fd_sc_hd__or4b_1)
     2    0.008624    0.119348    0.573902    2.690043 v _06_/X (sky130_fd_sc_hd__or4b_1)
                                                         net9 (net)
                      0.119348    0.000189    2.690232 v _07_/C (sky130_fd_sc_hd__nor3_1)
     1    0.003603    0.165326    0.167462    2.857694 ^ _07_/Y (sky130_fd_sc_hd__nor3_1)
                                                         _01_ (net)
                      0.165326    0.000109    2.857803 ^ _10_/A (sky130_fd_sc_hd__or3_1)
     1    0.006165    0.067219    0.154839    3.012642 ^ _10_/X (sky130_fd_sc_hd__or3_1)
                                                         net8 (net)
                      0.067219    0.000265    3.012907 ^ output8/A (sky130_fd_sc_hd__buf_2)
     1    0.034578    0.171753    0.207204    3.220111 ^ output8/X (sky130_fd_sc_hd__buf_2)
                                                         day_num[0] (net)
                      0.171755    0.000805    3.220916 ^ day_num[0] (out)
                                              3.220916   data arrival time

                      0.000000   10.000000   10.000000   clock __VIRTUAL_CLK__ (rise edge)
                                  0.000000   10.000000   clock network delay (ideal)
                                 -0.250000    9.750000   clock uncertainty
                                  0.000000    9.750000   clock reconvergence pessimism
                                 -2.000000    7.750000   output external delay
                                              7.750000   data required time
---------------------------------------------------------------------------------------------
                                              7.750000   data required time
                                             -3.220916   data arrival time
---------------------------------------------------------------------------------------------
                                              4.529084   slack (MET)


Startpoint: month[0] (input port clocked by __VIRTUAL_CLK__)
Endpoint: day_num[1] (output port clocked by __VIRTUAL_CLK__)
Path Group: __VIRTUAL_CLK__
Path Type: max

Fanout         Cap        Slew       Delay        Time   Description
---------------------------------------------------------------------------------------------
                      0.000000    0.000000    0.000000   clock __VIRTUAL_CLK__ (rise edge)
                                  0.000000    0.000000   clock network delay (ideal)
                                  2.000000    2.000000 v input external delay
     1    0.003211    0.009586    0.005134    2.005134 v month[0] (in)
                                                         month[0] (net)
                      0.009586    0.000000    2.005134 v input2/A (sky130_fd_sc_hd__buf_1)
     3    0.011311    0.071741    0.110681    2.115815 v input2/X (sky130_fd_sc_hd__buf_1)
                                                         net2 (net)
                      0.071741    0.000326    2.116141 v _06_/A (sky130_fd_sc_hd__or4b_1)
     2    0.008624    0.119348    0.573902    2.690043 v _06_/X (sky130_fd_sc_hd__or4b_1)
                                                         net9 (net)
                      0.119348    0.000330    2.690374 v output9/A (sky130_fd_sc_hd__buf_2)
     1    0.034319    0.089670    0.213761    2.904134 v output9/X (sky130_fd_sc_hd__buf_2)
                                                         day_num[1] (net)
                      0.089676    0.000733    2.904867 v day_num[1] (out)
                                              2.904867   data arrival time

                      0.000000   10.000000   10.000000   clock __VIRTUAL_CLK__ (rise edge)
                                  0.000000   10.000000   clock network delay (ideal)
                                 -0.250000    9.750000   clock uncertainty
                                  0.000000    9.750000   clock reconvergence pessimism
                                 -2.000000    7.750000   output external delay
                                              7.750000   data required time
---------------------------------------------------------------------------------------------
                                              7.750000   data required time
                                             -2.904867   data arrival time
---------------------------------------------------------------------------------------------
                                              4.845133   slack (MET)


Startpoint: am_pm (input port clocked by __VIRTUAL_CLK__)
Endpoint: hour_num[2] (output port clocked by __VIRTUAL_CLK__)
Path Group: __VIRTUAL_CLK__
Path Type: max

Fanout         Cap        Slew       Delay        Time   Description
---------------------------------------------------------------------------------------------
                      0.000000    0.000000    0.000000   clock __VIRTUAL_CLK__ (rise edge)
                                  0.000000    0.000000   clock network delay (ideal)
                                  2.000000    2.000000 ^ input external delay
     1    0.003835    0.024229    0.013957    2.013957 ^ am_pm (in)
                                                         am_pm (net)
                      0.024229    0.000000    2.013957 ^ input1/A (sky130_fd_sc_hd__buf_1)
     2    0.013067    0.159542    0.154279    2.168236 ^ input1/X (sky130_fd_sc_hd__buf_1)
                                                         net1 (net)
                      0.159547    0.000776    2.169012 ^ _17_/A (sky130_fd_sc_hd__clkbuf_1)
     1    0.002071    0.037773    0.100807    2.269819 ^ _17_/X (sky130_fd_sc_hd__clkbuf_1)
                                                         net10 (net)
                      0.037773    0.000041    2.269860 ^ output10/A (sky130_fd_sc_hd__buf_2)
     1    0.034413    0.170855    0.195619    2.465479 ^ output10/X (sky130_fd_sc_hd__buf_2)
                                                         hour_num[2] (net)
                      0.170908    0.000749    2.466227 ^ hour_num[2] (out)
                                              2.466227   data arrival time

                      0.000000   10.000000   10.000000   clock __VIRTUAL_CLK__ (rise edge)
                                  0.000000   10.000000   clock network delay (ideal)
                                 -0.250000    9.750000   clock uncertainty
                                  0.000000    9.750000   clock reconvergence pessimism
                                 -2.000000    7.750000   output external delay
                                              7.750000   data required time
---------------------------------------------------------------------------------------------
                                              7.750000   data required time
                                             -2.466227   data arrival time
---------------------------------------------------------------------------------------------
                                              5.283772   slack (MET)


Startpoint: am_pm (input port clocked by __VIRTUAL_CLK__)
Endpoint: hour_num[4] (output port clocked by __VIRTUAL_CLK__)
Path Group: __VIRTUAL_CLK__
Path Type: max

Fanout         Cap        Slew       Delay        Time   Description
---------------------------------------------------------------------------------------------
                      0.000000    0.000000    0.000000   clock __VIRTUAL_CLK__ (rise edge)
                                  0.000000    0.000000   clock network delay (ideal)
                                  2.000000    2.000000 ^ input external delay
     1    0.003835    0.024229    0.013957    2.013957 ^ am_pm (in)
                                                         am_pm (net)
                      0.024229    0.000000    2.013957 ^ input1/A (sky130_fd_sc_hd__buf_1)
     2    0.013067    0.159542    0.154279    2.168236 ^ input1/X (sky130_fd_sc_hd__buf_1)
                                                         net1 (net)
                      0.159548    0.000823    2.169060 ^ _04_/A (sky130_fd_sc_hd__inv_2)
     1    0.001868    0.028845    0.033850    2.202910 v _04_/Y (sky130_fd_sc_hd__inv_2)
                                                         net11 (net)
                      0.028845    0.000036    2.202945 v output11/A (sky130_fd_sc_hd__buf_2)
     1    0.034629    0.090478    0.173690    2.376635 v output11/X (sky130_fd_sc_hd__buf_2)
                                                         hour_num[4] (net)
                      0.090485    0.000820    2.377455 v hour_num[4] (out)
                                              2.377455   data arrival time

                      0.000000   10.000000   10.000000   clock __VIRTUAL_CLK__ (rise edge)
                                  0.000000   10.000000   clock network delay (ideal)
                                 -0.250000    9.750000   clock uncertainty
                                  0.000000    9.750000   clock reconvergence pessimism
                                 -2.000000    7.750000   output external delay
                                              7.750000   data required time
---------------------------------------------------------------------------------------------
                                              7.750000   data required time
                                             -2.377455   data arrival time
---------------------------------------------------------------------------------------------
                                              5.372545   slack (MET)



%OL_END_REPORT
%OL_CREATE_REPORT checks.rpt

===========================================================================
report_checks -unconstrained
===========================================================================
======================= nom_tt_025C_1v80 Corner ===================================

Startpoint: month[0] (input port clocked by __VIRTUAL_CLK__)
Endpoint: day_num[0] (output port clocked by __VIRTUAL_CLK__)
Path Group: __VIRTUAL_CLK__
Path Type: max

Fanout         Cap        Slew       Delay        Time   Description
---------------------------------------------------------------------------------------------
                      0.000000    0.000000    0.000000   clock __VIRTUAL_CLK__ (rise edge)
                                  0.000000    0.000000   clock network delay (ideal)
                                  2.000000    2.000000 v input external delay
     1    0.003211    0.009586    0.005134    2.005134 v month[0] (in)
                                                         month[0] (net)
                      0.009586    0.000000    2.005134 v input2/A (sky130_fd_sc_hd__buf_1)
     3    0.011311    0.071741    0.110681    2.115815 v input2/X (sky130_fd_sc_hd__buf_1)
                                                         net2 (net)
                      0.071741    0.000326    2.116141 v _06_/A (sky130_fd_sc_hd__or4b_1)
     2    0.008624    0.119348    0.573902    2.690043 v _06_/X (sky130_fd_sc_hd__or4b_1)
                                                         net9 (net)
                      0.119348    0.000189    2.690232 v _07_/C (sky130_fd_sc_hd__nor3_1)
     1    0.003603    0.165326    0.167462    2.857694 ^ _07_/Y (sky130_fd_sc_hd__nor3_1)
                                                         _01_ (net)
                      0.165326    0.000109    2.857803 ^ _10_/A (sky130_fd_sc_hd__or3_1)
     1    0.006165    0.067219    0.154839    3.012642 ^ _10_/X (sky130_fd_sc_hd__or3_1)
                                                         net8 (net)
                      0.067219    0.000265    3.012907 ^ output8/A (sky130_fd_sc_hd__buf_2)
     1    0.034578    0.171753    0.207204    3.220111 ^ output8/X (sky130_fd_sc_hd__buf_2)
                                                         day_num[0] (net)
                      0.171755    0.000805    3.220916 ^ day_num[0] (out)
                                              3.220916   data arrival time

                      0.000000   10.000000   10.000000   clock __VIRTUAL_CLK__ (rise edge)
                                  0.000000   10.000000   clock network delay (ideal)
                                 -0.250000    9.750000   clock uncertainty
                                  0.000000    9.750000   clock reconvergence pessimism
                                 -2.000000    7.750000   output external delay
                                              7.750000   data required time
---------------------------------------------------------------------------------------------
                                              7.750000   data required time
                                             -3.220916   data arrival time
---------------------------------------------------------------------------------------------
                                              4.529084   slack (MET)




===========================================================================
report_checks --slack_max -0.01
============================================================================
======================= nom_tt_025C_1v80 Corner ===================================

No paths found.


===========================================================================
 report_check_types -max_slew -max_cap -max_fanout -violators
============================================================================
======================= nom_tt_025C_1v80 Corner ===================================



===========================================================================
report_parasitic_annotation -report_unannotated
============================================================================
Found 11 unannotated drivers.
 year[2]
 year[3]
 year[4]
 year[5]
 year[6]
 decode_day_12/HI
 decode_day_13/HI
 decode_day_14/LO
 decode_day_15/LO
 decode_day_16/LO
 decode_day_17/LO
Found 0 partially unannotated drivers.

===========================================================================
max slew violation count 0
%OL_METRIC_I design__max_slew_violation__count__corner:nom_tt_025C_1v80 0
max fanout violation count 0
%OL_METRIC_I design__max_fanout_violation__count__corner:nom_tt_025C_1v80 0
max cap violation count 0
%OL_METRIC_I design__max_cap_violation__count__corner:nom_tt_025C_1v80 0
============================================================================

===========================================================================
check_setup -verbose -unconstrained_endpoints -multiple_clock -no_clock -no_input_delay -loops -generated_clocks
===========================================================================
Warning: There are 6 unconstrained endpoints.
  day_num[2]
  day_num[3]
  day_num[4]
  hour_num[0]
  hour_num[1]
  hour_num[3]
%OL_END_REPORT
%OL_CREATE_REPORT power.rpt

===========================================================================
 report_power
============================================================================
======================= nom_tt_025C_1v80 Corner ===================================

Group                    Internal    Switching      Leakage        Total
                            Power        Power        Power        Power (Watts)
------------------------------------------------------------------------
Sequential           0.000000e+00 0.000000e+00 0.000000e+00 0.000000e+00   0.0%
Combinational        1.895884e-06 3.771476e-06 6.250774e-11 5.667423e-06 100.0%
Clock                0.000000e+00 0.000000e+00 1.263617e-10 1.263617e-10   0.0%
Macro                0.000000e+00 0.000000e+00 0.000000e+00 0.000000e+00   0.0%
Pad                  0.000000e+00 0.000000e+00 0.000000e+00 0.000000e+00   0.0%
------------------------------------------------------------------------
Total                1.895884e-06 3.771476e-06 1.888694e-10 5.667549e-06 100.0%
                            33.5%        66.5%         0.0%
%OL_METRIC_F power__internal__total 1.8958842247229768e-6
%OL_METRIC_F power__switching__total 3.771476258407347e-6
%OL_METRIC_F power__leakage__total 1.8886942010354346e-10
%OL_METRIC_F power__total 5.667549430654617e-6

%OL_END_REPORT
%OL_CREATE_REPORT skew.min.rpt

===========================================================================
Clock Skew (Hold)
============================================================================
%OL_METRIC_F clock__skew__worst_hold__corner:nom_tt_025C_1v80 0.0
======================= nom_tt_025C_1v80 Corner ===================================

Clock __VIRTUAL_CLK__
No launch/capture paths found.

%OL_END_REPORT
%OL_CREATE_REPORT skew.max.rpt

===========================================================================
Clock Skew (Setup)
============================================================================
%OL_METRIC_F clock__skew__worst_setup__corner:nom_tt_025C_1v80 0.0
======================= nom_tt_025C_1v80 Corner ===================================

Clock __VIRTUAL_CLK__
No launch/capture paths found.

%OL_END_REPORT
%OL_CREATE_REPORT ws.min.rpt

===========================================================================
Worst Slack (Hold)
============================================================================
%OL_METRIC_F timing__hold__ws__corner:nom_tt_025C_1v80 4.1138924542468756
nom_tt_025C_1v80: 4.1138924542468756
%OL_END_REPORT
%OL_CREATE_REPORT ws.max.rpt

===========================================================================
Worst Slack (Setup)
============================================================================
%OL_METRIC_F timing__setup__ws__corner:nom_tt_025C_1v80 4.529083902775991
nom_tt_025C_1v80: 4.529083902775991
%OL_END_REPORT
%OL_CREATE_REPORT tns.min.rpt

===========================================================================
Total Negative Slack (Hold)
============================================================================
%OL_METRIC_F timing__hold__tns__corner:nom_tt_025C_1v80 0.0
nom_tt_025C_1v80: 0.0
%OL_END_REPORT
%OL_CREATE_REPORT tns.max.rpt

===========================================================================
Total Negative Slack (Setup)
============================================================================
%OL_METRIC_F timing__setup__tns__corner:nom_tt_025C_1v80 0.0
nom_tt_025C_1v80: 0.0
%OL_END_REPORT
%OL_CREATE_REPORT wns.min.rpt

===========================================================================
Worst Negative Slack (Hold)
============================================================================
%OL_METRIC_F timing__hold__wns__corner:nom_tt_025C_1v80 0
nom_tt_025C_1v80: 0
%OL_END_REPORT
%OL_CREATE_REPORT wns.max.rpt

===========================================================================
Worst Negative Slack (Setup)
============================================================================
%OL_METRIC_F timing__setup__wns__corner:nom_tt_025C_1v80 0.0
nom_tt_025C_1v80: 0.0
%OL_END_REPORT
%OL_CREATE_REPORT violator_list.rpt

===========================================================================
Violator List
============================================================================
%OL_METRIC_I timing__hold_vio__count__corner:nom_tt_025C_1v80 0
%OL_METRIC_F timing__hold_r2r__ws__corner:nom_tt_025C_1v80 inf
%OL_METRIC_I timing__hold_r2r_vio__count__corner:nom_tt_025C_1v80 0
%OL_METRIC_I timing__setup_vio__count__corner:nom_tt_025C_1v80 0
%OL_METRIC_F timing__setup_r2r__ws__corner:nom_tt_025C_1v80 inf
%OL_METRIC_I timing__setup_r2r_vio__count__corner:nom_tt_025C_1v80 0
%OL_END_REPORT
%OL_CREATE_REPORT unpropagated.rpt
__VIRTUAL_CLK__
%OL_END_REPORT
%OL_CREATE_REPORT clock.rpt
Clock: __VIRTUAL_CLK__
Sources: 
Generated: no
Virtual: yes
Propagated: no
Period: 10.000000

===========================================================================
report_clock_properties
============================================================================
Clock                   Period          Waveform
----------------------------------------------------
__VIRTUAL_CLK__      10.000000    0.000000  5.000000

===========================================================================
report_clock_latency
============================================================================
Clock __VIRTUAL_CLK__


===========================================================================
report_clock_min_period
============================================================================
__VIRTUAL_CLK__ period_min = 0.00 fmax = inf
%OL_END_REPORT
Writing SDF files for all corners…
Removing Clock latencies before writing libs…
Writing timing models for all corners…
Writing timing models for the nom_tt_025C_1v80 corner to /home/kien/openlane2/MARCO/decode_day/runs/RUN_2026-01-15_20-14-16/53-openroad-stapostpnr/nom_tt_025C_1v80/decode_day__nom_tt_025C_1v80.lib…
