Reading library file at '/home/lroot/.volare/volare/sky130/versions/0fe599b2afb6708d281543108caf8310912f54af/sky130A/libs.ref/sky130_fd_sc_hd/lib/sky130_fd_sc_hd__tt_025C_1v80.lib'…
Reading library file at '/mnt/e/BKHN_DTVT/VLSI/MARCO/MARCO/macros/counter_all__max_ss_100C_1v60.lib'…
Reading library file at '/mnt/e/BKHN_DTVT/VLSI/MARCO/MARCO/macros/alarm__max_ss_100C_1v60.lib'…
Reading library file at '/mnt/e/BKHN_DTVT/VLSI/MARCO/MARCO/macros/decode_all__max_ss_100C_1v60.lib'…
Reading library file at '/mnt/e/BKHN_DTVT/VLSI/MARCO/MARCO/macros/decode_day__max_ss_100C_1v60.lib'…
Reading library file at '/mnt/e/BKHN_DTVT/VLSI/MARCO/MARCO/macros/decode_input__max_ss_100C_1v60.lib'…
Reading macro library file at '/mnt/e/BKHN_DTVT/VLSI/MARCO/MARCO/macros/counter_all__max_ss_100C_1v60.lib'…
[WARNING STA-1140] /mnt/e/BKHN_DTVT/VLSI/MARCO/MARCO/macros/counter_all__max_ss_100C_1v60.lib line 1, library counter_all already exists.
Reading macro library file at '/mnt/e/BKHN_DTVT/VLSI/MARCO/MARCO/macros/alarm__max_ss_100C_1v60.lib'…
[WARNING STA-1140] /mnt/e/BKHN_DTVT/VLSI/MARCO/MARCO/macros/alarm__max_ss_100C_1v60.lib line 1, library alarm already exists.
Reading macro library file at '/mnt/e/BKHN_DTVT/VLSI/MARCO/MARCO/macros/decode_all__max_ss_100C_1v60.lib'…
[WARNING STA-1140] /mnt/e/BKHN_DTVT/VLSI/MARCO/MARCO/macros/decode_all__max_ss_100C_1v60.lib line 1, library decode_all already exists.
Reading macro library file at '/mnt/e/BKHN_DTVT/VLSI/MARCO/MARCO/macros/decode_day__max_ss_100C_1v60.lib'…
[WARNING STA-1140] /mnt/e/BKHN_DTVT/VLSI/MARCO/MARCO/macros/decode_day__max_ss_100C_1v60.lib line 1, library decode_day already exists.
Reading macro library file at '/mnt/e/BKHN_DTVT/VLSI/MARCO/MARCO/macros/decode_input__max_ss_100C_1v60.lib'…
[WARNING STA-1140] /mnt/e/BKHN_DTVT/VLSI/MARCO/MARCO/macros/decode_input__max_ss_100C_1v60.lib line 1, library decode_input already exists.
Reading technology LEF file at '/home/lroot/.volare/volare/sky130/versions/0fe599b2afb6708d281543108caf8310912f54af/sky130A/libs.ref/sky130_fd_sc_hd/techlef/sky130_fd_sc_hd__nom.tlef'…
[INFO ODB-0227] LEF file: /home/lroot/.volare/volare/sky130/versions/0fe599b2afb6708d281543108caf8310912f54af/sky130A/libs.ref/sky130_fd_sc_hd/techlef/sky130_fd_sc_hd__nom.tlef, created 14 layers, 25 vias
Reading cell LEF file at '/home/lroot/.volare/volare/sky130/versions/0fe599b2afb6708d281543108caf8310912f54af/sky130A/libs.ref/sky130_fd_sc_hd/lef/sky130_fd_sc_hd.lef'…
[WARNING ODB-0220] WARNING (LEFPARS-2008): NOWIREEXTENSIONATPIN statement is obsolete in version 5.6 or later.
The NOWIREEXTENSIONATPIN statement will be ignored. See file /home/lroot/.volare/volare/sky130/versions/0fe599b2afb6708d281543108caf8310912f54af/sky130A/libs.ref/sky130_fd_sc_hd/lef/sky130_fd_sc_hd.lef at line 2.

[INFO ODB-0227] LEF file: /home/lroot/.volare/volare/sky130/versions/0fe599b2afb6708d281543108caf8310912f54af/sky130A/libs.ref/sky130_fd_sc_hd/lef/sky130_fd_sc_hd.lef, created 437 library cells
Reading cell LEF file at '/home/lroot/.volare/volare/sky130/versions/0fe599b2afb6708d281543108caf8310912f54af/sky130A/libs.ref/sky130_fd_sc_hd/lef/sky130_ef_sc_hd.lef'…
[WARNING ODB-0220] WARNING (LEFPARS-2008): NOWIREEXTENSIONATPIN statement is obsolete in version 5.6 or later.
The NOWIREEXTENSIONATPIN statement will be ignored. See file /home/lroot/.volare/volare/sky130/versions/0fe599b2afb6708d281543108caf8310912f54af/sky130A/libs.ref/sky130_fd_sc_hd/lef/sky130_ef_sc_hd.lef at line 2.

[INFO ODB-0227] LEF file: /home/lroot/.volare/volare/sky130/versions/0fe599b2afb6708d281543108caf8310912f54af/sky130A/libs.ref/sky130_fd_sc_hd/lef/sky130_ef_sc_hd.lef, created 4 library cells
Reading macro LEF file at '/mnt/e/BKHN_DTVT/VLSI/MARCO/MARCO/macros/counter_all.lef'…
[WARNING ODB-0220] WARNING (LEFPARS-2008): NOWIREEXTENSIONATPIN statement is obsolete in version 5.6 or later.
The NOWIREEXTENSIONATPIN statement will be ignored. See file /mnt/e/BKHN_DTVT/VLSI/MARCO/MARCO/macros/counter_all.lef at line 2.

[INFO ODB-0227] LEF file: /mnt/e/BKHN_DTVT/VLSI/MARCO/MARCO/macros/counter_all.lef, created 1 library cells
Reading macro LEF file at '/mnt/e/BKHN_DTVT/VLSI/MARCO/MARCO/macros/alarm.lef'…
[WARNING ODB-0220] WARNING (LEFPARS-2008): NOWIREEXTENSIONATPIN statement is obsolete in version 5.6 or later.
The NOWIREEXTENSIONATPIN statement will be ignored. See file /mnt/e/BKHN_DTVT/VLSI/MARCO/MARCO/macros/alarm.lef at line 2.

[INFO ODB-0227] LEF file: /mnt/e/BKHN_DTVT/VLSI/MARCO/MARCO/macros/alarm.lef, created 1 library cells
Reading macro LEF file at '/mnt/e/BKHN_DTVT/VLSI/MARCO/MARCO/macros/decode_all.lef'…
[WARNING ODB-0220] WARNING (LEFPARS-2008): NOWIREEXTENSIONATPIN statement is obsolete in version 5.6 or later.
The NOWIREEXTENSIONATPIN statement will be ignored. See file /mnt/e/BKHN_DTVT/VLSI/MARCO/MARCO/macros/decode_all.lef at line 2.

[INFO ODB-0227] LEF file: /mnt/e/BKHN_DTVT/VLSI/MARCO/MARCO/macros/decode_all.lef, created 1 library cells
Reading macro LEF file at '/mnt/e/BKHN_DTVT/VLSI/MARCO/MARCO/macros/decode_day.lef'…
[WARNING ODB-0220] WARNING (LEFPARS-2008): NOWIREEXTENSIONATPIN statement is obsolete in version 5.6 or later.
The NOWIREEXTENSIONATPIN statement will be ignored. See file /mnt/e/BKHN_DTVT/VLSI/MARCO/MARCO/macros/decode_day.lef at line 2.

[INFO ODB-0227] LEF file: /mnt/e/BKHN_DTVT/VLSI/MARCO/MARCO/macros/decode_day.lef, created 1 library cells
Reading macro LEF file at '/mnt/e/BKHN_DTVT/VLSI/MARCO/MARCO/macros/decode_input.lef'…
[WARNING ODB-0220] WARNING (LEFPARS-2008): NOWIREEXTENSIONATPIN statement is obsolete in version 5.6 or later.
The NOWIREEXTENSIONATPIN statement will be ignored. See file /mnt/e/BKHN_DTVT/VLSI/MARCO/MARCO/macros/decode_input.lef at line 2.

[INFO ODB-0227] LEF file: /mnt/e/BKHN_DTVT/VLSI/MARCO/MARCO/macros/decode_input.lef, created 1 library cells
Reading top-level netlist at '/mnt/e/BKHN_DTVT/VLSI/MARCO/MARCO/runs/macros/06-yosys-synthesis/clock_century.nl.v'…
Linking design 'clock_century' from netlist…
Reading design constraints file at '/nix/store/ss2cw3sxbrwwx9jl0rrppbw4kgcmgi2n-python3-3.11.9-env/lib/python3.11/site-packages/openlane/scripts/base.sdc'…
[INFO] Using clock clk…
[INFO] Setting output delay to: 200000000
[INFO] Setting input delay to: 200000000
[INFO] Setting load to: 0.033442
[INFO] Setting clock uncertainty to: 0.25
[INFO] Setting clock transition to: 0.1499999999999999944488848768742172978818416595458984375
[INFO] Setting timing derate to: 5%
Using site height: 2.72 and site width: 0.46…
[INFO] Using absolute sizing for the floorplan.
[INFO IFP-0001] Added 102 rows of 845 site unithd.
[INFO IFP-0030] Inserted 0 tiecells using sky130_fd_sc_hd__conb_1/LO.
[INFO IFP-0030] Inserted 0 tiecells using sky130_fd_sc_hd__conb_1/HI.
[INFO] Extracting DIE_AREA and CORE_AREA from the floorplan
[INFO] Floorplanned on a die area of 0.0 0.0 400.0 300.0 (µm).
[INFO] Floorplanned on a core area of 5.52 10.88 394.22 288.32 (µm).
Writing metric design__die__bbox: 0.0 0.0 400.0 300.0
Writing metric design__core__bbox: 5.52 10.88 394.22 288.32
Setting global connections for newly added cells…
[INFO] Setting global connections...
counter_all_inst matched with counter_all_inst
alarm_inst matched with alarm_inst
decode_all_inst matched with decode_all_inst
decode_day_inst matched with decode_day_inst
decode_input_inst matched with decode_input_inst
Updating metrics…
Cell type report:                       Count       Area
  Macro                                     5   25504.02
  Total                                     5   25504.02
Writing OpenROAD database to '/mnt/e/BKHN_DTVT/VLSI/MARCO/MARCO/runs/macros/13-openroad-floorplan/clock_century.odb'…
Writing netlist to '/mnt/e/BKHN_DTVT/VLSI/MARCO/MARCO/runs/macros/13-openroad-floorplan/clock_century.nl.v'…
Writing powered netlist to '/mnt/e/BKHN_DTVT/VLSI/MARCO/MARCO/runs/macros/13-openroad-floorplan/clock_century.pnl.v'…
Writing layout to '/mnt/e/BKHN_DTVT/VLSI/MARCO/MARCO/runs/macros/13-openroad-floorplan/clock_century.def'…
Writing timing constraints to '/mnt/e/BKHN_DTVT/VLSI/MARCO/MARCO/runs/macros/13-openroad-floorplan/clock_century.sdc'…
