
===========================================================================
report_checks -unconstrained
===========================================================================
======================= nom_tt_025C_1v80 Corner ===================================

Startpoint: rst_n (input port clocked by clk)
Endpoint: _38_ (recovery check against rising-edge clock clk)
Path Group: asynchronous
Path Type: max

Fanout         Cap        Slew       Delay        Time   Description
---------------------------------------------------------------------------------------------
                                  0.000000    0.000000   clock clk (rise edge)
                                  0.000000    0.000000   clock network delay (propagated)
                               20000000.000000 20000000.000000 ^ input external delay
     2    0.009918    0.051047    0.000000 20000000.000000 ^ rst_n (in)
                                                         rst_n (net)
                      0.051048    0.000000 20000000.000000 ^ _38_/RESET_B (sky130_fd_sc_hd__dfrtp_2)
                                           20000000.000000   data arrival time

                               100000000.000000 100000000.000000   clock clk (rise edge)
                                  0.000000 100000000.000000   clock source latency
     2    0.007218    0.039054    0.000000 100000000.000000 ^ clk (in)
                                                         clk (net)
                      0.039054    0.000000 100000000.000000 ^ _38_/CLK (sky130_fd_sc_hd__dfrtp_2)
                                 -0.250000 100000000.000000   clock uncertainty
                                  0.000000 100000000.000000   clock reconvergence pessimism
                                  0.215553 100000000.000000   library recovery time
                                           100000000.000000   data required time
---------------------------------------------------------------------------------------------
                                           100000000.000000   data required time
                                           -20000000.000000   data arrival time
---------------------------------------------------------------------------------------------
                                           80000000.000000   slack (MET)


Startpoint: _39_ (rising edge-triggered flip-flop clocked by clk)
Endpoint: alarm_o (output port clocked by clk)
Path Group: clk
Path Type: max

Fanout         Cap        Slew       Delay        Time   Description
---------------------------------------------------------------------------------------------
                                  0.000000    0.000000   clock clk (rise edge)
                                  0.000000    0.000000   clock source latency
     2    0.007218    0.039054    0.025024    0.025024 ^ clk (in)
                                                         clk (net)
                      0.039054    0.000000    0.025024 ^ _39_/CLK (sky130_fd_sc_hd__dfrtp_2)
     2    0.038730    0.191038    0.461938    0.486962 ^ _39_/Q (sky130_fd_sc_hd__dfrtp_2)
                                                         alarm_o (net)
                      0.191038    0.000464    0.487427 ^ alarm_o (out)
                                              0.487427   data arrival time

                               100000000.000000 100000000.000000   clock clk (rise edge)
                                  0.000000 100000000.000000   clock network delay (propagated)
                                 -0.250000 100000000.000000   clock uncertainty
                                  0.000000 100000000.000000   clock reconvergence pessimism
                               -20000000.000000 80000000.000000   output external delay
                                           80000000.000000   data required time
---------------------------------------------------------------------------------------------
                                           80000000.000000   data required time
                                             -0.487427   data arrival time
---------------------------------------------------------------------------------------------
                                           80000000.000000   slack (MET)




===========================================================================
report_checks --slack_max -0.01
============================================================================
======================= nom_tt_025C_1v80 Corner ===================================

No paths found.


===========================================================================
 report_check_types -max_slew -max_cap -max_fanout -violators
============================================================================
======================= nom_tt_025C_1v80 Corner ===================================



===========================================================================
report_parasitic_annotation -report_unannotated
============================================================================
Found 0 unannotated drivers.
Found 0 partially unannotated drivers.

===========================================================================
max slew violation count 0
Writing metric design__max_slew_violation__count__corner:nom_tt_025C_1v80: 0
max fanout violation count 0
Writing metric design__max_fanout_violation__count__corner:nom_tt_025C_1v80: 0
max cap violation count 0
Writing metric design__max_cap_violation__count__corner:nom_tt_025C_1v80: 0
============================================================================

===========================================================================
check_setup -verbose -unconstrained_endpoints -multiple_clock -no_clock -no_input_delay -loops -generated_clocks
===========================================================================
