
===========================================================================
report_checks -path_delay min (Hold)
============================================================================
======================= nom_tt_025C_1v80 Corner ===================================

Startpoint: _38_ (rising edge-triggered flip-flop clocked by clk)
Endpoint: _38_ (rising edge-triggered flip-flop clocked by clk)
Path Group: clk
Path Type: min

Fanout         Cap        Slew       Delay        Time   Description
---------------------------------------------------------------------------------------------
                                  0.000000    0.000000   clock clk (rise edge)
                                  0.000000    0.000000   clock source latency
     2    0.007218    0.039054    0.025024    0.025024 ^ clk (in)
                                                         clk (net)
                      0.039054    0.000000    0.025024 ^ _38_/CLK (sky130_fd_sc_hd__dfrtp_2)
     2    0.012963    0.080436    0.374079    0.399103 ^ _38_/Q (sky130_fd_sc_hd__dfrtp_2)
                                                         state_alarm (net)
                      0.080436    0.000057    0.399161 ^ _19_/A (sky130_fd_sc_hd__xor2_2)
     1    0.002049    0.028246    0.062956    0.462117 v _19_/X (sky130_fd_sc_hd__xor2_2)
                                                         _00_ (net)
                      0.028246    0.000001    0.462118 v _38_/D (sky130_fd_sc_hd__dfrtp_2)
                                              0.462118   data arrival time

                                  0.000000    0.000000   clock clk (rise edge)
                                  0.000000    0.000000   clock source latency
     2    0.007218    0.039054    0.025024    0.025024 ^ clk (in)
                                                         clk (net)
                      0.039054    0.000000    0.025024 ^ _38_/CLK (sky130_fd_sc_hd__dfrtp_2)
                                  0.250000    0.275024   clock uncertainty
                                  0.000000    0.275024   clock reconvergence pessimism
                                 -0.036649    0.238376   library hold time
                                              0.238376   data required time
---------------------------------------------------------------------------------------------
                                              0.238376   data required time
                                             -0.462118   data arrival time
---------------------------------------------------------------------------------------------
                                              0.223742   slack (MET)


Startpoint: _38_ (rising edge-triggered flip-flop clocked by clk)
Endpoint: _39_ (rising edge-triggered flip-flop clocked by clk)
Path Group: clk
Path Type: min

Fanout         Cap        Slew       Delay        Time   Description
---------------------------------------------------------------------------------------------
                                  0.000000    0.000000   clock clk (rise edge)
                                  0.000000    0.000000   clock source latency
     2    0.007218    0.039054    0.025024    0.025024 ^ clk (in)
                                                         clk (net)
                      0.039054    0.000000    0.025024 ^ _38_/CLK (sky130_fd_sc_hd__dfrtp_2)
     2    0.012963    0.080436    0.374079    0.399103 ^ _38_/Q (sky130_fd_sc_hd__dfrtp_2)
                                                         state_alarm (net)
                      0.080436    0.000043    0.399147 ^ _37_/B1 (sky130_fd_sc_hd__o21a_2)
     1    0.002243    0.028184    0.122480    0.521626 ^ _37_/X (sky130_fd_sc_hd__o21a_2)
                                                         _01_ (net)
                      0.028184    0.000003    0.521629 ^ _39_/D (sky130_fd_sc_hd__dfrtp_2)
                                              0.521629   data arrival time

                                  0.000000    0.000000   clock clk (rise edge)
                                  0.000000    0.000000   clock source latency
     2    0.007218    0.039054    0.025024    0.025024 ^ clk (in)
                                                         clk (net)
                      0.039054    0.000000    0.025024 ^ _39_/CLK (sky130_fd_sc_hd__dfrtp_2)
                                  0.250000    0.275024   clock uncertainty
                                  0.000000    0.275024   clock reconvergence pessimism
                                 -0.032004    0.243020   library hold time
                                              0.243020   data required time
---------------------------------------------------------------------------------------------
                                              0.243020   data required time
                                             -0.521629   data arrival time
---------------------------------------------------------------------------------------------
                                              0.278609   slack (MET)


Startpoint: _39_ (rising edge-triggered flip-flop clocked by clk)
Endpoint: alarm_o (output port clocked by clk)
Path Group: clk
Path Type: min

Fanout         Cap        Slew       Delay        Time   Description
---------------------------------------------------------------------------------------------
                                  0.000000    0.000000   clock clk (rise edge)
                                  0.000000    0.000000   clock source latency
     2    0.007218    0.039054    0.025024    0.025024 ^ clk (in)
                                                         clk (net)
                      0.039054    0.000000    0.025024 ^ _39_/CLK (sky130_fd_sc_hd__dfrtp_2)
     2    0.038730    0.191038    0.461938    0.486962 ^ _39_/Q (sky130_fd_sc_hd__dfrtp_2)
                                                         alarm_o (net)
                      0.191038    0.000464    0.487427 ^ alarm_o (out)
                                              0.487427   data arrival time

                                  0.000000    0.000000   clock clk (rise edge)
                                  0.000000    0.000000   clock network delay (propagated)
                                  0.250000    0.250000   clock uncertainty
                                  0.000000    0.250000   clock reconvergence pessimism
                               -20000000.000000 -20000000.000000   output external delay
                                           -20000000.000000   data required time
---------------------------------------------------------------------------------------------
                                           -20000000.000000   data required time
                                             -0.487427   data arrival time
---------------------------------------------------------------------------------------------
                                           20000000.000000   slack (MET)


Startpoint: rst_n (input port clocked by clk)
Endpoint: _38_ (removal check against rising-edge clock clk)
Path Group: asynchronous
Path Type: min

Fanout         Cap        Slew       Delay        Time   Description
---------------------------------------------------------------------------------------------
                                  0.000000    0.000000   clock clk (rise edge)
                                  0.000000    0.000000   clock network delay (propagated)
                               20000000.000000 20000000.000000 ^ input external delay
     2    0.009918    0.051047    0.000000 20000000.000000 ^ rst_n (in)
                                                         rst_n (net)
                      0.051048    0.000000 20000000.000000 ^ _38_/RESET_B (sky130_fd_sc_hd__dfrtp_2)
                                           20000000.000000   data arrival time

                                  0.000000    0.000000   clock clk (rise edge)
                                  0.000000    0.000000   clock source latency
     2    0.007218    0.039054    0.025024    0.025024 ^ clk (in)
                                                         clk (net)
                      0.039054    0.000000    0.025024 ^ _38_/CLK (sky130_fd_sc_hd__dfrtp_2)
                                  0.250000    0.275024   clock uncertainty
                                  0.000000    0.275024   clock reconvergence pessimism
                                  0.320262    0.595286   library removal time
                                              0.595286   data required time
---------------------------------------------------------------------------------------------
                                              0.595286   data required time
                                           -20000000.000000   data arrival time
---------------------------------------------------------------------------------------------
                                           20000000.000000   slack (MET)


Startpoint: rst_n (input port clocked by clk)
Endpoint: _39_ (removal check against rising-edge clock clk)
Path Group: asynchronous
Path Type: min

Fanout         Cap        Slew       Delay        Time   Description
---------------------------------------------------------------------------------------------
                                  0.000000    0.000000   clock clk (rise edge)
                                  0.000000    0.000000   clock network delay (propagated)
                               20000000.000000 20000000.000000 ^ input external delay
     2    0.009918    0.051047    0.000000 20000000.000000 ^ rst_n (in)
                                                         rst_n (net)
                      0.051048    0.000000 20000000.000000 ^ _39_/RESET_B (sky130_fd_sc_hd__dfrtp_2)
                                           20000000.000000   data arrival time

                                  0.000000    0.000000   clock clk (rise edge)
                                  0.000000    0.000000   clock source latency
     2    0.007218    0.039054    0.025024    0.025024 ^ clk (in)
                                                         clk (net)
                      0.039054    0.000000    0.025024 ^ _39_/CLK (sky130_fd_sc_hd__dfrtp_2)
                                  0.250000    0.275024   clock uncertainty
                                  0.000000    0.275024   clock reconvergence pessimism
                                  0.320262    0.595286   library removal time
                                              0.595286   data required time
---------------------------------------------------------------------------------------------
                                              0.595286   data required time
                                           -20000000.000000   data arrival time
---------------------------------------------------------------------------------------------
                                           20000000.000000   slack (MET)



