
===========================================================================
report_checks -path_delay max (Setup)
============================================================================
======================= nom_ff_n40C_1v95 Corner ===================================

Startpoint: mode[1] (input port clocked by __VIRTUAL_CLK__)
Endpoint: dec[1] (output port clocked by __VIRTUAL_CLK__)
Path Group: __VIRTUAL_CLK__
Path Type: max

Fanout         Cap        Slew       Delay        Time   Description
---------------------------------------------------------------------------------------------
                      0.000000    0.000000    0.000000   clock __VIRTUAL_CLK__ (rise edge)
                                  0.000000    0.000000   clock network delay (ideal)
                                  2.000000    2.000000 ^ input external delay
    11    0.036668    0.128629    0.087442    2.087442 ^ mode[1] (in)
                                                         mode[1] (net)
                      0.128629    0.000000    2.087442 ^ _14_/C (sky130_fd_sc_hd__and3b_2)
     5    0.012785    0.062918    0.147048    2.234490 ^ _14_/X (sky130_fd_sc_hd__and3b_2)
                                                         _03_ (net)
                      0.062918    0.000000    2.234490 ^ _19_/B1 (sky130_fd_sc_hd__a31o_2)
     1    0.033442    0.151499    0.147983    2.382473 ^ _19_/X (sky130_fd_sc_hd__a31o_2)
                                                         dec[1] (net)
                      0.151499    0.000000    2.382473 ^ dec[1] (out)
                                              2.382473   data arrival time

                      0.000000   10.000000   10.000000   clock __VIRTUAL_CLK__ (rise edge)
                                  0.000000   10.000000   clock network delay (ideal)
                                 -0.250000    9.750000   clock uncertainty
                                  0.000000    9.750000   clock reconvergence pessimism
                                 -2.000000    7.750000   output external delay
                                              7.750000   data required time
---------------------------------------------------------------------------------------------
                                              7.750000   data required time
                                             -2.382473   data arrival time
---------------------------------------------------------------------------------------------
                                              5.367527   slack (MET)


Startpoint: mode[1] (input port clocked by __VIRTUAL_CLK__)
Endpoint: dec[2] (output port clocked by __VIRTUAL_CLK__)
Path Group: __VIRTUAL_CLK__
Path Type: max

Fanout         Cap        Slew       Delay        Time   Description
---------------------------------------------------------------------------------------------
                      0.000000    0.000000    0.000000   clock __VIRTUAL_CLK__ (rise edge)
                                  0.000000    0.000000   clock network delay (ideal)
                                  2.000000    2.000000 ^ input external delay
    11    0.036668    0.128629    0.087442    2.087442 ^ mode[1] (in)
                                                         mode[1] (net)
                      0.128629    0.000000    2.087442 ^ _14_/C (sky130_fd_sc_hd__and3b_2)
     5    0.012785    0.062918    0.147048    2.234490 ^ _14_/X (sky130_fd_sc_hd__and3b_2)
                                                         _03_ (net)
                      0.062918    0.000000    2.234490 ^ _18_/B1 (sky130_fd_sc_hd__a31o_2)
     1    0.033442    0.151499    0.147983    2.382473 ^ _18_/X (sky130_fd_sc_hd__a31o_2)
                                                         dec[2] (net)
                      0.151499    0.000000    2.382473 ^ dec[2] (out)
                                              2.382473   data arrival time

                      0.000000   10.000000   10.000000   clock __VIRTUAL_CLK__ (rise edge)
                                  0.000000   10.000000   clock network delay (ideal)
                                 -0.250000    9.750000   clock uncertainty
                                  0.000000    9.750000   clock reconvergence pessimism
                                 -2.000000    7.750000   output external delay
                                              7.750000   data required time
---------------------------------------------------------------------------------------------
                                              7.750000   data required time
                                             -2.382473   data arrival time
---------------------------------------------------------------------------------------------
                                              5.367527   slack (MET)


Startpoint: mode[1] (input port clocked by __VIRTUAL_CLK__)
Endpoint: dec[3] (output port clocked by __VIRTUAL_CLK__)
Path Group: __VIRTUAL_CLK__
Path Type: max

Fanout         Cap        Slew       Delay        Time   Description
---------------------------------------------------------------------------------------------
                      0.000000    0.000000    0.000000   clock __VIRTUAL_CLK__ (rise edge)
                                  0.000000    0.000000   clock network delay (ideal)
                                  2.000000    2.000000 ^ input external delay
    11    0.036668    0.128629    0.087442    2.087442 ^ mode[1] (in)
                                                         mode[1] (net)
                      0.128629    0.000000    2.087442 ^ _14_/C (sky130_fd_sc_hd__and3b_2)
     5    0.012785    0.062918    0.147048    2.234490 ^ _14_/X (sky130_fd_sc_hd__and3b_2)
                                                         _03_ (net)
                      0.062918    0.000000    2.234490 ^ _17_/B1 (sky130_fd_sc_hd__a31o_2)
     1    0.033442    0.151499    0.147983    2.382473 ^ _17_/X (sky130_fd_sc_hd__a31o_2)
                                                         dec[3] (net)
                      0.151499    0.000000    2.382473 ^ dec[3] (out)
                                              2.382473   data arrival time

                      0.000000   10.000000   10.000000   clock __VIRTUAL_CLK__ (rise edge)
                                  0.000000   10.000000   clock network delay (ideal)
                                 -0.250000    9.750000   clock uncertainty
                                  0.000000    9.750000   clock reconvergence pessimism
                                 -2.000000    7.750000   output external delay
                                              7.750000   data required time
---------------------------------------------------------------------------------------------
                                              7.750000   data required time
                                             -2.382473   data arrival time
---------------------------------------------------------------------------------------------
                                              5.367527   slack (MET)


Startpoint: mode[1] (input port clocked by __VIRTUAL_CLK__)
Endpoint: dec[4] (output port clocked by __VIRTUAL_CLK__)
Path Group: __VIRTUAL_CLK__
Path Type: max

Fanout         Cap        Slew       Delay        Time   Description
---------------------------------------------------------------------------------------------
                      0.000000    0.000000    0.000000   clock __VIRTUAL_CLK__ (rise edge)
                                  0.000000    0.000000   clock network delay (ideal)
                                  2.000000    2.000000 ^ input external delay
    11    0.036668    0.128629    0.087442    2.087442 ^ mode[1] (in)
                                                         mode[1] (net)
                      0.128629    0.000000    2.087442 ^ _14_/C (sky130_fd_sc_hd__and3b_2)
     5    0.012785    0.062918    0.147048    2.234490 ^ _14_/X (sky130_fd_sc_hd__and3b_2)
                                                         _03_ (net)
                      0.062918    0.000000    2.234490 ^ _16_/B1 (sky130_fd_sc_hd__a31o_2)
     1    0.033442    0.151499    0.147983    2.382473 ^ _16_/X (sky130_fd_sc_hd__a31o_2)
                                                         dec[4] (net)
                      0.151499    0.000000    2.382473 ^ dec[4] (out)
                                              2.382473   data arrival time

                      0.000000   10.000000   10.000000   clock __VIRTUAL_CLK__ (rise edge)
                                  0.000000   10.000000   clock network delay (ideal)
                                 -0.250000    9.750000   clock uncertainty
                                  0.000000    9.750000   clock reconvergence pessimism
                                 -2.000000    7.750000   output external delay
                                              7.750000   data required time
---------------------------------------------------------------------------------------------
                                              7.750000   data required time
                                             -2.382473   data arrival time
---------------------------------------------------------------------------------------------
                                              5.367527   slack (MET)


Startpoint: mode[1] (input port clocked by __VIRTUAL_CLK__)
Endpoint: dec[5] (output port clocked by __VIRTUAL_CLK__)
Path Group: __VIRTUAL_CLK__
Path Type: max

Fanout         Cap        Slew       Delay        Time   Description
---------------------------------------------------------------------------------------------
                      0.000000    0.000000    0.000000   clock __VIRTUAL_CLK__ (rise edge)
                                  0.000000    0.000000   clock network delay (ideal)
                                  2.000000    2.000000 ^ input external delay
    11    0.036668    0.128629    0.087442    2.087442 ^ mode[1] (in)
                                                         mode[1] (net)
                      0.128629    0.000000    2.087442 ^ _14_/C (sky130_fd_sc_hd__and3b_2)
     5    0.012785    0.062918    0.147048    2.234490 ^ _14_/X (sky130_fd_sc_hd__and3b_2)
                                                         _03_ (net)
                      0.062918    0.000000    2.234490 ^ _15_/B1 (sky130_fd_sc_hd__a31o_2)
     1    0.033442    0.151499    0.147983    2.382473 ^ _15_/X (sky130_fd_sc_hd__a31o_2)
                                                         dec[5] (net)
                      0.151499    0.000000    2.382473 ^ dec[5] (out)
                                              2.382473   data arrival time

                      0.000000   10.000000   10.000000   clock __VIRTUAL_CLK__ (rise edge)
                                  0.000000   10.000000   clock network delay (ideal)
                                 -0.250000    9.750000   clock uncertainty
                                  0.000000    9.750000   clock reconvergence pessimism
                                 -2.000000    7.750000   output external delay
                                              7.750000   data required time
---------------------------------------------------------------------------------------------
                                              7.750000   data required time
                                             -2.382473   data arrival time
---------------------------------------------------------------------------------------------
                                              5.367527   slack (MET)


Startpoint: mode[1] (input port clocked by __VIRTUAL_CLK__)
Endpoint: en[0] (output port clocked by __VIRTUAL_CLK__)
Path Group: __VIRTUAL_CLK__
Path Type: max

Fanout         Cap        Slew       Delay        Time   Description
---------------------------------------------------------------------------------------------
                      0.000000    0.000000    0.000000   clock __VIRTUAL_CLK__ (rise edge)
                                  0.000000    0.000000   clock network delay (ideal)
                                  2.000000    2.000000 ^ input external delay
    11    0.036668    0.128629    0.087442    2.087442 ^ mode[1] (in)
                                                         mode[1] (net)
                      0.128629    0.000000    2.087442 ^ _07_/A (sky130_fd_sc_hd__xnor2_2)
     6    0.008370    0.050339    0.059922    2.147364 v _07_/Y (sky130_fd_sc_hd__xnor2_2)
                                                         _02_ (net)
                      0.050339    0.000000    2.147364 v _08_/B (sky130_fd_sc_hd__or2_2)
     1    0.033442    0.090670    0.228852    2.376216 v _08_/X (sky130_fd_sc_hd__or2_2)
                                                         en[0] (net)
                      0.090670    0.000000    2.376216 v en[0] (out)
                                              2.376216   data arrival time

                      0.000000   10.000000   10.000000   clock __VIRTUAL_CLK__ (rise edge)
                                  0.000000   10.000000   clock network delay (ideal)
                                 -0.250000    9.750000   clock uncertainty
                                  0.000000    9.750000   clock reconvergence pessimism
                                 -2.000000    7.750000   output external delay
                                              7.750000   data required time
---------------------------------------------------------------------------------------------
                                              7.750000   data required time
                                             -2.376216   data arrival time
---------------------------------------------------------------------------------------------
                                              5.373784   slack (MET)


Startpoint: mode[1] (input port clocked by __VIRTUAL_CLK__)
Endpoint: en[1] (output port clocked by __VIRTUAL_CLK__)
Path Group: __VIRTUAL_CLK__
Path Type: max

Fanout         Cap        Slew       Delay        Time   Description
---------------------------------------------------------------------------------------------
                      0.000000    0.000000    0.000000   clock __VIRTUAL_CLK__ (rise edge)
                                  0.000000    0.000000   clock network delay (ideal)
                                  2.000000    2.000000 ^ input external delay
    11    0.036668    0.128629    0.087442    2.087442 ^ mode[1] (in)
                                                         mode[1] (net)
                      0.128629    0.000000    2.087442 ^ _07_/A (sky130_fd_sc_hd__xnor2_2)
     6    0.008370    0.050339    0.059922    2.147364 v _07_/Y (sky130_fd_sc_hd__xnor2_2)
                                                         _02_ (net)
                      0.050339    0.000000    2.147364 v _09_/B (sky130_fd_sc_hd__or2_2)
     1    0.033442    0.090670    0.228852    2.376216 v _09_/X (sky130_fd_sc_hd__or2_2)
                                                         en[1] (net)
                      0.090670    0.000000    2.376216 v en[1] (out)
                                              2.376216   data arrival time

                      0.000000   10.000000   10.000000   clock __VIRTUAL_CLK__ (rise edge)
                                  0.000000   10.000000   clock network delay (ideal)
                                 -0.250000    9.750000   clock uncertainty
                                  0.000000    9.750000   clock reconvergence pessimism
                                 -2.000000    7.750000   output external delay
                                              7.750000   data required time
---------------------------------------------------------------------------------------------
                                              7.750000   data required time
                                             -2.376216   data arrival time
---------------------------------------------------------------------------------------------
                                              5.373784   slack (MET)


Startpoint: mode[1] (input port clocked by __VIRTUAL_CLK__)
Endpoint: en[2] (output port clocked by __VIRTUAL_CLK__)
Path Group: __VIRTUAL_CLK__
Path Type: max

Fanout         Cap        Slew       Delay        Time   Description
---------------------------------------------------------------------------------------------
                      0.000000    0.000000    0.000000   clock __VIRTUAL_CLK__ (rise edge)
                                  0.000000    0.000000   clock network delay (ideal)
                                  2.000000    2.000000 ^ input external delay
    11    0.036668    0.128629    0.087442    2.087442 ^ mode[1] (in)
                                                         mode[1] (net)
                      0.128629    0.000000    2.087442 ^ _07_/A (sky130_fd_sc_hd__xnor2_2)
     6    0.008370    0.050339    0.059922    2.147364 v _07_/Y (sky130_fd_sc_hd__xnor2_2)
                                                         _02_ (net)
                      0.050339    0.000000    2.147364 v _10_/B (sky130_fd_sc_hd__or2_2)
     1    0.033442    0.090670    0.228852    2.376216 v _10_/X (sky130_fd_sc_hd__or2_2)
                                                         en[2] (net)
                      0.090670    0.000000    2.376216 v en[2] (out)
                                              2.376216   data arrival time

                      0.000000   10.000000   10.000000   clock __VIRTUAL_CLK__ (rise edge)
                                  0.000000   10.000000   clock network delay (ideal)
                                 -0.250000    9.750000   clock uncertainty
                                  0.000000    9.750000   clock reconvergence pessimism
                                 -2.000000    7.750000   output external delay
                                              7.750000   data required time
---------------------------------------------------------------------------------------------
                                              7.750000   data required time
                                             -2.376216   data arrival time
---------------------------------------------------------------------------------------------
                                              5.373784   slack (MET)


Startpoint: mode[1] (input port clocked by __VIRTUAL_CLK__)
Endpoint: en[3] (output port clocked by __VIRTUAL_CLK__)
Path Group: __VIRTUAL_CLK__
Path Type: max

Fanout         Cap        Slew       Delay        Time   Description
---------------------------------------------------------------------------------------------
                      0.000000    0.000000    0.000000   clock __VIRTUAL_CLK__ (rise edge)
                                  0.000000    0.000000   clock network delay (ideal)
                                  2.000000    2.000000 ^ input external delay
    11    0.036668    0.128629    0.087442    2.087442 ^ mode[1] (in)
                                                         mode[1] (net)
                      0.128629    0.000000    2.087442 ^ _07_/A (sky130_fd_sc_hd__xnor2_2)
     6    0.008370    0.050339    0.059922    2.147364 v _07_/Y (sky130_fd_sc_hd__xnor2_2)
                                                         _02_ (net)
                      0.050339    0.000000    2.147364 v _11_/B (sky130_fd_sc_hd__or2_2)
     1    0.033442    0.090670    0.228852    2.376216 v _11_/X (sky130_fd_sc_hd__or2_2)
                                                         en[3] (net)
                      0.090670    0.000000    2.376216 v en[3] (out)
                                              2.376216   data arrival time

                      0.000000   10.000000   10.000000   clock __VIRTUAL_CLK__ (rise edge)
                                  0.000000   10.000000   clock network delay (ideal)
                                 -0.250000    9.750000   clock uncertainty
                                  0.000000    9.750000   clock reconvergence pessimism
                                 -2.000000    7.750000   output external delay
                                              7.750000   data required time
---------------------------------------------------------------------------------------------
                                              7.750000   data required time
                                             -2.376216   data arrival time
---------------------------------------------------------------------------------------------
                                              5.373784   slack (MET)


Startpoint: mode[1] (input port clocked by __VIRTUAL_CLK__)
Endpoint: en[4] (output port clocked by __VIRTUAL_CLK__)
Path Group: __VIRTUAL_CLK__
Path Type: max

Fanout         Cap        Slew       Delay        Time   Description
---------------------------------------------------------------------------------------------
                      0.000000    0.000000    0.000000   clock __VIRTUAL_CLK__ (rise edge)
                                  0.000000    0.000000   clock network delay (ideal)
                                  2.000000    2.000000 ^ input external delay
    11    0.036668    0.128629    0.087442    2.087442 ^ mode[1] (in)
                                                         mode[1] (net)
                      0.128629    0.000000    2.087442 ^ _07_/A (sky130_fd_sc_hd__xnor2_2)
     6    0.008370    0.050339    0.059922    2.147364 v _07_/Y (sky130_fd_sc_hd__xnor2_2)
                                                         _02_ (net)
                      0.050339    0.000000    2.147364 v _12_/B (sky130_fd_sc_hd__or2_2)
     1    0.033442    0.090670    0.228852    2.376216 v _12_/X (sky130_fd_sc_hd__or2_2)
                                                         en[4] (net)
                      0.090670    0.000000    2.376216 v en[4] (out)
                                              2.376216   data arrival time

                      0.000000   10.000000   10.000000   clock __VIRTUAL_CLK__ (rise edge)
                                  0.000000   10.000000   clock network delay (ideal)
                                 -0.250000    9.750000   clock uncertainty
                                  0.000000    9.750000   clock reconvergence pessimism
                                 -2.000000    7.750000   output external delay
                                              7.750000   data required time
---------------------------------------------------------------------------------------------
                                              7.750000   data required time
                                             -2.376216   data arrival time
---------------------------------------------------------------------------------------------
                                              5.373784   slack (MET)


Startpoint: mode[1] (input port clocked by __VIRTUAL_CLK__)
Endpoint: en[5] (output port clocked by __VIRTUAL_CLK__)
Path Group: __VIRTUAL_CLK__
Path Type: max

Fanout         Cap        Slew       Delay        Time   Description
---------------------------------------------------------------------------------------------
                      0.000000    0.000000    0.000000   clock __VIRTUAL_CLK__ (rise edge)
                                  0.000000    0.000000   clock network delay (ideal)
                                  2.000000    2.000000 ^ input external delay
    11    0.036668    0.128629    0.087442    2.087442 ^ mode[1] (in)
                                                         mode[1] (net)
                      0.128629    0.000000    2.087442 ^ _07_/A (sky130_fd_sc_hd__xnor2_2)
     6    0.008370    0.050339    0.059922    2.147364 v _07_/Y (sky130_fd_sc_hd__xnor2_2)
                                                         _02_ (net)
                      0.050339    0.000000    2.147364 v _13_/B (sky130_fd_sc_hd__or2_2)
     1    0.033442    0.090670    0.228852    2.376216 v _13_/X (sky130_fd_sc_hd__or2_2)
                                                         en[5] (net)
                      0.090670    0.000000    2.376216 v en[5] (out)
                                              2.376216   data arrival time

                      0.000000   10.000000   10.000000   clock __VIRTUAL_CLK__ (rise edge)
                                  0.000000   10.000000   clock network delay (ideal)
                                 -0.250000    9.750000   clock uncertainty
                                  0.000000    9.750000   clock reconvergence pessimism
                                 -2.000000    7.750000   output external delay
                                              7.750000   data required time
---------------------------------------------------------------------------------------------
                                              7.750000   data required time
                                             -2.376216   data arrival time
---------------------------------------------------------------------------------------------
                                              5.373784   slack (MET)


Startpoint: mode[1] (input port clocked by __VIRTUAL_CLK__)
Endpoint: inc[1] (output port clocked by __VIRTUAL_CLK__)
Path Group: __VIRTUAL_CLK__
Path Type: max

Fanout         Cap        Slew       Delay        Time   Description
---------------------------------------------------------------------------------------------
                      0.000000    0.000000    0.000000   clock __VIRTUAL_CLK__ (rise edge)
                                  0.000000    0.000000   clock network delay (ideal)
                                  2.000000    2.000000 ^ input external delay
    11    0.036668    0.128629    0.087442    2.087442 ^ mode[1] (in)
                                                         mode[1] (net)
                      0.128629    0.000000    2.087442 ^ _21_/A_N (sky130_fd_sc_hd__and3b_2)
     5    0.011445    0.044340    0.152485    2.239927 v _21_/X (sky130_fd_sc_hd__and3b_2)
                                                         _04_ (net)
                      0.044340    0.000000    2.239927 v _26_/B1 (sky130_fd_sc_hd__a21o_2)
     1    0.033442    0.074282    0.135617    2.375545 v _26_/X (sky130_fd_sc_hd__a21o_2)
                                                         inc[1] (net)
                      0.074282    0.000000    2.375545 v inc[1] (out)
                                              2.375545   data arrival time

                      0.000000   10.000000   10.000000   clock __VIRTUAL_CLK__ (rise edge)
                                  0.000000   10.000000   clock network delay (ideal)
                                 -0.250000    9.750000   clock uncertainty
                                  0.000000    9.750000   clock reconvergence pessimism
                                 -2.000000    7.750000   output external delay
                                              7.750000   data required time
---------------------------------------------------------------------------------------------
                                              7.750000   data required time
                                             -2.375545   data arrival time
---------------------------------------------------------------------------------------------
                                              5.374456   slack (MET)


Startpoint: mode[1] (input port clocked by __VIRTUAL_CLK__)
Endpoint: inc[2] (output port clocked by __VIRTUAL_CLK__)
Path Group: __VIRTUAL_CLK__
Path Type: max

Fanout         Cap        Slew       Delay        Time   Description
---------------------------------------------------------------------------------------------
                      0.000000    0.000000    0.000000   clock __VIRTUAL_CLK__ (rise edge)
                                  0.000000    0.000000   clock network delay (ideal)
                                  2.000000    2.000000 ^ input external delay
    11    0.036668    0.128629    0.087442    2.087442 ^ mode[1] (in)
                                                         mode[1] (net)
                      0.128629    0.000000    2.087442 ^ _21_/A_N (sky130_fd_sc_hd__and3b_2)
     5    0.011445    0.044340    0.152485    2.239927 v _21_/X (sky130_fd_sc_hd__and3b_2)
                                                         _04_ (net)
                      0.044340    0.000000    2.239927 v _25_/B1 (sky130_fd_sc_hd__a21o_2)
     1    0.033442    0.074282    0.135617    2.375545 v _25_/X (sky130_fd_sc_hd__a21o_2)
                                                         inc[2] (net)
                      0.074282    0.000000    2.375545 v inc[2] (out)
                                              2.375545   data arrival time

                      0.000000   10.000000   10.000000   clock __VIRTUAL_CLK__ (rise edge)
                                  0.000000   10.000000   clock network delay (ideal)
                                 -0.250000    9.750000   clock uncertainty
                                  0.000000    9.750000   clock reconvergence pessimism
                                 -2.000000    7.750000   output external delay
                                              7.750000   data required time
---------------------------------------------------------------------------------------------
                                              7.750000   data required time
                                             -2.375545   data arrival time
---------------------------------------------------------------------------------------------
                                              5.374456   slack (MET)


Startpoint: mode[1] (input port clocked by __VIRTUAL_CLK__)
Endpoint: inc[3] (output port clocked by __VIRTUAL_CLK__)
Path Group: __VIRTUAL_CLK__
Path Type: max

Fanout         Cap        Slew       Delay        Time   Description
---------------------------------------------------------------------------------------------
                      0.000000    0.000000    0.000000   clock __VIRTUAL_CLK__ (rise edge)
                                  0.000000    0.000000   clock network delay (ideal)
                                  2.000000    2.000000 ^ input external delay
    11    0.036668    0.128629    0.087442    2.087442 ^ mode[1] (in)
                                                         mode[1] (net)
                      0.128629    0.000000    2.087442 ^ _21_/A_N (sky130_fd_sc_hd__and3b_2)
     5    0.011445    0.044340    0.152485    2.239927 v _21_/X (sky130_fd_sc_hd__and3b_2)
                                                         _04_ (net)
                      0.044340    0.000000    2.239927 v _24_/B1 (sky130_fd_sc_hd__a21o_2)
     1    0.033442    0.074282    0.135617    2.375545 v _24_/X (sky130_fd_sc_hd__a21o_2)
                                                         inc[3] (net)
                      0.074282    0.000000    2.375545 v inc[3] (out)
                                              2.375545   data arrival time

                      0.000000   10.000000   10.000000   clock __VIRTUAL_CLK__ (rise edge)
                                  0.000000   10.000000   clock network delay (ideal)
                                 -0.250000    9.750000   clock uncertainty
                                  0.000000    9.750000   clock reconvergence pessimism
                                 -2.000000    7.750000   output external delay
                                              7.750000   data required time
---------------------------------------------------------------------------------------------
                                              7.750000   data required time
                                             -2.375545   data arrival time
---------------------------------------------------------------------------------------------
                                              5.374456   slack (MET)


Startpoint: mode[1] (input port clocked by __VIRTUAL_CLK__)
Endpoint: inc[4] (output port clocked by __VIRTUAL_CLK__)
Path Group: __VIRTUAL_CLK__
Path Type: max

Fanout         Cap        Slew       Delay        Time   Description
---------------------------------------------------------------------------------------------
                      0.000000    0.000000    0.000000   clock __VIRTUAL_CLK__ (rise edge)
                                  0.000000    0.000000   clock network delay (ideal)
                                  2.000000    2.000000 ^ input external delay
    11    0.036668    0.128629    0.087442    2.087442 ^ mode[1] (in)
                                                         mode[1] (net)
                      0.128629    0.000000    2.087442 ^ _21_/A_N (sky130_fd_sc_hd__and3b_2)
     5    0.011445    0.044340    0.152485    2.239927 v _21_/X (sky130_fd_sc_hd__and3b_2)
                                                         _04_ (net)
                      0.044340    0.000000    2.239927 v _23_/B1 (sky130_fd_sc_hd__a21o_2)
     1    0.033442    0.074282    0.135617    2.375545 v _23_/X (sky130_fd_sc_hd__a21o_2)
                                                         inc[4] (net)
                      0.074282    0.000000    2.375545 v inc[4] (out)
                                              2.375545   data arrival time

                      0.000000   10.000000   10.000000   clock __VIRTUAL_CLK__ (rise edge)
                                  0.000000   10.000000   clock network delay (ideal)
                                 -0.250000    9.750000   clock uncertainty
                                  0.000000    9.750000   clock reconvergence pessimism
                                 -2.000000    7.750000   output external delay
                                              7.750000   data required time
---------------------------------------------------------------------------------------------
                                              7.750000   data required time
                                             -2.375545   data arrival time
---------------------------------------------------------------------------------------------
                                              5.374456   slack (MET)


Startpoint: mode[1] (input port clocked by __VIRTUAL_CLK__)
Endpoint: inc[5] (output port clocked by __VIRTUAL_CLK__)
Path Group: __VIRTUAL_CLK__
Path Type: max

Fanout         Cap        Slew       Delay        Time   Description
---------------------------------------------------------------------------------------------
                      0.000000    0.000000    0.000000   clock __VIRTUAL_CLK__ (rise edge)
                                  0.000000    0.000000   clock network delay (ideal)
                                  2.000000    2.000000 ^ input external delay
    11    0.036668    0.128629    0.087442    2.087442 ^ mode[1] (in)
                                                         mode[1] (net)
                      0.128629    0.000000    2.087442 ^ _21_/A_N (sky130_fd_sc_hd__and3b_2)
     5    0.011445    0.044340    0.152485    2.239927 v _21_/X (sky130_fd_sc_hd__and3b_2)
                                                         _04_ (net)
                      0.044340    0.000000    2.239927 v _22_/B1 (sky130_fd_sc_hd__a21o_2)
     1    0.033442    0.074282    0.135617    2.375545 v _22_/X (sky130_fd_sc_hd__a21o_2)
                                                         inc[5] (net)
                      0.074282    0.000000    2.375545 v inc[5] (out)
                                              2.375545   data arrival time

                      0.000000   10.000000   10.000000   clock __VIRTUAL_CLK__ (rise edge)
                                  0.000000   10.000000   clock network delay (ideal)
                                 -0.250000    9.750000   clock uncertainty
                                  0.000000    9.750000   clock reconvergence pessimism
                                 -2.000000    7.750000   output external delay
                                              7.750000   data required time
---------------------------------------------------------------------------------------------
                                              7.750000   data required time
                                             -2.375545   data arrival time
---------------------------------------------------------------------------------------------
                                              5.374456   slack (MET)


Startpoint: mode[0] (input port clocked by __VIRTUAL_CLK__)
Endpoint: inc[0] (output port clocked by __VIRTUAL_CLK__)
Path Group: __VIRTUAL_CLK__
Path Type: max

Fanout         Cap        Slew       Delay        Time   Description
---------------------------------------------------------------------------------------------
                      0.000000    0.000000    0.000000   clock __VIRTUAL_CLK__ (rise edge)
                                  0.000000    0.000000   clock network delay (ideal)
                                  2.000000    2.000000 v input external delay
    11    0.032963    0.051471    0.035337    2.035337 v mode[0] (in)
                                                         mode[0] (net)
                      0.051471    0.000000    2.035337 v _27_/A1 (sky130_fd_sc_hd__a21oi_2)
     1    0.033442    0.306336    0.264282    2.299618 ^ _27_/Y (sky130_fd_sc_hd__a21oi_2)
                                                         inc[0] (net)
                      0.306336    0.000000    2.299618 ^ inc[0] (out)
                                              2.299618   data arrival time

                      0.000000   10.000000   10.000000   clock __VIRTUAL_CLK__ (rise edge)
                                  0.000000   10.000000   clock network delay (ideal)
                                 -0.250000    9.750000   clock uncertainty
                                  0.000000    9.750000   clock reconvergence pessimism
                                 -2.000000    7.750000   output external delay
                                              7.750000   data required time
---------------------------------------------------------------------------------------------
                                              7.750000   data required time
                                             -2.299618   data arrival time
---------------------------------------------------------------------------------------------
                                              5.450382   slack (MET)


Startpoint: mode[0] (input port clocked by __VIRTUAL_CLK__)
Endpoint: dec[0] (output port clocked by __VIRTUAL_CLK__)
Path Group: __VIRTUAL_CLK__
Path Type: max

Fanout         Cap        Slew       Delay        Time   Description
---------------------------------------------------------------------------------------------
                      0.000000    0.000000    0.000000   clock __VIRTUAL_CLK__ (rise edge)
                                  0.000000    0.000000   clock network delay (ideal)
                                  2.000000    2.000000 ^ input external delay
    11    0.035711    0.125440    0.085219    2.085219 ^ mode[0] (in)
                                                         mode[0] (net)
                      0.125440    0.000000    2.085219 ^ _20_/A1 (sky130_fd_sc_hd__o21a_2)
     1    0.033442    0.136707    0.176021    2.261240 ^ _20_/X (sky130_fd_sc_hd__o21a_2)
                                                         dec[0] (net)
                      0.136707    0.000000    2.261240 ^ dec[0] (out)
                                              2.261240   data arrival time

                      0.000000   10.000000   10.000000   clock __VIRTUAL_CLK__ (rise edge)
                                  0.000000   10.000000   clock network delay (ideal)
                                 -0.250000    9.750000   clock uncertainty
                                  0.000000    9.750000   clock reconvergence pessimism
                                 -2.000000    7.750000   output external delay
                                              7.750000   data required time
---------------------------------------------------------------------------------------------
                                              7.750000   data required time
                                             -2.261240   data arrival time
---------------------------------------------------------------------------------------------
                                              5.488760   slack (MET)



