Reading timing models for corner nom_ff_n40C_1v95…
Reading cell library for the 'nom_ff_n40C_1v95' corner at '/home/kien/.volare/volare/sky130/versions/0fe599b2afb6708d281543108caf8310912f54af/sky130A/libs.ref/sky130_fd_sc_hd/lib/sky130_fd_sc_hd__ff_n40C_1v95.lib'…
Reading top-level netlist at '/home/kien/openlane2/MARCO/decode_input/runs/RUN_2026-01-16_19-22-56/06-yosys-synthesis/decode_input.nl.v'…
Linking design 'decode_input' from netlist…
Reading design constraints file at '/nix/store/4pyixb03xfwwy77zxxplrggxrmm9f57y-python3-3.11.9-env/lib/python3.11/site-packages/openlane/scripts/base.sdc'…
Warning: base.sdc line 15, port '__VIRTUAL_CLK__' not found.
[INFO] Using clock __VIRTUAL_CLK__…
[INFO] Setting output delay to: 2
[INFO] Setting input delay to: 2
Warning: base.sdc line 32, port '__VIRTUAL_CLK__' not found.
[INFO] Setting load to: 0.033442
[INFO] Setting clock uncertainty to: 0.25
[INFO] Setting clock transition to: 0.1499999999999999944488848768742172978818416595458984375
Warning: base.sdc line 69, transition time can not be specified for virtual clocks.
[INFO] Setting timing derate to: 5%
%OL_CREATE_REPORT min.rpt

===========================================================================
report_checks -path_delay min (Hold)
============================================================================
======================= nom_ff_n40C_1v95 Corner ===================================

Startpoint: button_inc (input port clocked by __VIRTUAL_CLK__)
Endpoint: inc[0] (output port clocked by __VIRTUAL_CLK__)
Path Group: __VIRTUAL_CLK__
Path Type: min

Fanout         Cap        Slew       Delay        Time   Description
---------------------------------------------------------------------------------------------
                      0.000000    0.000000    0.000000   clock __VIRTUAL_CLK__ (rise edge)
                                  0.000000    0.000000   clock network delay (ideal)
                                  2.000000    2.000000 v input external delay
     2    0.005826    0.009633    0.005155    2.005155 v button_inc (in)
                                                         button_inc (net)
                      0.009633    0.000000    2.005155 v _05_/A (sky130_fd_sc_hd__inv_2)
     1    0.005062    0.022726    0.024817    2.029972 ^ _05_/Y (sky130_fd_sc_hd__inv_2)
                                                         _00_ (net)
                      0.022726    0.000000    2.029972 ^ _27_/A2 (sky130_fd_sc_hd__a21oi_2)
     1    0.033442    0.072468    0.074570    2.104542 v _27_/Y (sky130_fd_sc_hd__a21oi_2)
                                                         inc[0] (net)
                      0.072468    0.000000    2.104542 v inc[0] (out)
                                              2.104542   data arrival time

                      0.000000    0.000000    0.000000   clock __VIRTUAL_CLK__ (rise edge)
                                  0.000000    0.000000   clock network delay (ideal)
                                  0.250000    0.250000   clock uncertainty
                                  0.000000    0.250000   clock reconvergence pessimism
                                 -2.000000   -1.750000   output external delay
                                             -1.750000   data required time
---------------------------------------------------------------------------------------------
                                             -1.750000   data required time
                                             -2.104542   data arrival time
---------------------------------------------------------------------------------------------
                                              3.854542   slack (MET)


Startpoint: select[0] (input port clocked by __VIRTUAL_CLK__)
Endpoint: en[0] (output port clocked by __VIRTUAL_CLK__)
Path Group: __VIRTUAL_CLK__
Path Type: min

Fanout         Cap        Slew       Delay        Time   Description
---------------------------------------------------------------------------------------------
                      0.000000    0.000000    0.000000   clock __VIRTUAL_CLK__ (rise edge)
                                  0.000000    0.000000   clock network delay (ideal)
                                  2.000000    2.000000 ^ input external delay
     1    0.001669    0.010263    0.004250    2.004250 ^ select[0] (in)
                                                         select[0] (net)
                      0.010263    0.000000    2.004250 ^ _08_/A (sky130_fd_sc_hd__or2_2)
     1    0.033442    0.135643    0.138349    2.142600 ^ _08_/X (sky130_fd_sc_hd__or2_2)
                                                         en[0] (net)
                      0.135643    0.000000    2.142600 ^ en[0] (out)
                                              2.142600   data arrival time

                      0.000000    0.000000    0.000000   clock __VIRTUAL_CLK__ (rise edge)
                                  0.000000    0.000000   clock network delay (ideal)
                                  0.250000    0.250000   clock uncertainty
                                  0.000000    0.250000   clock reconvergence pessimism
                                 -2.000000   -1.750000   output external delay
                                             -1.750000   data required time
---------------------------------------------------------------------------------------------
                                             -1.750000   data required time
                                             -2.142600   data arrival time
---------------------------------------------------------------------------------------------
                                              3.892599   slack (MET)


Startpoint: select[1] (input port clocked by __VIRTUAL_CLK__)
Endpoint: en[1] (output port clocked by __VIRTUAL_CLK__)
Path Group: __VIRTUAL_CLK__
Path Type: min

Fanout         Cap        Slew       Delay        Time   Description
---------------------------------------------------------------------------------------------
                      0.000000    0.000000    0.000000   clock __VIRTUAL_CLK__ (rise edge)
                                  0.000000    0.000000   clock network delay (ideal)
                                  2.000000    2.000000 ^ input external delay
     1    0.001669    0.010263    0.004250    2.004250 ^ select[1] (in)
                                                         select[1] (net)
                      0.010263    0.000000    2.004250 ^ _09_/A (sky130_fd_sc_hd__or2_2)
     1    0.033442    0.135643    0.138349    2.142600 ^ _09_/X (sky130_fd_sc_hd__or2_2)
                                                         en[1] (net)
                      0.135643    0.000000    2.142600 ^ en[1] (out)
                                              2.142600   data arrival time

                      0.000000    0.000000    0.000000   clock __VIRTUAL_CLK__ (rise edge)
                                  0.000000    0.000000   clock network delay (ideal)
                                  0.250000    0.250000   clock uncertainty
                                  0.000000    0.250000   clock reconvergence pessimism
                                 -2.000000   -1.750000   output external delay
                                             -1.750000   data required time
---------------------------------------------------------------------------------------------
                                             -1.750000   data required time
                                             -2.142600   data arrival time
---------------------------------------------------------------------------------------------
                                              3.892599   slack (MET)


Startpoint: select[2] (input port clocked by __VIRTUAL_CLK__)
Endpoint: en[2] (output port clocked by __VIRTUAL_CLK__)
Path Group: __VIRTUAL_CLK__
Path Type: min

Fanout         Cap        Slew       Delay        Time   Description
---------------------------------------------------------------------------------------------
                      0.000000    0.000000    0.000000   clock __VIRTUAL_CLK__ (rise edge)
                                  0.000000    0.000000   clock network delay (ideal)
                                  2.000000    2.000000 ^ input external delay
     1    0.001669    0.010263    0.004250    2.004250 ^ select[2] (in)
                                                         select[2] (net)
                      0.010263    0.000000    2.004250 ^ _10_/A (sky130_fd_sc_hd__or2_2)
     1    0.033442    0.135643    0.138349    2.142600 ^ _10_/X (sky130_fd_sc_hd__or2_2)
                                                         en[2] (net)
                      0.135643    0.000000    2.142600 ^ en[2] (out)
                                              2.142600   data arrival time

                      0.000000    0.000000    0.000000   clock __VIRTUAL_CLK__ (rise edge)
                                  0.000000    0.000000   clock network delay (ideal)
                                  0.250000    0.250000   clock uncertainty
                                  0.000000    0.250000   clock reconvergence pessimism
                                 -2.000000   -1.750000   output external delay
                                             -1.750000   data required time
---------------------------------------------------------------------------------------------
                                             -1.750000   data required time
                                             -2.142600   data arrival time
---------------------------------------------------------------------------------------------
                                              3.892599   slack (MET)


Startpoint: select[3] (input port clocked by __VIRTUAL_CLK__)
Endpoint: en[3] (output port clocked by __VIRTUAL_CLK__)
Path Group: __VIRTUAL_CLK__
Path Type: min

Fanout         Cap        Slew       Delay        Time   Description
---------------------------------------------------------------------------------------------
                      0.000000    0.000000    0.000000   clock __VIRTUAL_CLK__ (rise edge)
                                  0.000000    0.000000   clock network delay (ideal)
                                  2.000000    2.000000 ^ input external delay
     1    0.001669    0.010263    0.004250    2.004250 ^ select[3] (in)
                                                         select[3] (net)
                      0.010263    0.000000    2.004250 ^ _11_/A (sky130_fd_sc_hd__or2_2)
     1    0.033442    0.135643    0.138349    2.142600 ^ _11_/X (sky130_fd_sc_hd__or2_2)
                                                         en[3] (net)
                      0.135643    0.000000    2.142600 ^ en[3] (out)
                                              2.142600   data arrival time

                      0.000000    0.000000    0.000000   clock __VIRTUAL_CLK__ (rise edge)
                                  0.000000    0.000000   clock network delay (ideal)
                                  0.250000    0.250000   clock uncertainty
                                  0.000000    0.250000   clock reconvergence pessimism
                                 -2.000000   -1.750000   output external delay
                                             -1.750000   data required time
---------------------------------------------------------------------------------------------
                                             -1.750000   data required time
                                             -2.142600   data arrival time
---------------------------------------------------------------------------------------------
                                              3.892599   slack (MET)


Startpoint: select[4] (input port clocked by __VIRTUAL_CLK__)
Endpoint: en[4] (output port clocked by __VIRTUAL_CLK__)
Path Group: __VIRTUAL_CLK__
Path Type: min

Fanout         Cap        Slew       Delay        Time   Description
---------------------------------------------------------------------------------------------
                      0.000000    0.000000    0.000000   clock __VIRTUAL_CLK__ (rise edge)
                                  0.000000    0.000000   clock network delay (ideal)
                                  2.000000    2.000000 ^ input external delay
     1    0.001669    0.010263    0.004250    2.004250 ^ select[4] (in)
                                                         select[4] (net)
                      0.010263    0.000000    2.004250 ^ _12_/A (sky130_fd_sc_hd__or2_2)
     1    0.033442    0.135643    0.138349    2.142600 ^ _12_/X (sky130_fd_sc_hd__or2_2)
                                                         en[4] (net)
                      0.135643    0.000000    2.142600 ^ en[4] (out)
                                              2.142600   data arrival time

                      0.000000    0.000000    0.000000   clock __VIRTUAL_CLK__ (rise edge)
                                  0.000000    0.000000   clock network delay (ideal)
                                  0.250000    0.250000   clock uncertainty
                                  0.000000    0.250000   clock reconvergence pessimism
                                 -2.000000   -1.750000   output external delay
                                             -1.750000   data required time
---------------------------------------------------------------------------------------------
                                             -1.750000   data required time
                                             -2.142600   data arrival time
---------------------------------------------------------------------------------------------
                                              3.892599   slack (MET)


Startpoint: select[5] (input port clocked by __VIRTUAL_CLK__)
Endpoint: en[5] (output port clocked by __VIRTUAL_CLK__)
Path Group: __VIRTUAL_CLK__
Path Type: min

Fanout         Cap        Slew       Delay        Time   Description
---------------------------------------------------------------------------------------------
                      0.000000    0.000000    0.000000   clock __VIRTUAL_CLK__ (rise edge)
                                  0.000000    0.000000   clock network delay (ideal)
                                  2.000000    2.000000 ^ input external delay
     1    0.001669    0.010263    0.004250    2.004250 ^ select[5] (in)
                                                         select[5] (net)
                      0.010263    0.000000    2.004250 ^ _13_/A (sky130_fd_sc_hd__or2_2)
     1    0.033442    0.135643    0.138349    2.142600 ^ _13_/X (sky130_fd_sc_hd__or2_2)
                                                         en[5] (net)
                      0.135643    0.000000    2.142600 ^ en[5] (out)
                                              2.142600   data arrival time

                      0.000000    0.000000    0.000000   clock __VIRTUAL_CLK__ (rise edge)
                                  0.000000    0.000000   clock network delay (ideal)
                                  0.250000    0.250000   clock uncertainty
                                  0.000000    0.250000   clock reconvergence pessimism
                                 -2.000000   -1.750000   output external delay
                                             -1.750000   data required time
---------------------------------------------------------------------------------------------
                                             -1.750000   data required time
                                             -2.142600   data arrival time
---------------------------------------------------------------------------------------------
                                              3.892599   slack (MET)


Startpoint: done_inc[0] (input port clocked by __VIRTUAL_CLK__)
Endpoint: inc[1] (output port clocked by __VIRTUAL_CLK__)
Path Group: __VIRTUAL_CLK__
Path Type: min

Fanout         Cap        Slew       Delay        Time   Description
---------------------------------------------------------------------------------------------
                      0.000000    0.000000    0.000000   clock __VIRTUAL_CLK__ (rise edge)
                                  0.000000    0.000000   clock network delay (ideal)
                                  2.000000    2.000000 ^ input external delay
     1    0.002467    0.013202    0.006339    2.006339 ^ done_inc[0] (in)
                                                         done_inc[0] (net)
                      0.013202    0.000000    2.006339 ^ _26_/A1 (sky130_fd_sc_hd__a21o_2)
     1    0.033442    0.130290    0.141512    2.147851 ^ _26_/X (sky130_fd_sc_hd__a21o_2)
                                                         inc[1] (net)
                      0.130290    0.000000    2.147851 ^ inc[1] (out)
                                              2.147851   data arrival time

                      0.000000    0.000000    0.000000   clock __VIRTUAL_CLK__ (rise edge)
                                  0.000000    0.000000   clock network delay (ideal)
                                  0.250000    0.250000   clock uncertainty
                                  0.000000    0.250000   clock reconvergence pessimism
                                 -2.000000   -1.750000   output external delay
                                             -1.750000   data required time
---------------------------------------------------------------------------------------------
                                             -1.750000   data required time
                                             -2.147851   data arrival time
---------------------------------------------------------------------------------------------
                                              3.897851   slack (MET)


Startpoint: done_inc[1] (input port clocked by __VIRTUAL_CLK__)
Endpoint: inc[2] (output port clocked by __VIRTUAL_CLK__)
Path Group: __VIRTUAL_CLK__
Path Type: min

Fanout         Cap        Slew       Delay        Time   Description
---------------------------------------------------------------------------------------------
                      0.000000    0.000000    0.000000   clock __VIRTUAL_CLK__ (rise edge)
                                  0.000000    0.000000   clock network delay (ideal)
                                  2.000000    2.000000 ^ input external delay
     1    0.002467    0.013202    0.006339    2.006339 ^ done_inc[1] (in)
                                                         done_inc[1] (net)
                      0.013202    0.000000    2.006339 ^ _25_/A1 (sky130_fd_sc_hd__a21o_2)
     1    0.033442    0.130290    0.141512    2.147851 ^ _25_/X (sky130_fd_sc_hd__a21o_2)
                                                         inc[2] (net)
                      0.130290    0.000000    2.147851 ^ inc[2] (out)
                                              2.147851   data arrival time

                      0.000000    0.000000    0.000000   clock __VIRTUAL_CLK__ (rise edge)
                                  0.000000    0.000000   clock network delay (ideal)
                                  0.250000    0.250000   clock uncertainty
                                  0.000000    0.250000   clock reconvergence pessimism
                                 -2.000000   -1.750000   output external delay
                                             -1.750000   data required time
---------------------------------------------------------------------------------------------
                                             -1.750000   data required time
                                             -2.147851   data arrival time
---------------------------------------------------------------------------------------------
                                              3.897851   slack (MET)


Startpoint: done_inc[2] (input port clocked by __VIRTUAL_CLK__)
Endpoint: inc[3] (output port clocked by __VIRTUAL_CLK__)
Path Group: __VIRTUAL_CLK__
Path Type: min

Fanout         Cap        Slew       Delay        Time   Description
---------------------------------------------------------------------------------------------
                      0.000000    0.000000    0.000000   clock __VIRTUAL_CLK__ (rise edge)
                                  0.000000    0.000000   clock network delay (ideal)
                                  2.000000    2.000000 ^ input external delay
     1    0.002467    0.013202    0.006339    2.006339 ^ done_inc[2] (in)
                                                         done_inc[2] (net)
                      0.013202    0.000000    2.006339 ^ _24_/A1 (sky130_fd_sc_hd__a21o_2)
     1    0.033442    0.130290    0.141512    2.147851 ^ _24_/X (sky130_fd_sc_hd__a21o_2)
                                                         inc[3] (net)
                      0.130290    0.000000    2.147851 ^ inc[3] (out)
                                              2.147851   data arrival time

                      0.000000    0.000000    0.000000   clock __VIRTUAL_CLK__ (rise edge)
                                  0.000000    0.000000   clock network delay (ideal)
                                  0.250000    0.250000   clock uncertainty
                                  0.000000    0.250000   clock reconvergence pessimism
                                 -2.000000   -1.750000   output external delay
                                             -1.750000   data required time
---------------------------------------------------------------------------------------------
                                             -1.750000   data required time
                                             -2.147851   data arrival time
---------------------------------------------------------------------------------------------
                                              3.897851   slack (MET)


Startpoint: done_inc[3] (input port clocked by __VIRTUAL_CLK__)
Endpoint: inc[4] (output port clocked by __VIRTUAL_CLK__)
Path Group: __VIRTUAL_CLK__
Path Type: min

Fanout         Cap        Slew       Delay        Time   Description
---------------------------------------------------------------------------------------------
                      0.000000    0.000000    0.000000   clock __VIRTUAL_CLK__ (rise edge)
                                  0.000000    0.000000   clock network delay (ideal)
                                  2.000000    2.000000 ^ input external delay
     1    0.002467    0.013202    0.006339    2.006339 ^ done_inc[3] (in)
                                                         done_inc[3] (net)
                      0.013202    0.000000    2.006339 ^ _23_/A1 (sky130_fd_sc_hd__a21o_2)
     1    0.033442    0.130290    0.141512    2.147851 ^ _23_/X (sky130_fd_sc_hd__a21o_2)
                                                         inc[4] (net)
                      0.130290    0.000000    2.147851 ^ inc[4] (out)
                                              2.147851   data arrival time

                      0.000000    0.000000    0.000000   clock __VIRTUAL_CLK__ (rise edge)
                                  0.000000    0.000000   clock network delay (ideal)
                                  0.250000    0.250000   clock uncertainty
                                  0.000000    0.250000   clock reconvergence pessimism
                                 -2.000000   -1.750000   output external delay
                                             -1.750000   data required time
---------------------------------------------------------------------------------------------
                                             -1.750000   data required time
                                             -2.147851   data arrival time
---------------------------------------------------------------------------------------------
                                              3.897851   slack (MET)


Startpoint: done_inc[4] (input port clocked by __VIRTUAL_CLK__)
Endpoint: inc[5] (output port clocked by __VIRTUAL_CLK__)
Path Group: __VIRTUAL_CLK__
Path Type: min

Fanout         Cap        Slew       Delay        Time   Description
---------------------------------------------------------------------------------------------
                      0.000000    0.000000    0.000000   clock __VIRTUAL_CLK__ (rise edge)
                                  0.000000    0.000000   clock network delay (ideal)
                                  2.000000    2.000000 ^ input external delay
     1    0.002467    0.013202    0.006339    2.006339 ^ done_inc[4] (in)
                                                         done_inc[4] (net)
                      0.013202    0.000000    2.006339 ^ _22_/A1 (sky130_fd_sc_hd__a21o_2)
     1    0.033442    0.130290    0.141512    2.147851 ^ _22_/X (sky130_fd_sc_hd__a21o_2)
                                                         inc[5] (net)
                      0.130290    0.000000    2.147851 ^ inc[5] (out)
                                              2.147851   data arrival time

                      0.000000    0.000000    0.000000   clock __VIRTUAL_CLK__ (rise edge)
                                  0.000000    0.000000   clock network delay (ideal)
                                  0.250000    0.250000   clock uncertainty
                                  0.000000    0.250000   clock reconvergence pessimism
                                 -2.000000   -1.750000   output external delay
                                             -1.750000   data required time
---------------------------------------------------------------------------------------------
                                             -1.750000   data required time
                                             -2.147851   data arrival time
---------------------------------------------------------------------------------------------
                                              3.897851   slack (MET)


Startpoint: button_dec (input port clocked by __VIRTUAL_CLK__)
Endpoint: dec[0] (output port clocked by __VIRTUAL_CLK__)
Path Group: __VIRTUAL_CLK__
Path Type: min

Fanout         Cap        Slew       Delay        Time   Description
---------------------------------------------------------------------------------------------
                      0.000000    0.000000    0.000000   clock __VIRTUAL_CLK__ (rise edge)
                                  0.000000    0.000000   clock network delay (ideal)
                                  2.000000    2.000000 ^ input external delay
     2    0.004192    0.019556    0.010854    2.010854 ^ button_dec (in)
                                                         button_dec (net)
                      0.019556    0.000000    2.010854 ^ _20_/A2 (sky130_fd_sc_hd__o21a_2)
     1    0.033442    0.135503    0.144628    2.155482 ^ _20_/X (sky130_fd_sc_hd__o21a_2)
                                                         dec[0] (net)
                      0.135503    0.000000    2.155482 ^ dec[0] (out)
                                              2.155482   data arrival time

                      0.000000    0.000000    0.000000   clock __VIRTUAL_CLK__ (rise edge)
                                  0.000000    0.000000   clock network delay (ideal)
                                  0.250000    0.250000   clock uncertainty
                                  0.000000    0.250000   clock reconvergence pessimism
                                 -2.000000   -1.750000   output external delay
                                             -1.750000   data required time
---------------------------------------------------------------------------------------------
                                             -1.750000   data required time
                                             -2.155482   data arrival time
---------------------------------------------------------------------------------------------
                                              3.905482   slack (MET)


Startpoint: done_dec[0] (input port clocked by __VIRTUAL_CLK__)
Endpoint: dec[1] (output port clocked by __VIRTUAL_CLK__)
Path Group: __VIRTUAL_CLK__
Path Type: min

Fanout         Cap        Slew       Delay        Time   Description
---------------------------------------------------------------------------------------------
                      0.000000    0.000000    0.000000   clock __VIRTUAL_CLK__ (rise edge)
                                  0.000000    0.000000   clock network delay (ideal)
                                  2.000000    2.000000 ^ input external delay
     1    0.002528    0.013427    0.006499    2.006499 ^ done_dec[0] (in)
                                                         done_dec[0] (net)
                      0.013427    0.000000    2.006499 ^ _19_/A3 (sky130_fd_sc_hd__a31o_2)
     1    0.033442    0.148953    0.170584    2.177083 ^ _19_/X (sky130_fd_sc_hd__a31o_2)
                                                         dec[1] (net)
                      0.148953    0.000000    2.177083 ^ dec[1] (out)
                                              2.177083   data arrival time

                      0.000000    0.000000    0.000000   clock __VIRTUAL_CLK__ (rise edge)
                                  0.000000    0.000000   clock network delay (ideal)
                                  0.250000    0.250000   clock uncertainty
                                  0.000000    0.250000   clock reconvergence pessimism
                                 -2.000000   -1.750000   output external delay
                                             -1.750000   data required time
---------------------------------------------------------------------------------------------
                                             -1.750000   data required time
                                             -2.177083   data arrival time
---------------------------------------------------------------------------------------------
                                              3.927083   slack (MET)


Startpoint: done_dec[1] (input port clocked by __VIRTUAL_CLK__)
Endpoint: dec[2] (output port clocked by __VIRTUAL_CLK__)
Path Group: __VIRTUAL_CLK__
Path Type: min

Fanout         Cap        Slew       Delay        Time   Description
---------------------------------------------------------------------------------------------
                      0.000000    0.000000    0.000000   clock __VIRTUAL_CLK__ (rise edge)
                                  0.000000    0.000000   clock network delay (ideal)
                                  2.000000    2.000000 ^ input external delay
     1    0.002528    0.013427    0.006499    2.006499 ^ done_dec[1] (in)
                                                         done_dec[1] (net)
                      0.013427    0.000000    2.006499 ^ _18_/A3 (sky130_fd_sc_hd__a31o_2)
     1    0.033442    0.148953    0.170584    2.177083 ^ _18_/X (sky130_fd_sc_hd__a31o_2)
                                                         dec[2] (net)
                      0.148953    0.000000    2.177083 ^ dec[2] (out)
                                              2.177083   data arrival time

                      0.000000    0.000000    0.000000   clock __VIRTUAL_CLK__ (rise edge)
                                  0.000000    0.000000   clock network delay (ideal)
                                  0.250000    0.250000   clock uncertainty
                                  0.000000    0.250000   clock reconvergence pessimism
                                 -2.000000   -1.750000   output external delay
                                             -1.750000   data required time
---------------------------------------------------------------------------------------------
                                             -1.750000   data required time
                                             -2.177083   data arrival time
---------------------------------------------------------------------------------------------
                                              3.927083   slack (MET)


Startpoint: done_dec[2] (input port clocked by __VIRTUAL_CLK__)
Endpoint: dec[3] (output port clocked by __VIRTUAL_CLK__)
Path Group: __VIRTUAL_CLK__
Path Type: min

Fanout         Cap        Slew       Delay        Time   Description
---------------------------------------------------------------------------------------------
                      0.000000    0.000000    0.000000   clock __VIRTUAL_CLK__ (rise edge)
                                  0.000000    0.000000   clock network delay (ideal)
                                  2.000000    2.000000 ^ input external delay
     1    0.002528    0.013427    0.006499    2.006499 ^ done_dec[2] (in)
                                                         done_dec[2] (net)
                      0.013427    0.000000    2.006499 ^ _17_/A3 (sky130_fd_sc_hd__a31o_2)
     1    0.033442    0.148953    0.170584    2.177083 ^ _17_/X (sky130_fd_sc_hd__a31o_2)
                                                         dec[3] (net)
                      0.148953    0.000000    2.177083 ^ dec[3] (out)
                                              2.177083   data arrival time

                      0.000000    0.000000    0.000000   clock __VIRTUAL_CLK__ (rise edge)
                                  0.000000    0.000000   clock network delay (ideal)
                                  0.250000    0.250000   clock uncertainty
                                  0.000000    0.250000   clock reconvergence pessimism
                                 -2.000000   -1.750000   output external delay
                                             -1.750000   data required time
---------------------------------------------------------------------------------------------
                                             -1.750000   data required time
                                             -2.177083   data arrival time
---------------------------------------------------------------------------------------------
                                              3.927083   slack (MET)


Startpoint: done_dec[3] (input port clocked by __VIRTUAL_CLK__)
Endpoint: dec[4] (output port clocked by __VIRTUAL_CLK__)
Path Group: __VIRTUAL_CLK__
Path Type: min

Fanout         Cap        Slew       Delay        Time   Description
---------------------------------------------------------------------------------------------
                      0.000000    0.000000    0.000000   clock __VIRTUAL_CLK__ (rise edge)
                                  0.000000    0.000000   clock network delay (ideal)
                                  2.000000    2.000000 ^ input external delay
     1    0.002528    0.013427    0.006499    2.006499 ^ done_dec[3] (in)
                                                         done_dec[3] (net)
                      0.013427    0.000000    2.006499 ^ _16_/A3 (sky130_fd_sc_hd__a31o_2)
     1    0.033442    0.148953    0.170584    2.177083 ^ _16_/X (sky130_fd_sc_hd__a31o_2)
                                                         dec[4] (net)
                      0.148953    0.000000    2.177083 ^ dec[4] (out)
                                              2.177083   data arrival time

                      0.000000    0.000000    0.000000   clock __VIRTUAL_CLK__ (rise edge)
                                  0.000000    0.000000   clock network delay (ideal)
                                  0.250000    0.250000   clock uncertainty
                                  0.000000    0.250000   clock reconvergence pessimism
                                 -2.000000   -1.750000   output external delay
                                             -1.750000   data required time
---------------------------------------------------------------------------------------------
                                             -1.750000   data required time
                                             -2.177083   data arrival time
---------------------------------------------------------------------------------------------
                                              3.927083   slack (MET)


Startpoint: done_dec[4] (input port clocked by __VIRTUAL_CLK__)
Endpoint: dec[5] (output port clocked by __VIRTUAL_CLK__)
Path Group: __VIRTUAL_CLK__
Path Type: min

Fanout         Cap        Slew       Delay        Time   Description
---------------------------------------------------------------------------------------------
                      0.000000    0.000000    0.000000   clock __VIRTUAL_CLK__ (rise edge)
                                  0.000000    0.000000   clock network delay (ideal)
                                  2.000000    2.000000 ^ input external delay
     1    0.002528    0.013427    0.006499    2.006499 ^ done_dec[4] (in)
                                                         done_dec[4] (net)
                      0.013427    0.000000    2.006499 ^ _15_/A3 (sky130_fd_sc_hd__a31o_2)
     1    0.033442    0.148953    0.170584    2.177083 ^ _15_/X (sky130_fd_sc_hd__a31o_2)
                                                         dec[5] (net)
                      0.148953    0.000000    2.177083 ^ dec[5] (out)
                                              2.177083   data arrival time

                      0.000000    0.000000    0.000000   clock __VIRTUAL_CLK__ (rise edge)
                                  0.000000    0.000000   clock network delay (ideal)
                                  0.250000    0.250000   clock uncertainty
                                  0.000000    0.250000   clock reconvergence pessimism
                                 -2.000000   -1.750000   output external delay
                                             -1.750000   data required time
---------------------------------------------------------------------------------------------
                                             -1.750000   data required time
                                             -2.177083   data arrival time
---------------------------------------------------------------------------------------------
                                              3.927083   slack (MET)



%OL_END_REPORT
%OL_CREATE_REPORT max.rpt

===========================================================================
report_checks -path_delay max (Setup)
============================================================================
======================= nom_ff_n40C_1v95 Corner ===================================

Startpoint: mode[1] (input port clocked by __VIRTUAL_CLK__)
Endpoint: dec[1] (output port clocked by __VIRTUAL_CLK__)
Path Group: __VIRTUAL_CLK__
Path Type: max

Fanout         Cap        Slew       Delay        Time   Description
---------------------------------------------------------------------------------------------
                      0.000000    0.000000    0.000000   clock __VIRTUAL_CLK__ (rise edge)
                                  0.000000    0.000000   clock network delay (ideal)
                                  2.000000    2.000000 ^ input external delay
    11    0.036668    0.128629    0.087442    2.087442 ^ mode[1] (in)
                                                         mode[1] (net)
                      0.128629    0.000000    2.087442 ^ _14_/C (sky130_fd_sc_hd__and3b_2)
     5    0.012785    0.062918    0.147048    2.234490 ^ _14_/X (sky130_fd_sc_hd__and3b_2)
                                                         _03_ (net)
                      0.062918    0.000000    2.234490 ^ _19_/B1 (sky130_fd_sc_hd__a31o_2)
     1    0.033442    0.151499    0.147983    2.382473 ^ _19_/X (sky130_fd_sc_hd__a31o_2)
                                                         dec[1] (net)
                      0.151499    0.000000    2.382473 ^ dec[1] (out)
                                              2.382473   data arrival time

                      0.000000   10.000000   10.000000   clock __VIRTUAL_CLK__ (rise edge)
                                  0.000000   10.000000   clock network delay (ideal)
                                 -0.250000    9.750000   clock uncertainty
                                  0.000000    9.750000   clock reconvergence pessimism
                                 -2.000000    7.750000   output external delay
                                              7.750000   data required time
---------------------------------------------------------------------------------------------
                                              7.750000   data required time
                                             -2.382473   data arrival time
---------------------------------------------------------------------------------------------
                                              5.367527   slack (MET)


Startpoint: mode[1] (input port clocked by __VIRTUAL_CLK__)
Endpoint: dec[2] (output port clocked by __VIRTUAL_CLK__)
Path Group: __VIRTUAL_CLK__
Path Type: max

Fanout         Cap        Slew       Delay        Time   Description
---------------------------------------------------------------------------------------------
                      0.000000    0.000000    0.000000   clock __VIRTUAL_CLK__ (rise edge)
                                  0.000000    0.000000   clock network delay (ideal)
                                  2.000000    2.000000 ^ input external delay
    11    0.036668    0.128629    0.087442    2.087442 ^ mode[1] (in)
                                                         mode[1] (net)
                      0.128629    0.000000    2.087442 ^ _14_/C (sky130_fd_sc_hd__and3b_2)
     5    0.012785    0.062918    0.147048    2.234490 ^ _14_/X (sky130_fd_sc_hd__and3b_2)
                                                         _03_ (net)
                      0.062918    0.000000    2.234490 ^ _18_/B1 (sky130_fd_sc_hd__a31o_2)
     1    0.033442    0.151499    0.147983    2.382473 ^ _18_/X (sky130_fd_sc_hd__a31o_2)
                                                         dec[2] (net)
                      0.151499    0.000000    2.382473 ^ dec[2] (out)
                                              2.382473   data arrival time

                      0.000000   10.000000   10.000000   clock __VIRTUAL_CLK__ (rise edge)
                                  0.000000   10.000000   clock network delay (ideal)
                                 -0.250000    9.750000   clock uncertainty
                                  0.000000    9.750000   clock reconvergence pessimism
                                 -2.000000    7.750000   output external delay
                                              7.750000   data required time
---------------------------------------------------------------------------------------------
                                              7.750000   data required time
                                             -2.382473   data arrival time
---------------------------------------------------------------------------------------------
                                              5.367527   slack (MET)


Startpoint: mode[1] (input port clocked by __VIRTUAL_CLK__)
Endpoint: dec[3] (output port clocked by __VIRTUAL_CLK__)
Path Group: __VIRTUAL_CLK__
Path Type: max

Fanout         Cap        Slew       Delay        Time   Description
---------------------------------------------------------------------------------------------
                      0.000000    0.000000    0.000000   clock __VIRTUAL_CLK__ (rise edge)
                                  0.000000    0.000000   clock network delay (ideal)
                                  2.000000    2.000000 ^ input external delay
    11    0.036668    0.128629    0.087442    2.087442 ^ mode[1] (in)
                                                         mode[1] (net)
                      0.128629    0.000000    2.087442 ^ _14_/C (sky130_fd_sc_hd__and3b_2)
     5    0.012785    0.062918    0.147048    2.234490 ^ _14_/X (sky130_fd_sc_hd__and3b_2)
                                                         _03_ (net)
                      0.062918    0.000000    2.234490 ^ _17_/B1 (sky130_fd_sc_hd__a31o_2)
     1    0.033442    0.151499    0.147983    2.382473 ^ _17_/X (sky130_fd_sc_hd__a31o_2)
                                                         dec[3] (net)
                      0.151499    0.000000    2.382473 ^ dec[3] (out)
                                              2.382473   data arrival time

                      0.000000   10.000000   10.000000   clock __VIRTUAL_CLK__ (rise edge)
                                  0.000000   10.000000   clock network delay (ideal)
                                 -0.250000    9.750000   clock uncertainty
                                  0.000000    9.750000   clock reconvergence pessimism
                                 -2.000000    7.750000   output external delay
                                              7.750000   data required time
---------------------------------------------------------------------------------------------
                                              7.750000   data required time
                                             -2.382473   data arrival time
---------------------------------------------------------------------------------------------
                                              5.367527   slack (MET)


Startpoint: mode[1] (input port clocked by __VIRTUAL_CLK__)
Endpoint: dec[4] (output port clocked by __VIRTUAL_CLK__)
Path Group: __VIRTUAL_CLK__
Path Type: max

Fanout         Cap        Slew       Delay        Time   Description
---------------------------------------------------------------------------------------------
                      0.000000    0.000000    0.000000   clock __VIRTUAL_CLK__ (rise edge)
                                  0.000000    0.000000   clock network delay (ideal)
                                  2.000000    2.000000 ^ input external delay
    11    0.036668    0.128629    0.087442    2.087442 ^ mode[1] (in)
                                                         mode[1] (net)
                      0.128629    0.000000    2.087442 ^ _14_/C (sky130_fd_sc_hd__and3b_2)
     5    0.012785    0.062918    0.147048    2.234490 ^ _14_/X (sky130_fd_sc_hd__and3b_2)
                                                         _03_ (net)
                      0.062918    0.000000    2.234490 ^ _16_/B1 (sky130_fd_sc_hd__a31o_2)
     1    0.033442    0.151499    0.147983    2.382473 ^ _16_/X (sky130_fd_sc_hd__a31o_2)
                                                         dec[4] (net)
                      0.151499    0.000000    2.382473 ^ dec[4] (out)
                                              2.382473   data arrival time

                      0.000000   10.000000   10.000000   clock __VIRTUAL_CLK__ (rise edge)
                                  0.000000   10.000000   clock network delay (ideal)
                                 -0.250000    9.750000   clock uncertainty
                                  0.000000    9.750000   clock reconvergence pessimism
                                 -2.000000    7.750000   output external delay
                                              7.750000   data required time
---------------------------------------------------------------------------------------------
                                              7.750000   data required time
                                             -2.382473   data arrival time
---------------------------------------------------------------------------------------------
                                              5.367527   slack (MET)


Startpoint: mode[1] (input port clocked by __VIRTUAL_CLK__)
Endpoint: dec[5] (output port clocked by __VIRTUAL_CLK__)
Path Group: __VIRTUAL_CLK__
Path Type: max

Fanout         Cap        Slew       Delay        Time   Description
---------------------------------------------------------------------------------------------
                      0.000000    0.000000    0.000000   clock __VIRTUAL_CLK__ (rise edge)
                                  0.000000    0.000000   clock network delay (ideal)
                                  2.000000    2.000000 ^ input external delay
    11    0.036668    0.128629    0.087442    2.087442 ^ mode[1] (in)
                                                         mode[1] (net)
                      0.128629    0.000000    2.087442 ^ _14_/C (sky130_fd_sc_hd__and3b_2)
     5    0.012785    0.062918    0.147048    2.234490 ^ _14_/X (sky130_fd_sc_hd__and3b_2)
                                                         _03_ (net)
                      0.062918    0.000000    2.234490 ^ _15_/B1 (sky130_fd_sc_hd__a31o_2)
     1    0.033442    0.151499    0.147983    2.382473 ^ _15_/X (sky130_fd_sc_hd__a31o_2)
                                                         dec[5] (net)
                      0.151499    0.000000    2.382473 ^ dec[5] (out)
                                              2.382473   data arrival time

                      0.000000   10.000000   10.000000   clock __VIRTUAL_CLK__ (rise edge)
                                  0.000000   10.000000   clock network delay (ideal)
                                 -0.250000    9.750000   clock uncertainty
                                  0.000000    9.750000   clock reconvergence pessimism
                                 -2.000000    7.750000   output external delay
                                              7.750000   data required time
---------------------------------------------------------------------------------------------
                                              7.750000   data required time
                                             -2.382473   data arrival time
---------------------------------------------------------------------------------------------
                                              5.367527   slack (MET)


Startpoint: mode[1] (input port clocked by __VIRTUAL_CLK__)
Endpoint: en[0] (output port clocked by __VIRTUAL_CLK__)
Path Group: __VIRTUAL_CLK__
Path Type: max

Fanout         Cap        Slew       Delay        Time   Description
---------------------------------------------------------------------------------------------
                      0.000000    0.000000    0.000000   clock __VIRTUAL_CLK__ (rise edge)
                                  0.000000    0.000000   clock network delay (ideal)
                                  2.000000    2.000000 ^ input external delay
    11    0.036668    0.128629    0.087442    2.087442 ^ mode[1] (in)
                                                         mode[1] (net)
                      0.128629    0.000000    2.087442 ^ _07_/A (sky130_fd_sc_hd__xnor2_2)
     6    0.008370    0.050339    0.059922    2.147364 v _07_/Y (sky130_fd_sc_hd__xnor2_2)
                                                         _02_ (net)
                      0.050339    0.000000    2.147364 v _08_/B (sky130_fd_sc_hd__or2_2)
     1    0.033442    0.090670    0.228852    2.376216 v _08_/X (sky130_fd_sc_hd__or2_2)
                                                         en[0] (net)
                      0.090670    0.000000    2.376216 v en[0] (out)
                                              2.376216   data arrival time

                      0.000000   10.000000   10.000000   clock __VIRTUAL_CLK__ (rise edge)
                                  0.000000   10.000000   clock network delay (ideal)
                                 -0.250000    9.750000   clock uncertainty
                                  0.000000    9.750000   clock reconvergence pessimism
                                 -2.000000    7.750000   output external delay
                                              7.750000   data required time
---------------------------------------------------------------------------------------------
                                              7.750000   data required time
                                             -2.376216   data arrival time
---------------------------------------------------------------------------------------------
                                              5.373784   slack (MET)


Startpoint: mode[1] (input port clocked by __VIRTUAL_CLK__)
Endpoint: en[1] (output port clocked by __VIRTUAL_CLK__)
Path Group: __VIRTUAL_CLK__
Path Type: max

Fanout         Cap        Slew       Delay        Time   Description
---------------------------------------------------------------------------------------------
                      0.000000    0.000000    0.000000   clock __VIRTUAL_CLK__ (rise edge)
                                  0.000000    0.000000   clock network delay (ideal)
                                  2.000000    2.000000 ^ input external delay
    11    0.036668    0.128629    0.087442    2.087442 ^ mode[1] (in)
                                                         mode[1] (net)
                      0.128629    0.000000    2.087442 ^ _07_/A (sky130_fd_sc_hd__xnor2_2)
     6    0.008370    0.050339    0.059922    2.147364 v _07_/Y (sky130_fd_sc_hd__xnor2_2)
                                                         _02_ (net)
                      0.050339    0.000000    2.147364 v _09_/B (sky130_fd_sc_hd__or2_2)
     1    0.033442    0.090670    0.228852    2.376216 v _09_/X (sky130_fd_sc_hd__or2_2)
                                                         en[1] (net)
                      0.090670    0.000000    2.376216 v en[1] (out)
                                              2.376216   data arrival time

                      0.000000   10.000000   10.000000   clock __VIRTUAL_CLK__ (rise edge)
                                  0.000000   10.000000   clock network delay (ideal)
                                 -0.250000    9.750000   clock uncertainty
                                  0.000000    9.750000   clock reconvergence pessimism
                                 -2.000000    7.750000   output external delay
                                              7.750000   data required time
---------------------------------------------------------------------------------------------
                                              7.750000   data required time
                                             -2.376216   data arrival time
---------------------------------------------------------------------------------------------
                                              5.373784   slack (MET)


Startpoint: mode[1] (input port clocked by __VIRTUAL_CLK__)
Endpoint: en[2] (output port clocked by __VIRTUAL_CLK__)
Path Group: __VIRTUAL_CLK__
Path Type: max

Fanout         Cap        Slew       Delay        Time   Description
---------------------------------------------------------------------------------------------
                      0.000000    0.000000    0.000000   clock __VIRTUAL_CLK__ (rise edge)
                                  0.000000    0.000000   clock network delay (ideal)
                                  2.000000    2.000000 ^ input external delay
    11    0.036668    0.128629    0.087442    2.087442 ^ mode[1] (in)
                                                         mode[1] (net)
                      0.128629    0.000000    2.087442 ^ _07_/A (sky130_fd_sc_hd__xnor2_2)
     6    0.008370    0.050339    0.059922    2.147364 v _07_/Y (sky130_fd_sc_hd__xnor2_2)
                                                         _02_ (net)
                      0.050339    0.000000    2.147364 v _10_/B (sky130_fd_sc_hd__or2_2)
     1    0.033442    0.090670    0.228852    2.376216 v _10_/X (sky130_fd_sc_hd__or2_2)
                                                         en[2] (net)
                      0.090670    0.000000    2.376216 v en[2] (out)
                                              2.376216   data arrival time

                      0.000000   10.000000   10.000000   clock __VIRTUAL_CLK__ (rise edge)
                                  0.000000   10.000000   clock network delay (ideal)
                                 -0.250000    9.750000   clock uncertainty
                                  0.000000    9.750000   clock reconvergence pessimism
                                 -2.000000    7.750000   output external delay
                                              7.750000   data required time
---------------------------------------------------------------------------------------------
                                              7.750000   data required time
                                             -2.376216   data arrival time
---------------------------------------------------------------------------------------------
                                              5.373784   slack (MET)


Startpoint: mode[1] (input port clocked by __VIRTUAL_CLK__)
Endpoint: en[3] (output port clocked by __VIRTUAL_CLK__)
Path Group: __VIRTUAL_CLK__
Path Type: max

Fanout         Cap        Slew       Delay        Time   Description
---------------------------------------------------------------------------------------------
                      0.000000    0.000000    0.000000   clock __VIRTUAL_CLK__ (rise edge)
                                  0.000000    0.000000   clock network delay (ideal)
                                  2.000000    2.000000 ^ input external delay
    11    0.036668    0.128629    0.087442    2.087442 ^ mode[1] (in)
                                                         mode[1] (net)
                      0.128629    0.000000    2.087442 ^ _07_/A (sky130_fd_sc_hd__xnor2_2)
     6    0.008370    0.050339    0.059922    2.147364 v _07_/Y (sky130_fd_sc_hd__xnor2_2)
                                                         _02_ (net)
                      0.050339    0.000000    2.147364 v _11_/B (sky130_fd_sc_hd__or2_2)
     1    0.033442    0.090670    0.228852    2.376216 v _11_/X (sky130_fd_sc_hd__or2_2)
                                                         en[3] (net)
                      0.090670    0.000000    2.376216 v en[3] (out)
                                              2.376216   data arrival time

                      0.000000   10.000000   10.000000   clock __VIRTUAL_CLK__ (rise edge)
                                  0.000000   10.000000   clock network delay (ideal)
                                 -0.250000    9.750000   clock uncertainty
                                  0.000000    9.750000   clock reconvergence pessimism
                                 -2.000000    7.750000   output external delay
                                              7.750000   data required time
---------------------------------------------------------------------------------------------
                                              7.750000   data required time
                                             -2.376216   data arrival time
---------------------------------------------------------------------------------------------
                                              5.373784   slack (MET)


Startpoint: mode[1] (input port clocked by __VIRTUAL_CLK__)
Endpoint: en[4] (output port clocked by __VIRTUAL_CLK__)
Path Group: __VIRTUAL_CLK__
Path Type: max

Fanout         Cap        Slew       Delay        Time   Description
---------------------------------------------------------------------------------------------
                      0.000000    0.000000    0.000000   clock __VIRTUAL_CLK__ (rise edge)
                                  0.000000    0.000000   clock network delay (ideal)
                                  2.000000    2.000000 ^ input external delay
    11    0.036668    0.128629    0.087442    2.087442 ^ mode[1] (in)
                                                         mode[1] (net)
                      0.128629    0.000000    2.087442 ^ _07_/A (sky130_fd_sc_hd__xnor2_2)
     6    0.008370    0.050339    0.059922    2.147364 v _07_/Y (sky130_fd_sc_hd__xnor2_2)
                                                         _02_ (net)
                      0.050339    0.000000    2.147364 v _12_/B (sky130_fd_sc_hd__or2_2)
     1    0.033442    0.090670    0.228852    2.376216 v _12_/X (sky130_fd_sc_hd__or2_2)
                                                         en[4] (net)
                      0.090670    0.000000    2.376216 v en[4] (out)
                                              2.376216   data arrival time

                      0.000000   10.000000   10.000000   clock __VIRTUAL_CLK__ (rise edge)
                                  0.000000   10.000000   clock network delay (ideal)
                                 -0.250000    9.750000   clock uncertainty
                                  0.000000    9.750000   clock reconvergence pessimism
                                 -2.000000    7.750000   output external delay
                                              7.750000   data required time
---------------------------------------------------------------------------------------------
                                              7.750000   data required time
                                             -2.376216   data arrival time
---------------------------------------------------------------------------------------------
                                              5.373784   slack (MET)


Startpoint: mode[1] (input port clocked by __VIRTUAL_CLK__)
Endpoint: en[5] (output port clocked by __VIRTUAL_CLK__)
Path Group: __VIRTUAL_CLK__
Path Type: max

Fanout         Cap        Slew       Delay        Time   Description
---------------------------------------------------------------------------------------------
                      0.000000    0.000000    0.000000   clock __VIRTUAL_CLK__ (rise edge)
                                  0.000000    0.000000   clock network delay (ideal)
                                  2.000000    2.000000 ^ input external delay
    11    0.036668    0.128629    0.087442    2.087442 ^ mode[1] (in)
                                                         mode[1] (net)
                      0.128629    0.000000    2.087442 ^ _07_/A (sky130_fd_sc_hd__xnor2_2)
     6    0.008370    0.050339    0.059922    2.147364 v _07_/Y (sky130_fd_sc_hd__xnor2_2)
                                                         _02_ (net)
                      0.050339    0.000000    2.147364 v _13_/B (sky130_fd_sc_hd__or2_2)
     1    0.033442    0.090670    0.228852    2.376216 v _13_/X (sky130_fd_sc_hd__or2_2)
                                                         en[5] (net)
                      0.090670    0.000000    2.376216 v en[5] (out)
                                              2.376216   data arrival time

                      0.000000   10.000000   10.000000   clock __VIRTUAL_CLK__ (rise edge)
                                  0.000000   10.000000   clock network delay (ideal)
                                 -0.250000    9.750000   clock uncertainty
                                  0.000000    9.750000   clock reconvergence pessimism
                                 -2.000000    7.750000   output external delay
                                              7.750000   data required time
---------------------------------------------------------------------------------------------
                                              7.750000   data required time
                                             -2.376216   data arrival time
---------------------------------------------------------------------------------------------
                                              5.373784   slack (MET)


Startpoint: mode[1] (input port clocked by __VIRTUAL_CLK__)
Endpoint: inc[1] (output port clocked by __VIRTUAL_CLK__)
Path Group: __VIRTUAL_CLK__
Path Type: max

Fanout         Cap        Slew       Delay        Time   Description
---------------------------------------------------------------------------------------------
                      0.000000    0.000000    0.000000   clock __VIRTUAL_CLK__ (rise edge)
                                  0.000000    0.000000   clock network delay (ideal)
                                  2.000000    2.000000 ^ input external delay
    11    0.036668    0.128629    0.087442    2.087442 ^ mode[1] (in)
                                                         mode[1] (net)
                      0.128629    0.000000    2.087442 ^ _21_/A_N (sky130_fd_sc_hd__and3b_2)
     5    0.011445    0.044340    0.152485    2.239927 v _21_/X (sky130_fd_sc_hd__and3b_2)
                                                         _04_ (net)
                      0.044340    0.000000    2.239927 v _26_/B1 (sky130_fd_sc_hd__a21o_2)
     1    0.033442    0.074282    0.135617    2.375545 v _26_/X (sky130_fd_sc_hd__a21o_2)
                                                         inc[1] (net)
                      0.074282    0.000000    2.375545 v inc[1] (out)
                                              2.375545   data arrival time

                      0.000000   10.000000   10.000000   clock __VIRTUAL_CLK__ (rise edge)
                                  0.000000   10.000000   clock network delay (ideal)
                                 -0.250000    9.750000   clock uncertainty
                                  0.000000    9.750000   clock reconvergence pessimism
                                 -2.000000    7.750000   output external delay
                                              7.750000   data required time
---------------------------------------------------------------------------------------------
                                              7.750000   data required time
                                             -2.375545   data arrival time
---------------------------------------------------------------------------------------------
                                              5.374456   slack (MET)


Startpoint: mode[1] (input port clocked by __VIRTUAL_CLK__)
Endpoint: inc[2] (output port clocked by __VIRTUAL_CLK__)
Path Group: __VIRTUAL_CLK__
Path Type: max

Fanout         Cap        Slew       Delay        Time   Description
---------------------------------------------------------------------------------------------
                      0.000000    0.000000    0.000000   clock __VIRTUAL_CLK__ (rise edge)
                                  0.000000    0.000000   clock network delay (ideal)
                                  2.000000    2.000000 ^ input external delay
    11    0.036668    0.128629    0.087442    2.087442 ^ mode[1] (in)
                                                         mode[1] (net)
                      0.128629    0.000000    2.087442 ^ _21_/A_N (sky130_fd_sc_hd__and3b_2)
     5    0.011445    0.044340    0.152485    2.239927 v _21_/X (sky130_fd_sc_hd__and3b_2)
                                                         _04_ (net)
                      0.044340    0.000000    2.239927 v _25_/B1 (sky130_fd_sc_hd__a21o_2)
     1    0.033442    0.074282    0.135617    2.375545 v _25_/X (sky130_fd_sc_hd__a21o_2)
                                                         inc[2] (net)
                      0.074282    0.000000    2.375545 v inc[2] (out)
                                              2.375545   data arrival time

                      0.000000   10.000000   10.000000   clock __VIRTUAL_CLK__ (rise edge)
                                  0.000000   10.000000   clock network delay (ideal)
                                 -0.250000    9.750000   clock uncertainty
                                  0.000000    9.750000   clock reconvergence pessimism
                                 -2.000000    7.750000   output external delay
                                              7.750000   data required time
---------------------------------------------------------------------------------------------
                                              7.750000   data required time
                                             -2.375545   data arrival time
---------------------------------------------------------------------------------------------
                                              5.374456   slack (MET)


Startpoint: mode[1] (input port clocked by __VIRTUAL_CLK__)
Endpoint: inc[3] (output port clocked by __VIRTUAL_CLK__)
Path Group: __VIRTUAL_CLK__
Path Type: max

Fanout         Cap        Slew       Delay        Time   Description
---------------------------------------------------------------------------------------------
                      0.000000    0.000000    0.000000   clock __VIRTUAL_CLK__ (rise edge)
                                  0.000000    0.000000   clock network delay (ideal)
                                  2.000000    2.000000 ^ input external delay
    11    0.036668    0.128629    0.087442    2.087442 ^ mode[1] (in)
                                                         mode[1] (net)
                      0.128629    0.000000    2.087442 ^ _21_/A_N (sky130_fd_sc_hd__and3b_2)
     5    0.011445    0.044340    0.152485    2.239927 v _21_/X (sky130_fd_sc_hd__and3b_2)
                                                         _04_ (net)
                      0.044340    0.000000    2.239927 v _24_/B1 (sky130_fd_sc_hd__a21o_2)
     1    0.033442    0.074282    0.135617    2.375545 v _24_/X (sky130_fd_sc_hd__a21o_2)
                                                         inc[3] (net)
                      0.074282    0.000000    2.375545 v inc[3] (out)
                                              2.375545   data arrival time

                      0.000000   10.000000   10.000000   clock __VIRTUAL_CLK__ (rise edge)
                                  0.000000   10.000000   clock network delay (ideal)
                                 -0.250000    9.750000   clock uncertainty
                                  0.000000    9.750000   clock reconvergence pessimism
                                 -2.000000    7.750000   output external delay
                                              7.750000   data required time
---------------------------------------------------------------------------------------------
                                              7.750000   data required time
                                             -2.375545   data arrival time
---------------------------------------------------------------------------------------------
                                              5.374456   slack (MET)


Startpoint: mode[1] (input port clocked by __VIRTUAL_CLK__)
Endpoint: inc[4] (output port clocked by __VIRTUAL_CLK__)
Path Group: __VIRTUAL_CLK__
Path Type: max

Fanout         Cap        Slew       Delay        Time   Description
---------------------------------------------------------------------------------------------
                      0.000000    0.000000    0.000000   clock __VIRTUAL_CLK__ (rise edge)
                                  0.000000    0.000000   clock network delay (ideal)
                                  2.000000    2.000000 ^ input external delay
    11    0.036668    0.128629    0.087442    2.087442 ^ mode[1] (in)
                                                         mode[1] (net)
                      0.128629    0.000000    2.087442 ^ _21_/A_N (sky130_fd_sc_hd__and3b_2)
     5    0.011445    0.044340    0.152485    2.239927 v _21_/X (sky130_fd_sc_hd__and3b_2)
                                                         _04_ (net)
                      0.044340    0.000000    2.239927 v _23_/B1 (sky130_fd_sc_hd__a21o_2)
     1    0.033442    0.074282    0.135617    2.375545 v _23_/X (sky130_fd_sc_hd__a21o_2)
                                                         inc[4] (net)
                      0.074282    0.000000    2.375545 v inc[4] (out)
                                              2.375545   data arrival time

                      0.000000   10.000000   10.000000   clock __VIRTUAL_CLK__ (rise edge)
                                  0.000000   10.000000   clock network delay (ideal)
                                 -0.250000    9.750000   clock uncertainty
                                  0.000000    9.750000   clock reconvergence pessimism
                                 -2.000000    7.750000   output external delay
                                              7.750000   data required time
---------------------------------------------------------------------------------------------
                                              7.750000   data required time
                                             -2.375545   data arrival time
---------------------------------------------------------------------------------------------
                                              5.374456   slack (MET)


Startpoint: mode[1] (input port clocked by __VIRTUAL_CLK__)
Endpoint: inc[5] (output port clocked by __VIRTUAL_CLK__)
Path Group: __VIRTUAL_CLK__
Path Type: max

Fanout         Cap        Slew       Delay        Time   Description
---------------------------------------------------------------------------------------------
                      0.000000    0.000000    0.000000   clock __VIRTUAL_CLK__ (rise edge)
                                  0.000000    0.000000   clock network delay (ideal)
                                  2.000000    2.000000 ^ input external delay
    11    0.036668    0.128629    0.087442    2.087442 ^ mode[1] (in)
                                                         mode[1] (net)
                      0.128629    0.000000    2.087442 ^ _21_/A_N (sky130_fd_sc_hd__and3b_2)
     5    0.011445    0.044340    0.152485    2.239927 v _21_/X (sky130_fd_sc_hd__and3b_2)
                                                         _04_ (net)
                      0.044340    0.000000    2.239927 v _22_/B1 (sky130_fd_sc_hd__a21o_2)
     1    0.033442    0.074282    0.135617    2.375545 v _22_/X (sky130_fd_sc_hd__a21o_2)
                                                         inc[5] (net)
                      0.074282    0.000000    2.375545 v inc[5] (out)
                                              2.375545   data arrival time

                      0.000000   10.000000   10.000000   clock __VIRTUAL_CLK__ (rise edge)
                                  0.000000   10.000000   clock network delay (ideal)
                                 -0.250000    9.750000   clock uncertainty
                                  0.000000    9.750000   clock reconvergence pessimism
                                 -2.000000    7.750000   output external delay
                                              7.750000   data required time
---------------------------------------------------------------------------------------------
                                              7.750000   data required time
                                             -2.375545   data arrival time
---------------------------------------------------------------------------------------------
                                              5.374456   slack (MET)


Startpoint: mode[0] (input port clocked by __VIRTUAL_CLK__)
Endpoint: inc[0] (output port clocked by __VIRTUAL_CLK__)
Path Group: __VIRTUAL_CLK__
Path Type: max

Fanout         Cap        Slew       Delay        Time   Description
---------------------------------------------------------------------------------------------
                      0.000000    0.000000    0.000000   clock __VIRTUAL_CLK__ (rise edge)
                                  0.000000    0.000000   clock network delay (ideal)
                                  2.000000    2.000000 v input external delay
    11    0.032963    0.051471    0.035337    2.035337 v mode[0] (in)
                                                         mode[0] (net)
                      0.051471    0.000000    2.035337 v _27_/A1 (sky130_fd_sc_hd__a21oi_2)
     1    0.033442    0.306336    0.264282    2.299618 ^ _27_/Y (sky130_fd_sc_hd__a21oi_2)
                                                         inc[0] (net)
                      0.306336    0.000000    2.299618 ^ inc[0] (out)
                                              2.299618   data arrival time

                      0.000000   10.000000   10.000000   clock __VIRTUAL_CLK__ (rise edge)
                                  0.000000   10.000000   clock network delay (ideal)
                                 -0.250000    9.750000   clock uncertainty
                                  0.000000    9.750000   clock reconvergence pessimism
                                 -2.000000    7.750000   output external delay
                                              7.750000   data required time
---------------------------------------------------------------------------------------------
                                              7.750000   data required time
                                             -2.299618   data arrival time
---------------------------------------------------------------------------------------------
                                              5.450382   slack (MET)


Startpoint: mode[0] (input port clocked by __VIRTUAL_CLK__)
Endpoint: dec[0] (output port clocked by __VIRTUAL_CLK__)
Path Group: __VIRTUAL_CLK__
Path Type: max

Fanout         Cap        Slew       Delay        Time   Description
---------------------------------------------------------------------------------------------
                      0.000000    0.000000    0.000000   clock __VIRTUAL_CLK__ (rise edge)
                                  0.000000    0.000000   clock network delay (ideal)
                                  2.000000    2.000000 ^ input external delay
    11    0.035711    0.125440    0.085219    2.085219 ^ mode[0] (in)
                                                         mode[0] (net)
                      0.125440    0.000000    2.085219 ^ _20_/A1 (sky130_fd_sc_hd__o21a_2)
     1    0.033442    0.136707    0.176021    2.261240 ^ _20_/X (sky130_fd_sc_hd__o21a_2)
                                                         dec[0] (net)
                      0.136707    0.000000    2.261240 ^ dec[0] (out)
                                              2.261240   data arrival time

                      0.000000   10.000000   10.000000   clock __VIRTUAL_CLK__ (rise edge)
                                  0.000000   10.000000   clock network delay (ideal)
                                 -0.250000    9.750000   clock uncertainty
                                  0.000000    9.750000   clock reconvergence pessimism
                                 -2.000000    7.750000   output external delay
                                              7.750000   data required time
---------------------------------------------------------------------------------------------
                                              7.750000   data required time
                                             -2.261240   data arrival time
---------------------------------------------------------------------------------------------
                                              5.488760   slack (MET)



%OL_END_REPORT
%OL_CREATE_REPORT checks.rpt

===========================================================================
report_checks -unconstrained
===========================================================================
======================= nom_ff_n40C_1v95 Corner ===================================

Startpoint: mode[1] (input port clocked by __VIRTUAL_CLK__)
Endpoint: dec[1] (output port clocked by __VIRTUAL_CLK__)
Path Group: __VIRTUAL_CLK__
Path Type: max

Fanout         Cap        Slew       Delay        Time   Description
---------------------------------------------------------------------------------------------
                      0.000000    0.000000    0.000000   clock __VIRTUAL_CLK__ (rise edge)
                                  0.000000    0.000000   clock network delay (ideal)
                                  2.000000    2.000000 ^ input external delay
    11    0.036668    0.128629    0.087442    2.087442 ^ mode[1] (in)
                                                         mode[1] (net)
                      0.128629    0.000000    2.087442 ^ _14_/C (sky130_fd_sc_hd__and3b_2)
     5    0.012785    0.062918    0.147048    2.234490 ^ _14_/X (sky130_fd_sc_hd__and3b_2)
                                                         _03_ (net)
                      0.062918    0.000000    2.234490 ^ _19_/B1 (sky130_fd_sc_hd__a31o_2)
     1    0.033442    0.151499    0.147983    2.382473 ^ _19_/X (sky130_fd_sc_hd__a31o_2)
                                                         dec[1] (net)
                      0.151499    0.000000    2.382473 ^ dec[1] (out)
                                              2.382473   data arrival time

                      0.000000   10.000000   10.000000   clock __VIRTUAL_CLK__ (rise edge)
                                  0.000000   10.000000   clock network delay (ideal)
                                 -0.250000    9.750000   clock uncertainty
                                  0.000000    9.750000   clock reconvergence pessimism
                                 -2.000000    7.750000   output external delay
                                              7.750000   data required time
---------------------------------------------------------------------------------------------
                                              7.750000   data required time
                                             -2.382473   data arrival time
---------------------------------------------------------------------------------------------
                                              5.367527   slack (MET)




===========================================================================
report_checks --slack_max -0.01
============================================================================
======================= nom_ff_n40C_1v95 Corner ===================================

No paths found.


===========================================================================
 report_check_types -max_slew -max_cap -max_fanout -violators
============================================================================
======================= nom_ff_n40C_1v95 Corner ===================================

max fanout

Pin                                   Limit Fanout  Slack
---------------------------------------------------------
mode[0]                                  10     11        (VIOLATED)
mode[1]                                  10     11        (VIOLATED)



===========================================================================
report_parasitic_annotation -report_unannotated
============================================================================
Found 43 unannotated drivers.
 button_dec
 button_inc
 done_dec[0]
 done_dec[1]
 done_dec[2]
 done_dec[3]
 done_dec[4]
 done_inc[0]
 done_inc[1]
 done_inc[2]
 done_inc[3]
 done_inc[4]
 mode[0]
 mode[1]
 select[0]
 select[1]
 select[2]
 select[3]
 select[4]
 select[5]
 _05_/Y
 _06_/Y
 _07_/Y
 _08_/X
 _09_/X
 _10_/X
 _11_/X
 _12_/X
 _13_/X
 _14_/X
 _15_/X
 _16_/X
 _17_/X
 _18_/X
 _19_/X
 _20_/X
 _21_/X
 _22_/X
 _23_/X
 _24_/X
 _25_/X
 _26_/X
 _27_/Y
Found 0 partially unannotated drivers.

===========================================================================
max slew violation count 0
%OL_METRIC_I design__max_slew_violation__count__corner:nom_ff_n40C_1v95 0
max fanout violation count 2
%OL_METRIC_I design__max_fanout_violation__count__corner:nom_ff_n40C_1v95 2
max cap violation count 0
%OL_METRIC_I design__max_cap_violation__count__corner:nom_ff_n40C_1v95 0
============================================================================

===========================================================================
check_setup -verbose -unconstrained_endpoints -multiple_clock -no_clock -no_input_delay -loops -generated_clocks
===========================================================================
%OL_END_REPORT
%OL_CREATE_REPORT power.rpt

===========================================================================
 report_power
============================================================================
======================= nom_ff_n40C_1v95 Corner ===================================

Group                    Internal    Switching      Leakage        Total
                            Power        Power        Power        Power (Watts)
------------------------------------------------------------------------
Sequential           0.000000e+00 0.000000e+00 0.000000e+00 0.000000e+00   0.0%
Combinational        5.597949e-06 1.671463e-05 2.058172e-10 2.231279e-05 100.0%
Clock                0.000000e+00 0.000000e+00 0.000000e+00 0.000000e+00   0.0%
Macro                0.000000e+00 0.000000e+00 0.000000e+00 0.000000e+00   0.0%
Pad                  0.000000e+00 0.000000e+00 0.000000e+00 0.000000e+00   0.0%
------------------------------------------------------------------------
Total                5.597949e-06 1.671463e-05 2.058172e-10 2.231279e-05 100.0%
                            25.1%        74.9%         0.0%
%OL_METRIC_F power__internal__total 5.597948984359391e-6
%OL_METRIC_F power__switching__total 1.6714631783543155e-5
%OL_METRIC_F power__leakage__total 2.0581716886347579e-10
%OL_METRIC_F power__total 2.2312786313705146e-5

%OL_END_REPORT
%OL_CREATE_REPORT skew.min.rpt

===========================================================================
Clock Skew (Hold)
============================================================================
%OL_METRIC_F clock__skew__worst_hold__corner:nom_ff_n40C_1v95 0.0
======================= nom_ff_n40C_1v95 Corner ===================================

Clock __VIRTUAL_CLK__
No launch/capture paths found.

%OL_END_REPORT
%OL_CREATE_REPORT skew.max.rpt

===========================================================================
Clock Skew (Setup)
============================================================================
%OL_METRIC_F clock__skew__worst_setup__corner:nom_ff_n40C_1v95 0.0
======================= nom_ff_n40C_1v95 Corner ===================================

Clock __VIRTUAL_CLK__
No launch/capture paths found.

%OL_END_REPORT
%OL_CREATE_REPORT ws.min.rpt

===========================================================================
Worst Slack (Hold)
============================================================================
%OL_METRIC_F timing__hold__ws__corner:nom_ff_n40C_1v95 3.854542127913461
nom_ff_n40C_1v95: 3.854542127913461
%OL_END_REPORT
%OL_CREATE_REPORT ws.max.rpt

===========================================================================
Worst Slack (Setup)
============================================================================
%OL_METRIC_F timing__setup__ws__corner:nom_ff_n40C_1v95 5.367526575131737
nom_ff_n40C_1v95: 5.367526575131737
%OL_END_REPORT
%OL_CREATE_REPORT tns.min.rpt

===========================================================================
Total Negative Slack (Hold)
============================================================================
%OL_METRIC_F timing__hold__tns__corner:nom_ff_n40C_1v95 0.0
nom_ff_n40C_1v95: 0.0
%OL_END_REPORT
%OL_CREATE_REPORT tns.max.rpt

===========================================================================
Total Negative Slack (Setup)
============================================================================
%OL_METRIC_F timing__setup__tns__corner:nom_ff_n40C_1v95 0.0
nom_ff_n40C_1v95: 0.0
%OL_END_REPORT
%OL_CREATE_REPORT wns.min.rpt

===========================================================================
Worst Negative Slack (Hold)
============================================================================
%OL_METRIC_F timing__hold__wns__corner:nom_ff_n40C_1v95 0
nom_ff_n40C_1v95: 0
%OL_END_REPORT
%OL_CREATE_REPORT wns.max.rpt

===========================================================================
Worst Negative Slack (Setup)
============================================================================
%OL_METRIC_F timing__setup__wns__corner:nom_ff_n40C_1v95 0.0
nom_ff_n40C_1v95: 0.0
%OL_END_REPORT
%OL_CREATE_REPORT violator_list.rpt

===========================================================================
Violator List
============================================================================
%OL_METRIC_I timing__hold_vio__count__corner:nom_ff_n40C_1v95 0
%OL_METRIC_F timing__hold_r2r__ws__corner:nom_ff_n40C_1v95 inf
%OL_METRIC_I timing__hold_r2r_vio__count__corner:nom_ff_n40C_1v95 0
%OL_METRIC_I timing__setup_vio__count__corner:nom_ff_n40C_1v95 0
%OL_METRIC_F timing__setup_r2r__ws__corner:nom_ff_n40C_1v95 inf
%OL_METRIC_I timing__setup_r2r_vio__count__corner:nom_ff_n40C_1v95 0
%OL_END_REPORT
%OL_CREATE_REPORT unpropagated.rpt
__VIRTUAL_CLK__
%OL_END_REPORT
%OL_CREATE_REPORT clock.rpt
Clock: __VIRTUAL_CLK__
Sources: 
Generated: no
Virtual: yes
Propagated: no
Period: 10.000000

===========================================================================
report_clock_properties
============================================================================
Clock                   Period          Waveform
----------------------------------------------------
__VIRTUAL_CLK__      10.000000    0.000000  5.000000

===========================================================================
report_clock_latency
============================================================================
Clock __VIRTUAL_CLK__


===========================================================================
report_clock_min_period
============================================================================
__VIRTUAL_CLK__ period_min = 0.00 fmax = inf
%OL_END_REPORT
Writing SDF files for all corners…
