[WARNING ORD-0039] .openroad ignored with -python
                                Cells by Master                                 
┏━━━━━━━━━━━━━━━━━━━━━━━━━━━━━━━━━━━━━━━━━━━━━━━━━━━━━━━━━━━━━━━━┳━━━━━━━━━━━━━┓
┃ Cell                                                           ┃ Count       ┃
┡━━━━━━━━━━━━━━━━━━━━━━━━━━━━━━━━━━━━━━━━━━━━━━━━━━━━━━━━━━━━━━━━╇━━━━━━━━━━━━━┩
│ alarm                                                          │ 1           │
│ counter_all                                                    │ 1           │
│ decode_all                                                     │ 1           │
│ decode_day                                                     │ 1           │
│ decode_input                                                   │ 1           │
│ sky130_ef_sc_hd__decap_12                                      │ 3451        │
│ sky130_fd_sc_hd__buf_1                                         │ 13          │
│ sky130_fd_sc_hd__buf_2                                         │ 85          │
│ sky130_fd_sc_hd__bufinv_16                                     │ 1           │
│ sky130_fd_sc_hd__clkbuf_1                                      │ 11          │
│ sky130_fd_sc_hd__clkbuf_16                                     │ 3           │
│ sky130_fd_sc_hd__clkbuf_4                                      │ 1           │
│ sky130_fd_sc_hd__decap_3                                       │ 759         │
│ sky130_fd_sc_hd__decap_4                                       │ 153         │
│ sky130_fd_sc_hd__decap_6                                       │ 598         │
│ sky130_fd_sc_hd__decap_8                                       │ 165         │
│ sky130_fd_sc_hd__diode_2                                       │ 276         │
│ sky130_fd_sc_hd__fill_1                                        │ 925         │
│ sky130_fd_sc_hd__fill_2                                        │ 54          │
│ sky130_fd_sc_hd__tapvpwrvgnd_1                                 │ 966         │
└────────────────────────────────────────────────────────────────┴─────────────┘
                               Cells by Function                                
┏━━━━━━━━━━━━━━━━━━━━━━━━━━━━━━━━━━━━━━━━━━━━━━━━━━━━━━━━━━━━━━━┳━━━━━━━━━━━━━━┓
┃ Cell Function                                                 ┃ Count        ┃
┡━━━━━━━━━━━━━━━━━━━━━━━━━━━━━━━━━━━━━━━━━━━━━━━━━━━━━━━━━━━━━━━╇━━━━━━━━━━━━━━┩
│ sky130_ef_sc_hd__decap                                        │ 3451         │
│ sky130_fd_sc_hd__buf                                          │ 98           │
│ sky130_fd_sc_hd__bufinv                                       │ 1            │
│ sky130_fd_sc_hd__clkbuf                                       │ 15           │
│ sky130_fd_sc_hd__decap                                        │ 1675         │
│ sky130_fd_sc_hd__diode                                        │ 276          │
│ sky130_fd_sc_hd__fill                                         │ 979          │
│ sky130_fd_sc_hd__tapvpwrvgnd                                  │ 966          │
└───────────────────────────────────────────────────────────────┴──────────────┘
                                  Cells by SCL                                  
┏━━━━━━━━━━━━━━━━━━━━━━━━━━━━━━━━━━━━━━━━━━━━━━━━━━━━━━━┳━━━━━━━━━━━━━━━━━━━━━━┓
┃ SCL                                                   ┃ Count                ┃
┡━━━━━━━━━━━━━━━━━━━━━━━━━━━━━━━━━━━━━━━━━━━━━━━━━━━━━━━╇━━━━━━━━━━━━━━━━━━━━━━┩
│ sky130_ef_sc_hd                                       │ 3451                 │
│ sky130_fd_sc_hd                                       │ 4010                 │
└───────────────────────────────────────────────────────┴──────────────────────┘
                             Buffers by Cell Master                             
┏━━━━━━━━━━━━━━━━━━━━━━━━━━━━━━━━━━━━━━━━━━━━━━━━━━━━━━━━━━━━━━┳━━━━━━━━━━━━━━━┓
┃ Buffer                                                       ┃ Count         ┃
┡━━━━━━━━━━━━━━━━━━━━━━━━━━━━━━━━━━━━━━━━━━━━━━━━━━━━━━━━━━━━━━╇━━━━━━━━━━━━━━━┩
│ sky130_fd_sc_hd__buf_1                                       │ 13            │
│ sky130_fd_sc_hd__buf_2                                       │ 85            │
│ sky130_fd_sc_hd__clkbuf_1                                    │ 11            │
│ sky130_fd_sc_hd__clkbuf_16                                   │ 3             │
│ sky130_fd_sc_hd__clkbuf_4                                    │ 1             │
└──────────────────────────────────────────────────────────────┴───────────────┘
