Reading OpenROAD database at '/home/kien/openlane2/MARCO/decode_input/runs/RUN_2026-01-16_19-22-56/25-odb-customioplacement/decode_input.odb'…
Reading library file at '/home/kien/.volare/volare/sky130/versions/0fe599b2afb6708d281543108caf8310912f54af/sky130A/libs.ref/sky130_fd_sc_hd/lib/sky130_fd_sc_hd__tt_025C_1v80.lib'…
Reading design constraints file at '/nix/store/4pyixb03xfwwy77zxxplrggxrmm9f57y-python3-3.11.9-env/lib/python3.11/site-packages/openlane/scripts/base.sdc'…
[WARNING STA-0366] port '__VIRTUAL_CLK__' not found.
[INFO] Using clock __VIRTUAL_CLK__…
[INFO] Setting output delay to: 2
[INFO] Setting input delay to: 2
[WARNING STA-0366] port '__VIRTUAL_CLK__' not found.
[INFO] Setting load to: 0.033442
[INFO] Setting clock uncertainty to: 0.25
[INFO] Setting clock transition to: 0.1499999999999999944488848768742172978818416595458984375
[WARNING STA-0419] transition time can not be specified for virtual clocks.
[INFO] Setting timing derate to: 5%
[WARNING STA-0450] virtual clock __VIRTUAL_CLK__ can not be propagated.
[INFO] Setting RC values…
[INFO] Setting signal min routing layer to: met1 and clock min routing layer to met1. 
[INFO] Setting signal max routing layer to: met5 and clock max routing layer to met5. 
+ global_placement -density 0.85 -timing_driven -routability_driven -pad_right 0 -pad_left 0 -init_wirelength_coef 0.25
[INFO GPL-0002] DBU: 1000
[INFO GPL-0003] SiteSize: (  0.460  2.720 ) um
[INFO GPL-0004] CoreBBox: (  5.520 10.880 ) ( 44.160 38.080 ) um
[INFO GPL-0006] NumInstances:                55
[INFO GPL-0007] NumPlaceInstances:           23
[INFO GPL-0008] NumFixedInstances:           32
[INFO GPL-0009] NumDummyInstances:            0
[INFO GPL-0010] NumNets:                     43
[INFO GPL-0011] NumPins:                    125
[INFO GPL-0012] DieBBox:  (  0.000  0.000 ) ( 50.000 50.000 ) um
[INFO GPL-0013] CoreBBox: (  5.520 10.880 ) ( 44.160 38.080 ) um
[INFO GPL-0016] CoreArea:              1051.008 um^2
[INFO GPL-0017] NonPlaceInstsArea:       90.086 um^2
[INFO GPL-0018] PlaceInstsArea:         188.931 um^2
[INFO GPL-0019] Util:                    19.661 %
[INFO GPL-0020] StdInstsArea:           188.931 um^2
[INFO GPL-0021] MacroInstsArea:           0.000 um^2
[InitialPlace]  Iter: 1 CG residual: 0.00000001 HPWL: 1538475
[InitialPlace]  Iter: 2 CG residual: 0.00000002 HPWL: 1216339
[InitialPlace]  Iter: 3 CG residual: 0.00000001 HPWL: 1095259
[InitialPlace]  Iter: 4 CG residual: 0.00000011 HPWL: 1087777
[InitialPlace]  Iter: 5 CG residual: 0.00000006 HPWL: 1085682
[INFO GPL-0031] FillerInit:NumGCells:       102
[INFO GPL-0032] FillerInit:NumGNets:         43
[INFO GPL-0033] FillerInit:NumGPins:        125
[INFO GPL-0023] TargetDensity:            0.850
[INFO GPL-0024] AvrgPlaceInstArea:        8.214 um^2
[INFO GPL-0025] IdealBinArea:             9.664 um^2
[INFO GPL-0026] IdealBinCnt:                108
[INFO GPL-0027] TotalBinArea:          1051.008 um^2
[INFO GPL-0028] BinCnt:         8      8
[INFO GPL-0029] BinSize: (  4.830  3.400 )
[INFO GPL-0030] NumBins: 64
[NesterovSolve] Iter:    1 overflow: 0.281 HPWL: 1073628
[INFO GPL-0100] Timing-driven: executing resizer for reweighting nets.
[INFO GPL-0101] Timing-driven: worst slack 4.95e-09
[INFO GPL-0103] Timing-driven: weighted 4 nets.
[NesterovSolve] Snapshot saved at iter = 0
[INFO GPL-0075] Routability numCall: 1 inflationIterCnt: 1 bloatIterCnt: 0
[INFO GPL-0036] TileBBox: (    0    0 ) ( 6900 6900 ) DBU
[INFO GPL-0038] TileCnt:       7    7
[INFO GPL-0040] NumTiles: 49
[INFO GPL-0081] TotalRouteOverflow: 0
[INFO GPL-0082] OverflowTileCnt: 0
[INFO GPL-0083] 0.5%RC: 0.6638816595077515
[INFO GPL-0084] 1.0%RC: 0.6638816595077515
[INFO GPL-0085] 2.0%RC: 0.6638816595077515
[INFO GPL-0086] 5.0%RC: 0.6292417049407959
[INFO GPL-0087] FinalRC: 0.66388166
[INFO GPL-0077] FinalRC lower than targetRC(1.01), routability not needed.
[NesterovSolve] Iter:   10 overflow: 0.246 HPWL: 1065976
[NesterovSolve] Iter:   20 overflow: 0.216 HPWL: 1062279
[NesterovSolve] Iter:   30 overflow: 0.303 HPWL: 1069961
[NesterovSolve] Iter:   40 overflow: 0.320 HPWL: 1076874
[NesterovSolve] Iter:   50 overflow: 0.320 HPWL: 1077307
[NesterovSolve] Iter:   60 overflow: 0.322 HPWL: 1077125
[NesterovSolve] Iter:   70 overflow: 0.321 HPWL: 1077130
[NesterovSolve] Iter:   80 overflow: 0.322 HPWL: 1077210
[NesterovSolve] Iter:   90 overflow: 0.321 HPWL: 1077254
[NesterovSolve] Iter:  100 overflow: 0.321 HPWL: 1077321
[NesterovSolve] Iter:  110 overflow: 0.321 HPWL: 1077338
[NesterovSolve] Iter:  120 overflow: 0.321 HPWL: 1077259
[NesterovSolve] Iter:  130 overflow: 0.321 HPWL: 1077102
[NesterovSolve] Iter:  140 overflow: 0.320 HPWL: 1077075
[NesterovSolve] Iter:  150 overflow: 0.319 HPWL: 1076944
[NesterovSolve] Iter:  160 overflow: 0.318 HPWL: 1076790
[NesterovSolve] Iter:  170 overflow: 0.316 HPWL: 1076463
[NesterovSolve] Iter:  180 overflow: 0.312 HPWL: 1076022
[NesterovSolve] Iter:  190 overflow: 0.307 HPWL: 1075374
[NesterovSolve] Iter:  200 overflow: 0.299 HPWL: 1074386
[NesterovSolve] Iter:  210 overflow: 0.285 HPWL: 1072778
[NesterovSolve] Iter:  220 overflow: 0.268 HPWL: 1070250
[NesterovSolve] Iter:  230 overflow: 0.261 HPWL: 1070029
[NesterovSolve] Iter:  240 overflow: 0.254 HPWL: 1069741
[NesterovSolve] Iter:  250 overflow: 0.238 HPWL: 1068765
[NesterovSolve] Iter:  260 overflow: 0.226 HPWL: 1068649
[NesterovSolve] Iter:  270 overflow: 0.216 HPWL: 1067979
[INFO GPL-0100] Timing-driven: executing resizer for reweighting nets.
[INFO GPL-0101] Timing-driven: worst slack 4.92e-09
[INFO GPL-0103] Timing-driven: weighted 4 nets.
[NesterovSolve] Iter:  280 overflow: 0.191 HPWL: 1063110
[NesterovSolve] Iter:  290 overflow: 0.163 HPWL: 1060966
[INFO GPL-0100] Timing-driven: executing resizer for reweighting nets.
[INFO GPL-0101] Timing-driven: worst slack 4.95e-09
[INFO GPL-0103] Timing-driven: weighted 4 nets.
[NesterovSolve] Iter:  300 overflow: 0.143 HPWL: 1060898
[NesterovSolve] Iter:  310 overflow: 0.128 HPWL: 1061174
[NesterovSolve] Iter:  320 overflow: 0.108 HPWL: 1062147
[NesterovSolve] Finished with Overflow: 0.099818
[INFO] Setting RC values…
Setting global connections for newly added cells…
[INFO] Setting global connections...
Updating metrics…
Cell type report:                       Count       Area
  Fill cell                                20      75.07
  Tap cell                                 12      15.01
  Inverter                                  1       3.75
  Multi-Input combinational cell           22     185.18
  Total                                    55     279.02
Writing OpenROAD database to '/home/kien/openlane2/MARCO/decode_input/runs/RUN_2026-01-16_19-22-56/27-openroad-globalplacement/decode_input.odb'…
Writing netlist to '/home/kien/openlane2/MARCO/decode_input/runs/RUN_2026-01-16_19-22-56/27-openroad-globalplacement/decode_input.nl.v'…
Writing powered netlist to '/home/kien/openlane2/MARCO/decode_input/runs/RUN_2026-01-16_19-22-56/27-openroad-globalplacement/decode_input.pnl.v'…
Writing layout to '/home/kien/openlane2/MARCO/decode_input/runs/RUN_2026-01-16_19-22-56/27-openroad-globalplacement/decode_input.def'…
Writing timing constraints to '/home/kien/openlane2/MARCO/decode_input/runs/RUN_2026-01-16_19-22-56/27-openroad-globalplacement/decode_input.sdc'…
