
===========================================================================
report_checks -unconstrained
===========================================================================
======================= max_ss_100C_1v60 Corner ===================================

Startpoint: month[0] (input port clocked by __VIRTUAL_CLK__)
Endpoint: day_num[0] (output port clocked by __VIRTUAL_CLK__)
Path Group: __VIRTUAL_CLK__
Path Type: max

Fanout         Cap        Slew       Delay        Time   Description
---------------------------------------------------------------------------------------------
                      0.000000    0.000000    0.000000   clock __VIRTUAL_CLK__ (rise edge)
                                  0.000000    0.000000   clock network delay (ideal)
                                  2.000000    2.000000 v input external delay
     1    0.003294    0.020363    0.010834    2.010834 v month[0] (in)
                                                         month[0] (net)
                      0.020364    0.000000    2.010834 v input2/A (sky130_fd_sc_hd__buf_1)
     3    0.011386    0.139055    0.210170    2.221004 v input2/X (sky130_fd_sc_hd__buf_1)
                                                         net2 (net)
                      0.139058    0.000851    2.221854 v _06_/A (sky130_fd_sc_hd__or4b_1)
     2    0.008992    0.249858    1.340030    3.561884 v _06_/X (sky130_fd_sc_hd__or4b_1)
                                                         net9 (net)
                      0.249858    0.000357    3.562241 v _07_/C (sky130_fd_sc_hd__nor3_1)
     1    0.003601    0.285981    0.316384    3.878625 ^ _07_/Y (sky130_fd_sc_hd__nor3_1)
                                                         _01_ (net)
                      0.285981    0.000210    3.878836 ^ _10_/A (sky130_fd_sc_hd__or3_1)
     1    0.006405    0.111686    0.302339    4.181175 ^ _10_/X (sky130_fd_sc_hd__or3_1)
                                                         net8 (net)
                      0.111687    0.000557    4.181732 ^ output8/A (sky130_fd_sc_hd__buf_2)
     1    0.034627    0.275083    0.364150    4.545881 ^ output8/X (sky130_fd_sc_hd__buf_2)
                                                         day_num[0] (net)
                      0.275089    0.001683    4.547564 ^ day_num[0] (out)
                                              4.547564   data arrival time

                      0.000000   10.000000   10.000000   clock __VIRTUAL_CLK__ (rise edge)
                                  0.000000   10.000000   clock network delay (ideal)
                                 -0.250000    9.750000   clock uncertainty
                                  0.000000    9.750000   clock reconvergence pessimism
                                 -2.000000    7.750000   output external delay
                                              7.750000   data required time
---------------------------------------------------------------------------------------------
                                              7.750000   data required time
                                             -4.547564   data arrival time
---------------------------------------------------------------------------------------------
                                              3.202436   slack (MET)




===========================================================================
report_checks --slack_max -0.01
============================================================================
======================= max_ss_100C_1v60 Corner ===================================

No paths found.


===========================================================================
 report_check_types -max_slew -max_cap -max_fanout -violators
============================================================================
======================= max_ss_100C_1v60 Corner ===================================



===========================================================================
report_parasitic_annotation -report_unannotated
============================================================================
Found 11 unannotated drivers.
 year[2]
 year[3]
 year[4]
 year[5]
 year[6]
 decode_day_12/HI
 decode_day_13/HI
 decode_day_14/LO
 decode_day_15/LO
 decode_day_16/LO
 decode_day_17/LO
Found 0 partially unannotated drivers.

===========================================================================
max slew violation count 0
max fanout violation count 0
max cap violation count 0
============================================================================

===========================================================================
check_setup -verbose -unconstrained_endpoints -multiple_clock -no_clock -no_input_delay -loops -generated_clocks
===========================================================================
Warning: There are 6 unconstrained endpoints.
  day_num[2]
  day_num[3]
  day_num[4]
  hour_num[0]
  hour_num[1]
  hour_num[3]
