
===========================================================================
report_checks -path_delay min (Hold)
============================================================================
======================= max_ss_100C_1v60 Corner ===================================

Startpoint: am_pm (input port clocked by __VIRTUAL_CLK__)
Endpoint: hour_num[4] (output port clocked by __VIRTUAL_CLK__)
Path Group: __VIRTUAL_CLK__
Path Type: min

Fanout         Cap        Slew       Delay        Time   Description
---------------------------------------------------------------------------------------------
                      0.000000    0.000000    0.000000   clock __VIRTUAL_CLK__ (rise edge)
                                  0.000000    0.000000   clock network delay (ideal)
                                  2.000000    2.000000 v input external delay
     1    0.003721    0.022035    0.012187    2.012187 v am_pm (in)
                                                         am_pm (net)
                      0.022044    0.000000    2.012187 v input1/A (sky130_fd_sc_hd__buf_1)
     2    0.013028    0.156451    0.223755    2.235942 v input1/X (sky130_fd_sc_hd__buf_1)
                                                         net1 (net)
                      0.156464    0.001528    2.237470 v _04_/A (sky130_fd_sc_hd__inv_2)
     1    0.001992    0.047730    0.090844    2.328314 ^ _04_/Y (sky130_fd_sc_hd__inv_2)
                                                         net11 (net)
                      0.047730    0.000090    2.328404 ^ output11/A (sky130_fd_sc_hd__buf_2)
     1    0.034685    0.275406    0.334785    2.663189 ^ output11/X (sky130_fd_sc_hd__buf_2)
                                                         hour_num[4] (net)
                      0.275413    0.001701    2.664889 ^ hour_num[4] (out)
                                              2.664889   data arrival time

                      0.000000    0.000000    0.000000   clock __VIRTUAL_CLK__ (rise edge)
                                  0.000000    0.000000   clock network delay (ideal)
                                  0.250000    0.250000   clock uncertainty
                                  0.000000    0.250000   clock reconvergence pessimism
                                 -2.000000   -1.750000   output external delay
                                             -1.750000   data required time
---------------------------------------------------------------------------------------------
                                             -1.750000   data required time
                                             -2.664889   data arrival time
---------------------------------------------------------------------------------------------
                                              4.414889   slack (MET)


Startpoint: am_pm (input port clocked by __VIRTUAL_CLK__)
Endpoint: hour_num[2] (output port clocked by __VIRTUAL_CLK__)
Path Group: __VIRTUAL_CLK__
Path Type: min

Fanout         Cap        Slew       Delay        Time   Description
---------------------------------------------------------------------------------------------
                      0.000000    0.000000    0.000000   clock __VIRTUAL_CLK__ (rise edge)
                                  0.000000    0.000000   clock network delay (ideal)
                                  2.000000    2.000000 v input external delay
     1    0.003721    0.022035    0.012187    2.012187 v am_pm (in)
                                                         am_pm (net)
                      0.022044    0.000000    2.012187 v input1/A (sky130_fd_sc_hd__buf_1)
     2    0.013028    0.156451    0.223755    2.235942 v input1/X (sky130_fd_sc_hd__buf_1)
                                                         net1 (net)
                      0.156462    0.001444    2.237386 v _17_/A (sky130_fd_sc_hd__clkbuf_1)
     1    0.001901    0.042072    0.192184    2.429570 v _17_/X (sky130_fd_sc_hd__clkbuf_1)
                                                         net10 (net)
                      0.042072    0.000088    2.429658 v output10/A (sky130_fd_sc_hd__buf_2)
     1    0.034467    0.167096    0.331757    2.761415 v output10/X (sky130_fd_sc_hd__buf_2)
                                                         hour_num[2] (net)
                      0.167110    0.001615    2.763030 v hour_num[2] (out)
                                              2.763030   data arrival time

                      0.000000    0.000000    0.000000   clock __VIRTUAL_CLK__ (rise edge)
                                  0.000000    0.000000   clock network delay (ideal)
                                  0.250000    0.250000   clock uncertainty
                                  0.000000    0.250000   clock reconvergence pessimism
                                 -2.000000   -1.750000   output external delay
                                             -1.750000   data required time
---------------------------------------------------------------------------------------------
                                             -1.750000   data required time
                                             -2.763030   data arrival time
---------------------------------------------------------------------------------------------
                                              4.513030   slack (MET)


Startpoint: month[3] (input port clocked by __VIRTUAL_CLK__)
Endpoint: day_num[1] (output port clocked by __VIRTUAL_CLK__)
Path Group: __VIRTUAL_CLK__
Path Type: min

Fanout         Cap        Slew       Delay        Time   Description
---------------------------------------------------------------------------------------------
                      0.000000    0.000000    0.000000   clock __VIRTUAL_CLK__ (rise edge)
                                  0.000000    0.000000   clock network delay (ideal)
                                  2.000000    2.000000 ^ input external delay
     1    0.004071    0.040803    0.022557    2.022557 ^ month[3] (in)
                                                         month[3] (net)
                      0.040817    0.000000    2.022557 ^ input5/A (sky130_fd_sc_hd__buf_1)
     3    0.008265    0.169722    0.208505    2.231062 ^ input5/X (sky130_fd_sc_hd__buf_1)
                                                         net5 (net)
                      0.169722    0.000522    2.231585 ^ _06_/C (sky130_fd_sc_hd__or4b_1)
     2    0.009407    0.151182    0.285152    2.516737 ^ _06_/X (sky130_fd_sc_hd__or4b_1)
                                                         net9 (net)
                      0.151182    0.000591    2.517328 ^ output9/A (sky130_fd_sc_hd__buf_2)
     1    0.034367    0.273214    0.381352    2.898680 ^ output9/X (sky130_fd_sc_hd__buf_2)
                                                         day_num[1] (net)
                      0.273219    0.001597    2.900277 ^ day_num[1] (out)
                                              2.900277   data arrival time

                      0.000000    0.000000    0.000000   clock __VIRTUAL_CLK__ (rise edge)
                                  0.000000    0.000000   clock network delay (ideal)
                                  0.250000    0.250000   clock uncertainty
                                  0.000000    0.250000   clock reconvergence pessimism
                                 -2.000000   -1.750000   output external delay
                                             -1.750000   data required time
---------------------------------------------------------------------------------------------
                                             -1.750000   data required time
                                             -2.900277   data arrival time
---------------------------------------------------------------------------------------------
                                              4.650277   slack (MET)


Startpoint: month[3] (input port clocked by __VIRTUAL_CLK__)
Endpoint: day_num[0] (output port clocked by __VIRTUAL_CLK__)
Path Group: __VIRTUAL_CLK__
Path Type: min

Fanout         Cap        Slew       Delay        Time   Description
---------------------------------------------------------------------------------------------
                      0.000000    0.000000    0.000000   clock __VIRTUAL_CLK__ (rise edge)
                                  0.000000    0.000000   clock network delay (ideal)
                                  2.000000    2.000000 ^ input external delay
     1    0.004071    0.040803    0.022557    2.022557 ^ month[3] (in)
                                                         month[3] (net)
                      0.040817    0.000000    2.022557 ^ input5/A (sky130_fd_sc_hd__buf_1)
     3    0.008265    0.169722    0.208505    2.231062 ^ input5/X (sky130_fd_sc_hd__buf_1)
                                                         net5 (net)
                      0.169722    0.000504    2.231567 ^ _09_/A0 (sky130_fd_sc_hd__mux2_1)
     1    0.002695    0.071003    0.264511    2.496078 ^ _09_/X (sky130_fd_sc_hd__mux2_1)
                                                         _03_ (net)
                      0.071003    0.000170    2.496248 ^ _10_/C (sky130_fd_sc_hd__or3_1)
     1    0.006405    0.109606    0.201145    2.697392 ^ _10_/X (sky130_fd_sc_hd__or3_1)
                                                         net8 (net)
                      0.109606    0.000557    2.697949 ^ output8/A (sky130_fd_sc_hd__buf_2)
     1    0.034627    0.275079    0.363174    3.061123 ^ output8/X (sky130_fd_sc_hd__buf_2)
                                                         day_num[0] (net)
                      0.275085    0.001683    3.062806 ^ day_num[0] (out)
                                              3.062806   data arrival time

                      0.000000    0.000000    0.000000   clock __VIRTUAL_CLK__ (rise edge)
                                  0.000000    0.000000   clock network delay (ideal)
                                  0.250000    0.250000   clock uncertainty
                                  0.000000    0.250000   clock reconvergence pessimism
                                 -2.000000   -1.750000   output external delay
                                             -1.750000   data required time
---------------------------------------------------------------------------------------------
                                             -1.750000   data required time
                                             -3.062806   data arrival time
---------------------------------------------------------------------------------------------
                                              4.812806   slack (MET)



