Clock: clk
Sources: clk 
Generated: no
Virtual: yes
Propagated: no
Period: 100000000.000000

===========================================================================
report_clock_properties
============================================================================
Clock                   Period          Waveform
----------------------------------------------------
clk                 100000000.000000    0.00000050000000.000000

===========================================================================
report_clock_latency
============================================================================
Clock clk
rise -> rise
    min     max
0.000000 0.000000 source latency
0.358307         network latency _643_/CLK
        0.365371 network latency _653_/CLK
---------------
0.358307 0.365371 latency
        0.007064 skew

fall -> fall
    min     max
0.000000 0.000000 source latency
0.000000         network latency _622_/CLK
        0.000000 network latency _622_/CLK
---------------
0.000000 0.000000 latency
        0.000000 skew



===========================================================================
report_clock_min_period
============================================================================
clk period_min = 0.00 fmax = inf
