
===========================================================================
report_checks -path_delay max (Setup)
============================================================================
======================= min_tt_025C_1v80 Corner ===================================

Startpoint: month[0] (input port clocked by __VIRTUAL_CLK__)
Endpoint: day_num[0] (output port clocked by __VIRTUAL_CLK__)
Path Group: __VIRTUAL_CLK__
Path Type: max

Fanout         Cap        Slew       Delay        Time   Description
---------------------------------------------------------------------------------------------
                      0.000000    0.000000    0.000000   clock __VIRTUAL_CLK__ (rise edge)
                                  0.000000    0.000000   clock network delay (ideal)
                                  2.000000    2.000000 v input external delay
     1    0.003124    0.009385    0.004971    2.004971 v month[0] (in)
                                                         month[0] (net)
                      0.009385    0.000000    2.004971 v input2/A (sky130_fd_sc_hd__buf_1)
     3    0.011057    0.070282    0.109668    2.114639 v input2/X (sky130_fd_sc_hd__buf_1)
                                                         net2 (net)
                      0.070282    0.000134    2.114773 v _06_/A (sky130_fd_sc_hd__or4b_1)
     2    0.008216    0.117889    0.569764    2.684537 v _06_/X (sky130_fd_sc_hd__or4b_1)
                                                         net9 (net)
                      0.117889    0.000091    2.684628 v _07_/C (sky130_fd_sc_hd__nor3_1)
     1    0.003397    0.160207    0.162892    2.847519 ^ _07_/Y (sky130_fd_sc_hd__nor3_1)
                                                         _01_ (net)
                      0.160207    0.000045    2.847564 ^ _10_/A (sky130_fd_sc_hd__or3_1)
     1    0.005812    0.064165    0.151414    2.998977 ^ _10_/X (sky130_fd_sc_hd__or3_1)
                                                         net8 (net)
                      0.064165    0.000146    2.999124 ^ output8/A (sky130_fd_sc_hd__buf_2)
     1    0.034493    0.171258    0.206077    3.205201 ^ output8/X (sky130_fd_sc_hd__buf_2)
                                                         day_num[0] (net)
                      0.171258    0.000405    3.205606 ^ day_num[0] (out)
                                              3.205606   data arrival time

                      0.000000   10.000000   10.000000   clock __VIRTUAL_CLK__ (rise edge)
                                  0.000000   10.000000   clock network delay (ideal)
                                 -0.250000    9.750000   clock uncertainty
                                  0.000000    9.750000   clock reconvergence pessimism
                                 -2.000000    7.750000   output external delay
                                              7.750000   data required time
---------------------------------------------------------------------------------------------
                                              7.750000   data required time
                                             -3.205606   data arrival time
---------------------------------------------------------------------------------------------
                                              4.544394   slack (MET)


Startpoint: month[0] (input port clocked by __VIRTUAL_CLK__)
Endpoint: day_num[1] (output port clocked by __VIRTUAL_CLK__)
Path Group: __VIRTUAL_CLK__
Path Type: max

Fanout         Cap        Slew       Delay        Time   Description
---------------------------------------------------------------------------------------------
                      0.000000    0.000000    0.000000   clock __VIRTUAL_CLK__ (rise edge)
                                  0.000000    0.000000   clock network delay (ideal)
                                  2.000000    2.000000 v input external delay
     1    0.003124    0.009385    0.004971    2.004971 v month[0] (in)
                                                         month[0] (net)
                      0.009385    0.000000    2.004971 v input2/A (sky130_fd_sc_hd__buf_1)
     3    0.011057    0.070282    0.109668    2.114639 v input2/X (sky130_fd_sc_hd__buf_1)
                                                         net2 (net)
                      0.070282    0.000134    2.114773 v _06_/A (sky130_fd_sc_hd__or4b_1)
     2    0.008216    0.117889    0.569764    2.684537 v _06_/X (sky130_fd_sc_hd__or4b_1)
                                                         net9 (net)
                      0.117889    0.000183    2.684720 v output9/A (sky130_fd_sc_hd__buf_2)
     1    0.034255    0.089354    0.213290    2.898010 v output9/X (sky130_fd_sc_hd__buf_2)
                                                         day_num[1] (net)
                      0.089355    0.000345    2.898355 v day_num[1] (out)
                                              2.898355   data arrival time

                      0.000000   10.000000   10.000000   clock __VIRTUAL_CLK__ (rise edge)
                                  0.000000   10.000000   clock network delay (ideal)
                                 -0.250000    9.750000   clock uncertainty
                                  0.000000    9.750000   clock reconvergence pessimism
                                 -2.000000    7.750000   output external delay
                                              7.750000   data required time
---------------------------------------------------------------------------------------------
                                              7.750000   data required time
                                             -2.898355   data arrival time
---------------------------------------------------------------------------------------------
                                              4.851645   slack (MET)


Startpoint: am_pm (input port clocked by __VIRTUAL_CLK__)
Endpoint: hour_num[2] (output port clocked by __VIRTUAL_CLK__)
Path Group: __VIRTUAL_CLK__
Path Type: max

Fanout         Cap        Slew       Delay        Time   Description
---------------------------------------------------------------------------------------------
                      0.000000    0.000000    0.000000   clock __VIRTUAL_CLK__ (rise edge)
                                  0.000000    0.000000   clock network delay (ideal)
                                  2.000000    2.000000 ^ input external delay
     1    0.003722    0.023731    0.013540    2.013540 ^ am_pm (in)
                                                         am_pm (net)
                      0.023731    0.000000    2.013540 ^ input1/A (sky130_fd_sc_hd__buf_1)
     2    0.012569    0.153841    0.150352    2.163893 ^ input1/X (sky130_fd_sc_hd__buf_1)
                                                         net1 (net)
                      0.153843    0.000480    2.164372 ^ _17_/A (sky130_fd_sc_hd__clkbuf_1)
     1    0.002045    0.038675    0.099791    2.264163 ^ _17_/X (sky130_fd_sc_hd__clkbuf_1)
                                                         net10 (net)
                      0.038675    0.000009    2.264173 ^ output10/A (sky130_fd_sc_hd__buf_2)
     1    0.034337    0.170454    0.195989    2.460162 ^ output10/X (sky130_fd_sc_hd__buf_2)
                                                         hour_num[2] (net)
                      0.170454    0.000357    2.460519 ^ hour_num[2] (out)
                                              2.460519   data arrival time

                      0.000000   10.000000   10.000000   clock __VIRTUAL_CLK__ (rise edge)
                                  0.000000   10.000000   clock network delay (ideal)
                                 -0.250000    9.750000   clock uncertainty
                                  0.000000    9.750000   clock reconvergence pessimism
                                 -2.000000    7.750000   output external delay
                                              7.750000   data required time
---------------------------------------------------------------------------------------------
                                              7.750000   data required time
                                             -2.460519   data arrival time
---------------------------------------------------------------------------------------------
                                              5.289481   slack (MET)


Startpoint: am_pm (input port clocked by __VIRTUAL_CLK__)
Endpoint: hour_num[4] (output port clocked by __VIRTUAL_CLK__)
Path Group: __VIRTUAL_CLK__
Path Type: max

Fanout         Cap        Slew       Delay        Time   Description
---------------------------------------------------------------------------------------------
                      0.000000    0.000000    0.000000   clock __VIRTUAL_CLK__ (rise edge)
                                  0.000000    0.000000   clock network delay (ideal)
                                  2.000000    2.000000 ^ input external delay
     1    0.003722    0.023731    0.013540    2.013540 ^ am_pm (in)
                                                         am_pm (net)
                      0.023731    0.000000    2.013540 ^ input1/A (sky130_fd_sc_hd__buf_1)
     2    0.012569    0.153841    0.150352    2.163893 ^ input1/X (sky130_fd_sc_hd__buf_1)
                                                         net1 (net)
                      0.153843    0.000502    2.164395 ^ _04_/A (sky130_fd_sc_hd__inv_2)
     1    0.001852    0.028162    0.033572    2.197967 v _04_/Y (sky130_fd_sc_hd__inv_2)
                                                         net11 (net)
                      0.028162    0.000008    2.197975 v output11/A (sky130_fd_sc_hd__buf_2)
     1    0.034539    0.090108    0.173548    2.371523 v output11/X (sky130_fd_sc_hd__buf_2)
                                                         hour_num[4] (net)
                      0.090109    0.000416    2.371939 v hour_num[4] (out)
                                              2.371939   data arrival time

                      0.000000   10.000000   10.000000   clock __VIRTUAL_CLK__ (rise edge)
                                  0.000000   10.000000   clock network delay (ideal)
                                 -0.250000    9.750000   clock uncertainty
                                  0.000000    9.750000   clock reconvergence pessimism
                                 -2.000000    7.750000   output external delay
                                              7.750000   data required time
---------------------------------------------------------------------------------------------
                                              7.750000   data required time
                                             -2.371939   data arrival time
---------------------------------------------------------------------------------------------
                                              5.378061   slack (MET)



