[INFO PSM-0040] All shapes on net VPWR are connected.
########## IR report #################
Net              : VPWR
Corner           : nom_tt_025C_1v80
Supply voltage   : 1.80e+00 V
Worstcase voltage: 1.80e+00 V
Average voltage  : 1.80e+00 V
Average IR drop  : 1.54e-09 V
Worstcase IR drop: 4.99e-09 V
Percentage drop  : 0.00 %
######################################
[INFO PSM-0040] All shapes on net VGND are connected.
########## IR report #################
Net              : VGND
Corner           : nom_tt_025C_1v80
Supply voltage   : 0.00e+00 V
Worstcase voltage: 4.60e-09 V
Average voltage  : 1.39e-09 V
Average IR drop  : 1.39e-09 V
Worstcase IR drop: 4.60e-09 V
Percentage drop  : 0.00 %
######################################
