
===========================================================================
report_checks -unconstrained
===========================================================================
======================= nom_tt_025C_1v80 Corner ===================================

Startpoint: mode[0] (input port clocked by __VIRTUAL_CLK__)
Endpoint: dec[5] (output port clocked by __VIRTUAL_CLK__)
Path Group: __VIRTUAL_CLK__
Path Type: max

Fanout         Cap        Slew       Delay        Time   Description
---------------------------------------------------------------------------------------------
                      0.000000    0.000000    0.000000   clock __VIRTUAL_CLK__ (rise edge)
                                  0.000000    0.000000   clock network delay (ideal)
                                  2.000000    2.000000 ^ input external delay
    11    0.040848    0.188210    0.130694    2.130694 ^ mode[0] (in)
                                                         mode[0] (net)
                      0.188216    0.000000    2.130694 ^ _14_/A_N (sky130_fd_sc_hd__and3b_2)
     5    0.010972    0.058931    0.255827    2.386521 v _14_/X (sky130_fd_sc_hd__and3b_2)
                                                         _03_ (net)
                      0.058931    0.000014    2.386535 v _15_/B1 (sky130_fd_sc_hd__a31o_2)
     1    0.034946    0.106275    0.298705    2.685240 v _15_/X (sky130_fd_sc_hd__a31o_2)
                                                         dec[5] (net)
                      0.106275    0.000303    2.685544 v dec[5] (out)
                                              2.685544   data arrival time

                      0.000000   10.000000   10.000000   clock __VIRTUAL_CLK__ (rise edge)
                                  0.000000   10.000000   clock network delay (ideal)
                                 -0.250000    9.750000   clock uncertainty
                                  0.000000    9.750000   clock reconvergence pessimism
                                 -2.000000    7.750000   output external delay
                                              7.750000   data required time
---------------------------------------------------------------------------------------------
                                              7.750000   data required time
                                             -2.685544   data arrival time
---------------------------------------------------------------------------------------------
                                              5.064456   slack (MET)




===========================================================================
report_checks --slack_max -0.01
============================================================================
======================= nom_tt_025C_1v80 Corner ===================================

No paths found.


===========================================================================
 report_check_types -max_slew -max_cap -max_fanout -violators
============================================================================
======================= nom_tt_025C_1v80 Corner ===================================

max fanout

Pin                                   Limit Fanout  Slack
---------------------------------------------------------
mode[0]                                  10     11        (VIOLATED)
mode[1]                                  10     11        (VIOLATED)



===========================================================================
report_parasitic_annotation -report_unannotated
============================================================================
Found 0 unannotated drivers.
Found 0 partially unannotated drivers.

===========================================================================
max slew violation count 0
Writing metric design__max_slew_violation__count__corner:nom_tt_025C_1v80: 0
max fanout violation count 2
Writing metric design__max_fanout_violation__count__corner:nom_tt_025C_1v80: 2
max cap violation count 0
Writing metric design__max_cap_violation__count__corner:nom_tt_025C_1v80: 0
============================================================================

===========================================================================
check_setup -verbose -unconstrained_endpoints -multiple_clock -no_clock -no_input_delay -loops -generated_clocks
===========================================================================
