Reading OpenROAD database at '/home/kien/openlane2/MARCO/decode_input/runs/RUN_2026-01-16_19-22-56/27-openroad-globalplacement/decode_input.odb'…
Reading library file at '/home/kien/.volare/volare/sky130/versions/0fe599b2afb6708d281543108caf8310912f54af/sky130A/libs.ref/sky130_fd_sc_hd/lib/sky130_fd_sc_hd__tt_025C_1v80.lib'…
Reading design constraints file at '/nix/store/4pyixb03xfwwy77zxxplrggxrmm9f57y-python3-3.11.9-env/lib/python3.11/site-packages/openlane/scripts/base.sdc'…
[WARNING STA-0366] port '__VIRTUAL_CLK__' not found.
[INFO] Using clock __VIRTUAL_CLK__…
[INFO] Setting output delay to: 2
[INFO] Setting input delay to: 2
[WARNING STA-0366] port '__VIRTUAL_CLK__' not found.
[INFO] Setting load to: 0.033442
[INFO] Setting clock uncertainty to: 0.25
[INFO] Setting clock transition to: 0.1499999999999999944488848768742172978818416595458984375
[WARNING STA-0419] transition time can not be specified for virtual clocks.
[INFO] Setting timing derate to: 5%
[WARNING STA-0450] virtual clock __VIRTUAL_CLK__ can not be propagated.
[INFO] Setting RC values…
[WARNING GRT-0097] No global routing found for nets.
%OL_CREATE_REPORT min.rpt

===========================================================================
report_checks -path_delay min (Hold)
============================================================================
======================= nom_tt_025C_1v80 Corner ===================================

Startpoint: button_inc (input port clocked by __VIRTUAL_CLK__)
Endpoint: inc[0] (output port clocked by __VIRTUAL_CLK__)
Path Group: __VIRTUAL_CLK__
Path Type: min

Fanout         Cap        Slew       Delay        Time   Description
---------------------------------------------------------------------------------------------
                      0.000000    0.000000    0.000000   clock __VIRTUAL_CLK__ (rise edge)
                                  0.000000    0.000000   clock network delay (ideal)
                                  2.000000    2.000000 v input external delay
     2    0.009834    0.024148    0.015972    2.015972 v button_inc (in)
                                                         button_inc (net)
                      0.024150    0.000000    2.015972 v _05_/A (sky130_fd_sc_hd__inv_2)
     1    0.005166    0.031081    0.039140    2.055113 ^ _05_/Y (sky130_fd_sc_hd__inv_2)
                                                         _00_ (net)
                      0.031081    0.000004    2.055116 ^ _27_/A2 (sky130_fd_sc_hd__a21oi_2)
     1    0.034874    0.102431    0.122624    2.177740 v _27_/Y (sky130_fd_sc_hd__a21oi_2)
                                                         inc[0] (net)
                      0.102431    0.000327    2.178067 v inc[0] (out)
                                              2.178067   data arrival time

                      0.000000    0.000000    0.000000   clock __VIRTUAL_CLK__ (rise edge)
                                  0.000000    0.000000   clock network delay (ideal)
                                  0.250000    0.250000   clock uncertainty
                                  0.000000    0.250000   clock reconvergence pessimism
                                 -2.000000   -1.750000   output external delay
                                             -1.750000   data required time
---------------------------------------------------------------------------------------------
                                             -1.750000   data required time
                                             -2.178067   data arrival time
---------------------------------------------------------------------------------------------
                                              3.928067   slack (MET)


Startpoint: select[5] (input port clocked by __VIRTUAL_CLK__)
Endpoint: en[5] (output port clocked by __VIRTUAL_CLK__)
Path Group: __VIRTUAL_CLK__
Path Type: min

Fanout         Cap        Slew       Delay        Time   Description
---------------------------------------------------------------------------------------------
                      0.000000    0.000000    0.000000   clock __VIRTUAL_CLK__ (rise edge)
                                  0.000000    0.000000   clock network delay (ideal)
                                  2.000000    2.000000 ^ input external delay
     1    0.003702    0.023641    0.013464    2.013464 ^ select[5] (in)
                                                         select[5] (net)
                      0.023641    0.000000    2.013464 ^ _13_/A (sky130_fd_sc_hd__or2_2)
     1    0.035433    0.185351    0.204122    2.217586 ^ _13_/X (sky130_fd_sc_hd__or2_2)
                                                         en[5] (net)
                      0.185405    0.000429    2.218015 ^ en[5] (out)
                                              2.218015   data arrival time

                      0.000000    0.000000    0.000000   clock __VIRTUAL_CLK__ (rise edge)
                                  0.000000    0.000000   clock network delay (ideal)
                                  0.250000    0.250000   clock uncertainty
                                  0.000000    0.250000   clock reconvergence pessimism
                                 -2.000000   -1.750000   output external delay
                                             -1.750000   data required time
---------------------------------------------------------------------------------------------
                                             -1.750000   data required time
                                             -2.218015   data arrival time
---------------------------------------------------------------------------------------------
                                              3.968014   slack (MET)


Startpoint: select[4] (input port clocked by __VIRTUAL_CLK__)
Endpoint: en[4] (output port clocked by __VIRTUAL_CLK__)
Path Group: __VIRTUAL_CLK__
Path Type: min

Fanout         Cap        Slew       Delay        Time   Description
---------------------------------------------------------------------------------------------
                      0.000000    0.000000    0.000000   clock __VIRTUAL_CLK__ (rise edge)
                                  0.000000    0.000000   clock network delay (ideal)
                                  2.000000    2.000000 ^ input external delay
     1    0.003902    0.024511    0.014166    2.014166 ^ select[4] (in)
                                                         select[4] (net)
                      0.024511    0.000000    2.014166 ^ _12_/A (sky130_fd_sc_hd__or2_2)
     1    0.035510    0.185764    0.204720    2.218886 ^ _12_/X (sky130_fd_sc_hd__or2_2)
                                                         en[4] (net)
                      0.185765    0.000440    2.219326 ^ en[4] (out)
                                              2.219326   data arrival time

                      0.000000    0.000000    0.000000   clock __VIRTUAL_CLK__ (rise edge)
                                  0.000000    0.000000   clock network delay (ideal)
                                  0.250000    0.250000   clock uncertainty
                                  0.000000    0.250000   clock reconvergence pessimism
                                 -2.000000   -1.750000   output external delay
                                             -1.750000   data required time
---------------------------------------------------------------------------------------------
                                             -1.750000   data required time
                                             -2.219326   data arrival time
---------------------------------------------------------------------------------------------
                                              3.969326   slack (MET)


Startpoint: select[3] (input port clocked by __VIRTUAL_CLK__)
Endpoint: en[3] (output port clocked by __VIRTUAL_CLK__)
Path Group: __VIRTUAL_CLK__
Path Type: min

Fanout         Cap        Slew       Delay        Time   Description
---------------------------------------------------------------------------------------------
                      0.000000    0.000000    0.000000   clock __VIRTUAL_CLK__ (rise edge)
                                  0.000000    0.000000   clock network delay (ideal)
                                  2.000000    2.000000 ^ input external delay
     1    0.004414    0.026735    0.015950    2.015950 ^ select[3] (in)
                                                         select[3] (net)
                      0.026743    0.000000    2.015950 ^ _11_/A (sky130_fd_sc_hd__or2_2)
     1    0.035275    0.184610    0.204791    2.220741 ^ _11_/X (sky130_fd_sc_hd__or2_2)
                                                         en[3] (net)
                      0.184663    0.000405    2.221146 ^ en[3] (out)
                                              2.221146   data arrival time

                      0.000000    0.000000    0.000000   clock __VIRTUAL_CLK__ (rise edge)
                                  0.000000    0.000000   clock network delay (ideal)
                                  0.250000    0.250000   clock uncertainty
                                  0.000000    0.250000   clock reconvergence pessimism
                                 -2.000000   -1.750000   output external delay
                                             -1.750000   data required time
---------------------------------------------------------------------------------------------
                                             -1.750000   data required time
                                             -2.221146   data arrival time
---------------------------------------------------------------------------------------------
                                              3.971146   slack (MET)


Startpoint: select[2] (input port clocked by __VIRTUAL_CLK__)
Endpoint: en[2] (output port clocked by __VIRTUAL_CLK__)
Path Group: __VIRTUAL_CLK__
Path Type: min

Fanout         Cap        Slew       Delay        Time   Description
---------------------------------------------------------------------------------------------
                      0.000000    0.000000    0.000000   clock __VIRTUAL_CLK__ (rise edge)
                                  0.000000    0.000000   clock network delay (ideal)
                                  2.000000    2.000000 ^ input external delay
     1    0.004744    0.028176    0.017021    2.017021 ^ select[2] (in)
                                                         select[2] (net)
                      0.028177    0.000000    2.017021 ^ _10_/A (sky130_fd_sc_hd__or2_2)
     1    0.035223    0.184378    0.205166    2.222187 ^ _10_/X (sky130_fd_sc_hd__or2_2)
                                                         en[2] (net)
                      0.184431    0.000397    2.222584 ^ en[2] (out)
                                              2.222584   data arrival time

                      0.000000    0.000000    0.000000   clock __VIRTUAL_CLK__ (rise edge)
                                  0.000000    0.000000   clock network delay (ideal)
                                  0.250000    0.250000   clock uncertainty
                                  0.000000    0.250000   clock reconvergence pessimism
                                 -2.000000   -1.750000   output external delay
                                             -1.750000   data required time
---------------------------------------------------------------------------------------------
                                             -1.750000   data required time
                                             -2.222584   data arrival time
---------------------------------------------------------------------------------------------
                                              3.972584   slack (MET)


Startpoint: select[1] (input port clocked by __VIRTUAL_CLK__)
Endpoint: en[1] (output port clocked by __VIRTUAL_CLK__)
Path Group: __VIRTUAL_CLK__
Path Type: min

Fanout         Cap        Slew       Delay        Time   Description
---------------------------------------------------------------------------------------------
                      0.000000    0.000000    0.000000   clock __VIRTUAL_CLK__ (rise edge)
                                  0.000000    0.000000   clock network delay (ideal)
                                  2.000000    2.000000 ^ input external delay
     1    0.005058    0.029547    0.018041    2.018041 ^ select[1] (in)
                                                         select[1] (net)
                      0.029547    0.000000    2.018041 ^ _09_/A (sky130_fd_sc_hd__or2_2)
     1    0.035185    0.184218    0.205571    2.223611 ^ _09_/X (sky130_fd_sc_hd__or2_2)
                                                         en[1] (net)
                      0.184270    0.000392    2.224004 ^ en[1] (out)
                                              2.224004   data arrival time

                      0.000000    0.000000    0.000000   clock __VIRTUAL_CLK__ (rise edge)
                                  0.000000    0.000000   clock network delay (ideal)
                                  0.250000    0.250000   clock uncertainty
                                  0.000000    0.250000   clock reconvergence pessimism
                                 -2.000000   -1.750000   output external delay
                                             -1.750000   data required time
---------------------------------------------------------------------------------------------
                                             -1.750000   data required time
                                             -2.224004   data arrival time
---------------------------------------------------------------------------------------------
                                              3.974004   slack (MET)


Startpoint: select[0] (input port clocked by __VIRTUAL_CLK__)
Endpoint: en[0] (output port clocked by __VIRTUAL_CLK__)
Path Group: __VIRTUAL_CLK__
Path Type: min

Fanout         Cap        Slew       Delay        Time   Description
---------------------------------------------------------------------------------------------
                      0.000000    0.000000    0.000000   clock __VIRTUAL_CLK__ (rise edge)
                                  0.000000    0.000000   clock network delay (ideal)
                                  2.000000    2.000000 ^ input external delay
     1    0.005375    0.030934    0.019070    2.019070 ^ select[0] (in)
                                                         select[0] (net)
                      0.030934    0.000000    2.019070 ^ _08_/A (sky130_fd_sc_hd__or2_2)
     1    0.035146    0.184045    0.205972    2.225042 ^ _08_/X (sky130_fd_sc_hd__or2_2)
                                                         en[0] (net)
                      0.184097    0.000387    2.225428 ^ en[0] (out)
                                              2.225428   data arrival time

                      0.000000    0.000000    0.000000   clock __VIRTUAL_CLK__ (rise edge)
                                  0.000000    0.000000   clock network delay (ideal)
                                  0.250000    0.250000   clock uncertainty
                                  0.000000    0.250000   clock reconvergence pessimism
                                 -2.000000   -1.750000   output external delay
                                             -1.750000   data required time
---------------------------------------------------------------------------------------------
                                             -1.750000   data required time
                                             -2.225428   data arrival time
---------------------------------------------------------------------------------------------
                                              3.975428   slack (MET)


Startpoint: done_inc[4] (input port clocked by __VIRTUAL_CLK__)
Endpoint: inc[5] (output port clocked by __VIRTUAL_CLK__)
Path Group: __VIRTUAL_CLK__
Path Type: min

Fanout         Cap        Slew       Delay        Time   Description
---------------------------------------------------------------------------------------------
                      0.000000    0.000000    0.000000   clock __VIRTUAL_CLK__ (rise edge)
                                  0.000000    0.000000   clock network delay (ideal)
                                  2.000000    2.000000 ^ input external delay
     1    0.004162    0.025643    0.015070    2.015070 ^ done_inc[4] (in)
                                                         done_inc[4] (net)
                      0.025643    0.000000    2.015070 ^ _22_/A1 (sky130_fd_sc_hd__a21o_2)
     1    0.035218    0.177379    0.215221    2.230290 ^ _22_/X (sky130_fd_sc_hd__a21o_2)
                                                         inc[5] (net)
                      0.177379    0.000346    2.230636 ^ inc[5] (out)
                                              2.230636   data arrival time

                      0.000000    0.000000    0.000000   clock __VIRTUAL_CLK__ (rise edge)
                                  0.000000    0.000000   clock network delay (ideal)
                                  0.250000    0.250000   clock uncertainty
                                  0.000000    0.250000   clock reconvergence pessimism
                                 -2.000000   -1.750000   output external delay
                                             -1.750000   data required time
---------------------------------------------------------------------------------------------
                                             -1.750000   data required time
                                             -2.230636   data arrival time
---------------------------------------------------------------------------------------------
                                              3.980636   slack (MET)


Startpoint: done_inc[3] (input port clocked by __VIRTUAL_CLK__)
Endpoint: inc[4] (output port clocked by __VIRTUAL_CLK__)
Path Group: __VIRTUAL_CLK__
Path Type: min

Fanout         Cap        Slew       Delay        Time   Description
---------------------------------------------------------------------------------------------
                      0.000000    0.000000    0.000000   clock __VIRTUAL_CLK__ (rise edge)
                                  0.000000    0.000000   clock network delay (ideal)
                                  2.000000    2.000000 ^ input external delay
     1    0.004292    0.026208    0.015526    2.015526 ^ done_inc[3] (in)
                                                         done_inc[3] (net)
                      0.026208    0.000000    2.015526 ^ _23_/A1 (sky130_fd_sc_hd__a21o_2)
     1    0.035088    0.176757    0.214970    2.230496 ^ _23_/X (sky130_fd_sc_hd__a21o_2)
                                                         inc[4] (net)
                      0.176757    0.000327    2.230823 ^ inc[4] (out)
                                              2.230823   data arrival time

                      0.000000    0.000000    0.000000   clock __VIRTUAL_CLK__ (rise edge)
                                  0.000000    0.000000   clock network delay (ideal)
                                  0.250000    0.250000   clock uncertainty
                                  0.000000    0.250000   clock reconvergence pessimism
                                 -2.000000   -1.750000   output external delay
                                             -1.750000   data required time
---------------------------------------------------------------------------------------------
                                             -1.750000   data required time
                                             -2.230823   data arrival time
---------------------------------------------------------------------------------------------
                                              3.980823   slack (MET)


Startpoint: done_inc[2] (input port clocked by __VIRTUAL_CLK__)
Endpoint: inc[3] (output port clocked by __VIRTUAL_CLK__)
Path Group: __VIRTUAL_CLK__
Path Type: min

Fanout         Cap        Slew       Delay        Time   Description
---------------------------------------------------------------------------------------------
                      0.000000    0.000000    0.000000   clock __VIRTUAL_CLK__ (rise edge)
                                  0.000000    0.000000   clock network delay (ideal)
                                  2.000000    2.000000 ^ input external delay
     1    0.004425    0.026784    0.015975    2.015975 ^ done_inc[2] (in)
                                                         done_inc[2] (net)
                      0.026784    0.000000    2.015975 ^ _24_/A1 (sky130_fd_sc_hd__a21o_2)
     1    0.034955    0.176121    0.214714    2.230690 ^ _24_/X (sky130_fd_sc_hd__a21o_2)
                                                         inc[3] (net)
                      0.176121    0.000308    2.230997 ^ inc[3] (out)
                                              2.230997   data arrival time

                      0.000000    0.000000    0.000000   clock __VIRTUAL_CLK__ (rise edge)
                                  0.000000    0.000000   clock network delay (ideal)
                                  0.250000    0.250000   clock uncertainty
                                  0.000000    0.250000   clock reconvergence pessimism
                                 -2.000000   -1.750000   output external delay
                                             -1.750000   data required time
---------------------------------------------------------------------------------------------
                                             -1.750000   data required time
                                             -2.230997   data arrival time
---------------------------------------------------------------------------------------------
                                              3.980997   slack (MET)


Startpoint: done_inc[1] (input port clocked by __VIRTUAL_CLK__)
Endpoint: inc[2] (output port clocked by __VIRTUAL_CLK__)
Path Group: __VIRTUAL_CLK__
Path Type: min

Fanout         Cap        Slew       Delay        Time   Description
---------------------------------------------------------------------------------------------
                      0.000000    0.000000    0.000000   clock __VIRTUAL_CLK__ (rise edge)
                                  0.000000    0.000000   clock network delay (ideal)
                                  2.000000    2.000000 ^ input external delay
     1    0.004558    0.027358    0.016405    2.016405 ^ done_inc[1] (in)
                                                         done_inc[1] (net)
                      0.027367    0.000000    2.016405 ^ _25_/A1 (sky130_fd_sc_hd__a21o_2)
     1    0.034823    0.175486    0.214462    2.230867 ^ _25_/X (sky130_fd_sc_hd__a21o_2)
                                                         inc[2] (net)
                      0.175486    0.000288    2.231155 ^ inc[2] (out)
                                              2.231155   data arrival time

                      0.000000    0.000000    0.000000   clock __VIRTUAL_CLK__ (rise edge)
                                  0.000000    0.000000   clock network delay (ideal)
                                  0.250000    0.250000   clock uncertainty
                                  0.000000    0.250000   clock reconvergence pessimism
                                 -2.000000   -1.750000   output external delay
                                             -1.750000   data required time
---------------------------------------------------------------------------------------------
                                             -1.750000   data required time
                                             -2.231155   data arrival time
---------------------------------------------------------------------------------------------
                                              3.981155   slack (MET)


Startpoint: done_inc[0] (input port clocked by __VIRTUAL_CLK__)
Endpoint: inc[1] (output port clocked by __VIRTUAL_CLK__)
Path Group: __VIRTUAL_CLK__
Path Type: min

Fanout         Cap        Slew       Delay        Time   Description
---------------------------------------------------------------------------------------------
                      0.000000    0.000000    0.000000   clock __VIRTUAL_CLK__ (rise edge)
                                  0.000000    0.000000   clock network delay (ideal)
                                  2.000000    2.000000 ^ input external delay
     1    0.004669    0.027849    0.016765    2.016765 ^ done_inc[0] (in)
                                                         done_inc[0] (net)
                      0.027849    0.000000    2.016765 ^ _26_/A1 (sky130_fd_sc_hd__a21o_2)
     1    0.034712    0.174955    0.214248    2.231013 ^ _26_/X (sky130_fd_sc_hd__a21o_2)
                                                         inc[1] (net)
                      0.174955    0.000272    2.231285 ^ inc[1] (out)
                                              2.231285   data arrival time

                      0.000000    0.000000    0.000000   clock __VIRTUAL_CLK__ (rise edge)
                                  0.000000    0.000000   clock network delay (ideal)
                                  0.250000    0.250000   clock uncertainty
                                  0.000000    0.250000   clock reconvergence pessimism
                                 -2.000000   -1.750000   output external delay
                                             -1.750000   data required time
---------------------------------------------------------------------------------------------
                                             -1.750000   data required time
                                             -2.231285   data arrival time
---------------------------------------------------------------------------------------------
                                              3.981286   slack (MET)


Startpoint: button_dec (input port clocked by __VIRTUAL_CLK__)
Endpoint: dec[0] (output port clocked by __VIRTUAL_CLK__)
Path Group: __VIRTUAL_CLK__
Path Type: min

Fanout         Cap        Slew       Delay        Time   Description
---------------------------------------------------------------------------------------------
                      0.000000    0.000000    0.000000   clock __VIRTUAL_CLK__ (rise edge)
                                  0.000000    0.000000   clock network delay (ideal)
                                  2.000000    2.000000 ^ input external delay
     2    0.007929    0.042206    0.027344    2.027344 ^ button_dec (in)
                                                         button_dec (net)
                      0.042207    0.000000    2.027344 ^ _20_/A2 (sky130_fd_sc_hd__o21a_2)
     1    0.034638    0.184212    0.221275    2.248618 ^ _20_/X (sky130_fd_sc_hd__o21a_2)
                                                         dec[0] (net)
                      0.184212    0.000276    2.248894 ^ dec[0] (out)
                                              2.248894   data arrival time

                      0.000000    0.000000    0.000000   clock __VIRTUAL_CLK__ (rise edge)
                                  0.000000    0.000000   clock network delay (ideal)
                                  0.250000    0.250000   clock uncertainty
                                  0.000000    0.250000   clock reconvergence pessimism
                                 -2.000000   -1.750000   output external delay
                                             -1.750000   data required time
---------------------------------------------------------------------------------------------
                                             -1.750000   data required time
                                             -2.248894   data arrival time
---------------------------------------------------------------------------------------------
                                              3.998894   slack (MET)


Startpoint: done_dec[4] (input port clocked by __VIRTUAL_CLK__)
Endpoint: dec[5] (output port clocked by __VIRTUAL_CLK__)
Path Group: __VIRTUAL_CLK__
Path Type: min

Fanout         Cap        Slew       Delay        Time   Description
---------------------------------------------------------------------------------------------
                      0.000000    0.000000    0.000000   clock __VIRTUAL_CLK__ (rise edge)
                                  0.000000    0.000000   clock network delay (ideal)
                                  2.000000    2.000000 ^ input external delay
     1    0.004488    0.027056    0.016179    2.016179 ^ done_dec[4] (in)
                                                         done_dec[4] (net)
                      0.027056    0.000000    2.016179 ^ _15_/A3 (sky130_fd_sc_hd__a31o_2)
     1    0.034946    0.199241    0.268383    2.284562 ^ _15_/X (sky130_fd_sc_hd__a31o_2)
                                                         dec[5] (net)
                      0.199241    0.000303    2.284865 ^ dec[5] (out)
                                              2.284865   data arrival time

                      0.000000    0.000000    0.000000   clock __VIRTUAL_CLK__ (rise edge)
                                  0.000000    0.000000   clock network delay (ideal)
                                  0.250000    0.250000   clock uncertainty
                                  0.000000    0.250000   clock reconvergence pessimism
                                 -2.000000   -1.750000   output external delay
                                             -1.750000   data required time
---------------------------------------------------------------------------------------------
                                             -1.750000   data required time
                                             -2.284865   data arrival time
---------------------------------------------------------------------------------------------
                                              4.034865   slack (MET)


Startpoint: done_dec[3] (input port clocked by __VIRTUAL_CLK__)
Endpoint: dec[4] (output port clocked by __VIRTUAL_CLK__)
Path Group: __VIRTUAL_CLK__
Path Type: min

Fanout         Cap        Slew       Delay        Time   Description
---------------------------------------------------------------------------------------------
                      0.000000    0.000000    0.000000   clock __VIRTUAL_CLK__ (rise edge)
                                  0.000000    0.000000   clock network delay (ideal)
                                  2.000000    2.000000 ^ input external delay
     1    0.004613    0.027601    0.016586    2.016586 ^ done_dec[3] (in)
                                                         done_dec[3] (net)
                      0.027609    0.000000    2.016586 ^ _16_/A3 (sky130_fd_sc_hd__a31o_2)
     1    0.034821    0.198557    0.268075    2.284661 ^ _16_/X (sky130_fd_sc_hd__a31o_2)
                                                         dec[4] (net)
                      0.198557    0.000285    2.284946 ^ dec[4] (out)
                                              2.284946   data arrival time

                      0.000000    0.000000    0.000000   clock __VIRTUAL_CLK__ (rise edge)
                                  0.000000    0.000000   clock network delay (ideal)
                                  0.250000    0.250000   clock uncertainty
                                  0.000000    0.250000   clock reconvergence pessimism
                                 -2.000000   -1.750000   output external delay
                                             -1.750000   data required time
---------------------------------------------------------------------------------------------
                                             -1.750000   data required time
                                             -2.284946   data arrival time
---------------------------------------------------------------------------------------------
                                              4.034946   slack (MET)


Startpoint: done_dec[2] (input port clocked by __VIRTUAL_CLK__)
Endpoint: dec[3] (output port clocked by __VIRTUAL_CLK__)
Path Group: __VIRTUAL_CLK__
Path Type: min

Fanout         Cap        Slew       Delay        Time   Description
---------------------------------------------------------------------------------------------
                      0.000000    0.000000    0.000000   clock __VIRTUAL_CLK__ (rise edge)
                                  0.000000    0.000000   clock network delay (ideal)
                                  2.000000    2.000000 ^ input external delay
     1    0.004732    0.028124    0.016969    2.016969 ^ done_dec[2] (in)
                                                         done_dec[2] (net)
                      0.028124    0.000000    2.016969 ^ _17_/A3 (sky130_fd_sc_hd__a31o_2)
     1    0.034702    0.197913    0.267783    2.284752 ^ _17_/X (sky130_fd_sc_hd__a31o_2)
                                                         dec[3] (net)
                      0.197913    0.000268    2.285020 ^ dec[3] (out)
                                              2.285020   data arrival time

                      0.000000    0.000000    0.000000   clock __VIRTUAL_CLK__ (rise edge)
                                  0.000000    0.000000   clock network delay (ideal)
                                  0.250000    0.250000   clock uncertainty
                                  0.000000    0.250000   clock reconvergence pessimism
                                 -2.000000   -1.750000   output external delay
                                             -1.750000   data required time
---------------------------------------------------------------------------------------------
                                             -1.750000   data required time
                                             -2.285020   data arrival time
---------------------------------------------------------------------------------------------
                                              4.035019   slack (MET)


Startpoint: done_dec[1] (input port clocked by __VIRTUAL_CLK__)
Endpoint: dec[2] (output port clocked by __VIRTUAL_CLK__)
Path Group: __VIRTUAL_CLK__
Path Type: min

Fanout         Cap        Slew       Delay        Time   Description
---------------------------------------------------------------------------------------------
                      0.000000    0.000000    0.000000   clock __VIRTUAL_CLK__ (rise edge)
                                  0.000000    0.000000   clock network delay (ideal)
                                  2.000000    2.000000 ^ input external delay
     1    0.004881    0.028774    0.017454    2.017454 ^ done_dec[1] (in)
                                                         done_dec[1] (net)
                      0.028775    0.000000    2.017454 ^ _18_/A3 (sky130_fd_sc_hd__a31o_2)
     1    0.034553    0.197099    0.267413    2.284867 ^ _18_/X (sky130_fd_sc_hd__a31o_2)
                                                         dec[2] (net)
                      0.197099    0.000246    2.285114 ^ dec[2] (out)
                                              2.285114   data arrival time

                      0.000000    0.000000    0.000000   clock __VIRTUAL_CLK__ (rise edge)
                                  0.000000    0.000000   clock network delay (ideal)
                                  0.250000    0.250000   clock uncertainty
                                  0.000000    0.250000   clock reconvergence pessimism
                                 -2.000000   -1.750000   output external delay
                                             -1.750000   data required time
---------------------------------------------------------------------------------------------
                                             -1.750000   data required time
                                             -2.285114   data arrival time
---------------------------------------------------------------------------------------------
                                              4.035114   slack (MET)


Startpoint: done_dec[0] (input port clocked by __VIRTUAL_CLK__)
Endpoint: dec[1] (output port clocked by __VIRTUAL_CLK__)
Path Group: __VIRTUAL_CLK__
Path Type: min

Fanout         Cap        Slew       Delay        Time   Description
---------------------------------------------------------------------------------------------
                      0.000000    0.000000    0.000000   clock __VIRTUAL_CLK__ (rise edge)
                                  0.000000    0.000000   clock network delay (ideal)
                                  2.000000    2.000000 ^ input external delay
     1    0.004941    0.029037    0.017649    2.017649 ^ done_dec[0] (in)
                                                         done_dec[0] (net)
                      0.029037    0.000000    2.017649 ^ _19_/A3 (sky130_fd_sc_hd__a31o_2)
     1    0.034493    0.196771    0.267265    2.284914 ^ _19_/X (sky130_fd_sc_hd__a31o_2)
                                                         dec[1] (net)
                      0.196771    0.000238    2.285152 ^ dec[1] (out)
                                              2.285152   data arrival time

                      0.000000    0.000000    0.000000   clock __VIRTUAL_CLK__ (rise edge)
                                  0.000000    0.000000   clock network delay (ideal)
                                  0.250000    0.250000   clock uncertainty
                                  0.000000    0.250000   clock reconvergence pessimism
                                 -2.000000   -1.750000   output external delay
                                             -1.750000   data required time
---------------------------------------------------------------------------------------------
                                             -1.750000   data required time
                                             -2.285152   data arrival time
---------------------------------------------------------------------------------------------
                                              4.035152   slack (MET)



%OL_END_REPORT
%OL_CREATE_REPORT max.rpt

===========================================================================
report_checks -path_delay max (Setup)
============================================================================
======================= nom_tt_025C_1v80 Corner ===================================

Startpoint: mode[0] (input port clocked by __VIRTUAL_CLK__)
Endpoint: dec[5] (output port clocked by __VIRTUAL_CLK__)
Path Group: __VIRTUAL_CLK__
Path Type: max

Fanout         Cap        Slew       Delay        Time   Description
---------------------------------------------------------------------------------------------
                      0.000000    0.000000    0.000000   clock __VIRTUAL_CLK__ (rise edge)
                                  0.000000    0.000000   clock network delay (ideal)
                                  2.000000    2.000000 ^ input external delay
    11    0.040848    0.188210    0.130694    2.130694 ^ mode[0] (in)
                                                         mode[0] (net)
                      0.188216    0.000000    2.130694 ^ _14_/A_N (sky130_fd_sc_hd__and3b_2)
     5    0.010972    0.058931    0.255827    2.386521 v _14_/X (sky130_fd_sc_hd__and3b_2)
                                                         _03_ (net)
                      0.058931    0.000014    2.386535 v _15_/B1 (sky130_fd_sc_hd__a31o_2)
     1    0.034946    0.106275    0.298705    2.685240 v _15_/X (sky130_fd_sc_hd__a31o_2)
                                                         dec[5] (net)
                      0.106275    0.000303    2.685544 v dec[5] (out)
                                              2.685544   data arrival time

                      0.000000   10.000000   10.000000   clock __VIRTUAL_CLK__ (rise edge)
                                  0.000000   10.000000   clock network delay (ideal)
                                 -0.250000    9.750000   clock uncertainty
                                  0.000000    9.750000   clock reconvergence pessimism
                                 -2.000000    7.750000   output external delay
                                              7.750000   data required time
---------------------------------------------------------------------------------------------
                                              7.750000   data required time
                                             -2.685544   data arrival time
---------------------------------------------------------------------------------------------
                                              5.064456   slack (MET)


Startpoint: mode[0] (input port clocked by __VIRTUAL_CLK__)
Endpoint: dec[4] (output port clocked by __VIRTUAL_CLK__)
Path Group: __VIRTUAL_CLK__
Path Type: max

Fanout         Cap        Slew       Delay        Time   Description
---------------------------------------------------------------------------------------------
                      0.000000    0.000000    0.000000   clock __VIRTUAL_CLK__ (rise edge)
                                  0.000000    0.000000   clock network delay (ideal)
                                  2.000000    2.000000 ^ input external delay
    11    0.040848    0.188210    0.130694    2.130694 ^ mode[0] (in)
                                                         mode[0] (net)
                      0.188216    0.000000    2.130694 ^ _14_/A_N (sky130_fd_sc_hd__and3b_2)
     5    0.010972    0.058931    0.255827    2.386521 v _14_/X (sky130_fd_sc_hd__and3b_2)
                                                         _03_ (net)
                      0.058931    0.000014    2.386535 v _16_/B1 (sky130_fd_sc_hd__a31o_2)
     1    0.034821    0.106016    0.298489    2.685024 v _16_/X (sky130_fd_sc_hd__a31o_2)
                                                         dec[4] (net)
                      0.106016    0.000285    2.685309 v dec[4] (out)
                                              2.685309   data arrival time

                      0.000000   10.000000   10.000000   clock __VIRTUAL_CLK__ (rise edge)
                                  0.000000   10.000000   clock network delay (ideal)
                                 -0.250000    9.750000   clock uncertainty
                                  0.000000    9.750000   clock reconvergence pessimism
                                 -2.000000    7.750000   output external delay
                                              7.750000   data required time
---------------------------------------------------------------------------------------------
                                              7.750000   data required time
                                             -2.685309   data arrival time
---------------------------------------------------------------------------------------------
                                              5.064691   slack (MET)


Startpoint: mode[0] (input port clocked by __VIRTUAL_CLK__)
Endpoint: dec[3] (output port clocked by __VIRTUAL_CLK__)
Path Group: __VIRTUAL_CLK__
Path Type: max

Fanout         Cap        Slew       Delay        Time   Description
---------------------------------------------------------------------------------------------
                      0.000000    0.000000    0.000000   clock __VIRTUAL_CLK__ (rise edge)
                                  0.000000    0.000000   clock network delay (ideal)
                                  2.000000    2.000000 ^ input external delay
    11    0.040848    0.188210    0.130694    2.130694 ^ mode[0] (in)
                                                         mode[0] (net)
                      0.188216    0.000000    2.130694 ^ _14_/A_N (sky130_fd_sc_hd__and3b_2)
     5    0.010972    0.058931    0.255827    2.386521 v _14_/X (sky130_fd_sc_hd__and3b_2)
                                                         _03_ (net)
                      0.058931    0.000014    2.386535 v _17_/B1 (sky130_fd_sc_hd__a31o_2)
     1    0.034702    0.105772    0.298285    2.684820 v _17_/X (sky130_fd_sc_hd__a31o_2)
                                                         dec[3] (net)
                      0.105772    0.000268    2.685088 v dec[3] (out)
                                              2.685088   data arrival time

                      0.000000   10.000000   10.000000   clock __VIRTUAL_CLK__ (rise edge)
                                  0.000000   10.000000   clock network delay (ideal)
                                 -0.250000    9.750000   clock uncertainty
                                  0.000000    9.750000   clock reconvergence pessimism
                                 -2.000000    7.750000   output external delay
                                              7.750000   data required time
---------------------------------------------------------------------------------------------
                                              7.750000   data required time
                                             -2.685088   data arrival time
---------------------------------------------------------------------------------------------
                                              5.064912   slack (MET)


Startpoint: mode[0] (input port clocked by __VIRTUAL_CLK__)
Endpoint: dec[2] (output port clocked by __VIRTUAL_CLK__)
Path Group: __VIRTUAL_CLK__
Path Type: max

Fanout         Cap        Slew       Delay        Time   Description
---------------------------------------------------------------------------------------------
                      0.000000    0.000000    0.000000   clock __VIRTUAL_CLK__ (rise edge)
                                  0.000000    0.000000   clock network delay (ideal)
                                  2.000000    2.000000 ^ input external delay
    11    0.040848    0.188210    0.130694    2.130694 ^ mode[0] (in)
                                                         mode[0] (net)
                      0.188216    0.000000    2.130694 ^ _14_/A_N (sky130_fd_sc_hd__and3b_2)
     5    0.010972    0.058931    0.255827    2.386521 v _14_/X (sky130_fd_sc_hd__and3b_2)
                                                         _03_ (net)
                      0.058931    0.000013    2.386534 v _18_/B1 (sky130_fd_sc_hd__a31o_2)
     1    0.034553    0.105464    0.298028    2.684562 v _18_/X (sky130_fd_sc_hd__a31o_2)
                                                         dec[2] (net)
                      0.105464    0.000246    2.684809 v dec[2] (out)
                                              2.684809   data arrival time

                      0.000000   10.000000   10.000000   clock __VIRTUAL_CLK__ (rise edge)
                                  0.000000   10.000000   clock network delay (ideal)
                                 -0.250000    9.750000   clock uncertainty
                                  0.000000    9.750000   clock reconvergence pessimism
                                 -2.000000    7.750000   output external delay
                                              7.750000   data required time
---------------------------------------------------------------------------------------------
                                              7.750000   data required time
                                             -2.684809   data arrival time
---------------------------------------------------------------------------------------------
                                              5.065191   slack (MET)


Startpoint: mode[0] (input port clocked by __VIRTUAL_CLK__)
Endpoint: dec[1] (output port clocked by __VIRTUAL_CLK__)
Path Group: __VIRTUAL_CLK__
Path Type: max

Fanout         Cap        Slew       Delay        Time   Description
---------------------------------------------------------------------------------------------
                      0.000000    0.000000    0.000000   clock __VIRTUAL_CLK__ (rise edge)
                                  0.000000    0.000000   clock network delay (ideal)
                                  2.000000    2.000000 ^ input external delay
    11    0.040848    0.188210    0.130694    2.130694 ^ mode[0] (in)
                                                         mode[0] (net)
                      0.188216    0.000000    2.130694 ^ _14_/A_N (sky130_fd_sc_hd__and3b_2)
     5    0.010972    0.058931    0.255827    2.386521 v _14_/X (sky130_fd_sc_hd__and3b_2)
                                                         _03_ (net)
                      0.058931    0.000014    2.386535 v _19_/B1 (sky130_fd_sc_hd__a31o_2)
     1    0.034493    0.105340    0.297924    2.684459 v _19_/X (sky130_fd_sc_hd__a31o_2)
                                                         dec[1] (net)
                      0.105340    0.000238    2.684697 v dec[1] (out)
                                              2.684697   data arrival time

                      0.000000   10.000000   10.000000   clock __VIRTUAL_CLK__ (rise edge)
                                  0.000000   10.000000   clock network delay (ideal)
                                 -0.250000    9.750000   clock uncertainty
                                  0.000000    9.750000   clock reconvergence pessimism
                                 -2.000000    7.750000   output external delay
                                              7.750000   data required time
---------------------------------------------------------------------------------------------
                                              7.750000   data required time
                                             -2.684697   data arrival time
---------------------------------------------------------------------------------------------
                                              5.065303   slack (MET)


Startpoint: mode[1] (input port clocked by __VIRTUAL_CLK__)
Endpoint: inc[5] (output port clocked by __VIRTUAL_CLK__)
Path Group: __VIRTUAL_CLK__
Path Type: max

Fanout         Cap        Slew       Delay        Time   Description
---------------------------------------------------------------------------------------------
                      0.000000    0.000000    0.000000   clock __VIRTUAL_CLK__ (rise edge)
                                  0.000000    0.000000   clock network delay (ideal)
                                  2.000000    2.000000 ^ input external delay
    11    0.041236    0.189930    0.131726    2.131726 ^ mode[1] (in)
                                                         mode[1] (net)
                      0.189934    0.000000    2.131726 ^ _21_/A_N (sky130_fd_sc_hd__and3b_2)
     5    0.011434    0.058856    0.257610    2.389336 v _21_/X (sky130_fd_sc_hd__and3b_2)
                                                         _04_ (net)
                      0.058856    0.000030    2.389366 v _22_/B1 (sky130_fd_sc_hd__a21o_2)
     1    0.035218    0.108435    0.269367    2.658734 v _22_/X (sky130_fd_sc_hd__a21o_2)
                                                         inc[5] (net)
                      0.108435    0.000346    2.659080 v inc[5] (out)
                                              2.659080   data arrival time

                      0.000000   10.000000   10.000000   clock __VIRTUAL_CLK__ (rise edge)
                                  0.000000   10.000000   clock network delay (ideal)
                                 -0.250000    9.750000   clock uncertainty
                                  0.000000    9.750000   clock reconvergence pessimism
                                 -2.000000    7.750000   output external delay
                                              7.750000   data required time
---------------------------------------------------------------------------------------------
                                              7.750000   data required time
                                             -2.659080   data arrival time
---------------------------------------------------------------------------------------------
                                              5.090920   slack (MET)


Startpoint: mode[1] (input port clocked by __VIRTUAL_CLK__)
Endpoint: inc[4] (output port clocked by __VIRTUAL_CLK__)
Path Group: __VIRTUAL_CLK__
Path Type: max

Fanout         Cap        Slew       Delay        Time   Description
---------------------------------------------------------------------------------------------
                      0.000000    0.000000    0.000000   clock __VIRTUAL_CLK__ (rise edge)
                                  0.000000    0.000000   clock network delay (ideal)
                                  2.000000    2.000000 ^ input external delay
    11    0.041236    0.189930    0.131726    2.131726 ^ mode[1] (in)
                                                         mode[1] (net)
                      0.189934    0.000000    2.131726 ^ _21_/A_N (sky130_fd_sc_hd__and3b_2)
     5    0.011434    0.058856    0.257610    2.389336 v _21_/X (sky130_fd_sc_hd__and3b_2)
                                                         _04_ (net)
                      0.058856    0.000030    2.389366 v _23_/B1 (sky130_fd_sc_hd__a21o_2)
     1    0.035088    0.108114    0.269089    2.658455 v _23_/X (sky130_fd_sc_hd__a21o_2)
                                                         inc[4] (net)
                      0.108114    0.000327    2.658782 v inc[4] (out)
                                              2.658782   data arrival time

                      0.000000   10.000000   10.000000   clock __VIRTUAL_CLK__ (rise edge)
                                  0.000000   10.000000   clock network delay (ideal)
                                 -0.250000    9.750000   clock uncertainty
                                  0.000000    9.750000   clock reconvergence pessimism
                                 -2.000000    7.750000   output external delay
                                              7.750000   data required time
---------------------------------------------------------------------------------------------
                                              7.750000   data required time
                                             -2.658782   data arrival time
---------------------------------------------------------------------------------------------
                                              5.091218   slack (MET)


Startpoint: mode[1] (input port clocked by __VIRTUAL_CLK__)
Endpoint: inc[3] (output port clocked by __VIRTUAL_CLK__)
Path Group: __VIRTUAL_CLK__
Path Type: max

Fanout         Cap        Slew       Delay        Time   Description
---------------------------------------------------------------------------------------------
                      0.000000    0.000000    0.000000   clock __VIRTUAL_CLK__ (rise edge)
                                  0.000000    0.000000   clock network delay (ideal)
                                  2.000000    2.000000 ^ input external delay
    11    0.041236    0.189930    0.131726    2.131726 ^ mode[1] (in)
                                                         mode[1] (net)
                      0.189934    0.000000    2.131726 ^ _21_/A_N (sky130_fd_sc_hd__and3b_2)
     5    0.011434    0.058856    0.257610    2.389336 v _21_/X (sky130_fd_sc_hd__and3b_2)
                                                         _04_ (net)
                      0.058856    0.000030    2.389366 v _24_/B1 (sky130_fd_sc_hd__a21o_2)
     1    0.034955    0.107785    0.268805    2.658170 v _24_/X (sky130_fd_sc_hd__a21o_2)
                                                         inc[3] (net)
                      0.107786    0.000308    2.658478 v inc[3] (out)
                                              2.658478   data arrival time

                      0.000000   10.000000   10.000000   clock __VIRTUAL_CLK__ (rise edge)
                                  0.000000   10.000000   clock network delay (ideal)
                                 -0.250000    9.750000   clock uncertainty
                                  0.000000    9.750000   clock reconvergence pessimism
                                 -2.000000    7.750000   output external delay
                                              7.750000   data required time
---------------------------------------------------------------------------------------------
                                              7.750000   data required time
                                             -2.658478   data arrival time
---------------------------------------------------------------------------------------------
                                              5.091522   slack (MET)


Startpoint: mode[1] (input port clocked by __VIRTUAL_CLK__)
Endpoint: inc[2] (output port clocked by __VIRTUAL_CLK__)
Path Group: __VIRTUAL_CLK__
Path Type: max

Fanout         Cap        Slew       Delay        Time   Description
---------------------------------------------------------------------------------------------
                      0.000000    0.000000    0.000000   clock __VIRTUAL_CLK__ (rise edge)
                                  0.000000    0.000000   clock network delay (ideal)
                                  2.000000    2.000000 ^ input external delay
    11    0.041236    0.189930    0.131726    2.131726 ^ mode[1] (in)
                                                         mode[1] (net)
                      0.189934    0.000000    2.131726 ^ _21_/A_N (sky130_fd_sc_hd__and3b_2)
     5    0.011434    0.058856    0.257610    2.389336 v _21_/X (sky130_fd_sc_hd__and3b_2)
                                                         _04_ (net)
                      0.058856    0.000029    2.389365 v _25_/B1 (sky130_fd_sc_hd__a21o_2)
     1    0.034823    0.107458    0.268521    2.657886 v _25_/X (sky130_fd_sc_hd__a21o_2)
                                                         inc[2] (net)
                      0.107458    0.000288    2.658174 v inc[2] (out)
                                              2.658174   data arrival time

                      0.000000   10.000000   10.000000   clock __VIRTUAL_CLK__ (rise edge)
                                  0.000000   10.000000   clock network delay (ideal)
                                 -0.250000    9.750000   clock uncertainty
                                  0.000000    9.750000   clock reconvergence pessimism
                                 -2.000000    7.750000   output external delay
                                              7.750000   data required time
---------------------------------------------------------------------------------------------
                                              7.750000   data required time
                                             -2.658174   data arrival time
---------------------------------------------------------------------------------------------
                                              5.091826   slack (MET)


Startpoint: mode[1] (input port clocked by __VIRTUAL_CLK__)
Endpoint: inc[1] (output port clocked by __VIRTUAL_CLK__)
Path Group: __VIRTUAL_CLK__
Path Type: max

Fanout         Cap        Slew       Delay        Time   Description
---------------------------------------------------------------------------------------------
                      0.000000    0.000000    0.000000   clock __VIRTUAL_CLK__ (rise edge)
                                  0.000000    0.000000   clock network delay (ideal)
                                  2.000000    2.000000 ^ input external delay
    11    0.041236    0.189930    0.131726    2.131726 ^ mode[1] (in)
                                                         mode[1] (net)
                      0.189934    0.000000    2.131726 ^ _21_/A_N (sky130_fd_sc_hd__and3b_2)
     5    0.011434    0.058856    0.257610    2.389336 v _21_/X (sky130_fd_sc_hd__and3b_2)
                                                         _04_ (net)
                      0.058856    0.000030    2.389366 v _26_/B1 (sky130_fd_sc_hd__a21o_2)
     1    0.034712    0.107183    0.268283    2.657648 v _26_/X (sky130_fd_sc_hd__a21o_2)
                                                         inc[1] (net)
                      0.107183    0.000272    2.657921 v inc[1] (out)
                                              2.657921   data arrival time

                      0.000000   10.000000   10.000000   clock __VIRTUAL_CLK__ (rise edge)
                                  0.000000   10.000000   clock network delay (ideal)
                                 -0.250000    9.750000   clock uncertainty
                                  0.000000    9.750000   clock reconvergence pessimism
                                 -2.000000    7.750000   output external delay
                                              7.750000   data required time
---------------------------------------------------------------------------------------------
                                              7.750000   data required time
                                             -2.657921   data arrival time
---------------------------------------------------------------------------------------------
                                              5.092079   slack (MET)


Startpoint: mode[1] (input port clocked by __VIRTUAL_CLK__)
Endpoint: en[4] (output port clocked by __VIRTUAL_CLK__)
Path Group: __VIRTUAL_CLK__
Path Type: max

Fanout         Cap        Slew       Delay        Time   Description
---------------------------------------------------------------------------------------------
                      0.000000    0.000000    0.000000   clock __VIRTUAL_CLK__ (rise edge)
                                  0.000000    0.000000   clock network delay (ideal)
                                  2.000000    2.000000 ^ input external delay
    11    0.041236    0.189930    0.131873    2.131873 ^ mode[1] (in)
                                                         mode[1] (net)
                      0.189936    0.000000    2.131873 ^ _07_/A (sky130_fd_sc_hd__xnor2_2)
     6    0.008313    0.072076    0.109703    2.241576 v _07_/Y (sky130_fd_sc_hd__xnor2_2)
                                                         _02_ (net)
                      0.072076    0.000006    2.241583 v _12_/B (sky130_fd_sc_hd__or2_2)
     1    0.035510    0.131064    0.385114    2.626697 v _12_/X (sky130_fd_sc_hd__or2_2)
                                                         en[4] (net)
                      0.131064    0.000440    2.627137 v en[4] (out)
                                              2.627137   data arrival time

                      0.000000   10.000000   10.000000   clock __VIRTUAL_CLK__ (rise edge)
                                  0.000000   10.000000   clock network delay (ideal)
                                 -0.250000    9.750000   clock uncertainty
                                  0.000000    9.750000   clock reconvergence pessimism
                                 -2.000000    7.750000   output external delay
                                              7.750000   data required time
---------------------------------------------------------------------------------------------
                                              7.750000   data required time
                                             -2.627137   data arrival time
---------------------------------------------------------------------------------------------
                                              5.122863   slack (MET)


Startpoint: mode[1] (input port clocked by __VIRTUAL_CLK__)
Endpoint: en[5] (output port clocked by __VIRTUAL_CLK__)
Path Group: __VIRTUAL_CLK__
Path Type: max

Fanout         Cap        Slew       Delay        Time   Description
---------------------------------------------------------------------------------------------
                      0.000000    0.000000    0.000000   clock __VIRTUAL_CLK__ (rise edge)
                                  0.000000    0.000000   clock network delay (ideal)
                                  2.000000    2.000000 ^ input external delay
    11    0.041236    0.189930    0.131873    2.131873 ^ mode[1] (in)
                                                         mode[1] (net)
                      0.189936    0.000000    2.131873 ^ _07_/A (sky130_fd_sc_hd__xnor2_2)
     6    0.008313    0.072076    0.109703    2.241576 v _07_/Y (sky130_fd_sc_hd__xnor2_2)
                                                         _02_ (net)
                      0.072076    0.000008    2.241585 v _13_/B (sky130_fd_sc_hd__or2_2)
     1    0.035433    0.131008    0.384902    2.626487 v _13_/X (sky130_fd_sc_hd__or2_2)
                                                         en[5] (net)
                      0.131008    0.000429    2.626915 v en[5] (out)
                                              2.626915   data arrival time

                      0.000000   10.000000   10.000000   clock __VIRTUAL_CLK__ (rise edge)
                                  0.000000   10.000000   clock network delay (ideal)
                                 -0.250000    9.750000   clock uncertainty
                                  0.000000    9.750000   clock reconvergence pessimism
                                 -2.000000    7.750000   output external delay
                                              7.750000   data required time
---------------------------------------------------------------------------------------------
                                              7.750000   data required time
                                             -2.626915   data arrival time
---------------------------------------------------------------------------------------------
                                              5.123085   slack (MET)


Startpoint: mode[1] (input port clocked by __VIRTUAL_CLK__)
Endpoint: en[3] (output port clocked by __VIRTUAL_CLK__)
Path Group: __VIRTUAL_CLK__
Path Type: max

Fanout         Cap        Slew       Delay        Time   Description
---------------------------------------------------------------------------------------------
                      0.000000    0.000000    0.000000   clock __VIRTUAL_CLK__ (rise edge)
                                  0.000000    0.000000   clock network delay (ideal)
                                  2.000000    2.000000 ^ input external delay
    11    0.041236    0.189930    0.131873    2.131873 ^ mode[1] (in)
                                                         mode[1] (net)
                      0.189936    0.000000    2.131873 ^ _07_/A (sky130_fd_sc_hd__xnor2_2)
     6    0.008313    0.072076    0.109703    2.241576 v _07_/Y (sky130_fd_sc_hd__xnor2_2)
                                                         _02_ (net)
                      0.072076    0.000008    2.241584 v _11_/B (sky130_fd_sc_hd__or2_2)
     1    0.035275    0.131088    0.384467    2.626051 v _11_/X (sky130_fd_sc_hd__or2_2)
                                                         en[3] (net)
                      0.131088    0.000405    2.626456 v en[3] (out)
                                              2.626456   data arrival time

                      0.000000   10.000000   10.000000   clock __VIRTUAL_CLK__ (rise edge)
                                  0.000000   10.000000   clock network delay (ideal)
                                 -0.250000    9.750000   clock uncertainty
                                  0.000000    9.750000   clock reconvergence pessimism
                                 -2.000000    7.750000   output external delay
                                              7.750000   data required time
---------------------------------------------------------------------------------------------
                                              7.750000   data required time
                                             -2.626456   data arrival time
---------------------------------------------------------------------------------------------
                                              5.123544   slack (MET)


Startpoint: mode[1] (input port clocked by __VIRTUAL_CLK__)
Endpoint: en[2] (output port clocked by __VIRTUAL_CLK__)
Path Group: __VIRTUAL_CLK__
Path Type: max

Fanout         Cap        Slew       Delay        Time   Description
---------------------------------------------------------------------------------------------
                      0.000000    0.000000    0.000000   clock __VIRTUAL_CLK__ (rise edge)
                                  0.000000    0.000000   clock network delay (ideal)
                                  2.000000    2.000000 ^ input external delay
    11    0.041236    0.189930    0.131873    2.131873 ^ mode[1] (in)
                                                         mode[1] (net)
                      0.189936    0.000000    2.131873 ^ _07_/A (sky130_fd_sc_hd__xnor2_2)
     6    0.008313    0.072076    0.109703    2.241576 v _07_/Y (sky130_fd_sc_hd__xnor2_2)
                                                         _02_ (net)
                      0.072076    0.000007    2.241584 v _10_/B (sky130_fd_sc_hd__or2_2)
     1    0.035223    0.131171    0.384322    2.625905 v _10_/X (sky130_fd_sc_hd__or2_2)
                                                         en[2] (net)
                      0.131171    0.000397    2.626303 v en[2] (out)
                                              2.626303   data arrival time

                      0.000000   10.000000   10.000000   clock __VIRTUAL_CLK__ (rise edge)
                                  0.000000   10.000000   clock network delay (ideal)
                                 -0.250000    9.750000   clock uncertainty
                                  0.000000    9.750000   clock reconvergence pessimism
                                 -2.000000    7.750000   output external delay
                                              7.750000   data required time
---------------------------------------------------------------------------------------------
                                              7.750000   data required time
                                             -2.626303   data arrival time
---------------------------------------------------------------------------------------------
                                              5.123697   slack (MET)


Startpoint: mode[1] (input port clocked by __VIRTUAL_CLK__)
Endpoint: en[1] (output port clocked by __VIRTUAL_CLK__)
Path Group: __VIRTUAL_CLK__
Path Type: max

Fanout         Cap        Slew       Delay        Time   Description
---------------------------------------------------------------------------------------------
                      0.000000    0.000000    0.000000   clock __VIRTUAL_CLK__ (rise edge)
                                  0.000000    0.000000   clock network delay (ideal)
                                  2.000000    2.000000 ^ input external delay
    11    0.041236    0.189930    0.131873    2.131873 ^ mode[1] (in)
                                                         mode[1] (net)
                      0.189936    0.000000    2.131873 ^ _07_/A (sky130_fd_sc_hd__xnor2_2)
     6    0.008313    0.072076    0.109703    2.241576 v _07_/Y (sky130_fd_sc_hd__xnor2_2)
                                                         _02_ (net)
                      0.072076    0.000006    2.241582 v _09_/B (sky130_fd_sc_hd__or2_2)
     1    0.035185    0.131245    0.384219    2.625801 v _09_/X (sky130_fd_sc_hd__or2_2)
                                                         en[1] (net)
                      0.131245    0.000392    2.626194 v en[1] (out)
                                              2.626194   data arrival time

                      0.000000   10.000000   10.000000   clock __VIRTUAL_CLK__ (rise edge)
                                  0.000000   10.000000   clock network delay (ideal)
                                 -0.250000    9.750000   clock uncertainty
                                  0.000000    9.750000   clock reconvergence pessimism
                                 -2.000000    7.750000   output external delay
                                              7.750000   data required time
---------------------------------------------------------------------------------------------
                                              7.750000   data required time
                                             -2.626194   data arrival time
---------------------------------------------------------------------------------------------
                                              5.123806   slack (MET)


Startpoint: mode[1] (input port clocked by __VIRTUAL_CLK__)
Endpoint: en[0] (output port clocked by __VIRTUAL_CLK__)
Path Group: __VIRTUAL_CLK__
Path Type: max

Fanout         Cap        Slew       Delay        Time   Description
---------------------------------------------------------------------------------------------
                      0.000000    0.000000    0.000000   clock __VIRTUAL_CLK__ (rise edge)
                                  0.000000    0.000000   clock network delay (ideal)
                                  2.000000    2.000000 ^ input external delay
    11    0.041236    0.189930    0.131873    2.131873 ^ mode[1] (in)
                                                         mode[1] (net)
                      0.189936    0.000000    2.131873 ^ _07_/A (sky130_fd_sc_hd__xnor2_2)
     6    0.008313    0.072076    0.109703    2.241576 v _07_/Y (sky130_fd_sc_hd__xnor2_2)
                                                         _02_ (net)
                      0.072076    0.000004    2.241580 v _08_/B (sky130_fd_sc_hd__or2_2)
     1    0.035146    0.131338    0.384110    2.625690 v _08_/X (sky130_fd_sc_hd__or2_2)
                                                         en[0] (net)
                      0.131338    0.000387    2.626076 v en[0] (out)
                                              2.626076   data arrival time

                      0.000000   10.000000   10.000000   clock __VIRTUAL_CLK__ (rise edge)
                                  0.000000   10.000000   clock network delay (ideal)
                                 -0.250000    9.750000   clock uncertainty
                                  0.000000    9.750000   clock reconvergence pessimism
                                 -2.000000    7.750000   output external delay
                                              7.750000   data required time
---------------------------------------------------------------------------------------------
                                              7.750000   data required time
                                             -2.626076   data arrival time
---------------------------------------------------------------------------------------------
                                              5.123924   slack (MET)


Startpoint: mode[0] (input port clocked by __VIRTUAL_CLK__)
Endpoint: inc[0] (output port clocked by __VIRTUAL_CLK__)
Path Group: __VIRTUAL_CLK__
Path Type: max

Fanout         Cap        Slew       Delay        Time   Description
---------------------------------------------------------------------------------------------
                      0.000000    0.000000    0.000000   clock __VIRTUAL_CLK__ (rise edge)
                                  0.000000    0.000000   clock network delay (ideal)
                                  2.000000    2.000000 v input external delay
    11    0.038230    0.085993    0.061112    2.061112 v mode[0] (in)
                                                         mode[0] (net)
                      0.086002    0.000000    2.061112 v _27_/A1 (sky130_fd_sc_hd__a21oi_2)
     1    0.034874    0.429222    0.390453    2.451566 ^ _27_/Y (sky130_fd_sc_hd__a21oi_2)
                                                         inc[0] (net)
                      0.429222    0.000327    2.451892 ^ inc[0] (out)
                                              2.451892   data arrival time

                      0.000000   10.000000   10.000000   clock __VIRTUAL_CLK__ (rise edge)
                                  0.000000   10.000000   clock network delay (ideal)
                                 -0.250000    9.750000   clock uncertainty
                                  0.000000    9.750000   clock reconvergence pessimism
                                 -2.000000    7.750000   output external delay
                                              7.750000   data required time
---------------------------------------------------------------------------------------------
                                              7.750000   data required time
                                             -2.451892   data arrival time
---------------------------------------------------------------------------------------------
                                              5.298108   slack (MET)


Startpoint: mode[1] (input port clocked by __VIRTUAL_CLK__)
Endpoint: dec[0] (output port clocked by __VIRTUAL_CLK__)
Path Group: __VIRTUAL_CLK__
Path Type: max

Fanout         Cap        Slew       Delay        Time   Description
---------------------------------------------------------------------------------------------
                      0.000000    0.000000    0.000000   clock __VIRTUAL_CLK__ (rise edge)
                                  0.000000    0.000000   clock network delay (ideal)
                                  2.000000    2.000000 ^ input external delay
    11    0.041236    0.189930    0.131871    2.131871 ^ mode[1] (in)
                                                         mode[1] (net)
                      0.189936    0.000000    2.131871 ^ _20_/B1 (sky130_fd_sc_hd__o21a_2)
     1    0.034638    0.185485    0.279382    2.411253 ^ _20_/X (sky130_fd_sc_hd__o21a_2)
                                                         dec[0] (net)
                      0.185485    0.000276    2.411528 ^ dec[0] (out)
                                              2.411528   data arrival time

                      0.000000   10.000000   10.000000   clock __VIRTUAL_CLK__ (rise edge)
                                  0.000000   10.000000   clock network delay (ideal)
                                 -0.250000    9.750000   clock uncertainty
                                  0.000000    9.750000   clock reconvergence pessimism
                                 -2.000000    7.750000   output external delay
                                              7.750000   data required time
---------------------------------------------------------------------------------------------
                                              7.750000   data required time
                                             -2.411528   data arrival time
---------------------------------------------------------------------------------------------
                                              5.338471   slack (MET)



%OL_END_REPORT
%OL_CREATE_REPORT checks.rpt

===========================================================================
report_checks -unconstrained
===========================================================================
======================= nom_tt_025C_1v80 Corner ===================================

Startpoint: mode[0] (input port clocked by __VIRTUAL_CLK__)
Endpoint: dec[5] (output port clocked by __VIRTUAL_CLK__)
Path Group: __VIRTUAL_CLK__
Path Type: max

Fanout         Cap        Slew       Delay        Time   Description
---------------------------------------------------------------------------------------------
                      0.000000    0.000000    0.000000   clock __VIRTUAL_CLK__ (rise edge)
                                  0.000000    0.000000   clock network delay (ideal)
                                  2.000000    2.000000 ^ input external delay
    11    0.040848    0.188210    0.130694    2.130694 ^ mode[0] (in)
                                                         mode[0] (net)
                      0.188216    0.000000    2.130694 ^ _14_/A_N (sky130_fd_sc_hd__and3b_2)
     5    0.010972    0.058931    0.255827    2.386521 v _14_/X (sky130_fd_sc_hd__and3b_2)
                                                         _03_ (net)
                      0.058931    0.000014    2.386535 v _15_/B1 (sky130_fd_sc_hd__a31o_2)
     1    0.034946    0.106275    0.298705    2.685240 v _15_/X (sky130_fd_sc_hd__a31o_2)
                                                         dec[5] (net)
                      0.106275    0.000303    2.685544 v dec[5] (out)
                                              2.685544   data arrival time

                      0.000000   10.000000   10.000000   clock __VIRTUAL_CLK__ (rise edge)
                                  0.000000   10.000000   clock network delay (ideal)
                                 -0.250000    9.750000   clock uncertainty
                                  0.000000    9.750000   clock reconvergence pessimism
                                 -2.000000    7.750000   output external delay
                                              7.750000   data required time
---------------------------------------------------------------------------------------------
                                              7.750000   data required time
                                             -2.685544   data arrival time
---------------------------------------------------------------------------------------------
                                              5.064456   slack (MET)




===========================================================================
report_checks --slack_max -0.01
============================================================================
======================= nom_tt_025C_1v80 Corner ===================================

No paths found.


===========================================================================
 report_check_types -max_slew -max_cap -max_fanout -violators
============================================================================
======================= nom_tt_025C_1v80 Corner ===================================

max fanout

Pin                                   Limit Fanout  Slack
---------------------------------------------------------
mode[0]                                  10     11        (VIOLATED)
mode[1]                                  10     11        (VIOLATED)



===========================================================================
report_parasitic_annotation -report_unannotated
============================================================================
Found 0 unannotated drivers.
Found 0 partially unannotated drivers.

===========================================================================
max slew violation count 0
Writing metric design__max_slew_violation__count__corner:nom_tt_025C_1v80: 0
max fanout violation count 2
Writing metric design__max_fanout_violation__count__corner:nom_tt_025C_1v80: 2
max cap violation count 0
Writing metric design__max_cap_violation__count__corner:nom_tt_025C_1v80: 0
============================================================================

===========================================================================
check_setup -verbose -unconstrained_endpoints -multiple_clock -no_clock -no_input_delay -loops -generated_clocks
===========================================================================
%OL_END_REPORT
%OL_CREATE_REPORT power.rpt

===========================================================================
 report_power
============================================================================
======================= nom_tt_025C_1v80 Corner ===================================

Group                    Internal    Switching      Leakage        Total
                            Power        Power        Power        Power (Watts)
------------------------------------------------------------------------
Sequential           0.000000e+00 0.000000e+00 0.000000e+00 0.000000e+00   0.0%
Combinational        5.145959e-06 1.486303e-05 9.865177e-11 2.000909e-05 100.0%
Clock                0.000000e+00 0.000000e+00 6.480075e-11 6.480075e-11   0.0%
Macro                0.000000e+00 0.000000e+00 0.000000e+00 0.000000e+00   0.0%
Pad                  0.000000e+00 0.000000e+00 0.000000e+00 0.000000e+00   0.0%
------------------------------------------------------------------------
Total                5.145959e-06 1.486303e-05 1.634525e-10 2.000915e-05 100.0%
                            25.7%        74.3%         0.0%
Writing metric power__internal__total: 5.1459587666613515e-6
Writing metric power__switching__total: 1.4863030628475826e-5
Writing metric power__leakage__total: 1.634524737781362e-10
Writing metric power__total: 2.0009152649436146e-5

%OL_END_REPORT
%OL_CREATE_REPORT skew.min.rpt

===========================================================================
Clock Skew (Hold)
============================================================================
Writing metric clock__skew__worst_hold__corner:nom_tt_025C_1v80: 0.0
======================= nom_tt_025C_1v80 Corner ===================================

Clock __VIRTUAL_CLK__
No launch/capture paths found.

%OL_END_REPORT
%OL_CREATE_REPORT skew.max.rpt

===========================================================================
Clock Skew (Setup)
============================================================================
Writing metric clock__skew__worst_setup__corner:nom_tt_025C_1v80: 0.0
======================= nom_tt_025C_1v80 Corner ===================================

Clock __VIRTUAL_CLK__
No launch/capture paths found.

%OL_END_REPORT
%OL_CREATE_REPORT ws.min.rpt

===========================================================================
Worst Slack (Hold)
============================================================================
Writing metric timing__hold__ws__corner:nom_tt_025C_1v80: 3.928066871843289
nom_tt_025C_1v80: 3.928066871843289
%OL_END_REPORT
%OL_CREATE_REPORT ws.max.rpt

===========================================================================
Worst Slack (Setup)
============================================================================
Writing metric timing__setup__ws__corner:nom_tt_025C_1v80: 5.064456553030526
nom_tt_025C_1v80: 5.064456553030526
%OL_END_REPORT
%OL_CREATE_REPORT tns.min.rpt

===========================================================================
Total Negative Slack (Hold)
============================================================================
Writing metric timing__hold__tns__corner:nom_tt_025C_1v80: 0.0
nom_tt_025C_1v80: 0.0
%OL_END_REPORT
%OL_CREATE_REPORT tns.max.rpt

===========================================================================
Total Negative Slack (Setup)
============================================================================
Writing metric timing__setup__tns__corner:nom_tt_025C_1v80: 0.0
nom_tt_025C_1v80: 0.0
%OL_END_REPORT
%OL_CREATE_REPORT wns.min.rpt

===========================================================================
Worst Negative Slack (Hold)
============================================================================
Writing metric timing__hold__wns__corner:nom_tt_025C_1v80: 0
nom_tt_025C_1v80: 0
%OL_END_REPORT
%OL_CREATE_REPORT wns.max.rpt

===========================================================================
Worst Negative Slack (Setup)
============================================================================
Writing metric timing__setup__wns__corner:nom_tt_025C_1v80: 0.0
nom_tt_025C_1v80: 0.0
%OL_END_REPORT
%OL_CREATE_REPORT violator_list.rpt

===========================================================================
Violator List
============================================================================
Writing metric timing__hold_vio__count__corner:nom_tt_025C_1v80: 0
Writing metric timing__hold_r2r__ws__corner:nom_tt_025C_1v80: 1e30
Writing metric timing__hold_r2r_vio__count__corner:nom_tt_025C_1v80: 0
Writing metric timing__setup_vio__count__corner:nom_tt_025C_1v80: 0
Writing metric timing__setup_r2r__ws__corner:nom_tt_025C_1v80: 1e30
Writing metric timing__setup_r2r_vio__count__corner:nom_tt_025C_1v80: 0
%OL_END_REPORT
%OL_CREATE_REPORT unpropagated.rpt
__VIRTUAL_CLK__
%OL_END_REPORT
%OL_CREATE_REPORT clock.rpt
Clock: __VIRTUAL_CLK__
Sources: 
Generated: no
Virtual: yes
Propagated: no
Period: 10.000000

===========================================================================
report_clock_properties
============================================================================
Clock                   Period          Waveform
----------------------------------------------------
__VIRTUAL_CLK__      10.000000    0.000000  5.000000

===========================================================================
report_clock_latency
============================================================================
Clock __VIRTUAL_CLK__


===========================================================================
report_clock_min_period
============================================================================
__VIRTUAL_CLK__ period_min = 0.00 fmax = inf
%OL_END_REPORT
