122. Printing statistics.

=== counter_all ===

   Number of wires:                449
   Number of wire bits:            507
   Number of public wires:          25
   Number of public wire bits:      83
   Number of ports:                 15
   Number of port bits:             73
   Number of memories:               0
   Number of memory bits:            0
   Number of processes:              0
   Number of cells:                467
     $_ANDNOT_                     118
     $_AND_                         19
     $_MUX_                         86
     $_NAND_                        21
     $_NOR_                         31
     $_NOT_                         18
     $_ORNOT_                       17
     $_OR_                          52
     $_XNOR_                        22
     $_XOR_                         50
     sky130_fd_sc_hd__dfrtp_2       31
     sky130_fd_sc_hd__dfstp_2        2

   Area for cell type $_NOT_ is unknown!
   Area for cell type $_AND_ is unknown!
   Area for cell type $_NAND_ is unknown!
   Area for cell type $_OR_ is unknown!
   Area for cell type $_NOR_ is unknown!
   Area for cell type $_XOR_ is unknown!
   Area for cell type $_XNOR_ is unknown!
   Area for cell type $_ANDNOT_ is unknown!
   Area for cell type $_ORNOT_ is unknown!
   Area for cell type $_MUX_ is unknown!

   Chip area for module '\counter_all': 867.081600
     of which used for sequential elements: 867.081600 (100.00%)

