
===========================================================================
report_checks -unconstrained
===========================================================================
======================= nom_tt_025C_1v80 Corner ===================================

Startpoint: mode[1] (input port clocked by __VIRTUAL_CLK__)
Endpoint: inc[5] (output port clocked by __VIRTUAL_CLK__)
Path Group: __VIRTUAL_CLK__
Path Type: max

Fanout         Cap        Slew       Delay        Time   Description
---------------------------------------------------------------------------------------------
                      0.000000    0.000000    0.000000   clock __VIRTUAL_CLK__ (rise edge)
                                  0.000000    0.000000   clock network delay (ideal)
                                  2.000000    2.000000 v input external delay
     1    0.002849    0.008736    0.004519    2.004519 v mode[1] (in)
                                                         mode[1] (net)
                      0.008736    0.000000    2.004519 v input14/A (sky130_fd_sc_hd__buf_1)
     2    0.010634    0.068006    0.107472    2.111991 v input14/X (sky130_fd_sc_hd__buf_1)
                                                         net14 (net)
                      0.068007    0.000380    2.112371 v fanout39/A (sky130_fd_sc_hd__buf_2)
    10    0.031276    0.083208    0.184512    2.296883 v fanout39/X (sky130_fd_sc_hd__buf_2)
                                                         net39 (net)
                      0.083217    0.000872    2.297755 v _06_/A (sky130_fd_sc_hd__nor2_1)
     5    0.017750    0.323400    0.293932    2.591687 ^ _06_/Y (sky130_fd_sc_hd__nor2_1)
                                                         _01_ (net)
                      0.323401    0.000613    2.592299 ^ _22_/A2 (sky130_fd_sc_hd__a21o_1)
     1    0.008025    0.080434    0.198717    2.791016 ^ _22_/X (sky130_fd_sc_hd__a21o_1)
                                                         net38 (net)
                      0.080435    0.000372    2.791388 ^ output38/A (sky130_fd_sc_hd__buf_2)
     1    0.038006    0.187477    0.222853    3.014241 ^ output38/X (sky130_fd_sc_hd__buf_2)
                                                         inc[5] (net)
                      0.187554    0.001640    3.015881 ^ inc[5] (out)
                                              3.015881   data arrival time

                      0.000000   10.000000   10.000000   clock __VIRTUAL_CLK__ (rise edge)
                                  0.000000   10.000000   clock network delay (ideal)
                                 -0.250000    9.750000   clock uncertainty
                                  0.000000    9.750000   clock reconvergence pessimism
                                 -2.000000    7.750000   output external delay
                                              7.750000   data required time
---------------------------------------------------------------------------------------------
                                              7.750000   data required time
                                             -3.015881   data arrival time
---------------------------------------------------------------------------------------------
                                              4.734118   slack (MET)




===========================================================================
report_checks --slack_max -0.01
============================================================================
======================= nom_tt_025C_1v80 Corner ===================================

No paths found.


===========================================================================
 report_check_types -max_slew -max_cap -max_fanout -violators
============================================================================
======================= nom_tt_025C_1v80 Corner ===================================



===========================================================================
report_parasitic_annotation -report_unannotated
============================================================================
Found 0 unannotated drivers.
Found 0 partially unannotated drivers.

===========================================================================
max slew violation count 0
max fanout violation count 0
max cap violation count 0
============================================================================

===========================================================================
check_setup -verbose -unconstrained_endpoints -multiple_clock -no_clock -no_input_delay -loops -generated_clocks
===========================================================================
