
===========================================================================
report_checks -path_delay max (Setup)
============================================================================
======================= nom_ss_100C_1v60 Corner ===================================

Startpoint: month[0] (input port clocked by __VIRTUAL_CLK__)
Endpoint: day_num[0] (output port clocked by __VIRTUAL_CLK__)
Path Group: __VIRTUAL_CLK__
Path Type: max

Fanout         Cap        Slew       Delay        Time   Description
---------------------------------------------------------------------------------------------
                      0.000000    0.000000    0.000000   clock __VIRTUAL_CLK__ (rise edge)
                                  0.000000    0.000000   clock network delay (ideal)
                                  2.000000    2.000000 v input external delay
     1    0.003192    0.019965    0.010473    2.010473 v month[0] (in)
                                                         month[0] (net)
                      0.019965    0.000000    2.010473 v input2/A (sky130_fd_sc_hd__buf_1)
     3    0.011180    0.136961    0.208676    2.219149 v input2/X (sky130_fd_sc_hd__buf_1)
                                                         net2 (net)
                      0.136961    0.000323    2.219472 v _06_/A (sky130_fd_sc_hd__or4b_1)
     2    0.008634    0.245486    1.333440    3.552911 v _06_/X (sky130_fd_sc_hd__or4b_1)
                                                         net9 (net)
                      0.245486    0.000189    3.553101 v _07_/C (sky130_fd_sc_hd__nor3_1)
     1    0.003511    0.282207    0.311612    3.864712 ^ _07_/Y (sky130_fd_sc_hd__nor3_1)
                                                         _01_ (net)
                      0.282207    0.000106    3.864818 ^ _10_/A (sky130_fd_sc_hd__or3_1)
     1    0.006111    0.107673    0.298156    4.162974 ^ _10_/X (sky130_fd_sc_hd__or3_1)
                                                         net8 (net)
                      0.107673    0.000262    4.163236 ^ output8/A (sky130_fd_sc_hd__buf_2)
     1    0.034578    0.274545    0.362623    4.525859 ^ output8/X (sky130_fd_sc_hd__buf_2)
                                                         day_num[0] (net)
                      0.274545    0.000806    4.526665 ^ day_num[0] (out)
                                              4.526665   data arrival time

                      0.000000   10.000000   10.000000   clock __VIRTUAL_CLK__ (rise edge)
                                  0.000000   10.000000   clock network delay (ideal)
                                 -0.250000    9.750000   clock uncertainty
                                  0.000000    9.750000   clock reconvergence pessimism
                                 -2.000000    7.750000   output external delay
                                              7.750000   data required time
---------------------------------------------------------------------------------------------
                                              7.750000   data required time
                                             -4.526665   data arrival time
---------------------------------------------------------------------------------------------
                                              3.223335   slack (MET)


Startpoint: month[0] (input port clocked by __VIRTUAL_CLK__)
Endpoint: day_num[1] (output port clocked by __VIRTUAL_CLK__)
Path Group: __VIRTUAL_CLK__
Path Type: max

Fanout         Cap        Slew       Delay        Time   Description
---------------------------------------------------------------------------------------------
                      0.000000    0.000000    0.000000   clock __VIRTUAL_CLK__ (rise edge)
                                  0.000000    0.000000   clock network delay (ideal)
                                  2.000000    2.000000 v input external delay
     1    0.003192    0.019965    0.010473    2.010473 v month[0] (in)
                                                         month[0] (net)
                      0.019965    0.000000    2.010473 v input2/A (sky130_fd_sc_hd__buf_1)
     3    0.011180    0.136961    0.208676    2.219149 v input2/X (sky130_fd_sc_hd__buf_1)
                                                         net2 (net)
                      0.136961    0.000323    2.219472 v _06_/A (sky130_fd_sc_hd__or4b_1)
     2    0.008634    0.245486    1.333440    3.552911 v _06_/X (sky130_fd_sc_hd__or4b_1)
                                                         net9 (net)
                      0.245486    0.000330    3.553241 v output9/A (sky130_fd_sc_hd__buf_2)
     1    0.034319    0.166386    0.428892    3.982133 v output9/X (sky130_fd_sc_hd__buf_2)
                                                         day_num[1] (net)
                      0.166387    0.000733    3.982866 v day_num[1] (out)
                                              3.982866   data arrival time

                      0.000000   10.000000   10.000000   clock __VIRTUAL_CLK__ (rise edge)
                                  0.000000   10.000000   clock network delay (ideal)
                                 -0.250000    9.750000   clock uncertainty
                                  0.000000    9.750000   clock reconvergence pessimism
                                 -2.000000    7.750000   output external delay
                                              7.750000   data required time
---------------------------------------------------------------------------------------------
                                              7.750000   data required time
                                             -3.982866   data arrival time
---------------------------------------------------------------------------------------------
                                              3.767134   slack (MET)


Startpoint: am_pm (input port clocked by __VIRTUAL_CLK__)
Endpoint: hour_num[2] (output port clocked by __VIRTUAL_CLK__)
Path Group: __VIRTUAL_CLK__
Path Type: max

Fanout         Cap        Slew       Delay        Time   Description
---------------------------------------------------------------------------------------------
                      0.000000    0.000000    0.000000   clock __VIRTUAL_CLK__ (rise edge)
                                  0.000000    0.000000   clock network delay (ideal)
                                  2.000000    2.000000 ^ input external delay
     1    0.003769    0.038744    0.020917    2.020917 ^ am_pm (in)
                                                         am_pm (net)
                      0.038744    0.000000    2.020917 ^ input1/A (sky130_fd_sc_hd__buf_1)
     2    0.012968    0.254965    0.268326    2.289243 ^ input1/X (sky130_fd_sc_hd__buf_1)
                                                         net1 (net)
                      0.254968    0.000768    2.290011 ^ _17_/A (sky130_fd_sc_hd__clkbuf_1)
     1    0.002017    0.061295    0.211991    2.502002 ^ _17_/X (sky130_fd_sc_hd__clkbuf_1)
                                                         net10 (net)
                      0.061295    0.000040    2.502042 ^ output10/A (sky130_fd_sc_hd__buf_2)
     1    0.034413    0.273222    0.340222    2.842263 ^ output10/X (sky130_fd_sc_hd__buf_2)
                                                         hour_num[2] (net)
                      0.273222    0.000749    2.843012 ^ hour_num[2] (out)
                                              2.843012   data arrival time

                      0.000000   10.000000   10.000000   clock __VIRTUAL_CLK__ (rise edge)
                                  0.000000   10.000000   clock network delay (ideal)
                                 -0.250000    9.750000   clock uncertainty
                                  0.000000    9.750000   clock reconvergence pessimism
                                 -2.000000    7.750000   output external delay
                                              7.750000   data required time
---------------------------------------------------------------------------------------------
                                              7.750000   data required time
                                             -2.843012   data arrival time
---------------------------------------------------------------------------------------------
                                              4.906988   slack (MET)


Startpoint: am_pm (input port clocked by __VIRTUAL_CLK__)
Endpoint: hour_num[4] (output port clocked by __VIRTUAL_CLK__)
Path Group: __VIRTUAL_CLK__
Path Type: max

Fanout         Cap        Slew       Delay        Time   Description
---------------------------------------------------------------------------------------------
                      0.000000    0.000000    0.000000   clock __VIRTUAL_CLK__ (rise edge)
                                  0.000000    0.000000   clock network delay (ideal)
                                  2.000000    2.000000 ^ input external delay
     1    0.003769    0.038744    0.020917    2.020917 ^ am_pm (in)
                                                         am_pm (net)
                      0.038744    0.000000    2.020917 ^ input1/A (sky130_fd_sc_hd__buf_1)
     2    0.012968    0.254965    0.268326    2.289243 ^ input1/X (sky130_fd_sc_hd__buf_1)
                                                         net1 (net)
                      0.254968    0.000816    2.290058 ^ _04_/A (sky130_fd_sc_hd__inv_2)
     1    0.001846    0.048430    0.096942    2.387000 v _04_/Y (sky130_fd_sc_hd__inv_2)
                                                         net11 (net)
                      0.048430    0.000035    2.387035 v output11/A (sky130_fd_sc_hd__buf_2)
     1    0.034629    0.167490    0.335736    2.722771 v output11/X (sky130_fd_sc_hd__buf_2)
                                                         hour_num[4] (net)
                      0.167491    0.000820    2.723591 v hour_num[4] (out)
                                              2.723591   data arrival time

                      0.000000   10.000000   10.000000   clock __VIRTUAL_CLK__ (rise edge)
                                  0.000000   10.000000   clock network delay (ideal)
                                 -0.250000    9.750000   clock uncertainty
                                  0.000000    9.750000   clock reconvergence pessimism
                                 -2.000000    7.750000   output external delay
                                              7.750000   data required time
---------------------------------------------------------------------------------------------
                                              7.750000   data required time
                                             -2.723591   data arrival time
---------------------------------------------------------------------------------------------
                                              5.026409   slack (MET)



