
===========================================================================
report_checks -path_delay min (Hold)
============================================================================
======================= nom_ss_100C_1v60 Corner ===================================

Startpoint: _38_ (rising edge-triggered flip-flop clocked by clk)
Endpoint: _38_ (rising edge-triggered flip-flop clocked by clk)
Path Group: clk
Path Type: min

Fanout         Cap        Slew       Delay        Time   Description
---------------------------------------------------------------------------------------------
                                  0.000000    0.000000   clock clk (rise edge)
                                  0.000000    0.000000   clock source latency
     1    0.010576    0.085080    0.055334    0.055334 ^ clk (in)
                                                         clk (net)
                      0.085082    0.000000    0.055334 ^ clkbuf_0_clk/A (sky130_fd_sc_hd__clkbuf_16)
     2    0.017395    0.064182    0.224670    0.280004 ^ clkbuf_0_clk/X (sky130_fd_sc_hd__clkbuf_16)
                                                         clknet_0_clk (net)
                      0.064182    0.000437    0.280441 ^ clkbuf_1_1__f_clk/A (sky130_fd_sc_hd__clkbuf_16)
     1    0.002784    0.044674    0.191296    0.471738 ^ clkbuf_1_1__f_clk/X (sky130_fd_sc_hd__clkbuf_16)
                                                         clknet_1_1__leaf_clk (net)
                      0.044674    0.000082    0.471819 ^ _38_/CLK (sky130_fd_sc_hd__dfrtp_1)
     1    0.002409    0.073540    0.617736    1.089556 ^ _38_/Q (sky130_fd_sc_hd__dfrtp_1)
                                                         state_alarm (net)
                      0.073540    0.000073    1.089628 ^ hold1/A (sky130_fd_sc_hd__dlygate4sd3_1)
     2    0.008782    0.172273    1.119419    2.209047 ^ hold1/X (sky130_fd_sc_hd__dlygate4sd3_1)
                                                         net26 (net)
                      0.172273    0.000226    2.209273 ^ _19_/A (sky130_fd_sc_hd__xor2_1)
     1    0.003028    0.069690    0.168588    2.377860 v _19_/X (sky130_fd_sc_hd__xor2_1)
                                                         _00_ (net)
                      0.069690    0.000073    2.377933 v _38_/D (sky130_fd_sc_hd__dfrtp_1)
                                              2.377933   data arrival time

                                  0.000000    0.000000   clock clk (rise edge)
                                  0.000000    0.000000   clock source latency
     1    0.010576    0.085080    0.055334    0.055334 ^ clk (in)
                                                         clk (net)
                      0.085082    0.000000    0.055334 ^ clkbuf_0_clk/A (sky130_fd_sc_hd__clkbuf_16)
     2    0.017395    0.064182    0.224670    0.280004 ^ clkbuf_0_clk/X (sky130_fd_sc_hd__clkbuf_16)
                                                         clknet_0_clk (net)
                      0.064182    0.000437    0.280441 ^ clkbuf_1_1__f_clk/A (sky130_fd_sc_hd__clkbuf_16)
     1    0.002784    0.044674    0.191296    0.471738 ^ clkbuf_1_1__f_clk/X (sky130_fd_sc_hd__clkbuf_16)
                                                         clknet_1_1__leaf_clk (net)
                      0.044674    0.000082    0.471819 ^ _38_/CLK (sky130_fd_sc_hd__dfrtp_1)
                                  0.250000    0.721819   clock uncertainty
                                  0.000000    0.721819   clock reconvergence pessimism
                                 -0.103277    0.618542   library hold time
                                              0.618542   data required time
---------------------------------------------------------------------------------------------
                                              0.618542   data required time
                                             -2.377933   data arrival time
---------------------------------------------------------------------------------------------
                                              1.759391   slack (MET)


Startpoint: _39_ (rising edge-triggered flip-flop clocked by clk)
Endpoint: _39_ (rising edge-triggered flip-flop clocked by clk)
Path Group: clk
Path Type: min

Fanout         Cap        Slew       Delay        Time   Description
---------------------------------------------------------------------------------------------
                                  0.000000    0.000000   clock clk (rise edge)
                                  0.000000    0.000000   clock source latency
     1    0.010576    0.085080    0.055334    0.055334 ^ clk (in)
                                                         clk (net)
                      0.085082    0.000000    0.055334 ^ clkbuf_0_clk/A (sky130_fd_sc_hd__clkbuf_16)
     2    0.017395    0.064182    0.224670    0.280004 ^ clkbuf_0_clk/X (sky130_fd_sc_hd__clkbuf_16)
                                                         clknet_0_clk (net)
                      0.064182    0.000424    0.280428 ^ clkbuf_1_0__f_clk/A (sky130_fd_sc_hd__clkbuf_16)
     1    0.003362    0.045515    0.192391    0.472819 ^ clkbuf_1_0__f_clk/X (sky130_fd_sc_hd__clkbuf_16)
                                                         clknet_1_0__leaf_clk (net)
                      0.045516    0.000091    0.472910 ^ _39_/CLK (sky130_fd_sc_hd__dfrtp_1)
     2    0.006050    0.117141    0.663199    1.136109 ^ _39_/Q (sky130_fd_sc_hd__dfrtp_1)
                                                         net25 (net)
                      0.117141    0.000115    1.136224 ^ hold2/A (sky130_fd_sc_hd__dlygate4sd3_1)
     1    0.002557    0.088918    1.056080    2.192304 ^ hold2/X (sky130_fd_sc_hd__dlygate4sd3_1)
                                                         net27 (net)
                      0.088918    0.000049    2.192352 ^ _37_/A1 (sky130_fd_sc_hd__o21a_1)
     1    0.004091    0.087551    0.255017    2.447370 ^ _37_/X (sky130_fd_sc_hd__o21a_1)
                                                         _01_ (net)
                      0.087551    0.000116    2.447486 ^ _39_/D (sky130_fd_sc_hd__dfrtp_1)
                                              2.447486   data arrival time

                                  0.000000    0.000000   clock clk (rise edge)
                                  0.000000    0.000000   clock source latency
     1    0.010576    0.085080    0.055334    0.055334 ^ clk (in)
                                                         clk (net)
                      0.085082    0.000000    0.055334 ^ clkbuf_0_clk/A (sky130_fd_sc_hd__clkbuf_16)
     2    0.017395    0.064182    0.224670    0.280004 ^ clkbuf_0_clk/X (sky130_fd_sc_hd__clkbuf_16)
                                                         clknet_0_clk (net)
                      0.064182    0.000424    0.280428 ^ clkbuf_1_0__f_clk/A (sky130_fd_sc_hd__clkbuf_16)
     1    0.003362    0.045515    0.192391    0.472819 ^ clkbuf_1_0__f_clk/X (sky130_fd_sc_hd__clkbuf_16)
                                                         clknet_1_0__leaf_clk (net)
                      0.045516    0.000091    0.472910 ^ _39_/CLK (sky130_fd_sc_hd__dfrtp_1)
                                  0.250000    0.722910   clock uncertainty
                                  0.000000    0.722910   clock reconvergence pessimism
                                 -0.084966    0.637944   library hold time
                                              0.637944   data required time
---------------------------------------------------------------------------------------------
                                              0.637944   data required time
                                             -2.447486   data arrival time
---------------------------------------------------------------------------------------------
                                              1.809542   slack (MET)


Startpoint: _39_ (rising edge-triggered flip-flop clocked by clk)
Endpoint: alarm_o (output port clocked by clk)
Path Group: clk
Path Type: min

Fanout         Cap        Slew       Delay        Time   Description
---------------------------------------------------------------------------------------------
                                  0.000000    0.000000   clock clk (rise edge)
                                  0.000000    0.000000   clock source latency
     1    0.010576    0.085080    0.055334    0.055334 ^ clk (in)
                                                         clk (net)
                      0.085082    0.000000    0.055334 ^ clkbuf_0_clk/A (sky130_fd_sc_hd__clkbuf_16)
     2    0.017395    0.064182    0.224670    0.280004 ^ clkbuf_0_clk/X (sky130_fd_sc_hd__clkbuf_16)
                                                         clknet_0_clk (net)
                      0.064182    0.000424    0.280428 ^ clkbuf_1_0__f_clk/A (sky130_fd_sc_hd__clkbuf_16)
     1    0.003362    0.045515    0.192391    0.472819 ^ clkbuf_1_0__f_clk/X (sky130_fd_sc_hd__clkbuf_16)
                                                         clknet_1_0__leaf_clk (net)
                      0.045516    0.000091    0.472910 ^ _39_/CLK (sky130_fd_sc_hd__dfrtp_1)
     2    0.006050    0.117141    0.663199    1.136109 ^ _39_/Q (sky130_fd_sc_hd__dfrtp_1)
                                                         net25 (net)
                      0.117141    0.000170    1.136278 ^ output25/A (sky130_fd_sc_hd__buf_2)
     1    0.034937    0.277262    0.368833    1.505112 ^ output25/X (sky130_fd_sc_hd__buf_2)
                                                         alarm_o (net)
                      0.277262    0.000998    1.506110 ^ alarm_o (out)
                                              1.506110   data arrival time

                                  0.000000    0.000000   clock clk (rise edge)
                                  0.000000    0.000000   clock network delay (propagated)
                                  0.250000    0.250000   clock uncertainty
                                  0.000000    0.250000   clock reconvergence pessimism
                               -20000000.000000 -20000000.000000   output external delay
                                           -20000000.000000   data required time
---------------------------------------------------------------------------------------------
                                           -20000000.000000   data required time
                                             -1.506110   data arrival time
---------------------------------------------------------------------------------------------
                                           20000002.000000   slack (MET)


Startpoint: rst_n (input port clocked by clk)
Endpoint: _38_ (removal check against rising-edge clock clk)
Path Group: asynchronous
Path Type: min

Fanout         Cap        Slew       Delay        Time   Description
---------------------------------------------------------------------------------------------
                                  0.000000    0.000000   clock clk (rise edge)
                                  0.000000    0.000000   clock network delay (propagated)
                               20000000.000000 20000000.000000 ^ input external delay
     1    0.003159    0.034632    0.000000 20000000.000000 ^ rst_n (in)
                                                         rst_n (net)
                      0.034632    0.000000 20000000.000000 ^ input24/A (sky130_fd_sc_hd__buf_1)
     2    0.009843    0.198156    0.000000 20000000.000000 ^ input24/X (sky130_fd_sc_hd__buf_1)
                                                         net24 (net)
                      0.198156    0.000000 20000000.000000 ^ _38_/RESET_B (sky130_fd_sc_hd__dfrtp_1)
                                           20000000.000000   data arrival time

                                  0.000000    0.000000   clock clk (rise edge)
                                  0.000000    0.000000   clock source latency
     1    0.010576    0.085080    0.055334    0.055334 ^ clk (in)
                                                         clk (net)
                      0.085082    0.000000    0.055334 ^ clkbuf_0_clk/A (sky130_fd_sc_hd__clkbuf_16)
     2    0.017395    0.064182    0.224670    0.280004 ^ clkbuf_0_clk/X (sky130_fd_sc_hd__clkbuf_16)
                                                         clknet_0_clk (net)
                      0.064182    0.000437    0.280441 ^ clkbuf_1_1__f_clk/A (sky130_fd_sc_hd__clkbuf_16)
     1    0.002784    0.044674    0.191296    0.471738 ^ clkbuf_1_1__f_clk/X (sky130_fd_sc_hd__clkbuf_16)
                                                         clknet_1_1__leaf_clk (net)
                      0.044674    0.000082    0.471819 ^ _38_/CLK (sky130_fd_sc_hd__dfrtp_1)
                                  0.250000    0.721819   clock uncertainty
                                  0.000000    0.721819   clock reconvergence pessimism
                                  0.689205    1.411024   library removal time
                                              1.411024   data required time
---------------------------------------------------------------------------------------------
                                              1.411024   data required time
                                           -20000000.000000   data arrival time
---------------------------------------------------------------------------------------------
                                           19999998.000000   slack (MET)


Startpoint: rst_n (input port clocked by clk)
Endpoint: _39_ (removal check against rising-edge clock clk)
Path Group: asynchronous
Path Type: min

Fanout         Cap        Slew       Delay        Time   Description
---------------------------------------------------------------------------------------------
                                  0.000000    0.000000   clock clk (rise edge)
                                  0.000000    0.000000   clock network delay (propagated)
                               20000000.000000 20000000.000000 ^ input external delay
     1    0.003159    0.034632    0.000000 20000000.000000 ^ rst_n (in)
                                                         rst_n (net)
                      0.034632    0.000000 20000000.000000 ^ input24/A (sky130_fd_sc_hd__buf_1)
     2    0.009843    0.198156    0.000000 20000000.000000 ^ input24/X (sky130_fd_sc_hd__buf_1)
                                                         net24 (net)
                      0.198156    0.000000 20000000.000000 ^ _39_/RESET_B (sky130_fd_sc_hd__dfrtp_1)
                                           20000000.000000   data arrival time

                                  0.000000    0.000000   clock clk (rise edge)
                                  0.000000    0.000000   clock source latency
     1    0.010576    0.085080    0.055334    0.055334 ^ clk (in)
                                                         clk (net)
                      0.085082    0.000000    0.055334 ^ clkbuf_0_clk/A (sky130_fd_sc_hd__clkbuf_16)
     2    0.017395    0.064182    0.224670    0.280004 ^ clkbuf_0_clk/X (sky130_fd_sc_hd__clkbuf_16)
                                                         clknet_0_clk (net)
                      0.064182    0.000424    0.280428 ^ clkbuf_1_0__f_clk/A (sky130_fd_sc_hd__clkbuf_16)
     1    0.003362    0.045515    0.192391    0.472819 ^ clkbuf_1_0__f_clk/X (sky130_fd_sc_hd__clkbuf_16)
                                                         clknet_1_0__leaf_clk (net)
                      0.045516    0.000091    0.472910 ^ _39_/CLK (sky130_fd_sc_hd__dfrtp_1)
                                  0.250000    0.722910   clock uncertainty
                                  0.000000    0.722910   clock reconvergence pessimism
                                  0.689458    1.412368   library removal time
                                              1.412368   data required time
---------------------------------------------------------------------------------------------
                                              1.412368   data required time
                                           -20000000.000000   data arrival time
---------------------------------------------------------------------------------------------
                                           19999998.000000   slack (MET)



