Reading timing models for corner nom_ss_100C_1v60…
Reading cell library for the 'nom_ss_100C_1v60' corner at '/home/kien/.volare/volare/sky130/versions/0fe599b2afb6708d281543108caf8310912f54af/sky130A/libs.ref/sky130_fd_sc_hd/lib/sky130_fd_sc_hd__ss_100C_1v60.lib'…
Reading top-level netlist at '/home/kien/openlane2/MARCO/alarm/runs/RUN_2026-01-16_19-22-04/51-openroad-fillinsertion/alarm.nl.v'…
Linking design 'alarm' from netlist…
Warning: /home/kien/openlane2/MARCO/alarm/runs/RUN_2026-01-16_19-22-04/51-openroad-fillinsertion/alarm.nl.v line 163, module sky130_fd_sc_hd__tapvpwrvgnd_1 not found. Creating black box for TAP_TAPCELL_ROW_0_20.
Warning: /home/kien/openlane2/MARCO/alarm/runs/RUN_2026-01-16_19-22-04/51-openroad-fillinsertion/alarm.nl.v line 235, module sky130_fd_sc_hd__fill_1 not found. Creating black box for FILLER_0_3.
Warning: /home/kien/openlane2/MARCO/alarm/runs/RUN_2026-01-16_19-22-04/51-openroad-fillinsertion/alarm.nl.v line 242, module sky130_fd_sc_hd__fill_2 not found. Creating black box for FILLER_1_54.
Warning: /home/kien/openlane2/MARCO/alarm/runs/RUN_2026-01-16_19-22-04/51-openroad-fillinsertion/alarm.nl.v line 243, module sky130_ef_sc_hd__decap_12 not found. Creating black box for FILLER_1_57.
Reading design constraints file at '/nix/store/4pyixb03xfwwy77zxxplrggxrmm9f57y-python3-3.11.9-env/lib/python3.11/site-packages/openlane/scripts/base.sdc'…
[INFO] Using clock clk…
[INFO] Setting output delay to: 20000000
[INFO] Setting input delay to: 20000000
[INFO] Setting load to: 0.033442
[INFO] Setting clock uncertainty to: 0.25
[INFO] Setting clock transition to: 0.1499999999999999944488848768742172978818416595458984375
[INFO] Setting timing derate to: 5%
Reading top-level design parasitics for the 'nom_ss_100C_1v60' corner at '/home/kien/openlane2/MARCO/alarm/runs/RUN_2026-01-16_19-22-04/53-openroad-rcx/nom/alarm.nom.spef'…
%OL_CREATE_REPORT min.rpt

===========================================================================
report_checks -path_delay min (Hold)
============================================================================
======================= nom_ss_100C_1v60 Corner ===================================

Startpoint: _38_ (rising edge-triggered flip-flop clocked by clk)
Endpoint: _38_ (rising edge-triggered flip-flop clocked by clk)
Path Group: clk
Path Type: min

Fanout         Cap        Slew       Delay        Time   Description
---------------------------------------------------------------------------------------------
                                  0.000000    0.000000   clock clk (rise edge)
                                  0.000000    0.000000   clock source latency
     1    0.010576    0.085080    0.055334    0.055334 ^ clk (in)
                                                         clk (net)
                      0.085082    0.000000    0.055334 ^ clkbuf_0_clk/A (sky130_fd_sc_hd__clkbuf_16)
     2    0.017395    0.064182    0.224670    0.280004 ^ clkbuf_0_clk/X (sky130_fd_sc_hd__clkbuf_16)
                                                         clknet_0_clk (net)
                      0.064182    0.000437    0.280441 ^ clkbuf_1_1__f_clk/A (sky130_fd_sc_hd__clkbuf_16)
     1    0.002784    0.044674    0.191296    0.471738 ^ clkbuf_1_1__f_clk/X (sky130_fd_sc_hd__clkbuf_16)
                                                         clknet_1_1__leaf_clk (net)
                      0.044674    0.000082    0.471819 ^ _38_/CLK (sky130_fd_sc_hd__dfrtp_1)
     1    0.002409    0.073540    0.617736    1.089556 ^ _38_/Q (sky130_fd_sc_hd__dfrtp_1)
                                                         state_alarm (net)
                      0.073540    0.000073    1.089628 ^ hold1/A (sky130_fd_sc_hd__dlygate4sd3_1)
     2    0.008782    0.172273    1.119419    2.209047 ^ hold1/X (sky130_fd_sc_hd__dlygate4sd3_1)
                                                         net26 (net)
                      0.172273    0.000226    2.209273 ^ _19_/A (sky130_fd_sc_hd__xor2_1)
     1    0.003028    0.069690    0.168588    2.377860 v _19_/X (sky130_fd_sc_hd__xor2_1)
                                                         _00_ (net)
                      0.069690    0.000073    2.377933 v _38_/D (sky130_fd_sc_hd__dfrtp_1)
                                              2.377933   data arrival time

                                  0.000000    0.000000   clock clk (rise edge)
                                  0.000000    0.000000   clock source latency
     1    0.010576    0.085080    0.055334    0.055334 ^ clk (in)
                                                         clk (net)
                      0.085082    0.000000    0.055334 ^ clkbuf_0_clk/A (sky130_fd_sc_hd__clkbuf_16)
     2    0.017395    0.064182    0.224670    0.280004 ^ clkbuf_0_clk/X (sky130_fd_sc_hd__clkbuf_16)
                                                         clknet_0_clk (net)
                      0.064182    0.000437    0.280441 ^ clkbuf_1_1__f_clk/A (sky130_fd_sc_hd__clkbuf_16)
     1    0.002784    0.044674    0.191296    0.471738 ^ clkbuf_1_1__f_clk/X (sky130_fd_sc_hd__clkbuf_16)
                                                         clknet_1_1__leaf_clk (net)
                      0.044674    0.000082    0.471819 ^ _38_/CLK (sky130_fd_sc_hd__dfrtp_1)
                                  0.250000    0.721819   clock uncertainty
                                  0.000000    0.721819   clock reconvergence pessimism
                                 -0.103277    0.618542   library hold time
                                              0.618542   data required time
---------------------------------------------------------------------------------------------
                                              0.618542   data required time
                                             -2.377933   data arrival time
---------------------------------------------------------------------------------------------
                                              1.759391   slack (MET)


Startpoint: _39_ (rising edge-triggered flip-flop clocked by clk)
Endpoint: _39_ (rising edge-triggered flip-flop clocked by clk)
Path Group: clk
Path Type: min

Fanout         Cap        Slew       Delay        Time   Description
---------------------------------------------------------------------------------------------
                                  0.000000    0.000000   clock clk (rise edge)
                                  0.000000    0.000000   clock source latency
     1    0.010576    0.085080    0.055334    0.055334 ^ clk (in)
                                                         clk (net)
                      0.085082    0.000000    0.055334 ^ clkbuf_0_clk/A (sky130_fd_sc_hd__clkbuf_16)
     2    0.017395    0.064182    0.224670    0.280004 ^ clkbuf_0_clk/X (sky130_fd_sc_hd__clkbuf_16)
                                                         clknet_0_clk (net)
                      0.064182    0.000424    0.280428 ^ clkbuf_1_0__f_clk/A (sky130_fd_sc_hd__clkbuf_16)
     1    0.003362    0.045515    0.192391    0.472819 ^ clkbuf_1_0__f_clk/X (sky130_fd_sc_hd__clkbuf_16)
                                                         clknet_1_0__leaf_clk (net)
                      0.045516    0.000091    0.472910 ^ _39_/CLK (sky130_fd_sc_hd__dfrtp_1)
     2    0.006050    0.117141    0.663199    1.136109 ^ _39_/Q (sky130_fd_sc_hd__dfrtp_1)
                                                         net25 (net)
                      0.117141    0.000115    1.136224 ^ hold2/A (sky130_fd_sc_hd__dlygate4sd3_1)
     1    0.002557    0.088918    1.056080    2.192304 ^ hold2/X (sky130_fd_sc_hd__dlygate4sd3_1)
                                                         net27 (net)
                      0.088918    0.000049    2.192352 ^ _37_/A1 (sky130_fd_sc_hd__o21a_1)
     1    0.004091    0.087551    0.255017    2.447370 ^ _37_/X (sky130_fd_sc_hd__o21a_1)
                                                         _01_ (net)
                      0.087551    0.000116    2.447486 ^ _39_/D (sky130_fd_sc_hd__dfrtp_1)
                                              2.447486   data arrival time

                                  0.000000    0.000000   clock clk (rise edge)
                                  0.000000    0.000000   clock source latency
     1    0.010576    0.085080    0.055334    0.055334 ^ clk (in)
                                                         clk (net)
                      0.085082    0.000000    0.055334 ^ clkbuf_0_clk/A (sky130_fd_sc_hd__clkbuf_16)
     2    0.017395    0.064182    0.224670    0.280004 ^ clkbuf_0_clk/X (sky130_fd_sc_hd__clkbuf_16)
                                                         clknet_0_clk (net)
                      0.064182    0.000424    0.280428 ^ clkbuf_1_0__f_clk/A (sky130_fd_sc_hd__clkbuf_16)
     1    0.003362    0.045515    0.192391    0.472819 ^ clkbuf_1_0__f_clk/X (sky130_fd_sc_hd__clkbuf_16)
                                                         clknet_1_0__leaf_clk (net)
                      0.045516    0.000091    0.472910 ^ _39_/CLK (sky130_fd_sc_hd__dfrtp_1)
                                  0.250000    0.722910   clock uncertainty
                                  0.000000    0.722910   clock reconvergence pessimism
                                 -0.084966    0.637944   library hold time
                                              0.637944   data required time
---------------------------------------------------------------------------------------------
                                              0.637944   data required time
                                             -2.447486   data arrival time
---------------------------------------------------------------------------------------------
                                              1.809542   slack (MET)


Startpoint: _39_ (rising edge-triggered flip-flop clocked by clk)
Endpoint: alarm_o (output port clocked by clk)
Path Group: clk
Path Type: min

Fanout         Cap        Slew       Delay        Time   Description
---------------------------------------------------------------------------------------------
                                  0.000000    0.000000   clock clk (rise edge)
                                  0.000000    0.000000   clock source latency
     1    0.010576    0.085080    0.055334    0.055334 ^ clk (in)
                                                         clk (net)
                      0.085082    0.000000    0.055334 ^ clkbuf_0_clk/A (sky130_fd_sc_hd__clkbuf_16)
     2    0.017395    0.064182    0.224670    0.280004 ^ clkbuf_0_clk/X (sky130_fd_sc_hd__clkbuf_16)
                                                         clknet_0_clk (net)
                      0.064182    0.000424    0.280428 ^ clkbuf_1_0__f_clk/A (sky130_fd_sc_hd__clkbuf_16)
     1    0.003362    0.045515    0.192391    0.472819 ^ clkbuf_1_0__f_clk/X (sky130_fd_sc_hd__clkbuf_16)
                                                         clknet_1_0__leaf_clk (net)
                      0.045516    0.000091    0.472910 ^ _39_/CLK (sky130_fd_sc_hd__dfrtp_1)
     2    0.006050    0.117141    0.663199    1.136109 ^ _39_/Q (sky130_fd_sc_hd__dfrtp_1)
                                                         net25 (net)
                      0.117141    0.000170    1.136278 ^ output25/A (sky130_fd_sc_hd__buf_2)
     1    0.034937    0.277262    0.368833    1.505112 ^ output25/X (sky130_fd_sc_hd__buf_2)
                                                         alarm_o (net)
                      0.277262    0.000998    1.506110 ^ alarm_o (out)
                                              1.506110   data arrival time

                                  0.000000    0.000000   clock clk (rise edge)
                                  0.000000    0.000000   clock network delay (propagated)
                                  0.250000    0.250000   clock uncertainty
                                  0.000000    0.250000   clock reconvergence pessimism
                               -20000000.000000 -20000000.000000   output external delay
                                           -20000000.000000   data required time
---------------------------------------------------------------------------------------------
                                           -20000000.000000   data required time
                                             -1.506110   data arrival time
---------------------------------------------------------------------------------------------
                                           20000002.000000   slack (MET)


Startpoint: rst_n (input port clocked by clk)
Endpoint: _38_ (removal check against rising-edge clock clk)
Path Group: asynchronous
Path Type: min

Fanout         Cap        Slew       Delay        Time   Description
---------------------------------------------------------------------------------------------
                                  0.000000    0.000000   clock clk (rise edge)
                                  0.000000    0.000000   clock network delay (propagated)
                               20000000.000000 20000000.000000 ^ input external delay
     1    0.003159    0.034632    0.000000 20000000.000000 ^ rst_n (in)
                                                         rst_n (net)
                      0.034632    0.000000 20000000.000000 ^ input24/A (sky130_fd_sc_hd__buf_1)
     2    0.009843    0.198156    0.000000 20000000.000000 ^ input24/X (sky130_fd_sc_hd__buf_1)
                                                         net24 (net)
                      0.198156    0.000000 20000000.000000 ^ _38_/RESET_B (sky130_fd_sc_hd__dfrtp_1)
                                           20000000.000000   data arrival time

                                  0.000000    0.000000   clock clk (rise edge)
                                  0.000000    0.000000   clock source latency
     1    0.010576    0.085080    0.055334    0.055334 ^ clk (in)
                                                         clk (net)
                      0.085082    0.000000    0.055334 ^ clkbuf_0_clk/A (sky130_fd_sc_hd__clkbuf_16)
     2    0.017395    0.064182    0.224670    0.280004 ^ clkbuf_0_clk/X (sky130_fd_sc_hd__clkbuf_16)
                                                         clknet_0_clk (net)
                      0.064182    0.000437    0.280441 ^ clkbuf_1_1__f_clk/A (sky130_fd_sc_hd__clkbuf_16)
     1    0.002784    0.044674    0.191296    0.471738 ^ clkbuf_1_1__f_clk/X (sky130_fd_sc_hd__clkbuf_16)
                                                         clknet_1_1__leaf_clk (net)
                      0.044674    0.000082    0.471819 ^ _38_/CLK (sky130_fd_sc_hd__dfrtp_1)
                                  0.250000    0.721819   clock uncertainty
                                  0.000000    0.721819   clock reconvergence pessimism
                                  0.689205    1.411024   library removal time
                                              1.411024   data required time
---------------------------------------------------------------------------------------------
                                              1.411024   data required time
                                           -20000000.000000   data arrival time
---------------------------------------------------------------------------------------------
                                           19999998.000000   slack (MET)


Startpoint: rst_n (input port clocked by clk)
Endpoint: _39_ (removal check against rising-edge clock clk)
Path Group: asynchronous
Path Type: min

Fanout         Cap        Slew       Delay        Time   Description
---------------------------------------------------------------------------------------------
                                  0.000000    0.000000   clock clk (rise edge)
                                  0.000000    0.000000   clock network delay (propagated)
                               20000000.000000 20000000.000000 ^ input external delay
     1    0.003159    0.034632    0.000000 20000000.000000 ^ rst_n (in)
                                                         rst_n (net)
                      0.034632    0.000000 20000000.000000 ^ input24/A (sky130_fd_sc_hd__buf_1)
     2    0.009843    0.198156    0.000000 20000000.000000 ^ input24/X (sky130_fd_sc_hd__buf_1)
                                                         net24 (net)
                      0.198156    0.000000 20000000.000000 ^ _39_/RESET_B (sky130_fd_sc_hd__dfrtp_1)
                                           20000000.000000   data arrival time

                                  0.000000    0.000000   clock clk (rise edge)
                                  0.000000    0.000000   clock source latency
     1    0.010576    0.085080    0.055334    0.055334 ^ clk (in)
                                                         clk (net)
                      0.085082    0.000000    0.055334 ^ clkbuf_0_clk/A (sky130_fd_sc_hd__clkbuf_16)
     2    0.017395    0.064182    0.224670    0.280004 ^ clkbuf_0_clk/X (sky130_fd_sc_hd__clkbuf_16)
                                                         clknet_0_clk (net)
                      0.064182    0.000424    0.280428 ^ clkbuf_1_0__f_clk/A (sky130_fd_sc_hd__clkbuf_16)
     1    0.003362    0.045515    0.192391    0.472819 ^ clkbuf_1_0__f_clk/X (sky130_fd_sc_hd__clkbuf_16)
                                                         clknet_1_0__leaf_clk (net)
                      0.045516    0.000091    0.472910 ^ _39_/CLK (sky130_fd_sc_hd__dfrtp_1)
                                  0.250000    0.722910   clock uncertainty
                                  0.000000    0.722910   clock reconvergence pessimism
                                  0.689458    1.412368   library removal time
                                              1.412368   data required time
---------------------------------------------------------------------------------------------
                                              1.412368   data required time
                                           -20000000.000000   data arrival time
---------------------------------------------------------------------------------------------
                                           19999998.000000   slack (MET)



%OL_END_REPORT
%OL_CREATE_REPORT max.rpt

===========================================================================
report_checks -path_delay max (Setup)
============================================================================
======================= nom_ss_100C_1v60 Corner ===================================

Startpoint: _39_ (rising edge-triggered flip-flop clocked by clk)
Endpoint: alarm_o (output port clocked by clk)
Path Group: clk
Path Type: max

Fanout         Cap        Slew       Delay        Time   Description
---------------------------------------------------------------------------------------------
                                  0.000000    0.000000   clock clk (rise edge)
                                  0.000000    0.000000   clock source latency
     1    0.010576    0.085080    0.055334    0.055334 ^ clk (in)
                                                         clk (net)
                      0.085082    0.000000    0.055334 ^ clkbuf_0_clk/A (sky130_fd_sc_hd__clkbuf_16)
     2    0.017395    0.064182    0.224670    0.280004 ^ clkbuf_0_clk/X (sky130_fd_sc_hd__clkbuf_16)
                                                         clknet_0_clk (net)
                      0.064182    0.000424    0.280428 ^ clkbuf_1_0__f_clk/A (sky130_fd_sc_hd__clkbuf_16)
     1    0.003362    0.045515    0.192391    0.472819 ^ clkbuf_1_0__f_clk/X (sky130_fd_sc_hd__clkbuf_16)
                                                         clknet_1_0__leaf_clk (net)
                      0.045516    0.000091    0.472910 ^ _39_/CLK (sky130_fd_sc_hd__dfrtp_1)
     2    0.006050    0.117141    0.663199    1.136109 ^ _39_/Q (sky130_fd_sc_hd__dfrtp_1)
                                                         net25 (net)
                      0.117141    0.000170    1.136278 ^ output25/A (sky130_fd_sc_hd__buf_2)
     1    0.034937    0.277262    0.368833    1.505112 ^ output25/X (sky130_fd_sc_hd__buf_2)
                                                         alarm_o (net)
                      0.277262    0.000998    1.506110 ^ alarm_o (out)
                                              1.506110   data arrival time

                               100000000.000000 100000000.000000   clock clk (rise edge)
                                  0.000000 100000000.000000   clock network delay (propagated)
                                 -0.250000 100000000.000000   clock uncertainty
                                  0.000000 100000000.000000   clock reconvergence pessimism
                               -20000000.000000 80000000.000000   output external delay
                                           80000000.000000   data required time
---------------------------------------------------------------------------------------------
                                           80000000.000000   data required time
                                             -1.506110   data arrival time
---------------------------------------------------------------------------------------------
                                           80000000.000000   slack (MET)


Startpoint: alarm_i (input port clocked by clk)
Endpoint: _38_ (rising edge-triggered flip-flop clocked by clk)
Path Group: clk
Path Type: max

Fanout         Cap        Slew       Delay        Time   Description
---------------------------------------------------------------------------------------------
                                  0.000000    0.000000   clock clk (rise edge)
                                  0.000000    0.000000   clock network delay (propagated)
                               20000000.000000 20000000.000000 v input external delay
     1    0.003936    0.022886    0.000000 20000000.000000 v alarm_i (in)
                                                         alarm_i (net)
                      0.022886    0.000000 20000000.000000 v input6/A (sky130_fd_sc_hd__buf_1)
     1    0.007802    0.101686    0.000000 20000000.000000 v input6/X (sky130_fd_sc_hd__buf_1)
                                                         net6 (net)
                      0.101686    0.000000 20000000.000000 v _19_/B (sky130_fd_sc_hd__xor2_1)
     1    0.003043    0.189986    0.000000 20000000.000000 ^ _19_/X (sky130_fd_sc_hd__xor2_1)
                                                         _00_ (net)
                      0.189986    0.000000 20000000.000000 ^ _38_/D (sky130_fd_sc_hd__dfrtp_1)
                                           20000000.000000   data arrival time

                               100000000.000000 100000000.000000   clock clk (rise edge)
                                  0.000000 100000000.000000   clock source latency
     1    0.010576    0.085080    0.000000 100000000.000000 ^ clk (in)
                                                         clk (net)
                      0.085082    0.000000 100000000.000000 ^ clkbuf_0_clk/A (sky130_fd_sc_hd__clkbuf_16)
     2    0.017395    0.064182    0.000000 100000000.000000 ^ clkbuf_0_clk/X (sky130_fd_sc_hd__clkbuf_16)
                                                         clknet_0_clk (net)
                      0.064182    0.000000 100000000.000000 ^ clkbuf_1_1__f_clk/A (sky130_fd_sc_hd__clkbuf_16)
     1    0.002784    0.044674    0.000000 100000000.000000 ^ clkbuf_1_1__f_clk/X (sky130_fd_sc_hd__clkbuf_16)
                                                         clknet_1_1__leaf_clk (net)
                      0.044674    0.000000 100000000.000000 ^ _38_/CLK (sky130_fd_sc_hd__dfrtp_1)
                                 -0.250000 100000000.000000   clock uncertainty
                                  0.000000 100000000.000000   clock reconvergence pessimism
                                 -0.167737 100000000.000000   library setup time
                                           100000000.000000   data required time
---------------------------------------------------------------------------------------------
                                           100000000.000000   data required time
                                           -20000000.000000   data arrival time
---------------------------------------------------------------------------------------------
                                           80000000.000000   slack (MET)


Startpoint: rst_n (input port clocked by clk)
Endpoint: _38_ (recovery check against rising-edge clock clk)
Path Group: asynchronous
Path Type: max

Fanout         Cap        Slew       Delay        Time   Description
---------------------------------------------------------------------------------------------
                                  0.000000    0.000000   clock clk (rise edge)
                                  0.000000    0.000000   clock network delay (propagated)
                               20000000.000000 20000000.000000 ^ input external delay
     1    0.003159    0.034632    0.000000 20000000.000000 ^ rst_n (in)
                                                         rst_n (net)
                      0.034632    0.000000 20000000.000000 ^ input24/A (sky130_fd_sc_hd__buf_1)
     2    0.009843    0.198156    0.000000 20000000.000000 ^ input24/X (sky130_fd_sc_hd__buf_1)
                                                         net24 (net)
                      0.198156    0.000000 20000000.000000 ^ _38_/RESET_B (sky130_fd_sc_hd__dfrtp_1)
                                           20000000.000000   data arrival time

                               100000000.000000 100000000.000000   clock clk (rise edge)
                                  0.000000 100000000.000000   clock source latency
     1    0.010576    0.085080    0.000000 100000000.000000 ^ clk (in)
                                                         clk (net)
                      0.085082    0.000000 100000000.000000 ^ clkbuf_0_clk/A (sky130_fd_sc_hd__clkbuf_16)
     2    0.017395    0.064182    0.000000 100000000.000000 ^ clkbuf_0_clk/X (sky130_fd_sc_hd__clkbuf_16)
                                                         clknet_0_clk (net)
                      0.064182    0.000000 100000000.000000 ^ clkbuf_1_1__f_clk/A (sky130_fd_sc_hd__clkbuf_16)
     1    0.002784    0.044674    0.000000 100000000.000000 ^ clkbuf_1_1__f_clk/X (sky130_fd_sc_hd__clkbuf_16)
                                                         clknet_1_1__leaf_clk (net)
                      0.044674    0.000000 100000000.000000 ^ _38_/CLK (sky130_fd_sc_hd__dfrtp_1)
                                 -0.250000 100000000.000000   clock uncertainty
                                  0.000000 100000000.000000   clock reconvergence pessimism
                                  0.406594 100000000.000000   library recovery time
                                           100000000.000000   data required time
---------------------------------------------------------------------------------------------
                                           100000000.000000   data required time
                                           -20000000.000000   data arrival time
---------------------------------------------------------------------------------------------
                                           80000000.000000   slack (MET)


Startpoint: alarm_min[4] (input port clocked by clk)
Endpoint: _39_ (rising edge-triggered flip-flop clocked by clk)
Path Group: clk
Path Type: max

Fanout         Cap        Slew       Delay        Time   Description
---------------------------------------------------------------------------------------------
                                  0.000000    0.000000   clock clk (rise edge)
                                  0.000000    0.000000   clock network delay (propagated)
                               20000000.000000 20000000.000000 ^ input external delay
     1    0.002808    0.032305    0.000000 20000000.000000 ^ alarm_min[4] (in)
                                                         alarm_min[4] (net)
                      0.032305    0.000000 20000000.000000 ^ input11/A (sky130_fd_sc_hd__clkbuf_1)
     1    0.005956    0.128051    0.000000 20000000.000000 ^ input11/X (sky130_fd_sc_hd__clkbuf_1)
                                                         net11 (net)
                      0.128051    0.000000 20000000.000000 ^ _34_/B (sky130_fd_sc_hd__xor2_1)
     1    0.001845    0.083201    0.000000 20000000.000000 v _34_/X (sky130_fd_sc_hd__xor2_1)
                                                         _16_ (net)
                      0.083201    0.000000 20000000.000000 v _35_/D (sky130_fd_sc_hd__or4_1)
     1    0.002610    0.173186    1.862645 20000002.000000 v _35_/X (sky130_fd_sc_hd__or4_1)
                                                         _17_ (net)
                      0.173186    0.000000 20000002.000000 v _36_/C (sky130_fd_sc_hd__nor3_1)
     1    0.004473    0.322165    0.000000 20000002.000000 ^ _36_/Y (sky130_fd_sc_hd__nor3_1)
                                                         _18_ (net)
                      0.322165    0.000000 20000002.000000 ^ _37_/A2 (sky130_fd_sc_hd__o21a_1)
     1    0.004091    0.088743    0.000000 20000002.000000 ^ _37_/X (sky130_fd_sc_hd__o21a_1)
                                                         _01_ (net)
                      0.088743    0.000000 20000002.000000 ^ _39_/D (sky130_fd_sc_hd__dfrtp_1)
                                           20000002.000000   data arrival time

                               100000000.000000 100000000.000000   clock clk (rise edge)
                                  0.000000 100000000.000000   clock source latency
     1    0.010576    0.085080    0.000000 100000000.000000 ^ clk (in)
                                                         clk (net)
                      0.085082    0.000000 100000000.000000 ^ clkbuf_0_clk/A (sky130_fd_sc_hd__clkbuf_16)
     2    0.017395    0.064182    0.000000 100000000.000000 ^ clkbuf_0_clk/X (sky130_fd_sc_hd__clkbuf_16)
                                                         clknet_0_clk (net)
                      0.064182    0.000000 100000000.000000 ^ clkbuf_1_0__f_clk/A (sky130_fd_sc_hd__clkbuf_16)
     1    0.003362    0.045515    0.000000 100000000.000000 ^ clkbuf_1_0__f_clk/X (sky130_fd_sc_hd__clkbuf_16)
                                                         clknet_1_0__leaf_clk (net)
                      0.045516    0.000000 100000000.000000 ^ _39_/CLK (sky130_fd_sc_hd__dfrtp_1)
                                 -0.250000 100000000.000000   clock uncertainty
                                  0.000000 100000000.000000   clock reconvergence pessimism
                                 -0.142034 100000000.000000   library setup time
                                           100000000.000000   data required time
---------------------------------------------------------------------------------------------
                                           100000000.000000   data required time
                                           -20000002.000000   data arrival time
---------------------------------------------------------------------------------------------
                                           79999992.000000   slack (MET)


Startpoint: rst_n (input port clocked by clk)
Endpoint: _39_ (recovery check against rising-edge clock clk)
Path Group: asynchronous
Path Type: max

Fanout         Cap        Slew       Delay        Time   Description
---------------------------------------------------------------------------------------------
                                  0.000000    0.000000   clock clk (rise edge)
                                  0.000000    0.000000   clock network delay (propagated)
                               20000000.000000 20000000.000000 ^ input external delay
     1    0.003159    0.034632    0.000000 20000000.000000 ^ rst_n (in)
                                                         rst_n (net)
                      0.034632    0.000000 20000000.000000 ^ input24/A (sky130_fd_sc_hd__buf_1)
     2    0.009843    0.198156    0.000000 20000000.000000 ^ input24/X (sky130_fd_sc_hd__buf_1)
                                                         net24 (net)
                      0.198156    0.000000 20000000.000000 ^ _39_/RESET_B (sky130_fd_sc_hd__dfrtp_1)
                                           20000000.000000   data arrival time

                               100000000.000000 100000000.000000   clock clk (rise edge)
                                  0.000000 100000000.000000   clock source latency
     1    0.010576    0.085080    0.000000 100000000.000000 ^ clk (in)
                                                         clk (net)
                      0.085082    0.000000 100000000.000000 ^ clkbuf_0_clk/A (sky130_fd_sc_hd__clkbuf_16)
     2    0.017395    0.064182    0.000000 100000000.000000 ^ clkbuf_0_clk/X (sky130_fd_sc_hd__clkbuf_16)
                                                         clknet_0_clk (net)
                      0.064182    0.000000 100000000.000000 ^ clkbuf_1_0__f_clk/A (sky130_fd_sc_hd__clkbuf_16)
     1    0.003362    0.045515    0.000000 100000000.000000 ^ clkbuf_1_0__f_clk/X (sky130_fd_sc_hd__clkbuf_16)
                                                         clknet_1_0__leaf_clk (net)
                      0.045516    0.000000 100000000.000000 ^ _39_/CLK (sky130_fd_sc_hd__dfrtp_1)
                                 -0.250000 100000000.000000   clock uncertainty
                                  0.000000 100000000.000000   clock reconvergence pessimism
                                  0.406877 100000000.000000   library recovery time
                                           100000000.000000   data required time
---------------------------------------------------------------------------------------------
                                           100000000.000000   data required time
                                           -20000000.000000   data arrival time
---------------------------------------------------------------------------------------------
                                           80000000.000000   slack (MET)



%OL_END_REPORT
%OL_CREATE_REPORT checks.rpt

===========================================================================
report_checks -unconstrained
===========================================================================
======================= nom_ss_100C_1v60 Corner ===================================

Startpoint: rst_n (input port clocked by clk)
Endpoint: _38_ (recovery check against rising-edge clock clk)
Path Group: asynchronous
Path Type: max

Fanout         Cap        Slew       Delay        Time   Description
---------------------------------------------------------------------------------------------
                                  0.000000    0.000000   clock clk (rise edge)
                                  0.000000    0.000000   clock network delay (propagated)
                               20000000.000000 20000000.000000 ^ input external delay
     1    0.003159    0.034632    0.000000 20000000.000000 ^ rst_n (in)
                                                         rst_n (net)
                      0.034632    0.000000 20000000.000000 ^ input24/A (sky130_fd_sc_hd__buf_1)
     2    0.009843    0.198156    0.000000 20000000.000000 ^ input24/X (sky130_fd_sc_hd__buf_1)
                                                         net24 (net)
                      0.198156    0.000000 20000000.000000 ^ _38_/RESET_B (sky130_fd_sc_hd__dfrtp_1)
                                           20000000.000000   data arrival time

                               100000000.000000 100000000.000000   clock clk (rise edge)
                                  0.000000 100000000.000000   clock source latency
     1    0.010576    0.085080    0.000000 100000000.000000 ^ clk (in)
                                                         clk (net)
                      0.085082    0.000000 100000000.000000 ^ clkbuf_0_clk/A (sky130_fd_sc_hd__clkbuf_16)
     2    0.017395    0.064182    0.000000 100000000.000000 ^ clkbuf_0_clk/X (sky130_fd_sc_hd__clkbuf_16)
                                                         clknet_0_clk (net)
                      0.064182    0.000000 100000000.000000 ^ clkbuf_1_1__f_clk/A (sky130_fd_sc_hd__clkbuf_16)
     1    0.002784    0.044674    0.000000 100000000.000000 ^ clkbuf_1_1__f_clk/X (sky130_fd_sc_hd__clkbuf_16)
                                                         clknet_1_1__leaf_clk (net)
                      0.044674    0.000000 100000000.000000 ^ _38_/CLK (sky130_fd_sc_hd__dfrtp_1)
                                 -0.250000 100000000.000000   clock uncertainty
                                  0.000000 100000000.000000   clock reconvergence pessimism
                                  0.406594 100000000.000000   library recovery time
                                           100000000.000000   data required time
---------------------------------------------------------------------------------------------
                                           100000000.000000   data required time
                                           -20000000.000000   data arrival time
---------------------------------------------------------------------------------------------
                                           80000000.000000   slack (MET)


Startpoint: _39_ (rising edge-triggered flip-flop clocked by clk)
Endpoint: alarm_o (output port clocked by clk)
Path Group: clk
Path Type: max

Fanout         Cap        Slew       Delay        Time   Description
---------------------------------------------------------------------------------------------
                                  0.000000    0.000000   clock clk (rise edge)
                                  0.000000    0.000000   clock source latency
     1    0.010576    0.085080    0.055334    0.055334 ^ clk (in)
                                                         clk (net)
                      0.085082    0.000000    0.055334 ^ clkbuf_0_clk/A (sky130_fd_sc_hd__clkbuf_16)
     2    0.017395    0.064182    0.224670    0.280004 ^ clkbuf_0_clk/X (sky130_fd_sc_hd__clkbuf_16)
                                                         clknet_0_clk (net)
                      0.064182    0.000424    0.280428 ^ clkbuf_1_0__f_clk/A (sky130_fd_sc_hd__clkbuf_16)
     1    0.003362    0.045515    0.192391    0.472819 ^ clkbuf_1_0__f_clk/X (sky130_fd_sc_hd__clkbuf_16)
                                                         clknet_1_0__leaf_clk (net)
                      0.045516    0.000091    0.472910 ^ _39_/CLK (sky130_fd_sc_hd__dfrtp_1)
     2    0.006050    0.117141    0.663199    1.136109 ^ _39_/Q (sky130_fd_sc_hd__dfrtp_1)
                                                         net25 (net)
                      0.117141    0.000170    1.136278 ^ output25/A (sky130_fd_sc_hd__buf_2)
     1    0.034937    0.277262    0.368833    1.505112 ^ output25/X (sky130_fd_sc_hd__buf_2)
                                                         alarm_o (net)
                      0.277262    0.000998    1.506110 ^ alarm_o (out)
                                              1.506110   data arrival time

                               100000000.000000 100000000.000000   clock clk (rise edge)
                                  0.000000 100000000.000000   clock network delay (propagated)
                                 -0.250000 100000000.000000   clock uncertainty
                                  0.000000 100000000.000000   clock reconvergence pessimism
                               -20000000.000000 80000000.000000   output external delay
                                           80000000.000000   data required time
---------------------------------------------------------------------------------------------
                                           80000000.000000   data required time
                                             -1.506110   data arrival time
---------------------------------------------------------------------------------------------
                                           80000000.000000   slack (MET)




===========================================================================
report_checks --slack_max -0.01
============================================================================
======================= nom_ss_100C_1v60 Corner ===================================

No paths found.


===========================================================================
 report_check_types -max_slew -max_cap -max_fanout -violators
============================================================================
======================= nom_ss_100C_1v60 Corner ===================================



===========================================================================
report_parasitic_annotation -report_unannotated
============================================================================
Found 0 unannotated drivers.
Found 0 partially unannotated drivers.

===========================================================================
max slew violation count 0
%OL_METRIC_I design__max_slew_violation__count__corner:nom_ss_100C_1v60 0
max fanout violation count 0
%OL_METRIC_I design__max_fanout_violation__count__corner:nom_ss_100C_1v60 0
max cap violation count 0
%OL_METRIC_I design__max_cap_violation__count__corner:nom_ss_100C_1v60 0
============================================================================

===========================================================================
check_setup -verbose -unconstrained_endpoints -multiple_clock -no_clock -no_input_delay -loops -generated_clocks
===========================================================================
%OL_END_REPORT
%OL_CREATE_REPORT power.rpt

===========================================================================
 report_power
============================================================================
======================= nom_ss_100C_1v60 Corner ===================================

Group                    Internal    Switching      Leakage        Total
                            Power        Power        Power        Power (Watts)
------------------------------------------------------------------------
Sequential           8.015284e-13 3.091326e-14 3.709960e-08 3.710043e-08  13.0%
Combinational        6.298092e-13 4.762186e-13 1.910886e-07 1.910897e-07  67.0%
Clock                4.103133e-12 6.026404e-13 5.716517e-08 5.716987e-08  20.0%
Macro                0.000000e+00 0.000000e+00 0.000000e+00 0.000000e+00   0.0%
Pad                  0.000000e+00 0.000000e+00 0.000000e+00 0.000000e+00   0.0%
------------------------------------------------------------------------
Total                5.534471e-12 1.109772e-12 2.853535e-07 2.853602e-07 100.0%
                             0.0%         0.0%       100.0%
%OL_METRIC_F power__internal__total 5.534470885054654e-12
%OL_METRIC_F power__switching__total 1.109772213361837e-12
%OL_METRIC_F power__leakage__total 2.853535363556148e-7
%OL_METRIC_F power__total 2.853601870356215e-7

%OL_END_REPORT
%OL_CREATE_REPORT skew.min.rpt

===========================================================================
Clock Skew (Hold)
============================================================================
%OL_METRIC_F clock__skew__worst_hold__corner:nom_ss_100C_1v60 -0.2510905721079328
======================= nom_ss_100C_1v60 Corner ===================================

Clock clk
0.471819 source latency _38_/CLK ^
-0.472910 target latency _39_/CLK ^
-0.250000 clock uncertainty
0.000000 CRPR
--------------
-0.251091 hold skew

%OL_END_REPORT
%OL_CREATE_REPORT skew.max.rpt

===========================================================================
Clock Skew (Setup)
============================================================================
%OL_METRIC_F clock__skew__worst_setup__corner:nom_ss_100C_1v60 0.25
======================= nom_ss_100C_1v60 Corner ===================================

Clock clk
0.471819 source latency _38_/CLK ^
-0.471819 target latency _38_/CLK ^
0.250000 clock uncertainty
0.000000 CRPR
--------------
0.250000 setup skew

%OL_END_REPORT
%OL_CREATE_REPORT ws.min.rpt

===========================================================================
Worst Slack (Hold)
============================================================================
%OL_METRIC_F timing__hold__ws__corner:nom_ss_100C_1v60 1.7593906829415005
nom_ss_100C_1v60: 1.7593906829415005
%OL_END_REPORT
%OL_CREATE_REPORT ws.max.rpt

===========================================================================
Worst Slack (Setup)
============================================================================
%OL_METRIC_F timing__setup__ws__corner:nom_ss_100C_1v60 80000000.47441518
nom_ss_100C_1v60: 80000000.47441518
%OL_END_REPORT
%OL_CREATE_REPORT tns.min.rpt

===========================================================================
Total Negative Slack (Hold)
============================================================================
%OL_METRIC_F timing__hold__tns__corner:nom_ss_100C_1v60 0.0
nom_ss_100C_1v60: 0.0
%OL_END_REPORT
%OL_CREATE_REPORT tns.max.rpt

===========================================================================
Total Negative Slack (Setup)
============================================================================
%OL_METRIC_F timing__setup__tns__corner:nom_ss_100C_1v60 0.0
nom_ss_100C_1v60: 0.0
%OL_END_REPORT
%OL_CREATE_REPORT wns.min.rpt

===========================================================================
Worst Negative Slack (Hold)
============================================================================
%OL_METRIC_F timing__hold__wns__corner:nom_ss_100C_1v60 0
nom_ss_100C_1v60: 0
%OL_END_REPORT
%OL_CREATE_REPORT wns.max.rpt

===========================================================================
Worst Negative Slack (Setup)
============================================================================
%OL_METRIC_F timing__setup__wns__corner:nom_ss_100C_1v60 0.0
nom_ss_100C_1v60: 0.0
%OL_END_REPORT
%OL_CREATE_REPORT violator_list.rpt

===========================================================================
Violator List
============================================================================
%OL_METRIC_I timing__hold_vio__count__corner:nom_ss_100C_1v60 0
%OL_METRIC_F timing__hold_r2r__ws__corner:nom_ss_100C_1v60 1.759391
%OL_METRIC_I timing__hold_r2r_vio__count__corner:nom_ss_100C_1v60 0
%OL_METRIC_I timing__setup_vio__count__corner:nom_ss_100C_1v60 0
%OL_METRIC_F timing__setup_r2r__ws__corner:nom_ss_100C_1v60 inf
%OL_METRIC_I timing__setup_r2r_vio__count__corner:nom_ss_100C_1v60 0
%OL_END_REPORT
%OL_CREATE_REPORT unpropagated.rpt
%OL_END_REPORT
%OL_CREATE_REPORT clock.rpt
Clock: clk
Sources: clk 
Generated: no
Virtual: yes
Propagated: no
Period: 100000000.000000

===========================================================================
report_clock_properties
============================================================================
Clock                   Period          Waveform
----------------------------------------------------
clk                 100000000.000000    0.00000050000000.000000

===========================================================================
report_clock_latency
============================================================================
Clock clk
rise -> rise
    min     max
0.000000 0.000000 source latency
0.471819         network latency _38_/CLK
        0.472910 network latency _39_/CLK
---------------
0.471819 0.472910 latency
        0.001091 skew

fall -> fall
    min     max
0.000000 0.000000 source latency
0.000000         network latency _38_/CLK
        0.000000 network latency _38_/CLK
---------------
0.000000 0.000000 latency
        0.000000 skew



===========================================================================
report_clock_min_period
============================================================================
clk period_min = 0.00 fmax = inf
%OL_END_REPORT
Writing SDF files for all corners…
Removing Clock latencies before writing libs…
Writing timing models for all corners…
Writing timing models for the nom_ss_100C_1v60 corner to /home/kien/openlane2/MARCO/alarm/runs/RUN_2026-01-16_19-22-04/54-openroad-stapostpnr/nom_ss_100C_1v60/alarm__nom_ss_100C_1v60.lib…
