
===========================================================================
report_checks -unconstrained
===========================================================================
======================= nom_ff_n40C_1v95 Corner ===================================

Startpoint: mode[0] (input port clocked by __VIRTUAL_CLK__)
Endpoint: inc[5] (output port clocked by __VIRTUAL_CLK__)
Path Group: __VIRTUAL_CLK__
Path Type: max

Fanout         Cap        Slew       Delay        Time   Description
---------------------------------------------------------------------------------------------
                      0.000000    0.000000    0.000000   clock __VIRTUAL_CLK__ (rise edge)
                                  0.000000    0.000000   clock network delay (ideal)
                                  2.000000    2.000000 ^ input external delay
     1    0.003306    0.015732    0.008572    2.008572 ^ mode[0] (in)
                                                         mode[0] (net)
                      0.015732    0.000000    2.008572 ^ input13/A (sky130_fd_sc_hd__buf_1)
     2    0.010895    0.100172    0.095483    2.104055 ^ input13/X (sky130_fd_sc_hd__buf_1)
                                                         net13 (net)
                      0.100175    0.000438    2.104493 ^ fanout40/A (sky130_fd_sc_hd__buf_2)
    10    0.033269    0.124645    0.152146    2.256639 ^ fanout40/X (sky130_fd_sc_hd__buf_2)
                                                         net40 (net)
                      0.124686    0.000359    2.256997 ^ _21_/B (sky130_fd_sc_hd__and3b_1)
     5    0.016436    0.127942    0.175280    2.432277 ^ _21_/X (sky130_fd_sc_hd__and3b_1)
                                                         _04_ (net)
                      0.127942    0.000450    2.432727 ^ _22_/B1 (sky130_fd_sc_hd__a21o_1)
     1    0.008096    0.060326    0.076909    2.509636 ^ _22_/X (sky130_fd_sc_hd__a21o_1)
                                                         net38 (net)
                      0.060327    0.000377    2.510013 ^ output38/A (sky130_fd_sc_hd__buf_2)
     1    0.038006    0.141519    0.154128    2.664141 ^ output38/X (sky130_fd_sc_hd__buf_2)
                                                         inc[5] (net)
                      0.141547    0.001640    2.665781 ^ inc[5] (out)
                                              2.665781   data arrival time

                      0.000000   10.000000   10.000000   clock __VIRTUAL_CLK__ (rise edge)
                                  0.000000   10.000000   clock network delay (ideal)
                                 -0.250000    9.750000   clock uncertainty
                                  0.000000    9.750000   clock reconvergence pessimism
                                 -2.000000    7.750000   output external delay
                                              7.750000   data required time
---------------------------------------------------------------------------------------------
                                              7.750000   data required time
                                             -2.665781   data arrival time
---------------------------------------------------------------------------------------------
                                              5.084219   slack (MET)




===========================================================================
report_checks --slack_max -0.01
============================================================================
======================= nom_ff_n40C_1v95 Corner ===================================

No paths found.


===========================================================================
 report_check_types -max_slew -max_cap -max_fanout -violators
============================================================================
======================= nom_ff_n40C_1v95 Corner ===================================



===========================================================================
report_parasitic_annotation -report_unannotated
============================================================================
Found 0 unannotated drivers.
Found 0 partially unannotated drivers.

===========================================================================
max slew violation count 0
max fanout violation count 0
max cap violation count 0
============================================================================

===========================================================================
check_setup -verbose -unconstrained_endpoints -multiple_clock -no_clock -no_input_delay -loops -generated_clocks
===========================================================================
