
===========================================================================
report_checks -unconstrained
===========================================================================
======================= nom_tt_025C_1v80 Corner ===================================

Startpoint: day[0] (input port clocked by clk)
Endpoint: led_day[0] (output port clocked by clk)
Path Group: clk
Path Type: max

Fanout         Cap        Slew       Delay        Time   Description
---------------------------------------------------------------------------------------------
                      0.000000    0.000000    0.000000   clock clk (rise edge)
                                  0.000000    0.000000   clock network delay (ideal)
                               20000000.000000 20000000.000000 v input external delay
     6    0.019378    0.044991    0.000000 20000000.000000 v day[0] (in)
                                                         day[0] (net)
                      0.044991    0.000000 20000000.000000 v _272_/B1 (sky130_fd_sc_hd__o21ai_2)
     1    0.001593    0.072779    0.000000 20000000.000000 ^ _272_/Y (sky130_fd_sc_hd__o21ai_2)
                                                         _060_ (net)
                      0.072779    0.000000 20000000.000000 ^ _273_/C (sky130_fd_sc_hd__and3_2)
     2    0.035946    0.193377    0.000000 20000000.000000 ^ _273_/X (sky130_fd_sc_hd__and3_2)
                                                         led_day[0] (net)
                      0.193377    0.000000 20000000.000000 ^ led_day[0] (out)
                                           20000000.000000   data arrival time

                      0.000000 100000000.000000 100000000.000000   clock clk (rise edge)
                                  0.000000 100000000.000000   clock network delay (ideal)
                                 -0.250000 100000000.000000   clock uncertainty
                                  0.000000 100000000.000000   clock reconvergence pessimism
                               -20000000.000000 80000000.000000   output external delay
                                           80000000.000000   data required time
---------------------------------------------------------------------------------------------
                                           80000000.000000   data required time
                                           -20000000.000000   data arrival time
---------------------------------------------------------------------------------------------
                                           60000000.000000   slack (MET)




===========================================================================
report_checks --slack_max -0.01
============================================================================
======================= nom_tt_025C_1v80 Corner ===================================

No paths found.


===========================================================================
 report_check_types -max_slew -max_cap -max_fanout -violators
============================================================================
======================= nom_tt_025C_1v80 Corner ===================================

max slew

Pin                                        Limit        Slew       Slack
------------------------------------------------------------------------
led_min[9]                              0.750000    0.823679   -0.073679 (VIOLATED)
_465_/Y                                 0.750000    0.823679   -0.073679 (VIOLATED)



===========================================================================
report_parasitic_annotation -report_unannotated
============================================================================
Found 320 unannotated drivers.
 day[0]
 day[1]
 day[2]
 day[3]
 day[4]
 hour[0]
 hour[1]
 hour[2]
 hour[3]
 hour[4]
 minute[0]
 minute[1]
 minute[2]
 minute[3]
 minute[4]
 minute[5]
 month[0]
 month[1]
 month[2]
 month[3]
 second[0]
 second[1]
 second[2]
 second[3]
 second[4]
 second[5]
 year[0]
 year[1]
 year[2]
 year[3]
 year[4]
 year[5]
 year[6]
 _198_/Y
 _199_/Y
 _200_/Y
 _201_/Y
 _202_/Y
 _203_/Y
 _204_/Y
 _205_/X
 _206_/Y
 _207_/X
 _208_/X
 _209_/X
 _210_/Y
 _211_/Y
 _212_/X
 _213_/X
 _214_/Y
 _215_/Y
 _216_/X
 _217_/Y
 _218_/X
 _219_/X
 _220_/Y
 _221_/Y
 _222_/X
 _223_/Y
 _224_/X
 _225_/X
 _226_/X
 _227_/Y
 _228_/Y
 _229_/Y
 _230_/Y
 _231_/X
 _232_/X
 _233_/X
 _234_/X
 _235_/Y
 _236_/Y
 _237_/X
 _238_/X
 _239_/X
 _240_/X
 _241_/Y
 _242_/X
 _243_/Y
 _244_/X
 _245_/X
 _246_/Y
 _247_/X
 _248_/X
 _249_/Y
 _250_/X
 _251_/Y
 _252_/Y
 _253_/X
 _254_/X
 _255_/Y
 _256_/X
 _257_/Y
 _258_/Y
 _259_/X
 _260_/Y
 _261_/X
 _262_/X
 _263_/Y
 _264_/X
 _265_/Y
 _266_/Y
 _267_/Y
 _268_/X
 _269_/X
 _270_/X
 _271_/X
 _272_/Y
 _273_/X
 _274_/X
 _275_/Y
 _276_/Y
 _277_/Y
 _278_/X
 _279_/X
 _280_/X
 _281_/Y
 _282_/Y
 _283_/X
 _284_/Y
 _285_/Y
 _286_/X
 _287_/Y
 _288_/X
 _289_/Y
 _290_/Y
 _291_/Y
 _292_/X
 _293_/Y
 _294_/Y
 _295_/Y
 _296_/Y
 _297_/X
 _298_/Y
 _299_/X
 _300_/X
 _301_/Y
 _302_/Y
 _303_/X
 _304_/X
 _305_/Y
 _306_/Y
 _307_/Y
 _308_/X
 _309_/Y
 _310_/Y
 _311_/X
 _312_/Y
 _313_/X
 _314_/Y
 _315_/X
 _316_/X
 _317_/X
 _318_/X
 _319_/X
 _320_/X
 _321_/X
 _322_/Y
 _323_/X
 _324_/Y
 _325_/X
 _326_/X
 _327_/X
 _328_/X
 _329_/X
 _330_/Y
 _331_/Y
 _332_/X
 _333_/Y
 _334_/Y
 _335_/X
 _336_/X
 _337_/Y
 _338_/X
 _339_/X
 _340_/Y
 _341_/Y
 _342_/Y
 _343_/Y
 _344_/X
 _345_/X
 _346_/Y
 _347_/X
 _348_/Y
 _349_/Y
 _350_/Y
 _351_/Y
 _352_/X
 _353_/Y
 _354_/Y
 _355_/X
 _356_/Y
 _357_/X
 _358_/Y
 _359_/Y
 _360_/Y
 _361_/X
 _362_/X
 _363_/X
 _364_/Y
 _365_/X
 _366_/X
 _367_/X
 _368_/Y
 _369_/X
 _370_/X
 _371_/X
 _372_/Y
 _373_/Y
 _374_/Y
 _375_/X
 _376_/X
 _377_/X
 _378_/X
 _379_/Y
 _380_/X
 _381_/Y
 _382_/Y
 _383_/X
 _384_/X
 _385_/X
 _386_/X
 _387_/Y
 _388_/Y
 _389_/X
 _390_/X
 _391_/X
 _392_/X
 _393_/Y
 _394_/X
 _395_/X
 _396_/Y
 _397_/X
 _398_/X
 _399_/Y
 _400_/Y
 _401_/Y
 _402_/X
 _403_/X
 _404_/X
 _405_/Y
 _406_/Y
 _407_/Y
 _408_/X
 _409_/X
 _410_/Y
 _411_/X
 _412_/X
 _413_/X
 _414_/Y
 _415_/Y
 _416_/X
 _417_/Y
 _418_/X
 _419_/Y
 _420_/X
 _421_/Y
 _422_/Y
 _423_/Y
 _424_/Y
 _425_/X
 _426_/X
 _427_/X
 _428_/Y
 _429_/Y
 _430_/X
 _431_/X
 _432_/Y
 _433_/X
 _434_/X
 _435_/X
 _436_/Y
 _437_/X
 _438_/X
 _439_/X
 _440_/X
 _441_/Y
 _442_/Y
 _443_/X
 _444_/X
 _445_/X
 _446_/X
 _447_/Y
 _448_/X
 _449_/X
 _450_/X
 _451_/Y
 _452_/Y
 _453_/Y
 _454_/Y
 _455_/X
 _456_/Y
 _457_/X
 _458_/X
 _459_/Y
 _460_/Y
 _461_/Y
 _462_/X
 _463_/X
 _464_/Y
 _465_/Y
 _466_/X
 _467_/Y
 _468_/X
 _469_/X
 _470_/X
 _471_/X
 _472_/HI
 _472_/LO
 _473_/HI
 _473_/LO
 _474_/HI
 _474_/LO
 _475_/HI
 _475_/LO
 _476_/HI
 _476_/LO
 _477_/X
 _478_/X
 _479_/X
Found 0 partially unannotated drivers.

===========================================================================
max slew violation count 2
max fanout violation count 0
max cap violation count 0
============================================================================

===========================================================================
check_setup -verbose -unconstrained_endpoints -multiple_clock -no_clock -no_input_delay -loops -generated_clocks
===========================================================================
Warning: There are 5 unconstrained endpoints.
  led_day[8]
  led_hour[8]
  led_month[13]
  led_month[8]
  led_month[9]
