Reading timing models for corner nom_ss_100C_1v60…
Reading cell library for the 'nom_ss_100C_1v60' corner at '/home/kien/.volare/volare/sky130/versions/0fe599b2afb6708d281543108caf8310912f54af/sky130A/libs.ref/sky130_fd_sc_hd/lib/sky130_fd_sc_hd__ss_100C_1v60.lib'…
Reading top-level netlist at '/home/kien/openlane2/MARCO/alarm/runs/RUN_2026-01-16_19-22-04/06-yosys-synthesis/alarm.nl.v'…
Linking design 'alarm' from netlist…
Reading design constraints file at '/nix/store/4pyixb03xfwwy77zxxplrggxrmm9f57y-python3-3.11.9-env/lib/python3.11/site-packages/openlane/scripts/base.sdc'…
[INFO] Using clock clk…
[INFO] Setting output delay to: 20000000
[INFO] Setting input delay to: 20000000
[INFO] Setting load to: 0.033442
[INFO] Setting clock uncertainty to: 0.25
[INFO] Setting clock transition to: 0.1499999999999999944488848768742172978818416595458984375
[INFO] Setting timing derate to: 5%
%OL_CREATE_REPORT min.rpt

===========================================================================
report_checks -path_delay min (Hold)
============================================================================
======================= nom_ss_100C_1v60 Corner ===================================

Startpoint: _38_ (rising edge-triggered flip-flop clocked by clk)
Endpoint: _38_ (rising edge-triggered flip-flop clocked by clk)
Path Group: clk
Path Type: min

Fanout         Cap        Slew       Delay        Time   Description
---------------------------------------------------------------------------------------------
                      0.150000    0.000000    0.000000   clock clk (rise edge)
                                  0.000000    0.000000   clock network delay (ideal)
                      0.150000    0.000000    0.000000 ^ _38_/CLK (sky130_fd_sc_hd__dfrtp_2)
     2    0.011883    0.134887    0.780876    0.780876 ^ _38_/Q (sky130_fd_sc_hd__dfrtp_2)
                                                         state_alarm (net)
                      0.134887    0.000000    0.780876 ^ _19_/A (sky130_fd_sc_hd__xor2_2)
     1    0.001838    0.049662    0.135973    0.916849 v _19_/X (sky130_fd_sc_hd__xor2_2)
                                                         _00_ (net)
                      0.049662    0.000000    0.916849 v _38_/D (sky130_fd_sc_hd__dfrtp_2)
                                              0.916849   data arrival time

                      0.150000    0.000000    0.000000   clock clk (rise edge)
                                  0.000000    0.000000   clock network delay (ideal)
                                  0.250000    0.250000   clock uncertainty
                                  0.000000    0.250000   clock reconvergence pessimism
                                              0.250000 ^ _38_/CLK (sky130_fd_sc_hd__dfrtp_2)
                                 -0.062809    0.187191   library hold time
                                              0.187191   data required time
---------------------------------------------------------------------------------------------
                                              0.187191   data required time
                                             -0.916849   data arrival time
---------------------------------------------------------------------------------------------
                                              0.729658   slack (MET)


Startpoint: _38_ (rising edge-triggered flip-flop clocked by clk)
Endpoint: _39_ (rising edge-triggered flip-flop clocked by clk)
Path Group: clk
Path Type: min

Fanout         Cap        Slew       Delay        Time   Description
---------------------------------------------------------------------------------------------
                      0.150000    0.000000    0.000000   clock clk (rise edge)
                                  0.000000    0.000000   clock network delay (ideal)
                      0.150000    0.000000    0.000000 ^ _38_/CLK (sky130_fd_sc_hd__dfrtp_2)
     2    0.011883    0.134887    0.780876    0.780876 ^ _38_/Q (sky130_fd_sc_hd__dfrtp_2)
                                                         state_alarm (net)
                      0.134887    0.000000    0.780876 ^ _37_/B1 (sky130_fd_sc_hd__o21a_2)
     1    0.001853    0.048222    0.252922    1.033797 ^ _37_/X (sky130_fd_sc_hd__o21a_2)
                                                         _01_ (net)
                      0.048222    0.000000    1.033797 ^ _39_/D (sky130_fd_sc_hd__dfrtp_2)
                                              1.033797   data arrival time

                      0.150000    0.000000    0.000000   clock clk (rise edge)
                                  0.000000    0.000000   clock network delay (ideal)
                                  0.250000    0.250000   clock uncertainty
                                  0.000000    0.250000   clock reconvergence pessimism
                                              0.250000 ^ _39_/CLK (sky130_fd_sc_hd__dfrtp_2)
                                 -0.058823    0.191177   library hold time
                                              0.191177   data required time
---------------------------------------------------------------------------------------------
                                              0.191177   data required time
                                             -1.033797   data arrival time
---------------------------------------------------------------------------------------------
                                              0.842620   slack (MET)


Startpoint: _39_ (rising edge-triggered flip-flop clocked by clk)
Endpoint: alarm_o (output port clocked by clk)
Path Group: clk
Path Type: min

Fanout         Cap        Slew       Delay        Time   Description
---------------------------------------------------------------------------------------------
                      0.150000    0.000000    0.000000   clock clk (rise edge)
                                  0.000000    0.000000   clock network delay (ideal)
                      0.150000    0.000000    0.000000 ^ _39_/CLK (sky130_fd_sc_hd__dfrtp_2)
     2    0.035878    0.298243    0.919353    0.919353 ^ _39_/Q (sky130_fd_sc_hd__dfrtp_2)
                                                         alarm_o (net)
                      0.298243    0.000000    0.919353 ^ alarm_o (out)
                                              0.919353   data arrival time

                      0.150000    0.000000    0.000000   clock clk (rise edge)
                                  0.000000    0.000000   clock network delay (ideal)
                                  0.250000    0.250000   clock uncertainty
                                  0.000000    0.250000   clock reconvergence pessimism
                               -20000000.000000 -20000000.000000   output external delay
                                           -20000000.000000   data required time
---------------------------------------------------------------------------------------------
                                           -20000000.000000   data required time
                                             -0.919353   data arrival time
---------------------------------------------------------------------------------------------
                                           20000000.000000   slack (MET)


Startpoint: rst_n (input port clocked by clk)
Endpoint: _38_ (removal check against rising-edge clock clk)
Path Group: asynchronous
Path Type: min

Fanout         Cap        Slew       Delay        Time   Description
---------------------------------------------------------------------------------------------
                      0.150000    0.000000    0.000000   clock clk (rise edge)
                                  0.000000    0.000000   clock network delay (ideal)
                               20000000.000000 20000000.000000 ^ input external delay
     2    0.006526    0.059507    0.000000 20000000.000000 ^ rst_n (in)
                                                         rst_n (net)
                      0.059507    0.000000 20000000.000000 ^ _38_/RESET_B (sky130_fd_sc_hd__dfrtp_2)
                                           20000000.000000   data arrival time

                      0.150000    0.000000    0.000000   clock clk (rise edge)
                                  0.000000    0.000000   clock network delay (ideal)
                                  0.250000    0.250000   clock uncertainty
                                  0.000000    0.250000   clock reconvergence pessimism
                                              0.250000 ^ _38_/CLK (sky130_fd_sc_hd__dfrtp_2)
                                  0.678345    0.928345   library removal time
                                              0.928345   data required time
---------------------------------------------------------------------------------------------
                                              0.928345   data required time
                                           -20000000.000000   data arrival time
---------------------------------------------------------------------------------------------
                                           20000000.000000   slack (MET)


Startpoint: rst_n (input port clocked by clk)
Endpoint: _39_ (removal check against rising-edge clock clk)
Path Group: asynchronous
Path Type: min

Fanout         Cap        Slew       Delay        Time   Description
---------------------------------------------------------------------------------------------
                      0.150000    0.000000    0.000000   clock clk (rise edge)
                                  0.000000    0.000000   clock network delay (ideal)
                               20000000.000000 20000000.000000 ^ input external delay
     2    0.006526    0.059507    0.000000 20000000.000000 ^ rst_n (in)
                                                         rst_n (net)
                      0.059507    0.000000 20000000.000000 ^ _39_/RESET_B (sky130_fd_sc_hd__dfrtp_2)
                                           20000000.000000   data arrival time

                      0.150000    0.000000    0.000000   clock clk (rise edge)
                                  0.000000    0.000000   clock network delay (ideal)
                                  0.250000    0.250000   clock uncertainty
                                  0.000000    0.250000   clock reconvergence pessimism
                                              0.250000 ^ _39_/CLK (sky130_fd_sc_hd__dfrtp_2)
                                  0.678345    0.928345   library removal time
                                              0.928345   data required time
---------------------------------------------------------------------------------------------
                                              0.928345   data required time
                                           -20000000.000000   data arrival time
---------------------------------------------------------------------------------------------
                                           20000000.000000   slack (MET)



%OL_END_REPORT
%OL_CREATE_REPORT max.rpt

===========================================================================
report_checks -path_delay max (Setup)
============================================================================
======================= nom_ss_100C_1v60 Corner ===================================

Startpoint: _39_ (rising edge-triggered flip-flop clocked by clk)
Endpoint: alarm_o (output port clocked by clk)
Path Group: clk
Path Type: max

Fanout         Cap        Slew       Delay        Time   Description
---------------------------------------------------------------------------------------------
                      0.150000    0.000000    0.000000   clock clk (rise edge)
                                  0.000000    0.000000   clock network delay (ideal)
                      0.150000    0.000000    0.000000 ^ _39_/CLK (sky130_fd_sc_hd__dfrtp_2)
     2    0.035878    0.298243    0.919353    0.919353 ^ _39_/Q (sky130_fd_sc_hd__dfrtp_2)
                                                         alarm_o (net)
                      0.298243    0.000000    0.919353 ^ alarm_o (out)
                                              0.919353   data arrival time

                      0.150000 100000000.000000 100000000.000000   clock clk (rise edge)
                                  0.000000 100000000.000000   clock network delay (ideal)
                                 -0.250000 100000000.000000   clock uncertainty
                                  0.000000 100000000.000000   clock reconvergence pessimism
                               -20000000.000000 80000000.000000   output external delay
                                           80000000.000000   data required time
---------------------------------------------------------------------------------------------
                                           80000000.000000   data required time
                                             -0.919353   data arrival time
---------------------------------------------------------------------------------------------
                                           80000000.000000   slack (MET)


Startpoint: alarm_i (input port clocked by clk)
Endpoint: _38_ (rising edge-triggered flip-flop clocked by clk)
Path Group: clk
Path Type: max

Fanout         Cap        Slew       Delay        Time   Description
---------------------------------------------------------------------------------------------
                      0.150000    0.000000    0.000000   clock clk (rise edge)
                                  0.000000    0.000000   clock network delay (ideal)
                               20000000.000000 20000000.000000 v input external delay
     1    0.008022    0.040342    0.000000 20000000.000000 v alarm_i (in)
                                                         alarm_i (net)
                      0.040342    0.000000 20000000.000000 v _19_/B (sky130_fd_sc_hd__xor2_2)
     1    0.001853    0.123873    0.000000 20000000.000000 ^ _19_/X (sky130_fd_sc_hd__xor2_2)
                                                         _00_ (net)
                      0.123873    0.000000 20000000.000000 ^ _38_/D (sky130_fd_sc_hd__dfrtp_2)
                                           20000000.000000   data arrival time

                      0.150000 100000000.000000 100000000.000000   clock clk (rise edge)
                                  0.000000 100000000.000000   clock network delay (ideal)
                                 -0.250000 100000000.000000   clock uncertainty
                                  0.000000 100000000.000000   clock reconvergence pessimism
                                           100000000.000000 ^ _38_/CLK (sky130_fd_sc_hd__dfrtp_2)
                                 -0.137852 100000000.000000   library setup time
                                           100000000.000000   data required time
---------------------------------------------------------------------------------------------
                                           100000000.000000   data required time
                                           -20000000.000000   data arrival time
---------------------------------------------------------------------------------------------
                                           80000000.000000   slack (MET)


Startpoint: rst_n (input port clocked by clk)
Endpoint: _38_ (recovery check against rising-edge clock clk)
Path Group: asynchronous
Path Type: max

Fanout         Cap        Slew       Delay        Time   Description
---------------------------------------------------------------------------------------------
                      0.150000    0.000000    0.000000   clock clk (rise edge)
                                  0.000000    0.000000   clock network delay (ideal)
                               20000000.000000 20000000.000000 ^ input external delay
     2    0.006526    0.059507    0.000000 20000000.000000 ^ rst_n (in)
                                                         rst_n (net)
                      0.059507    0.000000 20000000.000000 ^ _38_/RESET_B (sky130_fd_sc_hd__dfrtp_2)
                                           20000000.000000   data arrival time

                      0.150000 100000000.000000 100000000.000000   clock clk (rise edge)
                                  0.000000 100000000.000000   clock network delay (ideal)
                                 -0.250000 100000000.000000   clock uncertainty
                                  0.000000 100000000.000000   clock reconvergence pessimism
                                           100000000.000000 ^ _38_/CLK (sky130_fd_sc_hd__dfrtp_2)
                                  0.475741 100000000.000000   library recovery time
                                           100000000.000000   data required time
---------------------------------------------------------------------------------------------
                                           100000000.000000   data required time
                                           -20000000.000000   data arrival time
---------------------------------------------------------------------------------------------
                                           80000000.000000   slack (MET)


Startpoint: alarm_min[4] (input port clocked by clk)
Endpoint: _39_ (rising edge-triggered flip-flop clocked by clk)
Path Group: clk
Path Type: max

Fanout         Cap        Slew       Delay        Time   Description
---------------------------------------------------------------------------------------------
                      0.150000    0.000000    0.000000   clock clk (rise edge)
                                  0.000000    0.000000   clock network delay (ideal)
                               20000000.000000 20000000.000000 ^ input external delay
     1    0.008542    0.073385    0.000000 20000000.000000 ^ alarm_min[4] (in)
                                                         alarm_min[4] (net)
                      0.073385    0.000000 20000000.000000 ^ _34_/B (sky130_fd_sc_hd__xor2_2)
     1    0.001220    0.061760    0.000000 20000000.000000 v _34_/X (sky130_fd_sc_hd__xor2_2)
                                                         _16_ (net)
                      0.061760    0.000000 20000000.000000 v _35_/D (sky130_fd_sc_hd__or4_2)
     1    0.004071    0.229904    1.862645 20000002.000000 v _35_/X (sky130_fd_sc_hd__or4_2)
                                                         _17_ (net)
                      0.229904    0.000000 20000002.000000 v _36_/C (sky130_fd_sc_hd__nor3_2)
     1    0.002554    0.186233    0.000000 20000002.000000 ^ _36_/Y (sky130_fd_sc_hd__nor3_2)
                                                         _18_ (net)
                      0.186233    0.000000 20000002.000000 ^ _37_/A2 (sky130_fd_sc_hd__o21a_2)
     1    0.001853    0.052216    0.000000 20000002.000000 ^ _37_/X (sky130_fd_sc_hd__o21a_2)
                                                         _01_ (net)
                      0.052216    0.000000 20000002.000000 ^ _39_/D (sky130_fd_sc_hd__dfrtp_2)
                                           20000002.000000   data arrival time

                      0.150000 100000000.000000 100000000.000000   clock clk (rise edge)
                                  0.000000 100000000.000000   clock network delay (ideal)
                                 -0.250000 100000000.000000   clock uncertainty
                                  0.000000 100000000.000000   clock reconvergence pessimism
                                           100000000.000000 ^ _39_/CLK (sky130_fd_sc_hd__dfrtp_2)
                                 -0.119791 100000000.000000   library setup time
                                           100000000.000000   data required time
---------------------------------------------------------------------------------------------
                                           100000000.000000   data required time
                                           -20000002.000000   data arrival time
---------------------------------------------------------------------------------------------
                                           79999992.000000   slack (MET)


Startpoint: rst_n (input port clocked by clk)
Endpoint: _39_ (recovery check against rising-edge clock clk)
Path Group: asynchronous
Path Type: max

Fanout         Cap        Slew       Delay        Time   Description
---------------------------------------------------------------------------------------------
                      0.150000    0.000000    0.000000   clock clk (rise edge)
                                  0.000000    0.000000   clock network delay (ideal)
                               20000000.000000 20000000.000000 ^ input external delay
     2    0.006526    0.059507    0.000000 20000000.000000 ^ rst_n (in)
                                                         rst_n (net)
                      0.059507    0.000000 20000000.000000 ^ _39_/RESET_B (sky130_fd_sc_hd__dfrtp_2)
                                           20000000.000000   data arrival time

                      0.150000 100000000.000000 100000000.000000   clock clk (rise edge)
                                  0.000000 100000000.000000   clock network delay (ideal)
                                 -0.250000 100000000.000000   clock uncertainty
                                  0.000000 100000000.000000   clock reconvergence pessimism
                                           100000000.000000 ^ _39_/CLK (sky130_fd_sc_hd__dfrtp_2)
                                  0.475741 100000000.000000   library recovery time
                                           100000000.000000   data required time
---------------------------------------------------------------------------------------------
                                           100000000.000000   data required time
                                           -20000000.000000   data arrival time
---------------------------------------------------------------------------------------------
                                           80000000.000000   slack (MET)



%OL_END_REPORT
%OL_CREATE_REPORT checks.rpt

===========================================================================
report_checks -unconstrained
===========================================================================
======================= nom_ss_100C_1v60 Corner ===================================

Startpoint: rst_n (input port clocked by clk)
Endpoint: _38_ (recovery check against rising-edge clock clk)
Path Group: asynchronous
Path Type: max

Fanout         Cap        Slew       Delay        Time   Description
---------------------------------------------------------------------------------------------
                      0.150000    0.000000    0.000000   clock clk (rise edge)
                                  0.000000    0.000000   clock network delay (ideal)
                               20000000.000000 20000000.000000 ^ input external delay
     2    0.006526    0.059507    0.000000 20000000.000000 ^ rst_n (in)
                                                         rst_n (net)
                      0.059507    0.000000 20000000.000000 ^ _38_/RESET_B (sky130_fd_sc_hd__dfrtp_2)
                                           20000000.000000   data arrival time

                      0.150000 100000000.000000 100000000.000000   clock clk (rise edge)
                                  0.000000 100000000.000000   clock network delay (ideal)
                                 -0.250000 100000000.000000   clock uncertainty
                                  0.000000 100000000.000000   clock reconvergence pessimism
                                           100000000.000000 ^ _38_/CLK (sky130_fd_sc_hd__dfrtp_2)
                                  0.475741 100000000.000000   library recovery time
                                           100000000.000000   data required time
---------------------------------------------------------------------------------------------
                                           100000000.000000   data required time
                                           -20000000.000000   data arrival time
---------------------------------------------------------------------------------------------
                                           80000000.000000   slack (MET)


Startpoint: _39_ (rising edge-triggered flip-flop clocked by clk)
Endpoint: alarm_o (output port clocked by clk)
Path Group: clk
Path Type: max

Fanout         Cap        Slew       Delay        Time   Description
---------------------------------------------------------------------------------------------
                      0.150000    0.000000    0.000000   clock clk (rise edge)
                                  0.000000    0.000000   clock network delay (ideal)
                      0.150000    0.000000    0.000000 ^ _39_/CLK (sky130_fd_sc_hd__dfrtp_2)
     2    0.035878    0.298243    0.919353    0.919353 ^ _39_/Q (sky130_fd_sc_hd__dfrtp_2)
                                                         alarm_o (net)
                      0.298243    0.000000    0.919353 ^ alarm_o (out)
                                              0.919353   data arrival time

                      0.150000 100000000.000000 100000000.000000   clock clk (rise edge)
                                  0.000000 100000000.000000   clock network delay (ideal)
                                 -0.250000 100000000.000000   clock uncertainty
                                  0.000000 100000000.000000   clock reconvergence pessimism
                               -20000000.000000 80000000.000000   output external delay
                                           80000000.000000   data required time
---------------------------------------------------------------------------------------------
                                           80000000.000000   data required time
                                             -0.919353   data arrival time
---------------------------------------------------------------------------------------------
                                           80000000.000000   slack (MET)




===========================================================================
report_checks --slack_max -0.01
============================================================================
======================= nom_ss_100C_1v60 Corner ===================================

No paths found.


===========================================================================
 report_check_types -max_slew -max_cap -max_fanout -violators
============================================================================
======================= nom_ss_100C_1v60 Corner ===================================



===========================================================================
report_parasitic_annotation -report_unannotated
============================================================================
Found 46 unannotated drivers.
 alarm_hour[0]
 alarm_hour[1]
 alarm_hour[2]
 alarm_hour[3]
 alarm_hour[4]
 alarm_i
 alarm_min[0]
 alarm_min[1]
 alarm_min[2]
 alarm_min[3]
 alarm_min[4]
 alarm_min[5]
 clk
 hour[0]
 hour[1]
 hour[2]
 hour[3]
 hour[4]
 minute[0]
 minute[1]
 minute[2]
 minute[3]
 minute[4]
 minute[5]
 rst_n
 _19_/X
 _20_/X
 _21_/X
 _22_/Y
 _23_/Y
 _24_/X
 _25_/X
 _26_/X
 _27_/X
 _28_/X
 _29_/X
 _30_/X
 _31_/X
 _32_/X
 _33_/X
 _34_/X
 _35_/X
 _36_/Y
 _37_/X
 _38_/Q
 _39_/Q
Found 0 partially unannotated drivers.

===========================================================================
max slew violation count 0
%OL_METRIC_I design__max_slew_violation__count__corner:nom_ss_100C_1v60 0
max fanout violation count 0
%OL_METRIC_I design__max_fanout_violation__count__corner:nom_ss_100C_1v60 0
max cap violation count 0
%OL_METRIC_I design__max_cap_violation__count__corner:nom_ss_100C_1v60 0
============================================================================

===========================================================================
check_setup -verbose -unconstrained_endpoints -multiple_clock -no_clock -no_input_delay -loops -generated_clocks
===========================================================================
%OL_END_REPORT
%OL_CREATE_REPORT power.rpt

===========================================================================
 report_power
============================================================================
======================= nom_ss_100C_1v60 Corner ===================================

Group                    Internal    Switching      Leakage        Total
                            Power        Power        Power        Power (Watts)
------------------------------------------------------------------------
Sequential           8.213082e-13 1.525733e-13 3.841492e-08 3.841589e-08  27.7%
Combinational        4.324168e-13 9.413602e-14 1.002840e-07 1.002845e-07  72.3%
Clock                0.000000e+00 0.000000e+00 0.000000e+00 0.000000e+00   0.0%
Macro                0.000000e+00 0.000000e+00 0.000000e+00 0.000000e+00   0.0%
Pad                  0.000000e+00 0.000000e+00 0.000000e+00 0.000000e+00   0.0%
------------------------------------------------------------------------
Total                1.253725e-12 2.467093e-13 1.386989e-07 1.387004e-07 100.0%
                             0.0%         0.0%       100.0%
%OL_METRIC_F power__internal__total 1.253724988409255e-12
%OL_METRIC_F power__switching__total 2.4670933698733855e-13
%OL_METRIC_F power__leakage__total 1.3869887993678276e-7
%OL_METRIC_F power__total 1.3870038628738257e-7

%OL_END_REPORT
%OL_CREATE_REPORT skew.min.rpt

===========================================================================
Clock Skew (Hold)
============================================================================
%OL_METRIC_F clock__skew__worst_hold__corner:nom_ss_100C_1v60 -0.25
======================= nom_ss_100C_1v60 Corner ===================================

Clock clk
0.019700 source latency _38_/CLK ^
-0.019700 target latency _38_/CLK ^
-0.250000 clock uncertainty
0.000000 CRPR
--------------
-0.250000 hold skew

%OL_END_REPORT
%OL_CREATE_REPORT skew.max.rpt

===========================================================================
Clock Skew (Setup)
============================================================================
%OL_METRIC_F clock__skew__worst_setup__corner:nom_ss_100C_1v60 0.25
======================= nom_ss_100C_1v60 Corner ===================================

Clock clk
0.019700 source latency _38_/CLK ^
-0.019700 target latency _38_/CLK ^
0.250000 clock uncertainty
0.000000 CRPR
--------------
0.250000 setup skew

%OL_END_REPORT
%OL_CREATE_REPORT ws.min.rpt

===========================================================================
Worst Slack (Hold)
============================================================================
%OL_METRIC_F timing__hold__ws__corner:nom_ss_100C_1v60 0.7296582433673332
nom_ss_100C_1v60: 0.7296582433673332
%OL_END_REPORT
%OL_CREATE_REPORT ws.max.rpt

===========================================================================
Worst Slack (Setup)
============================================================================
%OL_METRIC_F timing__setup__ws__corner:nom_ss_100C_1v60 80000000.47441518
nom_ss_100C_1v60: 80000000.47441518
%OL_END_REPORT
%OL_CREATE_REPORT tns.min.rpt

===========================================================================
Total Negative Slack (Hold)
============================================================================
%OL_METRIC_F timing__hold__tns__corner:nom_ss_100C_1v60 0.0
nom_ss_100C_1v60: 0.0
%OL_END_REPORT
%OL_CREATE_REPORT tns.max.rpt

===========================================================================
Total Negative Slack (Setup)
============================================================================
%OL_METRIC_F timing__setup__tns__corner:nom_ss_100C_1v60 0.0
nom_ss_100C_1v60: 0.0
%OL_END_REPORT
%OL_CREATE_REPORT wns.min.rpt

===========================================================================
Worst Negative Slack (Hold)
============================================================================
%OL_METRIC_F timing__hold__wns__corner:nom_ss_100C_1v60 0
nom_ss_100C_1v60: 0
%OL_END_REPORT
%OL_CREATE_REPORT wns.max.rpt

===========================================================================
Worst Negative Slack (Setup)
============================================================================
%OL_METRIC_F timing__setup__wns__corner:nom_ss_100C_1v60 0.0
nom_ss_100C_1v60: 0.0
%OL_END_REPORT
%OL_CREATE_REPORT violator_list.rpt

===========================================================================
Violator List
============================================================================
%OL_METRIC_I timing__hold_vio__count__corner:nom_ss_100C_1v60 0
%OL_METRIC_F timing__hold_r2r__ws__corner:nom_ss_100C_1v60 0.729658
%OL_METRIC_I timing__hold_r2r_vio__count__corner:nom_ss_100C_1v60 0
%OL_METRIC_I timing__setup_vio__count__corner:nom_ss_100C_1v60 0
%OL_METRIC_F timing__setup_r2r__ws__corner:nom_ss_100C_1v60 inf
%OL_METRIC_I timing__setup_r2r_vio__count__corner:nom_ss_100C_1v60 0
%OL_END_REPORT
%OL_CREATE_REPORT unpropagated.rpt
clk
%OL_END_REPORT
%OL_CREATE_REPORT clock.rpt
Clock: clk
Sources: clk 
Generated: no
Virtual: no
Propagated: no
Period: 100000000.000000

===========================================================================
report_clock_properties
============================================================================
Clock                   Period          Waveform
----------------------------------------------------
clk                 100000000.000000    0.00000050000000.000000

===========================================================================
report_clock_latency
============================================================================
Clock clk
rise -> rise
    min     max
0.000000 0.000000 source latency
0.019700         network latency _38_/CLK
        0.019700 network latency _38_/CLK
---------------
0.019700 0.019700 latency
        0.000000 skew

fall -> fall
    min     max
0.000000 0.000000 source latency
0.000000         network latency _38_/CLK
        0.000000 network latency _38_/CLK
---------------
0.000000 0.000000 latency
        0.000000 skew



===========================================================================
report_clock_min_period
============================================================================
clk period_min = 0.00 fmax = inf
%OL_END_REPORT
Writing SDF files for all corners…
