Clock: clk
Sources: clk 
Generated: no
Virtual: yes
Propagated: no
Period: 1000000000.000000

===========================================================================
report_clock_properties
============================================================================
Clock                   Period          Waveform
----------------------------------------------------
clk                 1000000000.000000    0.000000500000000.000000

===========================================================================
report_clock_latency
============================================================================
Clock clk
rise -> rise
    min     max
0.000000 0.000000 source latency
0.442170         network latency alarm_inst/clk
        0.449655 network latency counter_all_inst/clk
---------------
0.442170 0.449655 latency
        0.007485 skew

fall -> fall
    min     max
0.000000 0.000000 source latency
0.000000         network latency alarm_inst/clk
        0.000000 network latency alarm_inst/clk
---------------
0.000000 0.000000 latency
        0.000000 skew



===========================================================================
report_clock_min_period
============================================================================
clk period_min = 0.00 fmax = inf
