Reading OpenROAD database at '/home/kien/openlane2/MARCO/counter_all/runs/RUN_2026-01-16_18-59-06/15-odb-setpowerconnections/counter_all.odb'…
Reading library file at '/home/kien/.volare/volare/sky130/versions/0fe599b2afb6708d281543108caf8310912f54af/sky130A/libs.ref/sky130_fd_sc_hd/lib/sky130_fd_sc_hd__tt_025C_1v80.lib'…
Reading design constraints file at '/nix/store/4pyixb03xfwwy77zxxplrggxrmm9f57y-python3-3.11.9-env/lib/python3.11/site-packages/openlane/scripts/base.sdc'…
[INFO] Using clock clk…
[INFO] Setting output delay to: 20000000
[INFO] Setting input delay to: 20000000
[INFO] Setting load to: 0.033442
[INFO] Setting clock uncertainty to: 0.25
[INFO] Setting clock transition to: 0.1499999999999999944488848768742172978818416595458984375
[INFO] Setting timing derate to: 5%
Setting global connections for newly added cells…
[INFO] Setting global connections...
Updating metrics…
Cell type report:                       Count       Area
  Buffer                                   10      50.05
  Inverter                                 17      63.81
  Sequential cell                          33     867.08
  Multi-Input combinational cell          299    2717.61
  Total                                   359    3698.55
Writing OpenROAD database to '/home/kien/openlane2/MARCO/counter_all/runs/RUN_2026-01-16_18-59-06/17-openroad-cutrows/counter_all.odb'…
Writing layout to '/home/kien/openlane2/MARCO/counter_all/runs/RUN_2026-01-16_18-59-06/17-openroad-cutrows/counter_all.def'…
