
===========================================================================
report_checks -unconstrained
===========================================================================
======================= max_tt_025C_1v80 Corner ===================================

Startpoint: rst_n (input port clocked by clk)
Endpoint: _38_ (recovery check against rising-edge clock clk)
Path Group: asynchronous
Path Type: max

Fanout         Cap        Slew       Delay        Time   Description
---------------------------------------------------------------------------------------------
                                  0.000000    0.000000   clock clk (rise edge)
                                  0.000000    0.000000   clock network delay (propagated)
                               20000000.000000 20000000.000000 ^ input external delay
     1    0.003303    0.021909    0.000000 20000000.000000 ^ rst_n (in)
                                                         rst_n (net)
                      0.021917    0.000000 20000000.000000 ^ input24/A (sky130_fd_sc_hd__buf_1)
     2    0.010768    0.133390    0.000000 20000000.000000 ^ input24/X (sky130_fd_sc_hd__buf_1)
                                                         net24 (net)
                      0.133393    0.000000 20000000.000000 ^ _38_/RESET_B (sky130_fd_sc_hd__dfrtp_1)
                                           20000000.000000   data arrival time

                               100000000.000000 100000000.000000   clock clk (rise edge)
                                  0.000000 100000000.000000   clock source latency
     1    0.010745    0.054796    0.000000 100000000.000000 ^ clk (in)
                                                         clk (net)
                      0.054806    0.000000 100000000.000000 ^ clkbuf_0_clk/A (sky130_fd_sc_hd__clkbuf_16)
     2    0.017558    0.039767    0.000000 100000000.000000 ^ clkbuf_0_clk/X (sky130_fd_sc_hd__clkbuf_16)
                                                         clknet_0_clk (net)
                      0.039782    0.000000 100000000.000000 ^ clkbuf_1_1__f_clk/A (sky130_fd_sc_hd__clkbuf_16)
     1    0.002981    0.026886    0.000000 100000000.000000 ^ clkbuf_1_1__f_clk/X (sky130_fd_sc_hd__clkbuf_16)
                                                         clknet_1_1__leaf_clk (net)
                      0.026886    0.000000 100000000.000000 ^ _38_/CLK (sky130_fd_sc_hd__dfrtp_1)
                                 -0.250000 100000000.000000   clock uncertainty
                                  0.000000 100000000.000000   clock reconvergence pessimism
                                  0.201829 100000000.000000   library recovery time
                                           100000000.000000   data required time
---------------------------------------------------------------------------------------------
                                           100000000.000000   data required time
                                           -20000000.000000   data arrival time
---------------------------------------------------------------------------------------------
                                           80000000.000000   slack (MET)


Startpoint: _39_ (rising edge-triggered flip-flop clocked by clk)
Endpoint: alarm_o (output port clocked by clk)
Path Group: clk
Path Type: max

Fanout         Cap        Slew       Delay        Time   Description
---------------------------------------------------------------------------------------------
                                  0.000000    0.000000   clock clk (rise edge)
                                  0.000000    0.000000   clock source latency
     1    0.010745    0.054796    0.036637    0.036637 ^ clk (in)
                                                         clk (net)
                      0.054806    0.000000    0.036637 ^ clkbuf_0_clk/A (sky130_fd_sc_hd__clkbuf_16)
     2    0.017558    0.039767    0.126337    0.162975 ^ clkbuf_0_clk/X (sky130_fd_sc_hd__clkbuf_16)
                                                         clknet_0_clk (net)
                      0.039782    0.001056    0.164031 ^ clkbuf_1_0__f_clk/A (sky130_fd_sc_hd__clkbuf_16)
     1    0.003516    0.027401    0.106846    0.270877 ^ clkbuf_1_0__f_clk/X (sky130_fd_sc_hd__clkbuf_16)
                                                         clknet_1_0__leaf_clk (net)
                      0.027401    0.000158    0.271034 ^ _39_/CLK (sky130_fd_sc_hd__dfrtp_1)
     2    0.006318    0.072040    0.332051    0.603086 ^ _39_/Q (sky130_fd_sc_hd__dfrtp_1)
                                                         net25 (net)
                      0.072040    0.000379    0.603465 ^ output25/A (sky130_fd_sc_hd__buf_2)
     1    0.035002    0.173865    0.209496    0.812961 ^ output25/X (sky130_fd_sc_hd__buf_2)
                                                         alarm_o (net)
                      0.173952    0.002066    0.815028 ^ alarm_o (out)
                                              0.815028   data arrival time

                               100000000.000000 100000000.000000   clock clk (rise edge)
                                  0.000000 100000000.000000   clock network delay (propagated)
                                 -0.250000 100000000.000000   clock uncertainty
                                  0.000000 100000000.000000   clock reconvergence pessimism
                               -20000000.000000 80000000.000000   output external delay
                                           80000000.000000   data required time
---------------------------------------------------------------------------------------------
                                           80000000.000000   data required time
                                             -0.815028   data arrival time
---------------------------------------------------------------------------------------------
                                           80000000.000000   slack (MET)




===========================================================================
report_checks --slack_max -0.01
============================================================================
======================= max_tt_025C_1v80 Corner ===================================

No paths found.


===========================================================================
 report_check_types -max_slew -max_cap -max_fanout -violators
============================================================================
======================= max_tt_025C_1v80 Corner ===================================



===========================================================================
report_parasitic_annotation -report_unannotated
============================================================================
Found 0 unannotated drivers.
Found 0 partially unannotated drivers.

===========================================================================
max slew violation count 0
max fanout violation count 0
max cap violation count 0
============================================================================

===========================================================================
check_setup -verbose -unconstrained_endpoints -multiple_clock -no_clock -no_input_delay -loops -generated_clocks
===========================================================================
