Reading OpenROAD database at '/home/kien/openlane2/MARCO/decode_all/runs/RUN_2026-01-16_19-05-32/38-openroad-globalrouting/decode_all.odb'…
Reading library file at '/home/kien/.volare/volare/sky130/versions/0fe599b2afb6708d281543108caf8310912f54af/sky130A/libs.ref/sky130_fd_sc_hd/lib/sky130_fd_sc_hd__tt_025C_1v80.lib'…
Reading design constraints file at '/nix/store/4pyixb03xfwwy77zxxplrggxrmm9f57y-python3-3.11.9-env/lib/python3.11/site-packages/openlane/scripts/base.sdc'…
[WARNING STA-0366] port 'clk' not found.
[INFO] Using clock clk…
[INFO] Setting output delay to: 20000000
[INFO] Setting input delay to: 20000000
[WARNING STA-0366] port 'clk' not found.
[INFO] Setting load to: 0.033442
[INFO] Setting clock uncertainty to: 0.25
[INFO] Setting clock transition to: 0.1499999999999999944488848768742172978818416595458984375
[WARNING STA-0419] transition time can not be specified for virtual clocks.
[INFO] Setting timing derate to: 5%
[WARNING STA-0450] virtual clock clk can not be propagated.
[WARNING STA-0450] virtual clock clk can not be propagated.
[INFO] Setting signal min routing layer to: met1 and clock min routing layer to met1. 
[INFO] Setting signal max routing layer to: met5 and clock max routing layer to met5. 
-congestion_iterations 50 -verbose
[INFO GRT-0020] Min routing layer: met1
[INFO GRT-0021] Max routing layer: met5
[INFO GRT-0022] Global adjustment: 30%
[INFO GRT-0023] Grid origin: (0, 0)
[INFO GRT-0043] No OR_DEFAULT vias defined.
[INFO GRT-0088] Layer li1     Track-Pitch = 0.4600  line-2-Via Pitch: 0.3400
[INFO GRT-0088] Layer met1    Track-Pitch = 0.3400  line-2-Via Pitch: 0.3400
[INFO GRT-0088] Layer met2    Track-Pitch = 0.4600  line-2-Via Pitch: 0.3500
[INFO GRT-0088] Layer met3    Track-Pitch = 0.6800  line-2-Via Pitch: 0.6150
[INFO GRT-0088] Layer met4    Track-Pitch = 0.9200  line-2-Via Pitch: 1.0400
[INFO GRT-0088] Layer met5    Track-Pitch = 3.4000  line-2-Via Pitch: 3.1100
[INFO GRT-0019] Found 0 clock nets.
[WARNING GRT-0036] Pin day[0] is outside die area.
[WARNING GRT-0036] Pin day[1] is outside die area.
[WARNING GRT-0036] Pin day[2] is outside die area.
[WARNING GRT-0036] Pin day[3] is outside die area.
[WARNING GRT-0036] Pin day[4] is outside die area.
[WARNING GRT-0036] Pin hour[0] is outside die area.
[WARNING GRT-0036] Pin hour[1] is outside die area.
[WARNING GRT-0036] Pin hour[2] is outside die area.
[WARNING GRT-0036] Pin hour[3] is outside die area.
[WARNING GRT-0036] Pin hour[4] is outside die area.
[WARNING GRT-0036] Pin led_day[0] is outside die area.
[WARNING GRT-0036] Pin led_day[10] is outside die area.
[WARNING GRT-0036] Pin led_day[11] is outside die area.
[WARNING GRT-0036] Pin led_day[12] is outside die area.
[WARNING GRT-0036] Pin led_day[13] is outside die area.
[WARNING GRT-0036] Pin led_day[1] is outside die area.
[WARNING GRT-0036] Pin led_day[2] is outside die area.
[WARNING GRT-0036] Pin led_day[3] is outside die area.
[WARNING GRT-0036] Pin led_day[4] is outside die area.
[WARNING GRT-0036] Pin led_day[5] is outside die area.
[WARNING GRT-0036] Pin led_day[6] is outside die area.
[WARNING GRT-0036] Pin led_day[7] is outside die area.
[WARNING GRT-0036] Pin led_hour[8] is outside die area.
[WARNING GRT-0036] Pin led_day[9] is outside die area.
[WARNING GRT-0036] Pin led_hour[0] is outside die area.
[WARNING GRT-0036] Pin led_hour[10] is outside die area.
[WARNING GRT-0036] Pin led_hour[11] is outside die area.
[WARNING GRT-0036] Pin led_hour[12] is outside die area.
[WARNING GRT-0036] Pin led_hour[13] is outside die area.
[WARNING GRT-0036] Pin led_hour[1] is outside die area.
[WARNING GRT-0036] Pin led_hour[2] is outside die area.
[WARNING GRT-0036] Pin led_hour[3] is outside die area.
[WARNING GRT-0036] Pin led_hour[4] is outside die area.
[WARNING GRT-0036] Pin led_hour[5] is outside die area.
[WARNING GRT-0036] Pin led_hour[6] is outside die area.
[WARNING GRT-0036] Pin led_hour[7] is outside die area.
[WARNING GRT-0036] Pin led_month[13] is outside die area.
[WARNING GRT-0036] Pin led_hour[9] is outside die area.
[WARNING GRT-0036] Pin led_min[0] is outside die area.
[WARNING GRT-0036] Pin led_min[10] is outside die area.
[WARNING GRT-0036] Pin led_min[11] is outside die area.
[WARNING GRT-0036] Pin led_min[12] is outside die area.
[WARNING GRT-0036] Pin led_min[13] is outside die area.
[WARNING GRT-0036] Pin led_min[1] is outside die area.
[WARNING GRT-0036] Pin led_min[2] is outside die area.
[WARNING GRT-0036] Pin led_min[3] is outside die area.
[WARNING GRT-0036] Pin led_min[4] is outside die area.
[WARNING GRT-0036] Pin led_min[5] is outside die area.
[WARNING GRT-0036] Pin led_min[6] is outside die area.
[WARNING GRT-0036] Pin led_min[7] is outside die area.
[WARNING GRT-0036] Pin led_min[8] is outside die area.
[WARNING GRT-0036] Pin led_min[9] is outside die area.
[WARNING GRT-0036] Pin led_month[0] is outside die area.
[WARNING GRT-0036] Pin led_month[10] is outside die area.
[WARNING GRT-0036] Pin led_month[11] is outside die area.
[WARNING GRT-0036] Pin led_month[12] is outside die area.
[WARNING GRT-0036] Pin led_month[1] is outside die area.
[WARNING GRT-0036] Pin led_month[2] is outside die area.
[WARNING GRT-0036] Pin led_month[3] is outside die area.
[WARNING GRT-0036] Pin led_month[4] is outside die area.
[WARNING GRT-0036] Pin led_month[5] is outside die area.
[WARNING GRT-0036] Pin led_month[6] is outside die area.
[WARNING GRT-0036] Pin led_month[7] is outside die area.
[WARNING GRT-0036] Pin led_month[9] is outside die area.
[WARNING GRT-0036] Pin led_day[8] is outside die area.
[WARNING GRT-0036] Pin led_sec[0] is outside die area.
[WARNING GRT-0036] Pin led_sec[10] is outside die area.
[WARNING GRT-0036] Pin led_sec[11] is outside die area.
[WARNING GRT-0036] Pin led_sec[12] is outside die area.
[WARNING GRT-0036] Pin led_sec[13] is outside die area.
[WARNING GRT-0036] Pin led_sec[1] is outside die area.
[WARNING GRT-0036] Pin led_sec[2] is outside die area.
[WARNING GRT-0036] Pin led_sec[3] is outside die area.
[WARNING GRT-0036] Pin led_sec[4] is outside die area.
[WARNING GRT-0036] Pin led_sec[5] is outside die area.
[WARNING GRT-0036] Pin led_sec[6] is outside die area.
[WARNING GRT-0036] Pin led_sec[7] is outside die area.
[WARNING GRT-0036] Pin led_sec[8] is outside die area.
[WARNING GRT-0036] Pin led_sec[9] is outside die area.
[WARNING GRT-0036] Pin led_year[0] is outside die area.
[WARNING GRT-0036] Pin led_year[10] is outside die area.
[WARNING GRT-0036] Pin led_year[11] is outside die area.
[WARNING GRT-0036] Pin led_year[12] is outside die area.
[WARNING GRT-0036] Pin led_year[13] is outside die area.
[WARNING GRT-0036] Pin led_year[1] is outside die area.
[WARNING GRT-0036] Pin led_year[2] is outside die area.
[WARNING GRT-0036] Pin led_year[3] is outside die area.
[WARNING GRT-0036] Pin led_year[4] is outside die area.
[WARNING GRT-0036] Pin led_year[5] is outside die area.
[WARNING GRT-0036] Pin led_year[6] is outside die area.
[WARNING GRT-0036] Pin led_year[7] is outside die area.
[WARNING GRT-0036] Pin led_year[8] is outside die area.
[WARNING GRT-0036] Pin led_year[9] is outside die area.
[WARNING GRT-0036] Pin minute[0] is outside die area.
[WARNING GRT-0036] Pin minute[1] is outside die area.
[WARNING GRT-0036] Pin minute[2] is outside die area.
[WARNING GRT-0036] Pin minute[3] is outside die area.
[WARNING GRT-0036] Pin minute[4] is outside die area.
[WARNING GRT-0036] Pin minute[5] is outside die area.
[WARNING GRT-0036] Pin month[0] is outside die area.
[WARNING GRT-0036] Pin month[1] is outside die area.
[WARNING GRT-0036] Pin month[2] is outside die area.
[WARNING GRT-0036] Pin month[3] is outside die area.
[WARNING GRT-0036] Pin second[0] is outside die area.
[WARNING GRT-0036] Pin second[1] is outside die area.
[WARNING GRT-0036] Pin second[2] is outside die area.
[WARNING GRT-0036] Pin second[3] is outside die area.
[WARNING GRT-0036] Pin second[4] is outside die area.
[WARNING GRT-0036] Pin second[5] is outside die area.
[WARNING GRT-0036] Pin year[0] is outside die area.
[WARNING GRT-0036] Pin year[1] is outside die area.
[WARNING GRT-0036] Pin year[2] is outside die area.
[WARNING GRT-0036] Pin year[3] is outside die area.
[WARNING GRT-0036] Pin year[4] is outside die area.
[WARNING GRT-0036] Pin year[5] is outside die area.
[WARNING GRT-0036] Pin year[6] is outside die area.
[WARNING GRT-0036] Pin led_month[8] is outside die area.
[INFO GRT-0001] Minimum degree: 2
[INFO GRT-0002] Maximum degree: 9
[INFO GRT-0003] Macros: 0
[WARNING GRT-0041] Net VPWR has wires/vias outside die area.
[WARNING GRT-0041] Net VPWR has wires/vias outside die area.
[WARNING GRT-0041] Net VPWR has wires/vias outside die area.
[WARNING GRT-0041] Net VPWR has wires/vias outside die area.
[WARNING GRT-0041] Net VPWR has wires/vias outside die area.
[WARNING GRT-0041] Net VPWR has wires/vias outside die area.
[WARNING GRT-0041] Net VPWR has wires/vias outside die area.
[WARNING GRT-0041] Net VPWR has wires/vias outside die area.
[WARNING GRT-0041] Net VPWR has wires/vias outside die area.
[WARNING GRT-0041] Net VPWR has wires/vias outside die area.
[WARNING GRT-0041] Net VPWR has wires/vias outside die area.
[WARNING GRT-0041] Net VPWR has wires/vias outside die area.
[WARNING GRT-0041] Net VPWR has wires/vias outside die area.
[WARNING GRT-0041] Net VPWR has wires/vias outside die area.
[WARNING GRT-0041] Net VPWR has wires/vias outside die area.
[WARNING GRT-0041] Net VPWR has wires/vias outside die area.
[WARNING GRT-0041] Net VPWR has wires/vias outside die area.
[WARNING GRT-0041] Net VPWR has wires/vias outside die area.
[WARNING GRT-0041] Net VGND has wires/vias outside die area.
[WARNING GRT-0041] Net VGND has wires/vias outside die area.
[WARNING GRT-0041] Net VGND has wires/vias outside die area.
[WARNING GRT-0041] Net VGND has wires/vias outside die area.
[WARNING GRT-0041] Net VGND has wires/vias outside die area.
[WARNING GRT-0041] Net VGND has wires/vias outside die area.
[WARNING GRT-0041] Net VGND has wires/vias outside die area.
[WARNING GRT-0041] Net VGND has wires/vias outside die area.
[WARNING GRT-0041] Net VGND has wires/vias outside die area.
[WARNING GRT-0041] Net VGND has wires/vias outside die area.
[WARNING GRT-0041] Net VGND has wires/vias outside die area.
[WARNING GRT-0041] Net VGND has wires/vias outside die area.
[WARNING GRT-0041] Net VGND has wires/vias outside die area.
[WARNING GRT-0041] Net VGND has wires/vias outside die area.
[WARNING GRT-0041] Net VGND has wires/vias outside die area.
[WARNING GRT-0041] Net VGND has wires/vias outside die area.
[WARNING GRT-0041] Net VGND has wires/vias outside die area.
[WARNING GRT-0041] Net VGND has wires/vias outside die area.
[WARNING GRT-0041] Net VGND has wires/vias outside die area.
[INFO GRT-0043] No OR_DEFAULT vias defined.
[INFO GRT-0004] Blockages: 80

[INFO GRT-0053] Routing resources analysis:
          Routing      Original      Derated      Resource
Layer     Direction    Resources     Resources    Reduction (%)
---------------------------------------------------------------
li1        Vertical            0             0          0.00%
met1       Horizontal       4302          2131          50.46%
met2       Vertical         2551          1617          36.61%
met3       Horizontal       2151          1320          38.63%
met4       Vertical         1030           630          38.83%
met5       Horizontal        421           132          68.65%
---------------------------------------------------------------

[INFO GRT-0197] Via related to pin nodes: 1607
[INFO GRT-0198] Via related Steiner nodes: 6
[INFO GRT-0199] Via filling finished.
[INFO GRT-0111] Final number of vias: 1911
[INFO GRT-0112] Final usage 3D: 6803

[INFO GRT-0096] Final congestion report:
Layer         Resource        Demand        Usage (%)    Max H / Max V / Total Overflow
---------------------------------------------------------------------------------------
li1                  0             0            0.00%             0 /  0 /  0
met1              2131           576           27.03%             0 /  0 /  0
met2              1617           367           22.70%             0 /  0 /  0
met3              1320           126            9.55%             0 /  0 /  0
met4               630             1            0.16%             0 /  0 /  0
met5               132             0            0.00%             0 /  0 /  0
---------------------------------------------------------------------------------------
Total             5830          1070           18.35%             0 /  0 /  0

[INFO GRT-0018] Total wirelength: 12040 um
[INFO GRT-0014] Routed nets: 427
[INFO GRT-0006] Repairing antennas, iteration 1.
[INFO GRT-0043] No OR_DEFAULT vias defined.
[INFO GRT-0012] Found 0 antenna violations.
Placement Analysis
---------------------------------
total displacement          0.0 u
average displacement        0.0 u
max displacement            0.0 u
original HPWL            8288.5 u
legalized HPWL           8621.3 u
delta HPWL                    4 %

[INFO DPL-0020] Mirrored 230 instances
[INFO DPL-0021] HPWL before            8621.3 u
[INFO DPL-0022] HPWL after             8288.5 u
[INFO DPL-0023] HPWL delta               -3.9 %
-congestion_iterations 50 -verbose
[INFO GRT-0020] Min routing layer: met1
[INFO GRT-0021] Max routing layer: met5
[INFO GRT-0022] Global adjustment: 30%
[INFO GRT-0023] Grid origin: (0, 0)
[INFO GRT-0043] No OR_DEFAULT vias defined.
[INFO GRT-0088] Layer li1     Track-Pitch = 0.4600  line-2-Via Pitch: 0.3400
[INFO GRT-0088] Layer met1    Track-Pitch = 0.3400  line-2-Via Pitch: 0.3400
[INFO GRT-0088] Layer met2    Track-Pitch = 0.4600  line-2-Via Pitch: 0.3500
[INFO GRT-0088] Layer met3    Track-Pitch = 0.6800  line-2-Via Pitch: 0.6150
[INFO GRT-0088] Layer met4    Track-Pitch = 0.9200  line-2-Via Pitch: 1.0400
[INFO GRT-0088] Layer met5    Track-Pitch = 3.4000  line-2-Via Pitch: 3.1100
[INFO GRT-0019] Found 0 clock nets.
[WARNING GRT-0036] Pin day[0] is outside die area.
[WARNING GRT-0036] Pin day[1] is outside die area.
[WARNING GRT-0036] Pin day[2] is outside die area.
[WARNING GRT-0036] Pin day[3] is outside die area.
[WARNING GRT-0036] Pin day[4] is outside die area.
[WARNING GRT-0036] Pin hour[0] is outside die area.
[WARNING GRT-0036] Pin hour[1] is outside die area.
[WARNING GRT-0036] Pin hour[2] is outside die area.
[WARNING GRT-0036] Pin hour[3] is outside die area.
[WARNING GRT-0036] Pin hour[4] is outside die area.
[WARNING GRT-0036] Pin led_day[0] is outside die area.
[WARNING GRT-0036] Pin led_day[10] is outside die area.
[WARNING GRT-0036] Pin led_day[11] is outside die area.
[WARNING GRT-0036] Pin led_day[12] is outside die area.
[WARNING GRT-0036] Pin led_day[13] is outside die area.
[WARNING GRT-0036] Pin led_day[1] is outside die area.
[WARNING GRT-0036] Pin led_day[2] is outside die area.
[WARNING GRT-0036] Pin led_day[3] is outside die area.
[WARNING GRT-0036] Pin led_day[4] is outside die area.
[WARNING GRT-0036] Pin led_day[5] is outside die area.
[WARNING GRT-0036] Pin led_day[6] is outside die area.
[WARNING GRT-0036] Pin led_day[7] is outside die area.
[WARNING GRT-0036] Pin led_hour[8] is outside die area.
[WARNING GRT-0036] Pin led_day[9] is outside die area.
[WARNING GRT-0036] Pin led_hour[0] is outside die area.
[WARNING GRT-0036] Pin led_hour[10] is outside die area.
[WARNING GRT-0036] Pin led_hour[11] is outside die area.
[WARNING GRT-0036] Pin led_hour[12] is outside die area.
[WARNING GRT-0036] Pin led_hour[13] is outside die area.
[WARNING GRT-0036] Pin led_hour[1] is outside die area.
[WARNING GRT-0036] Pin led_hour[2] is outside die area.
[WARNING GRT-0036] Pin led_hour[3] is outside die area.
[WARNING GRT-0036] Pin led_hour[4] is outside die area.
[WARNING GRT-0036] Pin led_hour[5] is outside die area.
[WARNING GRT-0036] Pin led_hour[6] is outside die area.
[WARNING GRT-0036] Pin led_hour[7] is outside die area.
[WARNING GRT-0036] Pin led_month[13] is outside die area.
[WARNING GRT-0036] Pin led_hour[9] is outside die area.
[WARNING GRT-0036] Pin led_min[0] is outside die area.
[WARNING GRT-0036] Pin led_min[10] is outside die area.
[WARNING GRT-0036] Pin led_min[11] is outside die area.
[WARNING GRT-0036] Pin led_min[12] is outside die area.
[WARNING GRT-0036] Pin led_min[13] is outside die area.
[WARNING GRT-0036] Pin led_min[1] is outside die area.
[WARNING GRT-0036] Pin led_min[2] is outside die area.
[WARNING GRT-0036] Pin led_min[3] is outside die area.
[WARNING GRT-0036] Pin led_min[4] is outside die area.
[WARNING GRT-0036] Pin led_min[5] is outside die area.
[WARNING GRT-0036] Pin led_min[6] is outside die area.
[WARNING GRT-0036] Pin led_min[7] is outside die area.
[WARNING GRT-0036] Pin led_min[8] is outside die area.
[WARNING GRT-0036] Pin led_min[9] is outside die area.
[WARNING GRT-0036] Pin led_month[0] is outside die area.
[WARNING GRT-0036] Pin led_month[10] is outside die area.
[WARNING GRT-0036] Pin led_month[11] is outside die area.
[WARNING GRT-0036] Pin led_month[12] is outside die area.
[WARNING GRT-0036] Pin led_month[1] is outside die area.
[WARNING GRT-0036] Pin led_month[2] is outside die area.
[WARNING GRT-0036] Pin led_month[3] is outside die area.
[WARNING GRT-0036] Pin led_month[4] is outside die area.
[WARNING GRT-0036] Pin led_month[5] is outside die area.
[WARNING GRT-0036] Pin led_month[6] is outside die area.
[WARNING GRT-0036] Pin led_month[7] is outside die area.
[WARNING GRT-0036] Pin led_month[9] is outside die area.
[WARNING GRT-0036] Pin led_day[8] is outside die area.
[WARNING GRT-0036] Pin led_sec[0] is outside die area.
[WARNING GRT-0036] Pin led_sec[10] is outside die area.
[WARNING GRT-0036] Pin led_sec[11] is outside die area.
[WARNING GRT-0036] Pin led_sec[12] is outside die area.
[WARNING GRT-0036] Pin led_sec[13] is outside die area.
[WARNING GRT-0036] Pin led_sec[1] is outside die area.
[WARNING GRT-0036] Pin led_sec[2] is outside die area.
[WARNING GRT-0036] Pin led_sec[3] is outside die area.
[WARNING GRT-0036] Pin led_sec[4] is outside die area.
[WARNING GRT-0036] Pin led_sec[5] is outside die area.
[WARNING GRT-0036] Pin led_sec[6] is outside die area.
[WARNING GRT-0036] Pin led_sec[7] is outside die area.
[WARNING GRT-0036] Pin led_sec[8] is outside die area.
[WARNING GRT-0036] Pin led_sec[9] is outside die area.
[WARNING GRT-0036] Pin led_year[0] is outside die area.
[WARNING GRT-0036] Pin led_year[10] is outside die area.
[WARNING GRT-0036] Pin led_year[11] is outside die area.
[WARNING GRT-0036] Pin led_year[12] is outside die area.
[WARNING GRT-0036] Pin led_year[13] is outside die area.
[WARNING GRT-0036] Pin led_year[1] is outside die area.
[WARNING GRT-0036] Pin led_year[2] is outside die area.
[WARNING GRT-0036] Pin led_year[3] is outside die area.
[WARNING GRT-0036] Pin led_year[4] is outside die area.
[WARNING GRT-0036] Pin led_year[5] is outside die area.
[WARNING GRT-0036] Pin led_year[6] is outside die area.
[WARNING GRT-0036] Pin led_year[7] is outside die area.
[WARNING GRT-0036] Pin led_year[8] is outside die area.
[WARNING GRT-0036] Pin led_year[9] is outside die area.
[WARNING GRT-0036] Pin minute[0] is outside die area.
[WARNING GRT-0036] Pin minute[1] is outside die area.
[WARNING GRT-0036] Pin minute[2] is outside die area.
[WARNING GRT-0036] Pin minute[3] is outside die area.
[WARNING GRT-0036] Pin minute[4] is outside die area.
[WARNING GRT-0036] Pin minute[5] is outside die area.
[WARNING GRT-0036] Pin month[0] is outside die area.
[WARNING GRT-0036] Pin month[1] is outside die area.
[WARNING GRT-0036] Pin month[2] is outside die area.
[WARNING GRT-0036] Pin month[3] is outside die area.
[WARNING GRT-0036] Pin second[0] is outside die area.
[WARNING GRT-0036] Pin second[1] is outside die area.
[WARNING GRT-0036] Pin second[2] is outside die area.
[WARNING GRT-0036] Pin second[3] is outside die area.
[WARNING GRT-0036] Pin second[4] is outside die area.
[WARNING GRT-0036] Pin second[5] is outside die area.
[WARNING GRT-0036] Pin year[0] is outside die area.
[WARNING GRT-0036] Pin year[1] is outside die area.
[WARNING GRT-0036] Pin year[2] is outside die area.
[WARNING GRT-0036] Pin year[3] is outside die area.
[WARNING GRT-0036] Pin year[4] is outside die area.
[WARNING GRT-0036] Pin year[5] is outside die area.
[WARNING GRT-0036] Pin year[6] is outside die area.
[WARNING GRT-0036] Pin led_month[8] is outside die area.
[INFO GRT-0001] Minimum degree: 2
[INFO GRT-0002] Maximum degree: 9
[INFO GRT-0003] Macros: 0
[WARNING GRT-0041] Net VPWR has wires/vias outside die area.
[WARNING GRT-0041] Net VPWR has wires/vias outside die area.
[WARNING GRT-0041] Net VPWR has wires/vias outside die area.
[WARNING GRT-0041] Net VPWR has wires/vias outside die area.
[WARNING GRT-0041] Net VPWR has wires/vias outside die area.
[WARNING GRT-0041] Net VPWR has wires/vias outside die area.
[WARNING GRT-0041] Net VPWR has wires/vias outside die area.
[WARNING GRT-0041] Net VPWR has wires/vias outside die area.
[WARNING GRT-0041] Net VPWR has wires/vias outside die area.
[WARNING GRT-0041] Net VPWR has wires/vias outside die area.
[WARNING GRT-0041] Net VPWR has wires/vias outside die area.
[WARNING GRT-0041] Net VPWR has wires/vias outside die area.
[WARNING GRT-0041] Net VPWR has wires/vias outside die area.
[WARNING GRT-0041] Net VPWR has wires/vias outside die area.
[WARNING GRT-0041] Net VPWR has wires/vias outside die area.
[WARNING GRT-0041] Net VPWR has wires/vias outside die area.
[WARNING GRT-0041] Net VPWR has wires/vias outside die area.
[WARNING GRT-0041] Net VPWR has wires/vias outside die area.
[WARNING GRT-0041] Net VGND has wires/vias outside die area.
[WARNING GRT-0041] Net VGND has wires/vias outside die area.
[WARNING GRT-0041] Net VGND has wires/vias outside die area.
[WARNING GRT-0041] Net VGND has wires/vias outside die area.
[WARNING GRT-0041] Net VGND has wires/vias outside die area.
[WARNING GRT-0041] Net VGND has wires/vias outside die area.
[WARNING GRT-0041] Net VGND has wires/vias outside die area.
[WARNING GRT-0041] Net VGND has wires/vias outside die area.
[WARNING GRT-0041] Net VGND has wires/vias outside die area.
[WARNING GRT-0041] Net VGND has wires/vias outside die area.
[WARNING GRT-0041] Net VGND has wires/vias outside die area.
[WARNING GRT-0041] Net VGND has wires/vias outside die area.
[WARNING GRT-0041] Net VGND has wires/vias outside die area.
[WARNING GRT-0041] Net VGND has wires/vias outside die area.
[WARNING GRT-0041] Net VGND has wires/vias outside die area.
[WARNING GRT-0041] Net VGND has wires/vias outside die area.
[WARNING GRT-0041] Net VGND has wires/vias outside die area.
[WARNING GRT-0041] Net VGND has wires/vias outside die area.
[WARNING GRT-0041] Net VGND has wires/vias outside die area.
[INFO GRT-0043] No OR_DEFAULT vias defined.
[INFO GRT-0004] Blockages: 80

[INFO GRT-0053] Routing resources analysis:
          Routing      Original      Derated      Resource
Layer     Direction    Resources     Resources    Reduction (%)
---------------------------------------------------------------
li1        Vertical            0             0          0.00%
met1       Horizontal       4302          2131          50.46%
met2       Vertical         2551          1617          36.61%
met3       Horizontal       2151          1320          38.63%
met4       Vertical         1030           630          38.83%
met5       Horizontal        421           132          68.65%
---------------------------------------------------------------

[INFO GRT-0197] Via related to pin nodes: 1607
[INFO GRT-0198] Via related Steiner nodes: 6
[INFO GRT-0199] Via filling finished.
[INFO GRT-0111] Final number of vias: 1911
[INFO GRT-0112] Final usage 3D: 6803

[INFO GRT-0096] Final congestion report:
Layer         Resource        Demand        Usage (%)    Max H / Max V / Total Overflow
---------------------------------------------------------------------------------------
li1                  0             0            0.00%             0 /  0 /  0
met1              2131           576           27.03%             0 /  0 /  0
met2              1617           367           22.70%             0 /  0 /  0
met3              1320           126            9.55%             0 /  0 /  0
met4               630             1            0.16%             0 /  0 /  0
met5               132             0            0.00%             0 /  0 /  0
---------------------------------------------------------------------------------------
Total             5830          1070           18.35%             0 /  0 /  0

[INFO GRT-0018] Total wirelength: 12040 um
[INFO GRT-0014] Routed nets: 427
[INFO] Setting RC values…
Setting global connections for newly added cells…
[INFO] Setting global connections...
Updating metrics…
Cell type report:                       Count       Area
  Fill cell                                28     105.10
  Tap cell                                 88     110.11
  Buffer                                    3      11.26
  Timing Repair Buffer                    112     593.07
  Inverter                                 20      75.07
  Multi-Input combinational cell          259    1936.86
  Total                                   510    2831.47
Writing OpenROAD database to '/home/kien/openlane2/MARCO/decode_all/runs/RUN_2026-01-16_19-05-32/41-openroad-repairantennas/1-diodeinsertion/decode_all.odb'…
Writing layout to '/home/kien/openlane2/MARCO/decode_all/runs/RUN_2026-01-16_19-05-32/41-openroad-repairantennas/1-diodeinsertion/decode_all.def'…
