                                                                       Cells by Function                                                                        
┏━━━━━━━━━━━━━━━━━━━━━━━━━━━━━━━━━━━━━━━━━━━━━━━━━━━━━━━━━━━━━━━━━━━━━━━━━━━━━━━━━━━━━━━━━━━━━━━━━━━━━━━━━━━━━━━━━━━━━━━━━━━━━━━━┳━━━━━━━━━━━━━━━━━━━━━━━━━━━━━┓
┃ Cell Function                                                                                                                  ┃ Count                       ┃
┡━━━━━━━━━━━━━━━━━━━━━━━━━━━━━━━━━━━━━━━━━━━━━━━━━━━━━━━━━━━━━━━━━━━━━━━━━━━━━━━━━━━━━━━━━━━━━━━━━━━━━━━━━━━━━━━━━━━━━━━━━━━━━━━━╇━━━━━━━━━━━━━━━━━━━━━━━━━━━━━┩
│ sky130_ef_sc_hd__decap                                                                                                         │ 31                          │
│ sky130_fd_sc_hd__a21o                                                                                                          │ 5                           │
│ sky130_fd_sc_hd__a21oi                                                                                                         │ 1                           │
│ sky130_fd_sc_hd__a31o                                                                                                          │ 5                           │
│ sky130_fd_sc_hd__and3b                                                                                                         │ 2                           │
│ sky130_fd_sc_hd__buf                                                                                                           │ 24                          │
│ sky130_fd_sc_hd__clkbuf                                                                                                        │ 16                          │
│ sky130_fd_sc_hd__decap                                                                                                         │ 40                          │
│ sky130_fd_sc_hd__fill                                                                                                          │ 26                          │
│ sky130_fd_sc_hd__inv                                                                                                           │ 1                           │
│ sky130_fd_sc_hd__nor2                                                                                                          │ 1                           │
│ sky130_fd_sc_hd__o21a                                                                                                          │ 1                           │
│ sky130_fd_sc_hd__or2                                                                                                           │ 6                           │
│ sky130_fd_sc_hd__tapvpwrvgnd                                                                                                   │ 12                          │
│ sky130_fd_sc_hd__xnor2                                                                                                         │ 1                           │
└────────────────────────────────────────────────────────────────────────────────────────────────────────────────────────────────┴─────────────────────────────┘
