124. Printing statistics.

=== decode_all ===

   Number of wires:                455
   Number of wire bits:            560
   Number of public wires:          12
   Number of public wire bits:     117
   Number of ports:                 12
   Number of port bits:            117
   Number of memories:               0
   Number of memory bits:            0
   Number of processes:              0
   Number of cells:                521
     $_ANDNOT_                     163
     $_AND_                         18
     $_MUX_                         96
     $_NAND_                        42
     $_NOR_                          6
     $_NOT_                         32
     $_ORNOT_                       19
     $_OR_                          70
     $_XNOR_                        21
     $_XOR_                         54

   Area for cell type $_NOT_ is unknown!
   Area for cell type $_AND_ is unknown!
   Area for cell type $_NAND_ is unknown!
   Area for cell type $_OR_ is unknown!
   Area for cell type $_NOR_ is unknown!
   Area for cell type $_XOR_ is unknown!
   Area for cell type $_XNOR_ is unknown!
   Area for cell type $_ANDNOT_ is unknown!
   Area for cell type $_ORNOT_ is unknown!
   Area for cell type $_MUX_ is unknown!

