Reading OpenROAD database at '/home/kien/openlane2/MARCO/decode_input/runs/RUN_2026-01-16_19-22-56/20-openroad-generatepdn/decode_input.odb'…
Reading library file at '/home/kien/.volare/volare/sky130/versions/0fe599b2afb6708d281543108caf8310912f54af/sky130A/libs.ref/sky130_fd_sc_hd/lib/sky130_fd_sc_hd__tt_025C_1v80.lib'…
Reading design constraints file at '/nix/store/4pyixb03xfwwy77zxxplrggxrmm9f57y-python3-3.11.9-env/lib/python3.11/site-packages/openlane/scripts/base.sdc'…
[WARNING STA-0366] port '__VIRTUAL_CLK__' not found.
[INFO] Using clock __VIRTUAL_CLK__…
[INFO] Setting output delay to: 2
[INFO] Setting input delay to: 2
[WARNING STA-0366] port '__VIRTUAL_CLK__' not found.
[INFO] Setting load to: 0.033442
[INFO] Setting clock uncertainty to: 0.25
[INFO] Setting clock transition to: 0.1499999999999999944488848768742172978818416595458984375
[WARNING STA-0419] transition time can not be specified for virtual clocks.
[INFO] Setting timing derate to: 5%
[WARNING STA-0450] virtual clock __VIRTUAL_CLK__ can not be propagated.
+ global_placement -density 0.85 -skip_io -pad_right 0 -pad_left 0 -init_wirelength_coef 0.25
[INFO GPL-0002] DBU: 1000
[INFO GPL-0003] SiteSize: (  0.460  2.720 ) um
[INFO GPL-0004] CoreBBox: (  5.520 10.880 ) ( 44.160 38.080 ) um
[INFO GPL-0006] NumInstances:                55
[INFO GPL-0007] NumPlaceInstances:           23
[INFO GPL-0008] NumFixedInstances:           32
[INFO GPL-0009] NumDummyInstances:            0
[INFO GPL-0010] NumNets:                     43
[INFO GPL-0011] NumPins:                     87
[INFO GPL-0012] DieBBox:  (  0.000  0.000 ) ( 50.000 50.000 ) um
[INFO GPL-0013] CoreBBox: (  5.520 10.880 ) ( 44.160 38.080 ) um
[INFO GPL-0016] CoreArea:              1051.008 um^2
[INFO GPL-0017] NonPlaceInstsArea:       90.086 um^2
[INFO GPL-0018] PlaceInstsArea:         188.931 um^2
[INFO GPL-0019] Util:                    19.661 %
[INFO GPL-0020] StdInstsArea:           188.931 um^2
[INFO GPL-0021] MacroInstsArea:           0.000 um^2
[INFO GPL-0031] FillerInit:NumGCells:       102
[INFO GPL-0032] FillerInit:NumGNets:         43
[INFO GPL-0033] FillerInit:NumGPins:         87
[INFO GPL-0023] TargetDensity:            0.850
[INFO GPL-0024] AvrgPlaceInstArea:        8.214 um^2
[INFO GPL-0025] IdealBinArea:             9.664 um^2
[INFO GPL-0026] IdealBinCnt:                108
[INFO GPL-0027] TotalBinArea:          1051.008 um^2
[INFO GPL-0028] BinCnt:         8      8
[INFO GPL-0029] BinSize: (  4.830  3.400 )
[INFO GPL-0030] NumBins: 64
[NesterovSolve] Iter:    1 overflow: 0.704 HPWL: 21827
[NesterovSolve] Iter:   10 overflow: 0.701 HPWL: 13091
[NesterovSolve] Iter:   20 overflow: 0.668 HPWL: 12077
[NesterovSolve] Iter:   30 overflow: 0.653 HPWL: 11855
[NesterovSolve] Iter:   40 overflow: 0.655 HPWL: 11800
[NesterovSolve] Iter:   50 overflow: 0.661 HPWL: 11828
[NesterovSolve] Iter:   60 overflow: 0.660 HPWL: 11782
[NesterovSolve] Iter:   70 overflow: 0.656 HPWL: 11764
[NesterovSolve] Iter:   80 overflow: 0.656 HPWL: 11765
[NesterovSolve] Iter:   90 overflow: 0.657 HPWL: 11715
[NesterovSolve] Iter:  100 overflow: 0.657 HPWL: 11705
[NesterovSolve] Iter:  110 overflow: 0.655 HPWL: 11725
[NesterovSolve] Iter:  120 overflow: 0.652 HPWL: 11744
[NesterovSolve] Iter:  130 overflow: 0.650 HPWL: 11812
[NesterovSolve] Iter:  140 overflow: 0.646 HPWL: 11869
[NesterovSolve] Iter:  150 overflow: 0.640 HPWL: 11932
[NesterovSolve] Iter:  160 overflow: 0.631 HPWL: 12085
[NesterovSolve] Iter:  170 overflow: 0.622 HPWL: 12292
[NesterovSolve] Iter:  180 overflow: 0.610 HPWL: 12626
[NesterovSolve] Iter:  190 overflow: 0.589 HPWL: 13538
[NesterovSolve] Iter:  200 overflow: 0.566 HPWL: 14966
[NesterovSolve] Iter:  210 overflow: 0.527 HPWL: 16326
[NesterovSolve] Iter:  220 overflow: 0.496 HPWL: 18117
[NesterovSolve] Iter:  230 overflow: 0.440 HPWL: 23233
[NesterovSolve] Iter:  240 overflow: 0.397 HPWL: 26384
[NesterovSolve] Iter:  250 overflow: 0.359 HPWL: 27622
[NesterovSolve] Iter:  260 overflow: 0.307 HPWL: 30689
[NesterovSolve] Iter:  270 overflow: 0.300 HPWL: 31670
[NesterovSolve] Iter:  280 overflow: 0.288 HPWL: 33668
[NesterovSolve] Iter:  290 overflow: 0.257 HPWL: 35729
[NesterovSolve] Iter:  300 overflow: 0.217 HPWL: 35137
[NesterovSolve] Iter:  310 overflow: 0.189 HPWL: 33330
[NesterovSolve] Iter:  320 overflow: 0.186 HPWL: 35526
[NesterovSolve] Iter:  330 overflow: 0.164 HPWL: 34797
[NesterovSolve] Iter:  340 overflow: 0.150 HPWL: 38808
[NesterovSolve] Iter:  350 overflow: 0.148 HPWL: 41389
[NesterovSolve] Iter:  360 overflow: 0.101 HPWL: 54196
[NesterovSolve] Finished with Overflow: 0.092402
[INFO] Setting RC values…
Setting global connections for newly added cells…
[INFO] Setting global connections...
Updating metrics…
Cell type report:                       Count       Area
  Fill cell                                20      75.07
  Tap cell                                 12      15.01
  Inverter                                  1       3.75
  Multi-Input combinational cell           22     185.18
  Total                                    55     279.02
Writing OpenROAD database to '/home/kien/openlane2/MARCO/decode_input/runs/RUN_2026-01-16_19-22-56/23-openroad-globalplacementskipio/decode_input.odb'…
Writing netlist to '/home/kien/openlane2/MARCO/decode_input/runs/RUN_2026-01-16_19-22-56/23-openroad-globalplacementskipio/decode_input.nl.v'…
Writing powered netlist to '/home/kien/openlane2/MARCO/decode_input/runs/RUN_2026-01-16_19-22-56/23-openroad-globalplacementskipio/decode_input.pnl.v'…
Writing layout to '/home/kien/openlane2/MARCO/decode_input/runs/RUN_2026-01-16_19-22-56/23-openroad-globalplacementskipio/decode_input.def'…
Writing timing constraints to '/home/kien/openlane2/MARCO/decode_input/runs/RUN_2026-01-16_19-22-56/23-openroad-globalplacementskipio/decode_input.sdc'…
