
Magic 8.3 revision 489 - Compiled on Thu Aug 22 13:45:15 UTC 2024.
Starting magic under Tcl interpreter
Using the terminal as the console.
Using NULL graphics device.
Processing system .magicrc file
Sourcing design .magicrc for technology sky130A ...
2 Magic internal units = 1 Lambda
Input style sky130(): scaleFactor=2, multiplier=2
The following types are not handled by extraction and will be treated as non-electrical types:
    ubm 
Scaled tech values by 2 / 1 to match internal grid scaling
Loading sky130A Device Generator Menu ...
Loading "/nix/store/ss2cw3sxbrwwx9jl0rrppbw4kgcmgi2n-python3-3.11.9-env/lib/python3.11/site-packages/openlane/scripts/magic/wrapper.tcl" from command line.
> lef read /home/lroot/.volare/volare/sky130/versions/0fe599b2afb6708d281543108caf8310912f54af/sky130A/libs.ref/sky130_fd_sc_hd/techlef/sky130_fd_sc_hd__nom.tlef
Reading LEF data from file /home/lroot/.volare/volare/sky130/versions/0fe599b2afb6708d281543108caf8310912f54af/sky130A/libs.ref/sky130_fd_sc_hd/techlef/sky130_fd_sc_hd__nom.tlef.
This action cannot be undone.
LEF read, Line 82 (Message): Unknown keyword "ANTENNAMODEL" in LEF file; ignoring.
LEF read, Line 83 (Message): Unknown keyword "ANTENNADIFFSIDEAREARATIO" in LEF file; ignoring.
LEF read, Line 116 (Message): Unknown keyword "MINENCLOSEDAREA" in LEF file; ignoring.
LEF read, Line 118 (Message): Unknown keyword "ANTENNAMODEL" in LEF file; ignoring.
LEF read, Line 119 (Message): Unknown keyword "ANTENNADIFFSIDEAREARATIO" in LEF file; ignoring.
LEF read, Line 125 (Message): Unknown keyword "MAXIMUMDENSITY" in LEF file; ignoring.
LEF read, Line 126 (Message): Unknown keyword "DENSITYCHECKWINDOW" in LEF file; ignoring.
LEF read, Line 127 (Message): Unknown keyword "DENSITYCHECKSTEP" in LEF file; ignoring.
LEF read, Line 160 (Message): Unknown keyword "MINENCLOSEDAREA" in LEF file; ignoring.
LEF read, Line 168 (Message): Unknown keyword "ANTENNAMODEL" in LEF file; ignoring.
LEF read, Line 169 (Message): Unknown keyword "ANTENNADIFFSIDEAREARATIO" in LEF file; ignoring.
LEF read, Line 171 (Message): Unknown keyword "MAXIMUMDENSITY" in LEF file; ignoring.
LEF read, Line 172 (Message): Unknown keyword "DENSITYCHECKWINDOW" in LEF file; ignoring.
LEF read, Line 173 (Message): Unknown keyword "DENSITYCHECKSTEP" in LEF file; ignoring.
LEF read, Line 210 (Message): Unknown keyword "ANTENNAMODEL" in LEF file; ignoring.
LEF read, Line 211 (Message): Unknown keyword "ANTENNADIFFSIDEAREARATIO" in LEF file; ignoring.
LEF read, Line 213 (Message): Unknown keyword "MAXIMUMDENSITY" in LEF file; ignoring.
LEF read, Line 214 (Message): Unknown keyword "DENSITYCHECKWINDOW" in LEF file; ignoring.
LEF read, Line 215 (Message): Unknown keyword "DENSITYCHECKSTEP" in LEF file; ignoring.
LEF read, Line 252 (Message): Unknown keyword "ANTENNAMODEL" in LEF file; ignoring.
LEF read, Line 253 (Message): Unknown keyword "ANTENNADIFFSIDEAREARATIO" in LEF file; ignoring.
LEF read, Line 255 (Message): Unknown keyword "MAXIMUMDENSITY" in LEF file; ignoring.
LEF read, Line 256 (Message): Unknown keyword "DENSITYCHECKWINDOW" in LEF file; ignoring.
LEF read, Line 257 (Message): Unknown keyword "DENSITYCHECKSTEP" in LEF file; ignoring.
LEF read, Line 294 (Message): Unknown keyword "ANTENNAMODEL" in LEF file; ignoring.
LEF read, Line 295 (Message): Unknown keyword "ANTENNADIFFSIDEAREARATIO" in LEF file; ignoring.
LEF read: Processed 801 lines.
> lef read /home/lroot/.volare/volare/sky130/versions/0fe599b2afb6708d281543108caf8310912f54af/sky130A/libs.ref/sky130_fd_sc_hd/lef/sky130_fd_sc_hd.lef
Reading LEF data from file /home/lroot/.volare/volare/sky130/versions/0fe599b2afb6708d281543108caf8310912f54af/sky130A/libs.ref/sky130_fd_sc_hd/lef/sky130_fd_sc_hd.lef.
This action cannot be undone.
LEF read: Processed 56536 lines.
> lef read /home/lroot/.volare/volare/sky130/versions/0fe599b2afb6708d281543108caf8310912f54af/sky130A/libs.ref/sky130_fd_sc_hd/lef/sky130_ef_sc_hd.lef
Reading LEF data from file /home/lroot/.volare/volare/sky130/versions/0fe599b2afb6708d281543108caf8310912f54af/sky130A/libs.ref/sky130_fd_sc_hd/lef/sky130_ef_sc_hd.lef.
This action cannot be undone.
LEF read: Processed 278 lines.
> lef read /mnt/e/BKHN_DTVT/VLSI/MARCO/MARCO/macros/counter_all.lef
Reading LEF data from file /mnt/e/BKHN_DTVT/VLSI/MARCO/MARCO/macros/counter_all.lef.
This action cannot be undone.
LEF read: Processed 871 lines.
> lef read /mnt/e/BKHN_DTVT/VLSI/MARCO/MARCO/macros/alarm.lef
Reading LEF data from file /mnt/e/BKHN_DTVT/VLSI/MARCO/MARCO/macros/alarm.lef.
This action cannot be undone.
LEF read: Processed 337 lines.
> lef read /mnt/e/BKHN_DTVT/VLSI/MARCO/MARCO/macros/decode_all.lef
Reading LEF data from file /mnt/e/BKHN_DTVT/VLSI/MARCO/MARCO/macros/decode_all.lef.
This action cannot be undone.
LEF read: Processed 1342 lines.
> lef read /mnt/e/BKHN_DTVT/VLSI/MARCO/MARCO/macros/decode_day.lef
Reading LEF data from file /mnt/e/BKHN_DTVT/VLSI/MARCO/MARCO/macros/decode_day.lef.
This action cannot be undone.
LEF read: Processed 252 lines.
> lef read /mnt/e/BKHN_DTVT/VLSI/MARCO/MARCO/macros/decode_input.lef
Reading LEF data from file /mnt/e/BKHN_DTVT/VLSI/MARCO/MARCO/macros/decode_input.lef.
This action cannot be undone.
LEF read: Processed 421 lines.
> def read /mnt/e/BKHN_DTVT/VLSI/MARCO/MARCO/runs/macros/53-odb-cellfrequencytables/clock_century.def -noblockage -labels
Reading DEF data from file /mnt/e/BKHN_DTVT/VLSI/MARCO/MARCO/runs/macros/53-odb-cellfrequencytables/clock_century.def.
This action cannot be undone.
  Processed 4 vias total.
  Processed 7466 subcell instances total.
  Processed 112 pins total.
  Processed 2 special nets total.
  Processed 294 nets total.
DEF read: Processed 15429 lines.
Moving label "day_num\[2\]" from metal3 to via2 in cell clock_century.
Moving label "led_min[2]" from metal2 to via2 in cell clock_century.
Moving label "led_min[3]" from metal2 to via2 in cell clock_century.
Moving label "led_min[4]" from metal2 to via2 in cell clock_century.
Moving label "led_min[8]" from metal2 to via2 in cell clock_century.
Moving label "led_sec[10]" from metal2 to via2 in cell clock_century.
Moving label "led_sec[2]" from metal2 to via2 in cell clock_century.
Moving label "led_sec[6]" from metal2 to via2 in cell clock_century.
Moving label "led_sec[8]" from metal2 to via2 in cell clock_century.
Moving label "net110" from metal2 to via2 in cell clock_century.
Moving label "net13" from metal2 to via1 in cell clock_century.
Moving label "net2" from metal3 to via2 in cell clock_century.
Moving label "net25" from metal3 to via2 in cell clock_century.
Moving label "net26" from metal2 to via1 in cell clock_century.
Moving label "net8" from metal2 to via2 in cell clock_century.
Processing clock_century
Extracting sky130_fd_sc_hd__decap_3 into sky130_fd_sc_hd__decap_3.ext:
Extracting sky130_ef_sc_hd__decap_12 into sky130_ef_sc_hd__decap_12.ext:
Extracting sky130_fd_sc_hd__tapvpwrvgnd_1 into sky130_fd_sc_hd__tapvpwrvgnd_1.ext:
Extracting sky130_fd_sc_hd__fill_1 into sky130_fd_sc_hd__fill_1.ext:
Extracting sky130_fd_sc_hd__decap_4 into sky130_fd_sc_hd__decap_4.ext:
Extracting sky130_fd_sc_hd__decap_6 into sky130_fd_sc_hd__decap_6.ext:
Extracting sky130_fd_sc_hd__decap_8 into sky130_fd_sc_hd__decap_8.ext:
Extracting sky130_fd_sc_hd__diode_2 into sky130_fd_sc_hd__diode_2.ext:
Extracting sky130_fd_sc_hd__buf_1 into sky130_fd_sc_hd__buf_1.ext:
Extracting decode_day into decode_day.ext:
Extracting sky130_fd_sc_hd__fill_2 into sky130_fd_sc_hd__fill_2.ext:
Extracting sky130_fd_sc_hd__clkbuf_1 into sky130_fd_sc_hd__clkbuf_1.ext:
Extracting decode_input into decode_input.ext:
Extracting sky130_fd_sc_hd__buf_2 into sky130_fd_sc_hd__buf_2.ext:
Extracting sky130_fd_sc_hd__clkbuf_16 into sky130_fd_sc_hd__clkbuf_16.ext:
Extracting sky130_fd_sc_hd__bufinv_16 into sky130_fd_sc_hd__bufinv_16.ext:
Extracting alarm into alarm.ext:
Extracting decode_all into decode_all.ext:
Extracting counter_all into counter_all.ext:
Extracting sky130_fd_sc_hd__clkbuf_4 into sky130_fd_sc_hd__clkbuf_4.ext:
Extracting clock_century into clock_century.ext:
exttospice finished.
Using technology "sky130A", version 1.0.493-0-g0fe599b
