'PNR_SDC_FILE' is not defined. Using generic fallback SDC for OpenROAD PnR steps.
'SIGNOFF_SDC_FILE' is not defined. Using generic fallback SDC for OpenROAD PnR steps.
[GRT-0097] No global routing found for nets.
[GRT-0097] No global routing found for nets.
[GRT-0097] No global routing found for nets.
[GRT-0036] Pin alarm_hour[0] is outside die area.
[GRT-0036] Pin alarm_hour[1] is outside die area.
[GRT-0036] Pin alarm_hour[2] is outside die area.
[GRT-0036] Pin alarm_hour[3] is outside die area.
[GRT-0036] Pin alarm_hour[4] is outside die area.
[GRT-0036] Pin alarm_i is outside die area.
[GRT-0036] Pin alarm_min[0] is outside die area.
[GRT-0036] Pin alarm_min[1] is outside die area.
[GRT-0036] Pin alarm_min[2] is outside die area.
[GRT-0036] Pin alarm_min[3] is outside die area.
[GRT-0036] Pin alarm_min[4] is outside die area.
[GRT-0036] Pin alarm_min[5] is outside die area.
[GRT-0036] Pin alarm_o is outside die area.
[GRT-0036] Pin clk is outside die area.
[GRT-0036] Pin hour[0] is outside die area.
[GRT-0036] Pin hour[1] is outside die area.
[GRT-0036] Pin hour[2] is outside die area.
[GRT-0036] Pin hour[3] is outside die area.
[GRT-0036] Pin hour[4] is outside die area.
[GRT-0036] Pin minute[0] is outside die area.
[GRT-0036] Pin minute[1] is outside die area.
[GRT-0036] Pin minute[2] is outside die area.
[GRT-0036] Pin minute[3] is outside die area.
[GRT-0036] Pin minute[4] is outside die area.
[GRT-0036] Pin minute[5] is outside die area.
[GRT-0036] Pin rst_n is outside die area.
[GRT-0041] Net VPWR has wires/vias outside die area.
[GRT-0041] Net VPWR has wires/vias outside die area.
[GRT-0041] Net VPWR has wires/vias outside die area.
[GRT-0041] Net VPWR has wires/vias outside die area.
[GRT-0041] Net VPWR has wires/vias outside die area.
[GRT-0041] Net VPWR has wires/vias outside die area.
[GRT-0041] Net VPWR has wires/vias outside die area.
[GRT-0041] Net VPWR has wires/vias outside die area.
[GRT-0041] Net VPWR has wires/vias outside die area.
[GRT-0041] Net VPWR has wires/vias outside die area.
[GRT-0041] Net VPWR has wires/vias outside die area.
[GRT-0041] Net VPWR has wires/vias outside die area.
[GRT-0041] Net VPWR has wires/vias outside die area.
[GRT-0041] Net VPWR has wires/vias outside die area.
[GRT-0041] Net VPWR has wires/vias outside die area.
[GRT-0041] Net VPWR has wires/vias outside die area.
[GRT-0041] Net VPWR has wires/vias outside die area.
[GRT-0041] Net VPWR has wires/vias outside die area.
[GRT-0041] Net VGND has wires/vias outside die area.
[GRT-0041] Net VGND has wires/vias outside die area.
[GRT-0041] Net VGND has wires/vias outside die area.
[GRT-0041] Net VGND has wires/vias outside die area.
[GRT-0041] Net VGND has wires/vias outside die area.
[GRT-0041] Net VGND has wires/vias outside die area.
[GRT-0041] Net VGND has wires/vias outside die area.
[GRT-0041] Net VGND has wires/vias outside die area.
[GRT-0041] Net VGND has wires/vias outside die area.
[GRT-0041] Net VGND has wires/vias outside die area.
[GRT-0041] Net VGND has wires/vias outside die area.
[GRT-0041] Net VGND has wires/vias outside die area.
[GRT-0041] Net VGND has wires/vias outside die area.
[GRT-0041] Net VGND has wires/vias outside die area.
[GRT-0041] Net VGND has wires/vias outside die area.
[GRT-0041] Net VGND has wires/vias outside die area.
[GRT-0041] Net VGND has wires/vias outside die area.
[GRT-0041] Net VGND has wires/vias outside die area.
[GRT-0041] Net VGND has wires/vias outside die area.
[GRT-0036] Pin alarm_hour[0] is outside die area.
[GRT-0036] Pin alarm_hour[1] is outside die area.
[GRT-0036] Pin alarm_hour[2] is outside die area.
[GRT-0036] Pin alarm_hour[3] is outside die area.
[GRT-0036] Pin alarm_hour[4] is outside die area.
[GRT-0036] Pin alarm_i is outside die area.
[GRT-0036] Pin alarm_min[0] is outside die area.
[GRT-0036] Pin alarm_min[1] is outside die area.
[GRT-0036] Pin alarm_min[2] is outside die area.
[GRT-0036] Pin alarm_min[3] is outside die area.
[GRT-0036] Pin alarm_min[4] is outside die area.
[GRT-0036] Pin alarm_min[5] is outside die area.
[GRT-0036] Pin alarm_o is outside die area.
[GRT-0036] Pin clk is outside die area.
[GRT-0036] Pin hour[0] is outside die area.
[GRT-0036] Pin hour[1] is outside die area.
[GRT-0036] Pin hour[2] is outside die area.
[GRT-0036] Pin hour[3] is outside die area.
[GRT-0036] Pin hour[4] is outside die area.
[GRT-0036] Pin minute[0] is outside die area.
[GRT-0036] Pin minute[1] is outside die area.
[GRT-0036] Pin minute[2] is outside die area.
[GRT-0036] Pin minute[3] is outside die area.
[GRT-0036] Pin minute[4] is outside die area.
[GRT-0036] Pin minute[5] is outside die area.
[GRT-0036] Pin rst_n is outside die area.
[GRT-0041] Net VPWR has wires/vias outside die area.
[GRT-0041] Net VPWR has wires/vias outside die area.
[GRT-0041] Net VPWR has wires/vias outside die area.
[GRT-0041] Net VPWR has wires/vias outside die area.
[GRT-0041] Net VPWR has wires/vias outside die area.
[GRT-0041] Net VPWR has wires/vias outside die area.
[GRT-0041] Net VPWR has wires/vias outside die area.
[GRT-0041] Net VPWR has wires/vias outside die area.
[GRT-0041] Net VPWR has wires/vias outside die area.
[GRT-0041] Net VPWR has wires/vias outside die area.
[GRT-0041] Net VPWR has wires/vias outside die area.
[GRT-0041] Net VPWR has wires/vias outside die area.
[GRT-0041] Net VPWR has wires/vias outside die area.
[GRT-0041] Net VPWR has wires/vias outside die area.
[GRT-0041] Net VPWR has wires/vias outside die area.
[GRT-0041] Net VPWR has wires/vias outside die area.
[GRT-0041] Net VPWR has wires/vias outside die area.
[GRT-0041] Net VPWR has wires/vias outside die area.
[GRT-0041] Net VGND has wires/vias outside die area.
[GRT-0041] Net VGND has wires/vias outside die area.
[GRT-0041] Net VGND has wires/vias outside die area.
[GRT-0041] Net VGND has wires/vias outside die area.
[GRT-0041] Net VGND has wires/vias outside die area.
[GRT-0041] Net VGND has wires/vias outside die area.
[GRT-0041] Net VGND has wires/vias outside die area.
[GRT-0041] Net VGND has wires/vias outside die area.
[GRT-0041] Net VGND has wires/vias outside die area.
[GRT-0041] Net VGND has wires/vias outside die area.
[GRT-0041] Net VGND has wires/vias outside die area.
[GRT-0041] Net VGND has wires/vias outside die area.
[GRT-0041] Net VGND has wires/vias outside die area.
[GRT-0041] Net VGND has wires/vias outside die area.
[GRT-0041] Net VGND has wires/vias outside die area.
[GRT-0041] Net VGND has wires/vias outside die area.
[GRT-0041] Net VGND has wires/vias outside die area.
[GRT-0041] Net VGND has wires/vias outside die area.
[GRT-0041] Net VGND has wires/vias outside die area.
[GRT-0036] Pin alarm_hour[0] is outside die area.
[GRT-0036] Pin alarm_hour[1] is outside die area.
[GRT-0036] Pin alarm_hour[2] is outside die area.
[GRT-0036] Pin alarm_hour[3] is outside die area.
[GRT-0036] Pin alarm_hour[4] is outside die area.
[GRT-0036] Pin alarm_i is outside die area.
[GRT-0036] Pin alarm_min[0] is outside die area.
[GRT-0036] Pin alarm_min[1] is outside die area.
[GRT-0036] Pin alarm_min[2] is outside die area.
[GRT-0036] Pin alarm_min[3] is outside die area.
[GRT-0036] Pin alarm_min[4] is outside die area.
[GRT-0036] Pin alarm_min[5] is outside die area.
[GRT-0036] Pin alarm_o is outside die area.
[GRT-0036] Pin clk is outside die area.
[GRT-0036] Pin hour[0] is outside die area.
[GRT-0036] Pin hour[1] is outside die area.
[GRT-0036] Pin hour[2] is outside die area.
[GRT-0036] Pin hour[3] is outside die area.
[GRT-0036] Pin hour[4] is outside die area.
[GRT-0036] Pin minute[0] is outside die area.
[GRT-0036] Pin minute[1] is outside die area.
[GRT-0036] Pin minute[2] is outside die area.
[GRT-0036] Pin minute[3] is outside die area.
[GRT-0036] Pin minute[4] is outside die area.
[GRT-0036] Pin minute[5] is outside die area.
[GRT-0036] Pin rst_n is outside die area.
[GRT-0041] Net VPWR has wires/vias outside die area.
[GRT-0041] Net VPWR has wires/vias outside die area.
[GRT-0041] Net VPWR has wires/vias outside die area.
[GRT-0041] Net VPWR has wires/vias outside die area.
[GRT-0041] Net VPWR has wires/vias outside die area.
[GRT-0041] Net VPWR has wires/vias outside die area.
[GRT-0041] Net VPWR has wires/vias outside die area.
[GRT-0041] Net VPWR has wires/vias outside die area.
[GRT-0041] Net VPWR has wires/vias outside die area.
[GRT-0041] Net VPWR has wires/vias outside die area.
[GRT-0041] Net VPWR has wires/vias outside die area.
[GRT-0041] Net VPWR has wires/vias outside die area.
[GRT-0041] Net VPWR has wires/vias outside die area.
[GRT-0041] Net VPWR has wires/vias outside die area.
[GRT-0041] Net VPWR has wires/vias outside die area.
[GRT-0041] Net VPWR has wires/vias outside die area.
[GRT-0041] Net VPWR has wires/vias outside die area.
[GRT-0041] Net VPWR has wires/vias outside die area.
[GRT-0041] Net VGND has wires/vias outside die area.
[GRT-0041] Net VGND has wires/vias outside die area.
[GRT-0041] Net VGND has wires/vias outside die area.
[GRT-0041] Net VGND has wires/vias outside die area.
[GRT-0041] Net VGND has wires/vias outside die area.
[GRT-0041] Net VGND has wires/vias outside die area.
[GRT-0041] Net VGND has wires/vias outside die area.
[GRT-0041] Net VGND has wires/vias outside die area.
[GRT-0041] Net VGND has wires/vias outside die area.
[GRT-0041] Net VGND has wires/vias outside die area.
[GRT-0041] Net VGND has wires/vias outside die area.
[GRT-0041] Net VGND has wires/vias outside die area.
[GRT-0041] Net VGND has wires/vias outside die area.
[GRT-0041] Net VGND has wires/vias outside die area.
[GRT-0041] Net VGND has wires/vias outside die area.
[GRT-0041] Net VGND has wires/vias outside die area.
[GRT-0041] Net VGND has wires/vias outside die area.
[GRT-0041] Net VGND has wires/vias outside die area.
[GRT-0041] Net VGND has wires/vias outside die area.
[DRT-0349] LEF58_ENCLOSURE with no CUTCLASS is not supported. Skipping for layer mcon
[DRT-0349] LEF58_ENCLOSURE with no CUTCLASS is not supported. Skipping for layer mcon
[DRT-0349] LEF58_ENCLOSURE with no CUTCLASS is not supported. Skipping for layer via
[DRT-0349] LEF58_ENCLOSURE with no CUTCLASS is not supported. Skipping for layer via
[DRT-0349] LEF58_ENCLOSURE with no CUTCLASS is not supported. Skipping for layer via2
[DRT-0349] LEF58_ENCLOSURE with no CUTCLASS is not supported. Skipping for layer via2
[DRT-0349] LEF58_ENCLOSURE with no CUTCLASS is not supported. Skipping for layer via3
[DRT-0349] LEF58_ENCLOSURE with no CUTCLASS is not supported. Skipping for layer via3
[DRT-0349] LEF58_ENCLOSURE with no CUTCLASS is not supported. Skipping for layer via4
[DRT-0349] LEF58_ENCLOSURE with no CUTCLASS is not supported. Skipping for layer via4
Threshold for Threshold-surpassing long wires is not set. The checker will be skipped.
'VSRC_LOC_FILES' was not given a value, which may make the results of IR drop analysis inaccurate. If you are not integrating a top-level chip for manufacture, you may ignore this warning, otherwise, see the documentation for 'VSRC_LOC_FILES'.
