108. Printing statistics.

=== decode_input ===

   Number of wires:                 14
   Number of wire bits:             43
   Number of public wires:           9
   Number of public wire bits:      38
   Number of ports:                  9
   Number of port bits:             38
   Number of memories:               0
   Number of memory bits:            0
   Number of processes:              0
   Number of cells:                 23
     sky130_fd_sc_hd__a21o_2         5
     sky130_fd_sc_hd__a21oi_2        1
     sky130_fd_sc_hd__a31o_2         5
     sky130_fd_sc_hd__and3b_2        2
     sky130_fd_sc_hd__inv_2          1
     sky130_fd_sc_hd__nor2_2         1
     sky130_fd_sc_hd__o21a_2         1
     sky130_fd_sc_hd__or2_2          6
     sky130_fd_sc_hd__xnor2_2        1

   Chip area for module '\decode_input': 188.931200
     of which used for sequential elements: 0.000000 (0.00%)

