Clock: clk
Sources: clk 
Generated: no
Virtual: yes
Propagated: no
Period: 100000000.000000

===========================================================================
report_clock_properties
============================================================================
Clock                   Period          Waveform
----------------------------------------------------
clk                 100000000.000000    0.00000050000000.000000

===========================================================================
report_clock_latency
============================================================================
Clock clk
rise -> rise
    min     max
0.000000 0.000000 source latency
0.185826         network latency _38_/CLK
        0.186235 network latency _39_/CLK
---------------
0.185826 0.186235 latency
        0.000409 skew

fall -> fall
    min     max
0.000000 0.000000 source latency
0.000000         network latency _38_/CLK
        0.000000 network latency _38_/CLK
---------------
0.000000 0.000000 latency
        0.000000 skew



===========================================================================
report_clock_min_period
============================================================================
clk period_min = 0.00 fmax = inf
