
===========================================================================
report_checks -path_delay min (Hold)
============================================================================
======================= max_ff_n40C_1v95 Corner ===================================

Startpoint: _38_ (rising edge-triggered flip-flop clocked by clk)
Endpoint: _38_ (rising edge-triggered flip-flop clocked by clk)
Path Group: clk
Path Type: min

Fanout         Cap        Slew       Delay        Time   Description
---------------------------------------------------------------------------------------------
                                  0.000000    0.000000   clock clk (rise edge)
                                  0.000000    0.000000   clock source latency
     1    0.010814    0.041194    0.027284    0.027284 ^ clk (in)
                                                         clk (net)
                      0.041208    0.000000    0.027284 ^ clkbuf_0_clk/A (sky130_fd_sc_hd__clkbuf_16)
     2    0.017696    0.029685    0.085572    0.112857 ^ clkbuf_0_clk/X (sky130_fd_sc_hd__clkbuf_16)
                                                         clknet_0_clk (net)
                      0.029700    0.001082    0.113939 ^ clkbuf_1_1__f_clk/A (sky130_fd_sc_hd__clkbuf_16)
     1    0.003061    0.019612    0.071693    0.185632 ^ clkbuf_1_1__f_clk/X (sky130_fd_sc_hd__clkbuf_16)
                                                         clknet_1_1__leaf_clk (net)
                      0.019612    0.000194    0.185826 ^ _38_/CLK (sky130_fd_sc_hd__dfrtp_1)
     1    0.002685    0.031011    0.192474    0.378300 ^ _38_/Q (sky130_fd_sc_hd__dfrtp_1)
                                                         state_alarm (net)
                      0.031011    0.000200    0.378501 ^ hold1/A (sky130_fd_sc_hd__dlygate4sd3_1)
     2    0.009051    0.079964    0.405453    0.783953 ^ hold1/X (sky130_fd_sc_hd__dlygate4sd3_1)
                                                         net26 (net)
                      0.079966    0.000556    0.784509 ^ _19_/A (sky130_fd_sc_hd__xor2_1)
     1    0.003304    0.026561    0.045344    0.829854 v _19_/X (sky130_fd_sc_hd__xor2_1)
                                                         _00_ (net)
                      0.026561    0.000144    0.829997 v _38_/D (sky130_fd_sc_hd__dfrtp_1)
                                              0.829997   data arrival time

                                  0.000000    0.000000   clock clk (rise edge)
                                  0.000000    0.000000   clock source latency
     1    0.010814    0.041194    0.027284    0.027284 ^ clk (in)
                                                         clk (net)
                      0.041208    0.000000    0.027284 ^ clkbuf_0_clk/A (sky130_fd_sc_hd__clkbuf_16)
     2    0.017696    0.029685    0.085572    0.112857 ^ clkbuf_0_clk/X (sky130_fd_sc_hd__clkbuf_16)
                                                         clknet_0_clk (net)
                      0.029700    0.001082    0.113939 ^ clkbuf_1_1__f_clk/A (sky130_fd_sc_hd__clkbuf_16)
     1    0.003061    0.019612    0.071693    0.185632 ^ clkbuf_1_1__f_clk/X (sky130_fd_sc_hd__clkbuf_16)
                                                         clknet_1_1__leaf_clk (net)
                      0.019612    0.000194    0.185826 ^ _38_/CLK (sky130_fd_sc_hd__dfrtp_1)
                                  0.250000    0.435826   clock uncertainty
                                  0.000000    0.435826   clock reconvergence pessimism
                                 -0.031735    0.404091   library hold time
                                              0.404091   data required time
---------------------------------------------------------------------------------------------
                                              0.404091   data required time
                                             -0.829997   data arrival time
---------------------------------------------------------------------------------------------
                                              0.425906   slack (MET)


Startpoint: _39_ (rising edge-triggered flip-flop clocked by clk)
Endpoint: _39_ (rising edge-triggered flip-flop clocked by clk)
Path Group: clk
Path Type: min

Fanout         Cap        Slew       Delay        Time   Description
---------------------------------------------------------------------------------------------
                                  0.000000    0.000000   clock clk (rise edge)
                                  0.000000    0.000000   clock source latency
     1    0.010814    0.041194    0.027284    0.027284 ^ clk (in)
                                                         clk (net)
                      0.041208    0.000000    0.027284 ^ clkbuf_0_clk/A (sky130_fd_sc_hd__clkbuf_16)
     2    0.017696    0.029685    0.085572    0.112857 ^ clkbuf_0_clk/X (sky130_fd_sc_hd__clkbuf_16)
                                                         clknet_0_clk (net)
                      0.029699    0.001064    0.113921 ^ clkbuf_1_0__f_clk/A (sky130_fd_sc_hd__clkbuf_16)
     1    0.003596    0.019989    0.072151    0.186072 ^ clkbuf_1_0__f_clk/X (sky130_fd_sc_hd__clkbuf_16)
                                                         clknet_1_0__leaf_clk (net)
                      0.019989    0.000162    0.186235 ^ _39_/CLK (sky130_fd_sc_hd__dfrtp_1)
     2    0.006503    0.053284    0.211889    0.398124 ^ _39_/Q (sky130_fd_sc_hd__dfrtp_1)
                                                         net25 (net)
                      0.053285    0.000329    0.398452 ^ hold2/A (sky130_fd_sc_hd__dlygate4sd3_1)
     1    0.002568    0.035908    0.374043    0.772496 ^ hold2/X (sky130_fd_sc_hd__dlygate4sd3_1)
                                                         net27 (net)
                      0.035908    0.000119    0.772614 ^ _37_/A1 (sky130_fd_sc_hd__o21a_1)
     1    0.004410    0.038409    0.079613    0.852227 ^ _37_/X (sky130_fd_sc_hd__o21a_1)
                                                         _01_ (net)
                      0.038409    0.000198    0.852426 ^ _39_/D (sky130_fd_sc_hd__dfrtp_1)
                                              0.852426   data arrival time

                                  0.000000    0.000000   clock clk (rise edge)
                                  0.000000    0.000000   clock source latency
     1    0.010814    0.041194    0.027284    0.027284 ^ clk (in)
                                                         clk (net)
                      0.041208    0.000000    0.027284 ^ clkbuf_0_clk/A (sky130_fd_sc_hd__clkbuf_16)
     2    0.017696    0.029685    0.085572    0.112857 ^ clkbuf_0_clk/X (sky130_fd_sc_hd__clkbuf_16)
                                                         clknet_0_clk (net)
                      0.029699    0.001064    0.113921 ^ clkbuf_1_0__f_clk/A (sky130_fd_sc_hd__clkbuf_16)
     1    0.003596    0.019989    0.072151    0.186072 ^ clkbuf_1_0__f_clk/X (sky130_fd_sc_hd__clkbuf_16)
                                                         clknet_1_0__leaf_clk (net)
                      0.019989    0.000162    0.186235 ^ _39_/CLK (sky130_fd_sc_hd__dfrtp_1)
                                  0.250000    0.436235   clock uncertainty
                                  0.000000    0.436235   clock reconvergence pessimism
                                 -0.020645    0.415590   library hold time
                                              0.415590   data required time
---------------------------------------------------------------------------------------------
                                              0.415590   data required time
                                             -0.852426   data arrival time
---------------------------------------------------------------------------------------------
                                              0.436836   slack (MET)


Startpoint: _39_ (rising edge-triggered flip-flop clocked by clk)
Endpoint: alarm_o (output port clocked by clk)
Path Group: clk
Path Type: min

Fanout         Cap        Slew       Delay        Time   Description
---------------------------------------------------------------------------------------------
                                  0.000000    0.000000   clock clk (rise edge)
                                  0.000000    0.000000   clock source latency
     1    0.010814    0.041194    0.027284    0.027284 ^ clk (in)
                                                         clk (net)
                      0.041208    0.000000    0.027284 ^ clkbuf_0_clk/A (sky130_fd_sc_hd__clkbuf_16)
     2    0.017696    0.029685    0.085572    0.112857 ^ clkbuf_0_clk/X (sky130_fd_sc_hd__clkbuf_16)
                                                         clknet_0_clk (net)
                      0.029699    0.001064    0.113921 ^ clkbuf_1_0__f_clk/A (sky130_fd_sc_hd__clkbuf_16)
     1    0.003596    0.019989    0.072151    0.186072 ^ clkbuf_1_0__f_clk/X (sky130_fd_sc_hd__clkbuf_16)
                                                         clknet_1_0__leaf_clk (net)
                      0.019989    0.000162    0.186235 ^ _39_/CLK (sky130_fd_sc_hd__dfrtp_1)
     2    0.006503    0.053284    0.211889    0.398124 ^ _39_/Q (sky130_fd_sc_hd__dfrtp_1)
                                                         net25 (net)
                      0.053286    0.000390    0.398513 ^ output25/A (sky130_fd_sc_hd__buf_2)
     1    0.035002    0.130902    0.144801    0.543314 ^ output25/X (sky130_fd_sc_hd__buf_2)
                                                         alarm_o (net)
                      0.130950    0.002066    0.545380 ^ alarm_o (out)
                                              0.545380   data arrival time

                                  0.000000    0.000000   clock clk (rise edge)
                                  0.000000    0.000000   clock network delay (propagated)
                                  0.250000    0.250000   clock uncertainty
                                  0.000000    0.250000   clock reconvergence pessimism
                               -20000000.000000 -20000000.000000   output external delay
                                           -20000000.000000   data required time
---------------------------------------------------------------------------------------------
                                           -20000000.000000   data required time
                                             -0.545380   data arrival time
---------------------------------------------------------------------------------------------
                                           20000000.000000   slack (MET)


Startpoint: rst_n (input port clocked by clk)
Endpoint: _38_ (removal check against rising-edge clock clk)
Path Group: asynchronous
Path Type: min

Fanout         Cap        Slew       Delay        Time   Description
---------------------------------------------------------------------------------------------
                                  0.000000    0.000000   clock clk (rise edge)
                                  0.000000    0.000000   clock network delay (propagated)
                               20000000.000000 20000000.000000 ^ input external delay
     1    0.003370    0.015962    0.000000 20000000.000000 ^ rst_n (in)
                                                         rst_n (net)
                      0.015964    0.000000 20000000.000000 ^ input24/A (sky130_fd_sc_hd__buf_1)
     2    0.010746    0.098899    0.000000 20000000.000000 ^ input24/X (sky130_fd_sc_hd__buf_1)
                                                         net24 (net)
                      0.098904    0.000000 20000000.000000 ^ _38_/RESET_B (sky130_fd_sc_hd__dfrtp_1)
                                           20000000.000000   data arrival time

                                  0.000000    0.000000   clock clk (rise edge)
                                  0.000000    0.000000   clock source latency
     1    0.010814    0.041194    0.027284    0.027284 ^ clk (in)
                                                         clk (net)
                      0.041208    0.000000    0.027284 ^ clkbuf_0_clk/A (sky130_fd_sc_hd__clkbuf_16)
     2    0.017696    0.029685    0.085572    0.112857 ^ clkbuf_0_clk/X (sky130_fd_sc_hd__clkbuf_16)
                                                         clknet_0_clk (net)
                      0.029700    0.001082    0.113939 ^ clkbuf_1_1__f_clk/A (sky130_fd_sc_hd__clkbuf_16)
     1    0.003061    0.019612    0.071693    0.185632 ^ clkbuf_1_1__f_clk/X (sky130_fd_sc_hd__clkbuf_16)
                                                         clknet_1_1__leaf_clk (net)
                      0.019612    0.000194    0.185826 ^ _38_/CLK (sky130_fd_sc_hd__dfrtp_1)
                                  0.250000    0.435826   clock uncertainty
                                  0.000000    0.435826   clock reconvergence pessimism
                                  0.213230    0.649055   library removal time
                                              0.649055   data required time
---------------------------------------------------------------------------------------------
                                              0.649055   data required time
                                           -20000000.000000   data arrival time
---------------------------------------------------------------------------------------------
                                           20000000.000000   slack (MET)


Startpoint: rst_n (input port clocked by clk)
Endpoint: _39_ (removal check against rising-edge clock clk)
Path Group: asynchronous
Path Type: min

Fanout         Cap        Slew       Delay        Time   Description
---------------------------------------------------------------------------------------------
                                  0.000000    0.000000   clock clk (rise edge)
                                  0.000000    0.000000   clock network delay (propagated)
                               20000000.000000 20000000.000000 ^ input external delay
     1    0.003370    0.015962    0.000000 20000000.000000 ^ rst_n (in)
                                                         rst_n (net)
                      0.015964    0.000000 20000000.000000 ^ input24/A (sky130_fd_sc_hd__buf_1)
     2    0.010746    0.098899    0.000000 20000000.000000 ^ input24/X (sky130_fd_sc_hd__buf_1)
                                                         net24 (net)
                      0.098902    0.000000 20000000.000000 ^ _39_/RESET_B (sky130_fd_sc_hd__dfrtp_1)
                                           20000000.000000   data arrival time

                                  0.000000    0.000000   clock clk (rise edge)
                                  0.000000    0.000000   clock source latency
     1    0.010814    0.041194    0.027284    0.027284 ^ clk (in)
                                                         clk (net)
                      0.041208    0.000000    0.027284 ^ clkbuf_0_clk/A (sky130_fd_sc_hd__clkbuf_16)
     2    0.017696    0.029685    0.085572    0.112857 ^ clkbuf_0_clk/X (sky130_fd_sc_hd__clkbuf_16)
                                                         clknet_0_clk (net)
                      0.029699    0.001064    0.113921 ^ clkbuf_1_0__f_clk/A (sky130_fd_sc_hd__clkbuf_16)
     1    0.003596    0.019989    0.072151    0.186072 ^ clkbuf_1_0__f_clk/X (sky130_fd_sc_hd__clkbuf_16)
                                                         clknet_1_0__leaf_clk (net)
                      0.019989    0.000162    0.186235 ^ _39_/CLK (sky130_fd_sc_hd__dfrtp_1)
                                  0.250000    0.436235   clock uncertainty
                                  0.000000    0.436235   clock reconvergence pessimism
                                  0.213281    0.649515   library removal time
                                              0.649515   data required time
---------------------------------------------------------------------------------------------
                                              0.649515   data required time
                                           -20000000.000000   data arrival time
---------------------------------------------------------------------------------------------
                                           20000000.000000   slack (MET)



