
===========================================================================
report_checks -path_delay max (Setup)
============================================================================
======================= nom_tt_025C_1v80 Corner ===================================

Startpoint: _39_ (rising edge-triggered flip-flop clocked by clk)
Endpoint: alarm_o (output port clocked by clk)
Path Group: clk
Path Type: max

Fanout         Cap        Slew       Delay        Time   Description
---------------------------------------------------------------------------------------------
                      0.150000    0.000000    0.000000   clock clk (rise edge)
                                  0.000000    0.000000   clock network delay (ideal)
                      0.150000    0.000000    0.000000 ^ _39_/CLK (sky130_fd_sc_hd__dfrtp_2)
     2    0.035880    0.182382    0.492378    0.492378 ^ _39_/Q (sky130_fd_sc_hd__dfrtp_2)
                                                         alarm_o (net)
                      0.182382    0.000000    0.492378 ^ alarm_o (out)
                                              0.492378   data arrival time

                      0.150000 100000000.000000 100000000.000000   clock clk (rise edge)
                                  0.000000 100000000.000000   clock network delay (ideal)
                                 -0.250000 100000000.000000   clock uncertainty
                                  0.000000 100000000.000000   clock reconvergence pessimism
                               -20000000.000000 80000000.000000   output external delay
                                           80000000.000000   data required time
---------------------------------------------------------------------------------------------
                                           80000000.000000   data required time
                                             -0.492378   data arrival time
---------------------------------------------------------------------------------------------
                                           80000000.000000   slack (MET)


Startpoint: alarm_i (input port clocked by clk)
Endpoint: _38_ (rising edge-triggered flip-flop clocked by clk)
Path Group: clk
Path Type: max

Fanout         Cap        Slew       Delay        Time   Description
---------------------------------------------------------------------------------------------
                      0.150000    0.000000    0.000000   clock clk (rise edge)
                                  0.000000    0.000000   clock network delay (ideal)
                               20000000.000000 20000000.000000 v input external delay
     1    0.007837    0.020196    0.000000 20000000.000000 v alarm_i (in)
                                                         alarm_i (net)
                      0.020196    0.000000 20000000.000000 v _19_/B (sky130_fd_sc_hd__xor2_2)
     1    0.002005    0.082795    0.000000 20000000.000000 ^ _19_/X (sky130_fd_sc_hd__xor2_2)
                                                         _00_ (net)
                      0.082795    0.000000 20000000.000000 ^ _38_/D (sky130_fd_sc_hd__dfrtp_2)
                                           20000000.000000   data arrival time

                      0.150000 100000000.000000 100000000.000000   clock clk (rise edge)
                                  0.000000 100000000.000000   clock network delay (ideal)
                                 -0.250000 100000000.000000   clock uncertainty
                                  0.000000 100000000.000000   clock reconvergence pessimism
                                           100000000.000000 ^ _38_/CLK (sky130_fd_sc_hd__dfrtp_2)
                                 -0.056113 100000000.000000   library setup time
                                           100000000.000000   data required time
---------------------------------------------------------------------------------------------
                                           100000000.000000   data required time
                                           -20000000.000000   data arrival time
---------------------------------------------------------------------------------------------
                                           80000000.000000   slack (MET)


Startpoint: rst_n (input port clocked by clk)
Endpoint: _38_ (recovery check against rising-edge clock clk)
Path Group: asynchronous
Path Type: max

Fanout         Cap        Slew       Delay        Time   Description
---------------------------------------------------------------------------------------------
                      0.150000    0.000000    0.000000   clock clk (rise edge)
                                  0.000000    0.000000   clock network delay (ideal)
                               20000000.000000 20000000.000000 ^ input external delay
     2    0.007224    0.040279    0.000000 20000000.000000 ^ rst_n (in)
                                                         rst_n (net)
                      0.040279    0.000000 20000000.000000 ^ _38_/RESET_B (sky130_fd_sc_hd__dfrtp_2)
                                           20000000.000000   data arrival time

                      0.150000 100000000.000000 100000000.000000   clock clk (rise edge)
                                  0.000000 100000000.000000   clock network delay (ideal)
                                 -0.250000 100000000.000000   clock uncertainty
                                  0.000000 100000000.000000   clock reconvergence pessimism
                                           100000000.000000 ^ _38_/CLK (sky130_fd_sc_hd__dfrtp_2)
                                  0.252796 100000000.000000   library recovery time
                                           100000000.000000   data required time
---------------------------------------------------------------------------------------------
                                           100000000.000000   data required time
                                           -20000000.000000   data arrival time
---------------------------------------------------------------------------------------------
                                           80000000.000000   slack (MET)


Startpoint: alarm_min[4] (input port clocked by clk)
Endpoint: _39_ (rising edge-triggered flip-flop clocked by clk)
Path Group: clk
Path Type: max

Fanout         Cap        Slew       Delay        Time   Description
---------------------------------------------------------------------------------------------
                      0.150000    0.000000    0.000000   clock clk (rise edge)
                                  0.000000    0.000000   clock network delay (ideal)
                               20000000.000000 20000000.000000 ^ input external delay
     1    0.008493    0.045953    0.000000 20000000.000000 ^ alarm_min[4] (in)
                                                         alarm_min[4] (net)
                      0.045953    0.000000 20000000.000000 ^ _34_/B (sky130_fd_sc_hd__xor2_2)
     1    0.001261    0.030989    0.000000 20000000.000000 v _34_/X (sky130_fd_sc_hd__xor2_2)
                                                         _16_ (net)
                      0.030989    0.000000 20000000.000000 v _35_/D (sky130_fd_sc_hd__or4_2)
     1    0.004002    0.106246    0.000000 20000000.000000 v _35_/X (sky130_fd_sc_hd__or4_2)
                                                         _17_ (net)
                      0.106246    0.000000 20000000.000000 v _36_/C (sky130_fd_sc_hd__nor3_2)
     1    0.002564    0.112703    0.000000 20000000.000000 ^ _36_/Y (sky130_fd_sc_hd__nor3_2)
                                                         _18_ (net)
                      0.112703    0.000000 20000000.000000 ^ _37_/A2 (sky130_fd_sc_hd__o21a_2)
     1    0.002005    0.029513    0.000000 20000000.000000 ^ _37_/X (sky130_fd_sc_hd__o21a_2)
                                                         _01_ (net)
                      0.029513    0.000000 20000000.000000 ^ _39_/D (sky130_fd_sc_hd__dfrtp_2)
                                           20000000.000000   data arrival time

                      0.150000 100000000.000000 100000000.000000   clock clk (rise edge)
                                  0.000000 100000000.000000   clock network delay (ideal)
                                 -0.250000 100000000.000000   clock uncertainty
                                  0.000000 100000000.000000   clock reconvergence pessimism
                                           100000000.000000 ^ _39_/CLK (sky130_fd_sc_hd__dfrtp_2)
                                 -0.043950 100000000.000000   library setup time
                                           100000000.000000   data required time
---------------------------------------------------------------------------------------------
                                           100000000.000000   data required time
                                           -20000000.000000   data arrival time
---------------------------------------------------------------------------------------------
                                           80000000.000000   slack (MET)


Startpoint: rst_n (input port clocked by clk)
Endpoint: _39_ (recovery check against rising-edge clock clk)
Path Group: asynchronous
Path Type: max

Fanout         Cap        Slew       Delay        Time   Description
---------------------------------------------------------------------------------------------
                      0.150000    0.000000    0.000000   clock clk (rise edge)
                                  0.000000    0.000000   clock network delay (ideal)
                               20000000.000000 20000000.000000 ^ input external delay
     2    0.007224    0.040279    0.000000 20000000.000000 ^ rst_n (in)
                                                         rst_n (net)
                      0.040279    0.000000 20000000.000000 ^ _39_/RESET_B (sky130_fd_sc_hd__dfrtp_2)
                                           20000000.000000   data arrival time

                      0.150000 100000000.000000 100000000.000000   clock clk (rise edge)
                                  0.000000 100000000.000000   clock network delay (ideal)
                                 -0.250000 100000000.000000   clock uncertainty
                                  0.000000 100000000.000000   clock reconvergence pessimism
                                           100000000.000000 ^ _39_/CLK (sky130_fd_sc_hd__dfrtp_2)
                                  0.252796 100000000.000000   library recovery time
                                           100000000.000000   data required time
---------------------------------------------------------------------------------------------
                                           100000000.000000   data required time
                                           -20000000.000000   data arrival time
---------------------------------------------------------------------------------------------
                                           80000000.000000   slack (MET)



