Reading OpenROAD database at '/home/kien/openlane2/MARCO/decode_day/runs/RUN_2026-01-15_20-14-16/31-openroad-repairdesignpostgpl/decode_day.odb'…
Reading library file at '/home/kien/.volare/volare/sky130/versions/0fe599b2afb6708d281543108caf8310912f54af/sky130A/libs.ref/sky130_fd_sc_hd/lib/sky130_fd_sc_hd__tt_025C_1v80.lib'…
Reading design constraints file at '/nix/store/4pyixb03xfwwy77zxxplrggxrmm9f57y-python3-3.11.9-env/lib/python3.11/site-packages/openlane/scripts/base.sdc'…
[WARNING STA-0366] port '__VIRTUAL_CLK__' not found.
[INFO] Using clock __VIRTUAL_CLK__…
[INFO] Setting output delay to: 2
[INFO] Setting input delay to: 2
[WARNING STA-0366] port '__VIRTUAL_CLK__' not found.
[INFO] Setting load to: 0.033442
[INFO] Setting clock uncertainty to: 0.25
[INFO] Setting clock transition to: 0.1499999999999999944488848768742172978818416595458984375
[WARNING STA-0419] transition time can not be specified for virtual clocks.
[INFO] Setting timing derate to: 5%
[WARNING STA-0450] virtual clock __VIRTUAL_CLK__ can not be propagated.
Placement Analysis
---------------------------------
total displacement          0.0 u
average displacement        0.0 u
max displacement            0.0 u
original HPWL             451.6 u
legalized HPWL            475.7 u
delta HPWL                    5 %

[INFO DPL-0020] Mirrored 15 instances
[INFO DPL-0021] HPWL before             475.7 u
[INFO DPL-0022] HPWL after              451.6 u
[INFO DPL-0023] HPWL delta               -5.1 %
Setting global connections for newly added cells…
[INFO] Setting global connections...
Updating metrics…
Cell type report:                       Count       Area
  Fill cell                                20      75.07
  Tap cell                                 12      15.01
  Buffer                                    1       3.75
  Timing Repair Buffer                     11      46.29
  Inverter                                  2       7.51
  Multi-Input combinational cell           11      62.56
  Total                                    57     210.20
Writing OpenROAD database to '/home/kien/openlane2/MARCO/decode_day/runs/RUN_2026-01-15_20-14-16/33-openroad-detailedplacement/decode_day.odb'…
Writing netlist to '/home/kien/openlane2/MARCO/decode_day/runs/RUN_2026-01-15_20-14-16/33-openroad-detailedplacement/decode_day.nl.v'…
Writing powered netlist to '/home/kien/openlane2/MARCO/decode_day/runs/RUN_2026-01-15_20-14-16/33-openroad-detailedplacement/decode_day.pnl.v'…
Writing layout to '/home/kien/openlane2/MARCO/decode_day/runs/RUN_2026-01-15_20-14-16/33-openroad-detailedplacement/decode_day.def'…
Writing timing constraints to '/home/kien/openlane2/MARCO/decode_day/runs/RUN_2026-01-15_20-14-16/33-openroad-detailedplacement/decode_day.sdc'…
