
===========================================================================
report_checks -path_delay min (Hold)
============================================================================
======================= nom_ff_n40C_1v95 Corner ===================================

Startpoint: _38_ (rising edge-triggered flip-flop clocked by clk)
Endpoint: _38_ (rising edge-triggered flip-flop clocked by clk)
Path Group: clk
Path Type: min

Fanout         Cap        Slew       Delay        Time   Description
---------------------------------------------------------------------------------------------
                                  0.000000    0.000000   clock clk (rise edge)
                                  0.000000    0.000000   clock source latency
     1    0.010645    0.040718    0.026728    0.026728 ^ clk (in)
                                                         clk (net)
                      0.040722    0.000000    0.026728 ^ clkbuf_0_clk/A (sky130_fd_sc_hd__clkbuf_16)
     2    0.017533    0.029546    0.085541    0.112269 ^ clkbuf_0_clk/X (sky130_fd_sc_hd__clkbuf_16)
                                                         clknet_0_clk (net)
                      0.029552    0.000441    0.112709 ^ clkbuf_1_1__f_clk/A (sky130_fd_sc_hd__clkbuf_16)
     1    0.002969    0.019539    0.071578    0.184288 ^ clkbuf_1_1__f_clk/X (sky130_fd_sc_hd__clkbuf_16)
                                                         clknet_1_1__leaf_clk (net)
                      0.019539    0.000088    0.184376 ^ _38_/CLK (sky130_fd_sc_hd__dfrtp_1)
     1    0.002621    0.030656    0.192135    0.376510 ^ _38_/Q (sky130_fd_sc_hd__dfrtp_1)
                                                         state_alarm (net)
                      0.030656    0.000080    0.376590 ^ hold1/A (sky130_fd_sc_hd__dlygate4sd3_1)
     2    0.008856    0.078565    0.404496    0.781087 ^ hold1/X (sky130_fd_sc_hd__dlygate4sd3_1)
                                                         net26 (net)
                      0.078565    0.000226    0.781313 ^ _19_/A (sky130_fd_sc_hd__xor2_1)
     1    0.003249    0.026408    0.044980    0.826293 v _19_/X (sky130_fd_sc_hd__xor2_1)
                                                         _00_ (net)
                      0.026408    0.000078    0.826372 v _38_/D (sky130_fd_sc_hd__dfrtp_1)
                                              0.826372   data arrival time

                                  0.000000    0.000000   clock clk (rise edge)
                                  0.000000    0.000000   clock source latency
     1    0.010645    0.040718    0.026728    0.026728 ^ clk (in)
                                                         clk (net)
                      0.040722    0.000000    0.026728 ^ clkbuf_0_clk/A (sky130_fd_sc_hd__clkbuf_16)
     2    0.017533    0.029546    0.085541    0.112269 ^ clkbuf_0_clk/X (sky130_fd_sc_hd__clkbuf_16)
                                                         clknet_0_clk (net)
                      0.029552    0.000441    0.112709 ^ clkbuf_1_1__f_clk/A (sky130_fd_sc_hd__clkbuf_16)
     1    0.002969    0.019539    0.071578    0.184288 ^ clkbuf_1_1__f_clk/X (sky130_fd_sc_hd__clkbuf_16)
                                                         clknet_1_1__leaf_clk (net)
                      0.019539    0.000088    0.184376 ^ _38_/CLK (sky130_fd_sc_hd__dfrtp_1)
                                  0.250000    0.434376   clock uncertainty
                                  0.000000    0.434376   clock reconvergence pessimism
                                 -0.031692    0.402683   library hold time
                                              0.402683   data required time
---------------------------------------------------------------------------------------------
                                              0.402683   data required time
                                             -0.826372   data arrival time
---------------------------------------------------------------------------------------------
                                              0.423688   slack (MET)


Startpoint: _38_ (rising edge-triggered flip-flop clocked by clk)
Endpoint: _39_ (rising edge-triggered flip-flop clocked by clk)
Path Group: clk
Path Type: min

Fanout         Cap        Slew       Delay        Time   Description
---------------------------------------------------------------------------------------------
                                  0.000000    0.000000   clock clk (rise edge)
                                  0.000000    0.000000   clock source latency
     1    0.010645    0.040718    0.026728    0.026728 ^ clk (in)
                                                         clk (net)
                      0.040722    0.000000    0.026728 ^ clkbuf_0_clk/A (sky130_fd_sc_hd__clkbuf_16)
     2    0.017533    0.029546    0.085541    0.112269 ^ clkbuf_0_clk/X (sky130_fd_sc_hd__clkbuf_16)
                                                         clknet_0_clk (net)
                      0.029552    0.000441    0.112709 ^ clkbuf_1_1__f_clk/A (sky130_fd_sc_hd__clkbuf_16)
     1    0.002969    0.019539    0.071578    0.184288 ^ clkbuf_1_1__f_clk/X (sky130_fd_sc_hd__clkbuf_16)
                                                         clknet_1_1__leaf_clk (net)
                      0.019539    0.000088    0.184376 ^ _38_/CLK (sky130_fd_sc_hd__dfrtp_1)
     1    0.002621    0.030656    0.192135    0.376510 ^ _38_/Q (sky130_fd_sc_hd__dfrtp_1)
                                                         state_alarm (net)
                      0.030656    0.000080    0.376590 ^ hold1/A (sky130_fd_sc_hd__dlygate4sd3_1)
     2    0.008856    0.078565    0.404496    0.781087 ^ hold1/X (sky130_fd_sc_hd__dlygate4sd3_1)
                                                         net26 (net)
                      0.078565    0.000220    0.781307 ^ _37_/B1 (sky130_fd_sc_hd__o21a_1)
     1    0.004324    0.037828    0.068168    0.849474 ^ _37_/X (sky130_fd_sc_hd__o21a_1)
                                                         _01_ (net)
                      0.037828    0.000123    0.849598 ^ _39_/D (sky130_fd_sc_hd__dfrtp_1)
                                              0.849598   data arrival time

                                  0.000000    0.000000   clock clk (rise edge)
                                  0.000000    0.000000   clock source latency
     1    0.010645    0.040718    0.026728    0.026728 ^ clk (in)
                                                         clk (net)
                      0.040722    0.000000    0.026728 ^ clkbuf_0_clk/A (sky130_fd_sc_hd__clkbuf_16)
     2    0.017533    0.029546    0.085541    0.112269 ^ clkbuf_0_clk/X (sky130_fd_sc_hd__clkbuf_16)
                                                         clknet_0_clk (net)
                      0.029552    0.000427    0.112696 ^ clkbuf_1_0__f_clk/A (sky130_fd_sc_hd__clkbuf_16)
     1    0.003547    0.019954    0.072071    0.184767 ^ clkbuf_1_0__f_clk/X (sky130_fd_sc_hd__clkbuf_16)
                                                         clknet_1_0__leaf_clk (net)
                      0.019954    0.000096    0.184863 ^ _39_/CLK (sky130_fd_sc_hd__dfrtp_1)
                                  0.250000    0.434863   clock uncertainty
                                  0.000000    0.434863   clock reconvergence pessimism
                                 -0.020602    0.414262   library hold time
                                              0.414262   data required time
---------------------------------------------------------------------------------------------
                                              0.414262   data required time
                                             -0.849598   data arrival time
---------------------------------------------------------------------------------------------
                                              0.435336   slack (MET)


Startpoint: _39_ (rising edge-triggered flip-flop clocked by clk)
Endpoint: alarm_o (output port clocked by clk)
Path Group: clk
Path Type: min

Fanout         Cap        Slew       Delay        Time   Description
---------------------------------------------------------------------------------------------
                                  0.000000    0.000000   clock clk (rise edge)
                                  0.000000    0.000000   clock source latency
     1    0.010645    0.040718    0.026728    0.026728 ^ clk (in)
                                                         clk (net)
                      0.040722    0.000000    0.026728 ^ clkbuf_0_clk/A (sky130_fd_sc_hd__clkbuf_16)
     2    0.017533    0.029546    0.085541    0.112269 ^ clkbuf_0_clk/X (sky130_fd_sc_hd__clkbuf_16)
                                                         clknet_0_clk (net)
                      0.029552    0.000427    0.112696 ^ clkbuf_1_0__f_clk/A (sky130_fd_sc_hd__clkbuf_16)
     1    0.003547    0.019954    0.072071    0.184767 ^ clkbuf_1_0__f_clk/X (sky130_fd_sc_hd__clkbuf_16)
                                                         clknet_1_0__leaf_clk (net)
                      0.019954    0.000096    0.184863 ^ _39_/CLK (sky130_fd_sc_hd__dfrtp_1)
     2    0.006387    0.052559    0.211429    0.396292 ^ _39_/Q (sky130_fd_sc_hd__dfrtp_1)
                                                         net25 (net)
                      0.052559    0.000178    0.396470 ^ output25/A (sky130_fd_sc_hd__buf_2)
     1    0.034937    0.130565    0.145177    0.541647 ^ output25/X (sky130_fd_sc_hd__buf_2)
                                                         alarm_o (net)
                      0.130576    0.000998    0.542645 ^ alarm_o (out)
                                              0.542645   data arrival time

                                  0.000000    0.000000   clock clk (rise edge)
                                  0.000000    0.000000   clock network delay (propagated)
                                  0.250000    0.250000   clock uncertainty
                                  0.000000    0.250000   clock reconvergence pessimism
                               -20000000.000000 -20000000.000000   output external delay
                                           -20000000.000000   data required time
---------------------------------------------------------------------------------------------
                                           -20000000.000000   data required time
                                             -0.542645   data arrival time
---------------------------------------------------------------------------------------------
                                           20000000.000000   slack (MET)


Startpoint: rst_n (input port clocked by clk)
Endpoint: _38_ (removal check against rising-edge clock clk)
Path Group: asynchronous
Path Type: min

Fanout         Cap        Slew       Delay        Time   Description
---------------------------------------------------------------------------------------------
                                  0.000000    0.000000   clock clk (rise edge)
                                  0.000000    0.000000   clock network delay (propagated)
                               20000000.000000 20000000.000000 ^ input external delay
     1    0.003292    0.015682    0.000000 20000000.000000 ^ rst_n (in)
                                                         rst_n (net)
                      0.015682    0.000000 20000000.000000 ^ input24/A (sky130_fd_sc_hd__buf_1)
     2    0.010555    0.097253    0.000000 20000000.000000 ^ input24/X (sky130_fd_sc_hd__buf_1)
                                                         net24 (net)
                      0.097254    0.000000 20000000.000000 ^ _38_/RESET_B (sky130_fd_sc_hd__dfrtp_1)
                                           20000000.000000   data arrival time

                                  0.000000    0.000000   clock clk (rise edge)
                                  0.000000    0.000000   clock source latency
     1    0.010645    0.040718    0.026728    0.026728 ^ clk (in)
                                                         clk (net)
                      0.040722    0.000000    0.026728 ^ clkbuf_0_clk/A (sky130_fd_sc_hd__clkbuf_16)
     2    0.017533    0.029546    0.085541    0.112269 ^ clkbuf_0_clk/X (sky130_fd_sc_hd__clkbuf_16)
                                                         clknet_0_clk (net)
                      0.029552    0.000441    0.112709 ^ clkbuf_1_1__f_clk/A (sky130_fd_sc_hd__clkbuf_16)
     1    0.002969    0.019539    0.071578    0.184288 ^ clkbuf_1_1__f_clk/X (sky130_fd_sc_hd__clkbuf_16)
                                                         clknet_1_1__leaf_clk (net)
                      0.019539    0.000088    0.184376 ^ _38_/CLK (sky130_fd_sc_hd__dfrtp_1)
                                  0.250000    0.434376   clock uncertainty
                                  0.000000    0.434376   clock reconvergence pessimism
                                  0.212790    0.647166   library removal time
                                              0.647166   data required time
---------------------------------------------------------------------------------------------
                                              0.647166   data required time
                                           -20000000.000000   data arrival time
---------------------------------------------------------------------------------------------
                                           20000000.000000   slack (MET)


Startpoint: rst_n (input port clocked by clk)
Endpoint: _39_ (removal check against rising-edge clock clk)
Path Group: asynchronous
Path Type: min

Fanout         Cap        Slew       Delay        Time   Description
---------------------------------------------------------------------------------------------
                                  0.000000    0.000000   clock clk (rise edge)
                                  0.000000    0.000000   clock network delay (propagated)
                               20000000.000000 20000000.000000 ^ input external delay
     1    0.003292    0.015682    0.000000 20000000.000000 ^ rst_n (in)
                                                         rst_n (net)
                      0.015682    0.000000 20000000.000000 ^ input24/A (sky130_fd_sc_hd__buf_1)
     2    0.010555    0.097253    0.000000 20000000.000000 ^ input24/X (sky130_fd_sc_hd__buf_1)
                                                         net24 (net)
                      0.097254    0.000000 20000000.000000 ^ _39_/RESET_B (sky130_fd_sc_hd__dfrtp_1)
                                           20000000.000000   data arrival time

                                  0.000000    0.000000   clock clk (rise edge)
                                  0.000000    0.000000   clock source latency
     1    0.010645    0.040718    0.026728    0.026728 ^ clk (in)
                                                         clk (net)
                      0.040722    0.000000    0.026728 ^ clkbuf_0_clk/A (sky130_fd_sc_hd__clkbuf_16)
     2    0.017533    0.029546    0.085541    0.112269 ^ clkbuf_0_clk/X (sky130_fd_sc_hd__clkbuf_16)
                                                         clknet_0_clk (net)
                      0.029552    0.000427    0.112696 ^ clkbuf_1_0__f_clk/A (sky130_fd_sc_hd__clkbuf_16)
     1    0.003547    0.019954    0.072071    0.184767 ^ clkbuf_1_0__f_clk/X (sky130_fd_sc_hd__clkbuf_16)
                                                         clknet_1_0__leaf_clk (net)
                      0.019954    0.000096    0.184863 ^ _39_/CLK (sky130_fd_sc_hd__dfrtp_1)
                                  0.250000    0.434863   clock uncertainty
                                  0.000000    0.434863   clock reconvergence pessimism
                                  0.212847    0.647710   library removal time
                                              0.647710   data required time
---------------------------------------------------------------------------------------------
                                              0.647710   data required time
                                           -20000000.000000   data arrival time
---------------------------------------------------------------------------------------------
                                           20000000.000000   slack (MET)



