
===========================================================================
report_checks -path_delay min (Hold)
============================================================================
======================= min_tt_025C_1v80 Corner ===================================

Startpoint: _38_ (rising edge-triggered flip-flop clocked by clk)
Endpoint: _38_ (rising edge-triggered flip-flop clocked by clk)
Path Group: clk
Path Type: min

Fanout         Cap        Slew       Delay        Time   Description
---------------------------------------------------------------------------------------------
                                  0.000000    0.000000   clock clk (rise edge)
                                  0.000000    0.000000   clock source latency
     1    0.010381    0.053122    0.035266    0.035266 ^ clk (in)
                                                         clk (net)
                      0.053123    0.000000    0.035266 ^ clkbuf_0_clk/A (sky130_fd_sc_hd__clkbuf_16)
     2    0.017243    0.039498    0.125745    0.161012 ^ clkbuf_0_clk/X (sky130_fd_sc_hd__clkbuf_16)
                                                         clknet_0_clk (net)
                      0.039498    0.000163    0.161174 ^ clkbuf_1_1__f_clk/A (sky130_fd_sc_hd__clkbuf_16)
     1    0.002800    0.026704    0.105894    0.267069 ^ clkbuf_1_1__f_clk/X (sky130_fd_sc_hd__clkbuf_16)
                                                         clknet_1_1__leaf_clk (net)
                      0.026704    0.000033    0.267101 ^ _38_/CLK (sky130_fd_sc_hd__dfrtp_1)
     1    0.002444    0.042440    0.304168    0.571269 ^ _38_/Q (sky130_fd_sc_hd__dfrtp_1)
                                                         state_alarm (net)
                      0.042440    0.000027    0.571295 ^ hold1/A (sky130_fd_sc_hd__dlygate4sd3_1)
     2    0.008586    0.103136    0.579537    1.150833 ^ hold1/X (sky130_fd_sc_hd__dlygate4sd3_1)
                                                         net26 (net)
                      0.103136    0.000084    1.150917 ^ _19_/A (sky130_fd_sc_hd__xor2_1)
     1    0.003040    0.037175    0.076137    1.227054 v _19_/X (sky130_fd_sc_hd__xor2_1)
                                                         _00_ (net)
                      0.037175    0.000027    1.227081 v _38_/D (sky130_fd_sc_hd__dfrtp_1)
                                              1.227081   data arrival time

                                  0.000000    0.000000   clock clk (rise edge)
                                  0.000000    0.000000   clock source latency
     1    0.010381    0.053122    0.035266    0.035266 ^ clk (in)
                                                         clk (net)
                      0.053123    0.000000    0.035266 ^ clkbuf_0_clk/A (sky130_fd_sc_hd__clkbuf_16)
     2    0.017243    0.039498    0.125745    0.161012 ^ clkbuf_0_clk/X (sky130_fd_sc_hd__clkbuf_16)
                                                         clknet_0_clk (net)
                      0.039498    0.000163    0.161174 ^ clkbuf_1_1__f_clk/A (sky130_fd_sc_hd__clkbuf_16)
     1    0.002800    0.026704    0.105894    0.267069 ^ clkbuf_1_1__f_clk/X (sky130_fd_sc_hd__clkbuf_16)
                                                         clknet_1_1__leaf_clk (net)
                      0.026704    0.000033    0.267101 ^ _38_/CLK (sky130_fd_sc_hd__dfrtp_1)
                                  0.250000    0.517101   clock uncertainty
                                  0.000000    0.517101   clock reconvergence pessimism
                                 -0.046762    0.470339   library hold time
                                              0.470339   data required time
---------------------------------------------------------------------------------------------
                                              0.470339   data required time
                                             -1.227081   data arrival time
---------------------------------------------------------------------------------------------
                                              0.756742   slack (MET)


Startpoint: _39_ (rising edge-triggered flip-flop clocked by clk)
Endpoint: _39_ (rising edge-triggered flip-flop clocked by clk)
Path Group: clk
Path Type: min

Fanout         Cap        Slew       Delay        Time   Description
---------------------------------------------------------------------------------------------
                                  0.000000    0.000000   clock clk (rise edge)
                                  0.000000    0.000000   clock source latency
     1    0.010381    0.053122    0.035266    0.035266 ^ clk (in)
                                                         clk (net)
                      0.053123    0.000000    0.035266 ^ clkbuf_0_clk/A (sky130_fd_sc_hd__clkbuf_16)
     2    0.017243    0.039498    0.125745    0.161012 ^ clkbuf_0_clk/X (sky130_fd_sc_hd__clkbuf_16)
                                                         clknet_0_clk (net)
                      0.039498    0.000152    0.161164 ^ clkbuf_1_0__f_clk/A (sky130_fd_sc_hd__clkbuf_16)
     1    0.003341    0.027226    0.106543    0.267706 ^ clkbuf_1_0__f_clk/X (sky130_fd_sc_hd__clkbuf_16)
                                                         clknet_1_0__leaf_clk (net)
                      0.027226    0.000037    0.267743 ^ _39_/CLK (sky130_fd_sc_hd__dfrtp_1)
     2    0.005880    0.068558    0.329188    0.596931 ^ _39_/Q (sky130_fd_sc_hd__dfrtp_1)
                                                         net25 (net)
                      0.068558    0.000035    0.596967 ^ hold2/A (sky130_fd_sc_hd__dlygate4sd3_1)
     1    0.002554    0.053029    0.539645    1.136611 ^ hold2/X (sky130_fd_sc_hd__dlygate4sd3_1)
                                                         net27 (net)
                      0.053029    0.000009    1.136621 ^ _37_/A1 (sky130_fd_sc_hd__o21a_1)
     1    0.004031    0.051133    0.124309    1.260929 ^ _37_/X (sky130_fd_sc_hd__o21a_1)
                                                         _01_ (net)
                      0.051133    0.000051    1.260981 ^ _39_/D (sky130_fd_sc_hd__dfrtp_1)
                                              1.260981   data arrival time

                                  0.000000    0.000000   clock clk (rise edge)
                                  0.000000    0.000000   clock source latency
     1    0.010381    0.053122    0.035266    0.035266 ^ clk (in)
                                                         clk (net)
                      0.053123    0.000000    0.035266 ^ clkbuf_0_clk/A (sky130_fd_sc_hd__clkbuf_16)
     2    0.017243    0.039498    0.125745    0.161012 ^ clkbuf_0_clk/X (sky130_fd_sc_hd__clkbuf_16)
                                                         clknet_0_clk (net)
                      0.039498    0.000152    0.161164 ^ clkbuf_1_0__f_clk/A (sky130_fd_sc_hd__clkbuf_16)
     1    0.003341    0.027226    0.106543    0.267706 ^ clkbuf_1_0__f_clk/X (sky130_fd_sc_hd__clkbuf_16)
                                                         clknet_1_0__leaf_clk (net)
                      0.027226    0.000037    0.267743 ^ _39_/CLK (sky130_fd_sc_hd__dfrtp_1)
                                  0.250000    0.517743   clock uncertainty
                                  0.000000    0.517743   clock reconvergence pessimism
                                 -0.038481    0.479262   library hold time
                                              0.479262   data required time
---------------------------------------------------------------------------------------------
                                              0.479262   data required time
                                             -1.260981   data arrival time
---------------------------------------------------------------------------------------------
                                              0.781718   slack (MET)


Startpoint: _39_ (rising edge-triggered flip-flop clocked by clk)
Endpoint: alarm_o (output port clocked by clk)
Path Group: clk
Path Type: min

Fanout         Cap        Slew       Delay        Time   Description
---------------------------------------------------------------------------------------------
                                  0.000000    0.000000   clock clk (rise edge)
                                  0.000000    0.000000   clock source latency
     1    0.010381    0.053122    0.035266    0.035266 ^ clk (in)
                                                         clk (net)
                      0.053123    0.000000    0.035266 ^ clkbuf_0_clk/A (sky130_fd_sc_hd__clkbuf_16)
     2    0.017243    0.039498    0.125745    0.161012 ^ clkbuf_0_clk/X (sky130_fd_sc_hd__clkbuf_16)
                                                         clknet_0_clk (net)
                      0.039498    0.000152    0.161164 ^ clkbuf_1_0__f_clk/A (sky130_fd_sc_hd__clkbuf_16)
     1    0.003341    0.027226    0.106543    0.267706 ^ clkbuf_1_0__f_clk/X (sky130_fd_sc_hd__clkbuf_16)
                                                         clknet_1_0__leaf_clk (net)
                      0.027226    0.000037    0.267743 ^ _39_/CLK (sky130_fd_sc_hd__dfrtp_1)
     2    0.005880    0.068558    0.329188    0.596931 ^ _39_/Q (sky130_fd_sc_hd__dfrtp_1)
                                                         net25 (net)
                      0.068558    0.000066    0.596997 ^ output25/A (sky130_fd_sc_hd__buf_2)
     1    0.034830    0.172870    0.208760    0.805757 ^ output25/X (sky130_fd_sc_hd__buf_2)
                                                         alarm_o (net)
                      0.172870    0.000484    0.806240 ^ alarm_o (out)
                                              0.806240   data arrival time

                                  0.000000    0.000000   clock clk (rise edge)
                                  0.000000    0.000000   clock network delay (propagated)
                                  0.250000    0.250000   clock uncertainty
                                  0.000000    0.250000   clock reconvergence pessimism
                               -20000000.000000 -20000000.000000   output external delay
                                           -20000000.000000   data required time
---------------------------------------------------------------------------------------------
                                           -20000000.000000   data required time
                                             -0.806240   data arrival time
---------------------------------------------------------------------------------------------
                                           20000000.000000   slack (MET)


Startpoint: rst_n (input port clocked by clk)
Endpoint: _38_ (removal check against rising-edge clock clk)
Path Group: asynchronous
Path Type: min

Fanout         Cap        Slew       Delay        Time   Description
---------------------------------------------------------------------------------------------
                                  0.000000    0.000000   clock clk (rise edge)
                                  0.000000    0.000000   clock network delay (propagated)
                               20000000.000000 20000000.000000 ^ input external delay
     1    0.003157    0.021274    0.000000 20000000.000000 ^ rst_n (in)
                                                         rst_n (net)
                      0.021274    0.000000 20000000.000000 ^ input24/A (sky130_fd_sc_hd__buf_1)
     2    0.010294    0.127979    0.000000 20000000.000000 ^ input24/X (sky130_fd_sc_hd__buf_1)
                                                         net24 (net)
                      0.127980    0.000000 20000000.000000 ^ _38_/RESET_B (sky130_fd_sc_hd__dfrtp_1)
                                           20000000.000000   data arrival time

                                  0.000000    0.000000   clock clk (rise edge)
                                  0.000000    0.000000   clock source latency
     1    0.010381    0.053122    0.035266    0.035266 ^ clk (in)
                                                         clk (net)
                      0.053123    0.000000    0.035266 ^ clkbuf_0_clk/A (sky130_fd_sc_hd__clkbuf_16)
     2    0.017243    0.039498    0.125745    0.161012 ^ clkbuf_0_clk/X (sky130_fd_sc_hd__clkbuf_16)
                                                         clknet_0_clk (net)
                      0.039498    0.000163    0.161174 ^ clkbuf_1_1__f_clk/A (sky130_fd_sc_hd__clkbuf_16)
     1    0.002800    0.026704    0.105894    0.267069 ^ clkbuf_1_1__f_clk/X (sky130_fd_sc_hd__clkbuf_16)
                                                         clknet_1_1__leaf_clk (net)
                      0.026704    0.000033    0.267101 ^ _38_/CLK (sky130_fd_sc_hd__dfrtp_1)
                                  0.250000    0.517101   clock uncertainty
                                  0.000000    0.517101   clock reconvergence pessimism
                                  0.338098    0.855200   library removal time
                                              0.855200   data required time
---------------------------------------------------------------------------------------------
                                              0.855200   data required time
                                           -20000000.000000   data arrival time
---------------------------------------------------------------------------------------------
                                           20000000.000000   slack (MET)


Startpoint: rst_n (input port clocked by clk)
Endpoint: _39_ (removal check against rising-edge clock clk)
Path Group: asynchronous
Path Type: min

Fanout         Cap        Slew       Delay        Time   Description
---------------------------------------------------------------------------------------------
                                  0.000000    0.000000   clock clk (rise edge)
                                  0.000000    0.000000   clock network delay (propagated)
                               20000000.000000 20000000.000000 ^ input external delay
     1    0.003157    0.021274    0.000000 20000000.000000 ^ rst_n (in)
                                                         rst_n (net)
                      0.021274    0.000000 20000000.000000 ^ input24/A (sky130_fd_sc_hd__buf_1)
     2    0.010294    0.127979    0.000000 20000000.000000 ^ input24/X (sky130_fd_sc_hd__buf_1)
                                                         net24 (net)
                      0.127979    0.000000 20000000.000000 ^ _39_/RESET_B (sky130_fd_sc_hd__dfrtp_1)
                                           20000000.000000   data arrival time

                                  0.000000    0.000000   clock clk (rise edge)
                                  0.000000    0.000000   clock source latency
     1    0.010381    0.053122    0.035266    0.035266 ^ clk (in)
                                                         clk (net)
                      0.053123    0.000000    0.035266 ^ clkbuf_0_clk/A (sky130_fd_sc_hd__clkbuf_16)
     2    0.017243    0.039498    0.125745    0.161012 ^ clkbuf_0_clk/X (sky130_fd_sc_hd__clkbuf_16)
                                                         clknet_0_clk (net)
                      0.039498    0.000152    0.161164 ^ clkbuf_1_0__f_clk/A (sky130_fd_sc_hd__clkbuf_16)
     1    0.003341    0.027226    0.106543    0.267706 ^ clkbuf_1_0__f_clk/X (sky130_fd_sc_hd__clkbuf_16)
                                                         clknet_1_0__leaf_clk (net)
                      0.027226    0.000037    0.267743 ^ _39_/CLK (sky130_fd_sc_hd__dfrtp_1)
                                  0.250000    0.517743   clock uncertainty
                                  0.000000    0.517743   clock reconvergence pessimism
                                  0.338240    0.855984   library removal time
                                              0.855984   data required time
---------------------------------------------------------------------------------------------
                                              0.855984   data required time
                                           -20000000.000000   data arrival time
---------------------------------------------------------------------------------------------
                                           20000000.000000   slack (MET)



