Reading timing models for corner nom_tt_025C_1v80…
Reading timing library for the 'nom_tt_025C_1v80' corner at '/home/kien/.volare/volare/sky130/versions/0fe599b2afb6708d281543108caf8310912f54af/sky130A/libs.ref/sky130_fd_sc_hd/lib/sky130_fd_sc_hd__tt_025C_1v80.lib'…
Reading timing models for corner nom_ff_n40C_1v95…
Reading timing library for the 'nom_ff_n40C_1v95' corner at '/home/kien/.volare/volare/sky130/versions/0fe599b2afb6708d281543108caf8310912f54af/sky130A/libs.ref/sky130_fd_sc_hd/lib/sky130_fd_sc_hd__ff_n40C_1v95.lib'…
Reading timing models for corner nom_ss_100C_1v60…
Reading timing library for the 'nom_ss_100C_1v60' corner at '/home/kien/.volare/volare/sky130/versions/0fe599b2afb6708d281543108caf8310912f54af/sky130A/libs.ref/sky130_fd_sc_hd/lib/sky130_fd_sc_hd__ss_100C_1v60.lib'…
Reading OpenROAD database at '/home/kien/openlane2/MARCO/decode_all/runs/RUN_2026-01-16_19-05-32/27-openroad-globalplacement/decode_all.odb'…
Reading design constraints file at '/nix/store/4pyixb03xfwwy77zxxplrggxrmm9f57y-python3-3.11.9-env/lib/python3.11/site-packages/openlane/scripts/base.sdc'…
[WARNING STA-0366] port 'clk' not found.
[INFO] Using clock clk…
[INFO] Setting output delay to: 20000000
[INFO] Setting input delay to: 20000000
[WARNING STA-0366] port 'clk' not found.
[INFO] Setting load to: 0.033442
[INFO] Setting clock uncertainty to: 0.25
[INFO] Setting clock transition to: 0.1499999999999999944488848768742172978818416595458984375
[WARNING STA-0419] transition time can not be specified for virtual clocks.
[INFO] Setting timing derate to: 5%
[WARNING STA-0450] virtual clock clk can not be propagated.
[INFO] Setting RC values…
[INFO RSZ-0027] Inserted 33 input buffers.
[INFO RSZ-0028] Inserted 79 output buffers.
[INFO RSZ-0058] Using max wire length 6335um.
Iteration | Resized | Buffers | Nets repaired | Remaining
---------------------------------------------------------
        0 |       0 |       0 |             0 |       432
       10 |       9 |       0 |             0 |       422
       20 |      19 |       0 |             0 |       412
       30 |      29 |       0 |             0 |       402
       40 |      39 |       0 |             0 |       392
       50 |      49 |       0 |             0 |       382
       60 |      59 |       0 |             0 |       372
       70 |      69 |       0 |             0 |       362
       80 |      79 |       0 |             0 |       352
       90 |      88 |       0 |             0 |       342
      100 |      98 |       0 |             0 |       332
      110 |     106 |       0 |             0 |       322
      120 |     115 |       0 |             0 |       312
      130 |     124 |       0 |             0 |       302
      140 |     132 |       0 |             0 |       292
      150 |     139 |       0 |             0 |       282
      160 |     148 |       0 |             0 |       272
      170 |     156 |       0 |             0 |       262
      180 |     164 |       0 |             0 |       252
      190 |     172 |       0 |             0 |       242
      200 |     179 |       0 |             0 |       232
      210 |     188 |       0 |             0 |       222
      220 |     198 |       0 |             0 |       212
      230 |     206 |       0 |             0 |       202
      240 |     216 |       0 |             0 |       192
      250 |     225 |       0 |             0 |       182
      260 |     234 |       0 |             0 |       172
      270 |     242 |       0 |             0 |       162
      280 |     251 |       0 |             0 |       152
      290 |     256 |       0 |             0 |       142
      300 |     264 |       0 |             0 |       132
      310 |     273 |       0 |             0 |       122
      320 |     280 |       0 |             0 |       112
      330 |     289 |       0 |             0 |       102
      340 |     299 |       0 |             0 |        92
      350 |     308 |       0 |             0 |        82
      360 |     312 |       0 |             0 |        72
      370 |     321 |       0 |             0 |        62
      380 |     330 |       0 |             0 |        52
      390 |     338 |       0 |             0 |        42
      400 |     338 |       0 |             0 |        32
      410 |     338 |       0 |             0 |        22
      420 |     338 |       0 |             0 |        12
      430 |     338 |       0 |             0 |         2
    final |     338 |       0 |             0 |         0
---------------------------------------------------------
[INFO RSZ-0039] Resized 338 instances.
[INFO RSZ-0042] Inserted 4 tie sky130_fd_sc_hd__conb_1 instances.
[INFO RSZ-0042] Inserted 1 tie sky130_fd_sc_hd__conb_1 instances.
Placement Analysis
---------------------------------
total displacement       2079.4 u
average displacement        4.1 u
max displacement           39.1 u
original HPWL            6609.7 u
legalized HPWL           8621.3 u
delta HPWL                   30 %

[INFO DPL-0020] Mirrored 230 instances
[INFO DPL-0021] HPWL before            8621.3 u
[INFO DPL-0022] HPWL after             8288.5 u
[INFO DPL-0023] HPWL delta               -3.9 %
[INFO] Setting RC values…
Setting global connections for newly added cells…
[INFO] Setting global connections...
Updating metrics…
Cell type report:                       Count       Area
  Fill cell                                28     105.10
  Tap cell                                 88     110.11
  Buffer                                    3      11.26
  Timing Repair Buffer                    112     593.07
  Inverter                                 20      75.07
  Multi-Input combinational cell          259    1936.86
  Total                                   510    2831.47
Writing OpenROAD database to '/home/kien/openlane2/MARCO/decode_all/runs/RUN_2026-01-16_19-05-32/31-openroad-repairdesignpostgpl/decode_all.odb'…
Writing netlist to '/home/kien/openlane2/MARCO/decode_all/runs/RUN_2026-01-16_19-05-32/31-openroad-repairdesignpostgpl/decode_all.nl.v'…
Writing powered netlist to '/home/kien/openlane2/MARCO/decode_all/runs/RUN_2026-01-16_19-05-32/31-openroad-repairdesignpostgpl/decode_all.pnl.v'…
Writing layout to '/home/kien/openlane2/MARCO/decode_all/runs/RUN_2026-01-16_19-05-32/31-openroad-repairdesignpostgpl/decode_all.def'…
Writing timing constraints to '/home/kien/openlane2/MARCO/decode_all/runs/RUN_2026-01-16_19-05-32/31-openroad-repairdesignpostgpl/decode_all.sdc'…
