Reading OpenROAD database at '/home/kien/openlane2/MARCO/decode_all/runs/RUN_2026-01-16_19-05-32/17-openroad-cutrows/decode_all.odb'…
Reading library file at '/home/kien/.volare/volare/sky130/versions/0fe599b2afb6708d281543108caf8310912f54af/sky130A/libs.ref/sky130_fd_sc_hd/lib/sky130_fd_sc_hd__tt_025C_1v80.lib'…
Reading design constraints file at '/nix/store/4pyixb03xfwwy77zxxplrggxrmm9f57y-python3-3.11.9-env/lib/python3.11/site-packages/openlane/scripts/base.sdc'…
[WARNING STA-0366] port 'clk' not found.
[INFO] Using clock clk…
[INFO] Setting output delay to: 20000000
[INFO] Setting input delay to: 20000000
[WARNING STA-0366] port 'clk' not found.
[INFO] Setting load to: 0.033442
[INFO] Setting clock uncertainty to: 0.25
[INFO] Setting clock transition to: 0.1499999999999999944488848768742172978818416595458984375
[WARNING STA-0419] transition time can not be specified for virtual clocks.
[INFO] Setting timing derate to: 5%
[WARNING STA-0450] virtual clock clk can not be propagated.
[INFO TAP-0004] Inserted 28 endcaps.
[INFO TAP-0005] Inserted 88 tapcells.
Setting global connections for newly added cells…
[INFO] Setting global connections...
Updating metrics…
Cell type report:                       Count       Area
  Fill cell                                28     105.10
  Tap cell                                 88     110.11
  Buffer                                    3      15.01
  Inverter                                 20      75.07
  Multi-Input combinational cell          259    2379.78
  Total                                   398    2685.08
Writing OpenROAD database to '/home/kien/openlane2/MARCO/decode_all/runs/RUN_2026-01-16_19-05-32/18-openroad-tapendcapinsertion/decode_all.odb'…
Writing netlist to '/home/kien/openlane2/MARCO/decode_all/runs/RUN_2026-01-16_19-05-32/18-openroad-tapendcapinsertion/decode_all.nl.v'…
Writing powered netlist to '/home/kien/openlane2/MARCO/decode_all/runs/RUN_2026-01-16_19-05-32/18-openroad-tapendcapinsertion/decode_all.pnl.v'…
Writing layout to '/home/kien/openlane2/MARCO/decode_all/runs/RUN_2026-01-16_19-05-32/18-openroad-tapendcapinsertion/decode_all.def'…
Writing timing constraints to '/home/kien/openlane2/MARCO/decode_all/runs/RUN_2026-01-16_19-05-32/18-openroad-tapendcapinsertion/decode_all.sdc'…
