
===========================================================================
report_checks -unconstrained
===========================================================================
======================= nom_tt_025C_1v80 Corner ===================================

Startpoint: day[0] (input port clocked by clk)
Endpoint: led_day[0] (output port clocked by clk)
Path Group: clk
Path Type: max

Fanout         Cap        Slew       Delay        Time   Description
---------------------------------------------------------------------------------------------
                      0.000000    0.000000    0.000000   clock clk (rise edge)
                                  0.000000    0.000000   clock network delay (ideal)
                               20000000.000000 20000000.000000 v input external delay
     6    0.035367    0.079043    0.000000 20000000.000000 v day[0] (in)
                                                         day[0] (net)
                      0.079110    0.000000 20000000.000000 v _272_/B1 (sky130_fd_sc_hd__o21ai_2)
     1    0.001635    0.073836    0.000000 20000000.000000 ^ _272_/Y (sky130_fd_sc_hd__o21ai_2)
                                                         _060_ (net)
                      0.073836    0.000000 20000000.000000 ^ _273_/C (sky130_fd_sc_hd__and3_2)
     2    0.037927    0.198180    0.000000 20000000.000000 ^ _273_/X (sky130_fd_sc_hd__and3_2)
                                                         led_day[0] (net)
                      0.198180    0.000000 20000000.000000 ^ led_day[0] (out)
                                           20000000.000000   data arrival time

                      0.000000 100000000.000000 100000000.000000   clock clk (rise edge)
                                  0.000000 100000000.000000   clock network delay (ideal)
                                 -0.250000 100000000.000000   clock uncertainty
                                  0.000000 100000000.000000   clock reconvergence pessimism
                               -20000000.000000 80000000.000000   output external delay
                                           80000000.000000   data required time
---------------------------------------------------------------------------------------------
                                           80000000.000000   data required time
                                           -20000000.000000   data arrival time
---------------------------------------------------------------------------------------------
                                           60000000.000000   slack (MET)




===========================================================================
report_checks --slack_max -0.01
============================================================================
======================= nom_tt_025C_1v80 Corner ===================================

No paths found.


===========================================================================
 report_check_types -max_slew -max_cap -max_fanout -violators
============================================================================
======================= nom_tt_025C_1v80 Corner ===================================

max slew

Pin                                        Limit        Slew       Slack
------------------------------------------------------------------------
led_min[9]                              0.750000    0.851177   -0.101177 (VIOLATED)
_465_/Y                                 0.750000    0.851177   -0.101177 (VIOLATED)



===========================================================================
report_parasitic_annotation -report_unannotated
============================================================================
Found 5 unannotated drivers.
 _472_/LO
 _473_/HI
 _474_/HI
 _475_/HI
 _476_/HI
Found 0 partially unannotated drivers.

===========================================================================
max slew violation count 2
Writing metric design__max_slew_violation__count__corner:nom_tt_025C_1v80: 2
max fanout violation count 0
Writing metric design__max_fanout_violation__count__corner:nom_tt_025C_1v80: 0
max cap violation count 0
Writing metric design__max_cap_violation__count__corner:nom_tt_025C_1v80: 0
============================================================================

===========================================================================
check_setup -verbose -unconstrained_endpoints -multiple_clock -no_clock -no_input_delay -loops -generated_clocks
===========================================================================
Warning: There are 5 unconstrained endpoints.
  led_day[8]
  led_hour[8]
  led_month[13]
  led_month[8]
  led_month[9]
