Reading timing models for corner nom_tt_025C_1v80…
Reading timing library for the 'nom_tt_025C_1v80' corner at '/home/kien/.volare/volare/sky130/versions/0fe599b2afb6708d281543108caf8310912f54af/sky130A/libs.ref/sky130_fd_sc_hd/lib/sky130_fd_sc_hd__tt_025C_1v80.lib'…
Reading timing models for corner nom_ff_n40C_1v95…
Reading timing library for the 'nom_ff_n40C_1v95' corner at '/home/kien/.volare/volare/sky130/versions/0fe599b2afb6708d281543108caf8310912f54af/sky130A/libs.ref/sky130_fd_sc_hd/lib/sky130_fd_sc_hd__ff_n40C_1v95.lib'…
Reading timing models for corner nom_ss_100C_1v60…
Reading timing library for the 'nom_ss_100C_1v60' corner at '/home/kien/.volare/volare/sky130/versions/0fe599b2afb6708d281543108caf8310912f54af/sky130A/libs.ref/sky130_fd_sc_hd/lib/sky130_fd_sc_hd__ss_100C_1v60.lib'…
Reading OpenROAD database at '/home/kien/openlane2/MARCO/decode_input/runs/RUN_2026-01-16_19-22-56/27-openroad-globalplacement/decode_input.odb'…
Reading design constraints file at '/nix/store/4pyixb03xfwwy77zxxplrggxrmm9f57y-python3-3.11.9-env/lib/python3.11/site-packages/openlane/scripts/base.sdc'…
[WARNING STA-0366] port '__VIRTUAL_CLK__' not found.
[INFO] Using clock __VIRTUAL_CLK__…
[INFO] Setting output delay to: 2
[INFO] Setting input delay to: 2
[WARNING STA-0366] port '__VIRTUAL_CLK__' not found.
[INFO] Setting load to: 0.033442
[INFO] Setting clock uncertainty to: 0.25
[INFO] Setting clock transition to: 0.1499999999999999944488848768742172978818416595458984375
[WARNING STA-0419] transition time can not be specified for virtual clocks.
[INFO] Setting timing derate to: 5%
[WARNING STA-0450] virtual clock __VIRTUAL_CLK__ can not be propagated.
[INFO] Setting RC values…
[INFO RSZ-0027] Inserted 20 input buffers.
[INFO RSZ-0028] Inserted 18 output buffers.
[INFO RSZ-0058] Using max wire length 6335um.
Iteration | Resized | Buffers | Nets repaired | Remaining
---------------------------------------------------------
        0 |       0 |       0 |             0 |        81
       10 |       9 |       0 |             0 |        71
       20 |      19 |       0 |             0 |        61
       30 |      29 |       0 |             0 |        51
       40 |      39 |       0 |             0 |        41
       50 |      48 |       0 |             0 |        31
       60 |      57 |       2 |             2 |        21
       70 |      58 |       2 |             2 |        11
       80 |      58 |       2 |             2 |         1
    final |      58 |       2 |             2 |         0
---------------------------------------------------------
[INFO RSZ-0035] Found 2 fanout violations.
[INFO RSZ-0038] Inserted 2 buffers in 2 nets.
[INFO RSZ-0039] Resized 58 instances.
Placement Analysis
---------------------------------
total displacement        269.4 u
average displacement        2.8 u
max displacement           15.1 u
original HPWL            1136.8 u
legalized HPWL           1421.3 u
delta HPWL                   25 %

[INFO DPL-0020] Mirrored 35 instances
[INFO DPL-0021] HPWL before            1421.3 u
[INFO DPL-0022] HPWL after             1372.5 u
[INFO DPL-0023] HPWL delta               -3.4 %
[INFO] Setting RC values…
Setting global connections for newly added cells…
[INFO] Setting global connections...
Updating metrics…
Cell type report:                       Count       Area
  Fill cell                                20      75.07
  Tap cell                                 12      15.01
  Timing Repair Buffer                     40     175.17
  Inverter                                  1       3.75
  Multi-Input combinational cell           22     161.40
  Total                                    95     430.41
Writing OpenROAD database to '/home/kien/openlane2/MARCO/decode_input/runs/RUN_2026-01-16_19-22-56/31-openroad-repairdesignpostgpl/decode_input.odb'…
Writing netlist to '/home/kien/openlane2/MARCO/decode_input/runs/RUN_2026-01-16_19-22-56/31-openroad-repairdesignpostgpl/decode_input.nl.v'…
Writing powered netlist to '/home/kien/openlane2/MARCO/decode_input/runs/RUN_2026-01-16_19-22-56/31-openroad-repairdesignpostgpl/decode_input.pnl.v'…
Writing layout to '/home/kien/openlane2/MARCO/decode_input/runs/RUN_2026-01-16_19-22-56/31-openroad-repairdesignpostgpl/decode_input.def'…
Writing timing constraints to '/home/kien/openlane2/MARCO/decode_input/runs/RUN_2026-01-16_19-22-56/31-openroad-repairdesignpostgpl/decode_input.sdc'…
