
===========================================================================
report_checks -unconstrained
===========================================================================
======================= nom_tt_025C_1v80 Corner ===================================

Startpoint: reset_n (input port clocked by clk)
Endpoint: _622_ (recovery check against rising-edge clock clk)
Path Group: asynchronous
Path Type: max

Fanout         Cap        Slew       Delay        Time   Description
---------------------------------------------------------------------------------------------
                                  0.000000    0.000000   clock clk (rise edge)
                                  0.000000    0.000000   clock network delay (propagated)
                               20000000.000000 20000000.000000 ^ input external delay
     1    0.003182    0.021381    0.000000 20000000.000000 ^ reset_n (in)
                                                         reset_n (net)
                      0.021381    0.000000 20000000.000000 ^ input29/A (sky130_fd_sc_hd__dlymetal6s2s_1)
     4    0.018525    0.201123    0.000000 20000000.000000 ^ input29/X (sky130_fd_sc_hd__dlymetal6s2s_1)
                                                         net29 (net)
                      0.201127    0.000000 20000000.000000 ^ fanout76/A (sky130_fd_sc_hd__clkbuf_4)
    10    0.046170    0.146424    0.000000 20000000.000000 ^ fanout76/X (sky130_fd_sc_hd__clkbuf_4)
                                                         net76 (net)
                      0.146470    0.000000 20000000.000000 ^ _622_/SET_B (sky130_fd_sc_hd__dfstp_1)
                                           20000000.000000   data arrival time

                               100000000.000000 100000000.000000   clock clk (rise edge)
                                  0.000000 100000000.000000   clock source latency
     1    0.013852    0.068318    0.000000 100000000.000000 ^ clk (in)
                                                         clk (net)
                      0.068323    0.000000 100000000.000000 ^ clkbuf_0_clk/A (sky130_fd_sc_hd__clkbuf_16)
     4    0.037222    0.057253    0.000000 100000000.000000 ^ clkbuf_0_clk/X (sky130_fd_sc_hd__clkbuf_16)
                                                         clknet_0_clk (net)
                      0.057286    0.000000 100000000.000000 ^ clkbuf_2_0__f_clk/A (sky130_fd_sc_hd__clkbuf_16)
    10    0.027629    0.048952    0.000000 100000000.000000 ^ clkbuf_2_0__f_clk/X (sky130_fd_sc_hd__clkbuf_16)
                                                         clknet_2_0__leaf_clk (net)
                      0.048955    0.000000 100000000.000000 ^ _622_/CLK (sky130_fd_sc_hd__dfstp_1)
                                 -0.250000 100000000.000000   clock uncertainty
                                  0.000000 100000000.000000   clock reconvergence pessimism
                                  0.128833 100000000.000000   library recovery time
                                           100000000.000000   data required time
---------------------------------------------------------------------------------------------
                                           100000000.000000   data required time
                                           -20000000.000000   data arrival time
---------------------------------------------------------------------------------------------
                                           80000000.000000   slack (MET)


Startpoint: dec[0] (input port clocked by clk)
Endpoint: done_dec[0] (output port clocked by clk)
Path Group: clk
Path Type: max

Fanout         Cap        Slew       Delay        Time   Description
---------------------------------------------------------------------------------------------
                                  0.000000    0.000000   clock clk (rise edge)
                                  0.000000    0.000000   clock network delay (propagated)
                               20000000.000000 20000000.000000 ^ input external delay
     1    0.003409    0.022372    0.000000 20000000.000000 ^ dec[0] (in)
                                                         dec[0] (net)
                      0.022372    0.000000 20000000.000000 ^ input6/A (sky130_fd_sc_hd__buf_1)
     3    0.011226    0.138601    0.000000 20000000.000000 ^ input6/X (sky130_fd_sc_hd__buf_1)
                                                         net6 (net)
                      0.138603    0.000000 20000000.000000 ^ _319_/A (sky130_fd_sc_hd__and2_1)
     1    0.004984    0.068527    0.000000 20000000.000000 ^ _319_/X (sky130_fd_sc_hd__and2_1)
                                                         second_inst.done_dec (net)
                      0.068527    0.000000 20000000.000000 ^ _655_/A (sky130_fd_sc_hd__clkbuf_1)
     1    0.002867    0.044925    0.000000 20000000.000000 ^ _655_/X (sky130_fd_sc_hd__clkbuf_1)
                                                         net35 (net)
                      0.044925    0.000000 20000000.000000 ^ output35/A (sky130_fd_sc_hd__buf_2)
     1    0.034832    0.172829    0.000000 20000000.000000 ^ output35/X (sky130_fd_sc_hd__buf_2)
                                                         done_dec[0] (net)
                      0.172886    0.000000 20000000.000000 ^ done_dec[0] (out)
                                           20000000.000000   data arrival time

                               100000000.000000 100000000.000000   clock clk (rise edge)
                                  0.000000 100000000.000000   clock network delay (propagated)
                                 -0.250000 100000000.000000   clock uncertainty
                                  0.000000 100000000.000000   clock reconvergence pessimism
                               -20000000.000000 80000000.000000   output external delay
                                           80000000.000000   data required time
---------------------------------------------------------------------------------------------
                                           80000000.000000   data required time
                                           -20000000.000000   data arrival time
---------------------------------------------------------------------------------------------
                                           60000000.000000   slack (MET)




===========================================================================
report_checks --slack_max -0.01
============================================================================
======================= nom_tt_025C_1v80 Corner ===================================

No paths found.


===========================================================================
 report_check_types -max_slew -max_cap -max_fanout -violators
============================================================================
======================= nom_tt_025C_1v80 Corner ===================================



===========================================================================
report_parasitic_annotation -report_unannotated
============================================================================
Found 3 unannotated drivers.
 clkload0/X
 clkload1/Y
 clkload2/X
Found 0 partially unannotated drivers.

===========================================================================
max slew violation count 0
Writing metric design__max_slew_violation__count__corner:nom_tt_025C_1v80: 0
max fanout violation count 0
Writing metric design__max_fanout_violation__count__corner:nom_tt_025C_1v80: 0
max cap violation count 0
Writing metric design__max_cap_violation__count__corner:nom_tt_025C_1v80: 0
============================================================================

===========================================================================
check_setup -verbose -unconstrained_endpoints -multiple_clock -no_clock -no_input_delay -loops -generated_clocks
===========================================================================
