[INFO PSM-0040] All shapes on net VPWR are connected.
########## IR report #################
Net              : VPWR
Corner           : nom_tt_025C_1v80
Supply voltage   : 1.80e+00 V
Worstcase voltage: 1.80e+00 V
Average voltage  : 1.80e+00 V
Average IR drop  : 6.21e-11 V
Worstcase IR drop: 1.87e-10 V
Percentage drop  : 0.00 %
######################################
[INFO PSM-0040] All shapes on net VGND are connected.
########## IR report #################
Net              : VGND
Corner           : nom_tt_025C_1v80
Supply voltage   : 0.00e+00 V
Worstcase voltage: 1.49e-10 V
Average voltage  : 5.77e-11 V
Average IR drop  : 5.77e-11 V
Worstcase IR drop: 1.49e-10 V
Percentage drop  : 0.00 %
######################################
