Clock: clk
Sources: clk 
Generated: no
Virtual: yes
Propagated: no
Period: 100000000.000000

===========================================================================
report_clock_properties
============================================================================
Clock                   Period          Waveform
----------------------------------------------------
clk                 100000000.000000    0.00000050000000.000000

===========================================================================
report_clock_latency
============================================================================
Clock clk
rise -> rise
    min     max
0.000000 0.000000 source latency
0.608441         network latency _643_/CLK
        0.617491 network latency _653_/CLK
---------------
0.608441 0.617491 latency
        0.009050 skew

fall -> fall
    min     max
0.000000 0.000000 source latency
0.000000         network latency _622_/CLK
        0.000000 network latency _622_/CLK
---------------
0.000000 0.000000 latency
        0.000000 skew



===========================================================================
report_clock_min_period
============================================================================
clk period_min = 7.45 fmax = 134.22
