Reading OpenROAD database at '/home/kien/openlane2/MARCO/counter_all/runs/RUN_2026-01-16_18-59-06/47-odb-reportdisconnectedpins/counter_all.odb'…
Reading library file at '/home/kien/.volare/volare/sky130/versions/0fe599b2afb6708d281543108caf8310912f54af/sky130A/libs.ref/sky130_fd_sc_hd/lib/sky130_fd_sc_hd__tt_025C_1v80.lib'…
Reading design constraints file at '/nix/store/4pyixb03xfwwy77zxxplrggxrmm9f57y-python3-3.11.9-env/lib/python3.11/site-packages/openlane/scripts/base.sdc'…
[INFO] Using clock clk…
[INFO] Setting output delay to: 20000000
[INFO] Setting input delay to: 20000000
[INFO] Setting load to: 0.033442
[INFO] Setting clock uncertainty to: 0.25
[INFO] Setting clock transition to: 0.1499999999999999944488848768742172978818416595458984375
[INFO] Setting timing derate to: 5%
sky130_ef_sc_hd__decap_12 sky130_fd_sc_hd__decap_8 sky130_fd_sc_hd__decap_6 sky130_fd_sc_hd__decap_4 sky130_fd_sc_hd__decap_3 sky130_fd_sc_hd__fill*
[INFO DPL-0001] Placed 223 filler instances.
Setting global connections for newly added cells…
[INFO] Setting global connections...
Updating metrics…
Cell type report:                       Count       Area
  Fill cell                               277    1565.25
  Tap cell                                 72      90.09
  Buffer                                   10      37.54
  Clock buffer                              7     146.39
  Timing Repair Buffer                     83     436.67
  Inverter                                 17      63.81
  Clock inverter                            1      30.03
  Sequential cell                          33     888.35
  Multi-Input combinational cell          299    2248.41
  Total                                   799    5506.53
Writing OpenROAD database to '/home/kien/openlane2/MARCO/counter_all/runs/RUN_2026-01-16_18-59-06/51-openroad-fillinsertion/counter_all.odb'…
Writing netlist to '/home/kien/openlane2/MARCO/counter_all/runs/RUN_2026-01-16_18-59-06/51-openroad-fillinsertion/counter_all.nl.v'…
Writing powered netlist to '/home/kien/openlane2/MARCO/counter_all/runs/RUN_2026-01-16_18-59-06/51-openroad-fillinsertion/counter_all.pnl.v'…
Writing layout to '/home/kien/openlane2/MARCO/counter_all/runs/RUN_2026-01-16_18-59-06/51-openroad-fillinsertion/counter_all.def'…
Writing timing constraints to '/home/kien/openlane2/MARCO/counter_all/runs/RUN_2026-01-16_18-59-06/51-openroad-fillinsertion/counter_all.sdc'…
