
===========================================================================
report_checks -path_delay min (Hold)
============================================================================
======================= nom_ff_n40C_1v95 Corner ===================================

Startpoint: _38_ (rising edge-triggered flip-flop clocked by clk)
Endpoint: _38_ (rising edge-triggered flip-flop clocked by clk)
Path Group: clk
Path Type: min

Fanout         Cap        Slew       Delay        Time   Description
---------------------------------------------------------------------------------------------
                      0.150000    0.000000    0.000000   clock clk (rise edge)
                                  0.000000    0.000000   clock network delay (ideal)
                      0.150000    0.000000    0.000000 ^ _38_/CLK (sky130_fd_sc_hd__dfrtp_2)
     2    0.011949    0.056312    0.263273    0.263273 ^ _38_/Q (sky130_fd_sc_hd__dfrtp_2)
                                                         state_alarm (net)
                      0.056312    0.000000    0.263273 ^ _19_/A (sky130_fd_sc_hd__xor2_2)
     1    0.002059    0.020024    0.037225    0.300499 v _19_/X (sky130_fd_sc_hd__xor2_2)
                                                         _00_ (net)
                      0.020024    0.000000    0.300499 v _38_/D (sky130_fd_sc_hd__dfrtp_2)
                                              0.300499   data arrival time

                      0.150000    0.000000    0.000000   clock clk (rise edge)
                                  0.000000    0.000000   clock network delay (ideal)
                                  0.250000    0.250000   clock uncertainty
                                  0.000000    0.250000   clock reconvergence pessimism
                                              0.250000 ^ _38_/CLK (sky130_fd_sc_hd__dfrtp_2)
                                 -0.013948    0.236052   library hold time
                                              0.236052   data required time
---------------------------------------------------------------------------------------------
                                              0.236052   data required time
                                             -0.300499   data arrival time
---------------------------------------------------------------------------------------------
                                              0.064447   slack (MET)


Startpoint: _38_ (rising edge-triggered flip-flop clocked by clk)
Endpoint: _39_ (rising edge-triggered flip-flop clocked by clk)
Path Group: clk
Path Type: min

Fanout         Cap        Slew       Delay        Time   Description
---------------------------------------------------------------------------------------------
                      0.150000    0.000000    0.000000   clock clk (rise edge)
                                  0.000000    0.000000   clock network delay (ideal)
                      0.150000    0.000000    0.000000 ^ _38_/CLK (sky130_fd_sc_hd__dfrtp_2)
     2    0.011949    0.056312    0.263273    0.263273 ^ _38_/Q (sky130_fd_sc_hd__dfrtp_2)
                                                         state_alarm (net)
                      0.056312    0.000000    0.263273 ^ _37_/B1 (sky130_fd_sc_hd__o21a_2)
     1    0.002087    0.017861    0.058737    0.322010 ^ _37_/X (sky130_fd_sc_hd__o21a_2)
                                                         _01_ (net)
                      0.017861    0.000000    0.322010 ^ _39_/D (sky130_fd_sc_hd__dfrtp_2)
                                              0.322010   data arrival time

                      0.150000    0.000000    0.000000   clock clk (rise edge)
                                  0.000000    0.000000   clock network delay (ideal)
                                  0.250000    0.250000   clock uncertainty
                                  0.000000    0.250000   clock reconvergence pessimism
                                              0.250000 ^ _39_/CLK (sky130_fd_sc_hd__dfrtp_2)
                                 -0.015659    0.234341   library hold time
                                              0.234341   data required time
---------------------------------------------------------------------------------------------
                                              0.234341   data required time
                                             -0.322010   data arrival time
---------------------------------------------------------------------------------------------
                                              0.087669   slack (MET)


Startpoint: _39_ (rising edge-triggered flip-flop clocked by clk)
Endpoint: alarm_o (output port clocked by clk)
Path Group: clk
Path Type: min

Fanout         Cap        Slew       Delay        Time   Description
---------------------------------------------------------------------------------------------
                      0.150000    0.000000    0.000000   clock clk (rise edge)
                                  0.000000    0.000000   clock network delay (ideal)
                      0.150000    0.000000    0.000000 ^ _39_/CLK (sky130_fd_sc_hd__dfrtp_2)
     2    0.035882    0.136457    0.323565    0.323565 ^ _39_/Q (sky130_fd_sc_hd__dfrtp_2)
                                                         alarm_o (net)
                      0.136457    0.000000    0.323565 ^ alarm_o (out)
                                              0.323565   data arrival time

                      0.150000    0.000000    0.000000   clock clk (rise edge)
                                  0.000000    0.000000   clock network delay (ideal)
                                  0.250000    0.250000   clock uncertainty
                                  0.000000    0.250000   clock reconvergence pessimism
                               -20000000.000000 -20000000.000000   output external delay
                                           -20000000.000000   data required time
---------------------------------------------------------------------------------------------
                                           -20000000.000000   data required time
                                             -0.323565   data arrival time
---------------------------------------------------------------------------------------------
                                           20000000.000000   slack (MET)


Startpoint: rst_n (input port clocked by clk)
Endpoint: _38_ (removal check against rising-edge clock clk)
Path Group: asynchronous
Path Type: min

Fanout         Cap        Slew       Delay        Time   Description
---------------------------------------------------------------------------------------------
                      0.150000    0.000000    0.000000   clock clk (rise edge)
                                  0.000000    0.000000   clock network delay (ideal)
                               20000000.000000 20000000.000000 ^ input external delay
     2    0.007234    0.030059    0.000000 20000000.000000 ^ rst_n (in)
                                                         rst_n (net)
                      0.030059    0.000000 20000000.000000 ^ _38_/RESET_B (sky130_fd_sc_hd__dfrtp_2)
                                           20000000.000000   data arrival time

                      0.150000    0.000000    0.000000   clock clk (rise edge)
                                  0.000000    0.000000   clock network delay (ideal)
                                  0.250000    0.250000   clock uncertainty
                                  0.000000    0.250000   clock reconvergence pessimism
                                              0.250000 ^ _38_/CLK (sky130_fd_sc_hd__dfrtp_2)
                                  0.213302    0.463302   library removal time
                                              0.463302   data required time
---------------------------------------------------------------------------------------------
                                              0.463302   data required time
                                           -20000000.000000   data arrival time
---------------------------------------------------------------------------------------------
                                           20000000.000000   slack (MET)


Startpoint: rst_n (input port clocked by clk)
Endpoint: _39_ (removal check against rising-edge clock clk)
Path Group: asynchronous
Path Type: min

Fanout         Cap        Slew       Delay        Time   Description
---------------------------------------------------------------------------------------------
                      0.150000    0.000000    0.000000   clock clk (rise edge)
                                  0.000000    0.000000   clock network delay (ideal)
                               20000000.000000 20000000.000000 ^ input external delay
     2    0.007234    0.030059    0.000000 20000000.000000 ^ rst_n (in)
                                                         rst_n (net)
                      0.030059    0.000000 20000000.000000 ^ _39_/RESET_B (sky130_fd_sc_hd__dfrtp_2)
                                           20000000.000000   data arrival time

                      0.150000    0.000000    0.000000   clock clk (rise edge)
                                  0.000000    0.000000   clock network delay (ideal)
                                  0.250000    0.250000   clock uncertainty
                                  0.000000    0.250000   clock reconvergence pessimism
                                              0.250000 ^ _39_/CLK (sky130_fd_sc_hd__dfrtp_2)
                                  0.213302    0.463302   library removal time
                                              0.463302   data required time
---------------------------------------------------------------------------------------------
                                              0.463302   data required time
                                           -20000000.000000   data arrival time
---------------------------------------------------------------------------------------------
                                           20000000.000000   slack (MET)



