
===========================================================================
report_checks -path_delay max (Setup)
============================================================================
======================= max_ss_100C_1v60 Corner ===================================

Startpoint: _39_ (rising edge-triggered flip-flop clocked by clk)
Endpoint: alarm_o (output port clocked by clk)
Path Group: clk
Path Type: max

Fanout         Cap        Slew       Delay        Time   Description
---------------------------------------------------------------------------------------------
                                  0.000000    0.000000   clock clk (rise edge)
                                  0.000000    0.000000   clock source latency
     1    0.010745    0.086269    0.056312    0.056312 ^ clk (in)
                                                         clk (net)
                      0.086275    0.000000    0.056312 ^ clkbuf_0_clk/A (sky130_fd_sc_hd__clkbuf_16)
     2    0.017558    0.064404    0.225245    0.281557 ^ clkbuf_0_clk/X (sky130_fd_sc_hd__clkbuf_16)
                                                         clknet_0_clk (net)
                      0.064404    0.001057    0.282614 ^ clkbuf_1_0__f_clk/A (sky130_fd_sc_hd__clkbuf_16)
     1    0.003411    0.045589    0.192580    0.475194 ^ clkbuf_1_0__f_clk/X (sky130_fd_sc_hd__clkbuf_16)
                                                         clknet_1_0__leaf_clk (net)
                      0.045589    0.000152    0.475346 ^ _39_/CLK (sky130_fd_sc_hd__dfrtp_1)
     2    0.006166    0.118552    0.664369    1.139715 ^ _39_/Q (sky130_fd_sc_hd__dfrtp_1)
                                                         net25 (net)
                      0.118552    0.000370    1.140085 ^ output25/A (sky130_fd_sc_hd__buf_2)
     1    0.035002    0.277951    0.369084    1.509169 ^ output25/X (sky130_fd_sc_hd__buf_2)
                                                         alarm_o (net)
                      0.277962    0.002067    1.511236 ^ alarm_o (out)
                                              1.511236   data arrival time

                               100000000.000000 100000000.000000   clock clk (rise edge)
                                  0.000000 100000000.000000   clock network delay (propagated)
                                 -0.250000 100000000.000000   clock uncertainty
                                  0.000000 100000000.000000   clock reconvergence pessimism
                               -20000000.000000 80000000.000000   output external delay
                                           80000000.000000   data required time
---------------------------------------------------------------------------------------------
                                           80000000.000000   data required time
                                             -1.511236   data arrival time
---------------------------------------------------------------------------------------------
                                           80000000.000000   slack (MET)


Startpoint: alarm_i (input port clocked by clk)
Endpoint: _38_ (rising edge-triggered flip-flop clocked by clk)
Path Group: clk
Path Type: max

Fanout         Cap        Slew       Delay        Time   Description
---------------------------------------------------------------------------------------------
                                  0.000000    0.000000   clock clk (rise edge)
                                  0.000000    0.000000   clock network delay (propagated)
                               20000000.000000 20000000.000000 v input external delay
     1    0.004048    0.023338    0.000000 20000000.000000 v alarm_i (in)
                                                         alarm_i (net)
                      0.023340    0.000000 20000000.000000 v input6/A (sky130_fd_sc_hd__buf_1)
     1    0.008175    0.105675    0.000000 20000000.000000 v input6/X (sky130_fd_sc_hd__buf_1)
                                                         net6 (net)
                      0.105677    0.000000 20000000.000000 v _19_/B (sky130_fd_sc_hd__xor2_1)
     1    0.003098    0.191555    0.000000 20000000.000000 ^ _19_/X (sky130_fd_sc_hd__xor2_1)
                                                         _00_ (net)
                      0.191555    0.000000 20000000.000000 ^ _38_/D (sky130_fd_sc_hd__dfrtp_1)
                                           20000000.000000   data arrival time

                               100000000.000000 100000000.000000   clock clk (rise edge)
                                  0.000000 100000000.000000   clock source latency
     1    0.010745    0.086269    0.000000 100000000.000000 ^ clk (in)
                                                         clk (net)
                      0.086275    0.000000 100000000.000000 ^ clkbuf_0_clk/A (sky130_fd_sc_hd__clkbuf_16)
     2    0.017558    0.064404    0.000000 100000000.000000 ^ clkbuf_0_clk/X (sky130_fd_sc_hd__clkbuf_16)
                                                         clknet_0_clk (net)
                      0.064404    0.000000 100000000.000000 ^ clkbuf_1_1__f_clk/A (sky130_fd_sc_hd__clkbuf_16)
     1    0.002876    0.044812    0.000000 100000000.000000 ^ clkbuf_1_1__f_clk/X (sky130_fd_sc_hd__clkbuf_16)
                                                         clknet_1_1__leaf_clk (net)
                      0.044812    0.000000 100000000.000000 ^ _38_/CLK (sky130_fd_sc_hd__dfrtp_1)
                                 -0.250000 100000000.000000   clock uncertainty
                                  0.000000 100000000.000000   clock reconvergence pessimism
                                 -0.168109 100000000.000000   library setup time
                                           100000000.000000   data required time
---------------------------------------------------------------------------------------------
                                           100000000.000000   data required time
                                           -20000000.000000   data arrival time
---------------------------------------------------------------------------------------------
                                           80000000.000000   slack (MET)


Startpoint: rst_n (input port clocked by clk)
Endpoint: _38_ (recovery check against rising-edge clock clk)
Path Group: asynchronous
Path Type: max

Fanout         Cap        Slew       Delay        Time   Description
---------------------------------------------------------------------------------------------
                                  0.000000    0.000000   clock clk (rise edge)
                                  0.000000    0.000000   clock network delay (propagated)
                               20000000.000000 20000000.000000 ^ input external delay
     1    0.003237    0.035149    0.000000 20000000.000000 ^ rst_n (in)
                                                         rst_n (net)
                      0.035149    0.000000 20000000.000000 ^ input24/A (sky130_fd_sc_hd__buf_1)
     2    0.010034    0.201698    0.000000 20000000.000000 ^ input24/X (sky130_fd_sc_hd__buf_1)
                                                         net24 (net)
                      0.201700    0.000000 20000000.000000 ^ _38_/RESET_B (sky130_fd_sc_hd__dfrtp_1)
                                           20000000.000000   data arrival time

                               100000000.000000 100000000.000000   clock clk (rise edge)
                                  0.000000 100000000.000000   clock source latency
     1    0.010745    0.086269    0.000000 100000000.000000 ^ clk (in)
                                                         clk (net)
                      0.086275    0.000000 100000000.000000 ^ clkbuf_0_clk/A (sky130_fd_sc_hd__clkbuf_16)
     2    0.017558    0.064404    0.000000 100000000.000000 ^ clkbuf_0_clk/X (sky130_fd_sc_hd__clkbuf_16)
                                                         clknet_0_clk (net)
                      0.064404    0.000000 100000000.000000 ^ clkbuf_1_1__f_clk/A (sky130_fd_sc_hd__clkbuf_16)
     1    0.002876    0.044812    0.000000 100000000.000000 ^ clkbuf_1_1__f_clk/X (sky130_fd_sc_hd__clkbuf_16)
                                                         clknet_1_1__leaf_clk (net)
                      0.044812    0.000000 100000000.000000 ^ _38_/CLK (sky130_fd_sc_hd__dfrtp_1)
                                 -0.250000 100000000.000000   clock uncertainty
                                  0.000000 100000000.000000   clock reconvergence pessimism
                                  0.405326 100000000.000000   library recovery time
                                           100000000.000000   data required time
---------------------------------------------------------------------------------------------
                                           100000000.000000   data required time
                                           -20000000.000000   data arrival time
---------------------------------------------------------------------------------------------
                                           80000000.000000   slack (MET)


Startpoint: alarm_min[4] (input port clocked by clk)
Endpoint: _39_ (rising edge-triggered flip-flop clocked by clk)
Path Group: clk
Path Type: max

Fanout         Cap        Slew       Delay        Time   Description
---------------------------------------------------------------------------------------------
                                  0.000000    0.000000   clock clk (rise edge)
                                  0.000000    0.000000   clock network delay (propagated)
                               20000000.000000 20000000.000000 ^ input external delay
     1    0.002846    0.032549    0.000000 20000000.000000 ^ alarm_min[4] (in)
                                                         alarm_min[4] (net)
                      0.032549    0.000000 20000000.000000 ^ input11/A (sky130_fd_sc_hd__clkbuf_1)
     1    0.006091    0.130492    0.000000 20000000.000000 ^ input11/X (sky130_fd_sc_hd__clkbuf_1)
                                                         net11 (net)
                      0.130492    0.000000 20000000.000000 ^ _34_/B (sky130_fd_sc_hd__xor2_1)
     1    0.001911    0.084209    0.000000 20000000.000000 v _34_/X (sky130_fd_sc_hd__xor2_1)
                                                         _16_ (net)
                      0.084209    0.000000 20000000.000000 v _35_/D (sky130_fd_sc_hd__or4_1)
     1    0.002659    0.173565    1.862645 20000002.000000 v _35_/X (sky130_fd_sc_hd__or4_1)
                                                         _17_ (net)
                      0.173565    0.000000 20000002.000000 v _36_/C (sky130_fd_sc_hd__nor3_1)
     1    0.004666    0.330405    0.000000 20000002.000000 ^ _36_/Y (sky130_fd_sc_hd__nor3_1)
                                                         _18_ (net)
                      0.330405    0.000000 20000002.000000 ^ _37_/A2 (sky130_fd_sc_hd__o21a_1)
     1    0.004177    0.089877    0.000000 20000002.000000 ^ _37_/X (sky130_fd_sc_hd__o21a_1)
                                                         _01_ (net)
                      0.089877    0.000000 20000002.000000 ^ _39_/D (sky130_fd_sc_hd__dfrtp_1)
                                           20000002.000000   data arrival time

                               100000000.000000 100000000.000000   clock clk (rise edge)
                                  0.000000 100000000.000000   clock source latency
     1    0.010745    0.086269    0.000000 100000000.000000 ^ clk (in)
                                                         clk (net)
                      0.086275    0.000000 100000000.000000 ^ clkbuf_0_clk/A (sky130_fd_sc_hd__clkbuf_16)
     2    0.017558    0.064404    0.000000 100000000.000000 ^ clkbuf_0_clk/X (sky130_fd_sc_hd__clkbuf_16)
                                                         clknet_0_clk (net)
                      0.064404    0.000000 100000000.000000 ^ clkbuf_1_0__f_clk/A (sky130_fd_sc_hd__clkbuf_16)
     1    0.003411    0.045589    0.000000 100000000.000000 ^ clkbuf_1_0__f_clk/X (sky130_fd_sc_hd__clkbuf_16)
                                                         clknet_1_0__leaf_clk (net)
                      0.045589    0.000000 100000000.000000 ^ _39_/CLK (sky130_fd_sc_hd__dfrtp_1)
                                 -0.250000 100000000.000000   clock uncertainty
                                  0.000000 100000000.000000   clock reconvergence pessimism
                                 -0.142308 100000000.000000   library setup time
                                           100000000.000000   data required time
---------------------------------------------------------------------------------------------
                                           100000000.000000   data required time
                                           -20000002.000000   data arrival time
---------------------------------------------------------------------------------------------
                                           79999992.000000   slack (MET)


Startpoint: rst_n (input port clocked by clk)
Endpoint: _39_ (recovery check against rising-edge clock clk)
Path Group: asynchronous
Path Type: max

Fanout         Cap        Slew       Delay        Time   Description
---------------------------------------------------------------------------------------------
                                  0.000000    0.000000   clock clk (rise edge)
                                  0.000000    0.000000   clock network delay (propagated)
                               20000000.000000 20000000.000000 ^ input external delay
     1    0.003237    0.035149    0.000000 20000000.000000 ^ rst_n (in)
                                                         rst_n (net)
                      0.035149    0.000000 20000000.000000 ^ input24/A (sky130_fd_sc_hd__buf_1)
     2    0.010034    0.201698    0.000000 20000000.000000 ^ input24/X (sky130_fd_sc_hd__buf_1)
                                                         net24 (net)
                      0.201699    0.000000 20000000.000000 ^ _39_/RESET_B (sky130_fd_sc_hd__dfrtp_1)
                                           20000000.000000   data arrival time

                               100000000.000000 100000000.000000   clock clk (rise edge)
                                  0.000000 100000000.000000   clock source latency
     1    0.010745    0.086269    0.000000 100000000.000000 ^ clk (in)
                                                         clk (net)
                      0.086275    0.000000 100000000.000000 ^ clkbuf_0_clk/A (sky130_fd_sc_hd__clkbuf_16)
     2    0.017558    0.064404    0.000000 100000000.000000 ^ clkbuf_0_clk/X (sky130_fd_sc_hd__clkbuf_16)
                                                         clknet_0_clk (net)
                      0.064404    0.000000 100000000.000000 ^ clkbuf_1_0__f_clk/A (sky130_fd_sc_hd__clkbuf_16)
     1    0.003411    0.045589    0.000000 100000000.000000 ^ clkbuf_1_0__f_clk/X (sky130_fd_sc_hd__clkbuf_16)
                                                         clknet_1_0__leaf_clk (net)
                      0.045589    0.000000 100000000.000000 ^ _39_/CLK (sky130_fd_sc_hd__dfrtp_1)
                                 -0.250000 100000000.000000   clock uncertainty
                                  0.000000 100000000.000000   clock reconvergence pessimism
                                  0.405587 100000000.000000   library recovery time
                                           100000000.000000   data required time
---------------------------------------------------------------------------------------------
                                           100000000.000000   data required time
                                           -20000000.000000   data arrival time
---------------------------------------------------------------------------------------------
                                           80000000.000000   slack (MET)



