
===========================================================================
report_checks -path_delay min (Hold)
============================================================================
======================= max_ss_100C_1v60 Corner ===================================

Startpoint: _38_ (rising edge-triggered flip-flop clocked by clk)
Endpoint: _38_ (rising edge-triggered flip-flop clocked by clk)
Path Group: clk
Path Type: min

Fanout         Cap        Slew       Delay        Time   Description
---------------------------------------------------------------------------------------------
                                  0.000000    0.000000   clock clk (rise edge)
                                  0.000000    0.000000   clock source latency
     1    0.010745    0.086269    0.056312    0.056312 ^ clk (in)
                                                         clk (net)
                      0.086275    0.000000    0.056312 ^ clkbuf_0_clk/A (sky130_fd_sc_hd__clkbuf_16)
     2    0.017558    0.064404    0.225245    0.281557 ^ clkbuf_0_clk/X (sky130_fd_sc_hd__clkbuf_16)
                                                         clknet_0_clk (net)
                      0.064404    0.001075    0.282632 ^ clkbuf_1_1__f_clk/A (sky130_fd_sc_hd__clkbuf_16)
     1    0.002876    0.044812    0.191565    0.474197 ^ clkbuf_1_1__f_clk/X (sky130_fd_sc_hd__clkbuf_16)
                                                         clknet_1_1__leaf_clk (net)
                      0.044812    0.000178    0.474375 ^ _38_/CLK (sky130_fd_sc_hd__dfrtp_1)
     1    0.002473    0.074164    0.618643    1.093019 ^ _38_/Q (sky130_fd_sc_hd__dfrtp_1)
                                                         state_alarm (net)
                      0.074921    0.000183    1.093202 ^ hold1/A (sky130_fd_sc_hd__dlygate4sd3_1)
     2    0.008977    0.175041    1.122180    2.215382 ^ hold1/X (sky130_fd_sc_hd__dlygate4sd3_1)
                                                         net26 (net)
                      0.175041    0.000555    2.215936 ^ _19_/A (sky130_fd_sc_hd__xor2_1)
     1    0.003083    0.070152    0.170275    2.386212 v _19_/X (sky130_fd_sc_hd__xor2_1)
                                                         _00_ (net)
                      0.070152    0.000131    2.386343 v _38_/D (sky130_fd_sc_hd__dfrtp_1)
                                              2.386343   data arrival time

                                  0.000000    0.000000   clock clk (rise edge)
                                  0.000000    0.000000   clock source latency
     1    0.010745    0.086269    0.056312    0.056312 ^ clk (in)
                                                         clk (net)
                      0.086275    0.000000    0.056312 ^ clkbuf_0_clk/A (sky130_fd_sc_hd__clkbuf_16)
     2    0.017558    0.064404    0.225245    0.281557 ^ clkbuf_0_clk/X (sky130_fd_sc_hd__clkbuf_16)
                                                         clknet_0_clk (net)
                      0.064404    0.001075    0.282632 ^ clkbuf_1_1__f_clk/A (sky130_fd_sc_hd__clkbuf_16)
     1    0.002876    0.044812    0.191565    0.474197 ^ clkbuf_1_1__f_clk/X (sky130_fd_sc_hd__clkbuf_16)
                                                         clknet_1_1__leaf_clk (net)
                      0.044812    0.000178    0.474375 ^ _38_/CLK (sky130_fd_sc_hd__dfrtp_1)
                                  0.250000    0.724375   clock uncertainty
                                  0.000000    0.724375   clock reconvergence pessimism
                                 -0.103415    0.620961   library hold time
                                              0.620961   data required time
---------------------------------------------------------------------------------------------
                                              0.620961   data required time
                                             -2.386343   data arrival time
---------------------------------------------------------------------------------------------
                                              1.765382   slack (MET)


Startpoint: _39_ (rising edge-triggered flip-flop clocked by clk)
Endpoint: _39_ (rising edge-triggered flip-flop clocked by clk)
Path Group: clk
Path Type: min

Fanout         Cap        Slew       Delay        Time   Description
---------------------------------------------------------------------------------------------
                                  0.000000    0.000000   clock clk (rise edge)
                                  0.000000    0.000000   clock source latency
     1    0.010745    0.086269    0.056312    0.056312 ^ clk (in)
                                                         clk (net)
                      0.086275    0.000000    0.056312 ^ clkbuf_0_clk/A (sky130_fd_sc_hd__clkbuf_16)
     2    0.017558    0.064404    0.225245    0.281557 ^ clkbuf_0_clk/X (sky130_fd_sc_hd__clkbuf_16)
                                                         clknet_0_clk (net)
                      0.064404    0.001057    0.282614 ^ clkbuf_1_0__f_clk/A (sky130_fd_sc_hd__clkbuf_16)
     1    0.003411    0.045589    0.192580    0.475194 ^ clkbuf_1_0__f_clk/X (sky130_fd_sc_hd__clkbuf_16)
                                                         clknet_1_0__leaf_clk (net)
                      0.045589    0.000152    0.475346 ^ _39_/CLK (sky130_fd_sc_hd__dfrtp_1)
     2    0.006166    0.118552    0.664369    1.139715 ^ _39_/Q (sky130_fd_sc_hd__dfrtp_1)
                                                         net25 (net)
                      0.118552    0.000307    1.140022 ^ hold2/A (sky130_fd_sc_hd__dlygate4sd3_1)
     1    0.002559    0.088917    1.056635    2.196657 ^ hold2/X (sky130_fd_sc_hd__dlygate4sd3_1)
                                                         net27 (net)
                      0.088917    0.000118    2.196775 ^ _37_/A1 (sky130_fd_sc_hd__o21a_1)
     1    0.004177    0.088784    0.256066    2.452841 ^ _37_/X (sky130_fd_sc_hd__o21a_1)
                                                         _01_ (net)
                      0.088784    0.000184    2.453025 ^ _39_/D (sky130_fd_sc_hd__dfrtp_1)
                                              2.453025   data arrival time

                                  0.000000    0.000000   clock clk (rise edge)
                                  0.000000    0.000000   clock source latency
     1    0.010745    0.086269    0.056312    0.056312 ^ clk (in)
                                                         clk (net)
                      0.086275    0.000000    0.056312 ^ clkbuf_0_clk/A (sky130_fd_sc_hd__clkbuf_16)
     2    0.017558    0.064404    0.225245    0.281557 ^ clkbuf_0_clk/X (sky130_fd_sc_hd__clkbuf_16)
                                                         clknet_0_clk (net)
                      0.064404    0.001057    0.282614 ^ clkbuf_1_0__f_clk/A (sky130_fd_sc_hd__clkbuf_16)
     1    0.003411    0.045589    0.192580    0.475194 ^ clkbuf_1_0__f_clk/X (sky130_fd_sc_hd__clkbuf_16)
                                                         clknet_1_0__leaf_clk (net)
                      0.045589    0.000152    0.475346 ^ _39_/CLK (sky130_fd_sc_hd__dfrtp_1)
                                  0.250000    0.725346   clock uncertainty
                                  0.000000    0.725346   clock reconvergence pessimism
                                 -0.085235    0.640110   library hold time
                                              0.640110   data required time
---------------------------------------------------------------------------------------------
                                              0.640110   data required time
                                             -2.453025   data arrival time
---------------------------------------------------------------------------------------------
                                              1.812914   slack (MET)


Startpoint: _39_ (rising edge-triggered flip-flop clocked by clk)
Endpoint: alarm_o (output port clocked by clk)
Path Group: clk
Path Type: min

Fanout         Cap        Slew       Delay        Time   Description
---------------------------------------------------------------------------------------------
                                  0.000000    0.000000   clock clk (rise edge)
                                  0.000000    0.000000   clock source latency
     1    0.010745    0.086269    0.056312    0.056312 ^ clk (in)
                                                         clk (net)
                      0.086275    0.000000    0.056312 ^ clkbuf_0_clk/A (sky130_fd_sc_hd__clkbuf_16)
     2    0.017558    0.064404    0.225245    0.281557 ^ clkbuf_0_clk/X (sky130_fd_sc_hd__clkbuf_16)
                                                         clknet_0_clk (net)
                      0.064404    0.001057    0.282614 ^ clkbuf_1_0__f_clk/A (sky130_fd_sc_hd__clkbuf_16)
     1    0.003411    0.045589    0.192580    0.475194 ^ clkbuf_1_0__f_clk/X (sky130_fd_sc_hd__clkbuf_16)
                                                         clknet_1_0__leaf_clk (net)
                      0.045589    0.000152    0.475346 ^ _39_/CLK (sky130_fd_sc_hd__dfrtp_1)
     2    0.006166    0.118552    0.664369    1.139715 ^ _39_/Q (sky130_fd_sc_hd__dfrtp_1)
                                                         net25 (net)
                      0.118552    0.000370    1.140085 ^ output25/A (sky130_fd_sc_hd__buf_2)
     1    0.035002    0.277951    0.369084    1.509169 ^ output25/X (sky130_fd_sc_hd__buf_2)
                                                         alarm_o (net)
                      0.277962    0.002067    1.511236 ^ alarm_o (out)
                                              1.511236   data arrival time

                                  0.000000    0.000000   clock clk (rise edge)
                                  0.000000    0.000000   clock network delay (propagated)
                                  0.250000    0.250000   clock uncertainty
                                  0.000000    0.250000   clock reconvergence pessimism
                               -20000000.000000 -20000000.000000   output external delay
                                           -20000000.000000   data required time
---------------------------------------------------------------------------------------------
                                           -20000000.000000   data required time
                                             -1.511236   data arrival time
---------------------------------------------------------------------------------------------
                                           20000002.000000   slack (MET)


Startpoint: rst_n (input port clocked by clk)
Endpoint: _38_ (removal check against rising-edge clock clk)
Path Group: asynchronous
Path Type: min

Fanout         Cap        Slew       Delay        Time   Description
---------------------------------------------------------------------------------------------
                                  0.000000    0.000000   clock clk (rise edge)
                                  0.000000    0.000000   clock network delay (propagated)
                               20000000.000000 20000000.000000 ^ input external delay
     1    0.003237    0.035149    0.000000 20000000.000000 ^ rst_n (in)
                                                         rst_n (net)
                      0.035149    0.000000 20000000.000000 ^ input24/A (sky130_fd_sc_hd__buf_1)
     2    0.010034    0.201698    0.000000 20000000.000000 ^ input24/X (sky130_fd_sc_hd__buf_1)
                                                         net24 (net)
                      0.201700    0.000000 20000000.000000 ^ _38_/RESET_B (sky130_fd_sc_hd__dfrtp_1)
                                           20000000.000000   data arrival time

                                  0.000000    0.000000   clock clk (rise edge)
                                  0.000000    0.000000   clock source latency
     1    0.010745    0.086269    0.056312    0.056312 ^ clk (in)
                                                         clk (net)
                      0.086275    0.000000    0.056312 ^ clkbuf_0_clk/A (sky130_fd_sc_hd__clkbuf_16)
     2    0.017558    0.064404    0.225245    0.281557 ^ clkbuf_0_clk/X (sky130_fd_sc_hd__clkbuf_16)
                                                         clknet_0_clk (net)
                      0.064404    0.001075    0.282632 ^ clkbuf_1_1__f_clk/A (sky130_fd_sc_hd__clkbuf_16)
     1    0.002876    0.044812    0.191565    0.474197 ^ clkbuf_1_1__f_clk/X (sky130_fd_sc_hd__clkbuf_16)
                                                         clknet_1_1__leaf_clk (net)
                      0.044812    0.000178    0.474375 ^ _38_/CLK (sky130_fd_sc_hd__dfrtp_1)
                                  0.250000    0.724375   clock uncertainty
                                  0.000000    0.724375   clock reconvergence pessimism
                                  0.690336    1.414711   library removal time
                                              1.414711   data required time
---------------------------------------------------------------------------------------------
                                              1.414711   data required time
                                           -20000000.000000   data arrival time
---------------------------------------------------------------------------------------------
                                           19999998.000000   slack (MET)


Startpoint: rst_n (input port clocked by clk)
Endpoint: _39_ (removal check against rising-edge clock clk)
Path Group: asynchronous
Path Type: min

Fanout         Cap        Slew       Delay        Time   Description
---------------------------------------------------------------------------------------------
                                  0.000000    0.000000   clock clk (rise edge)
                                  0.000000    0.000000   clock network delay (propagated)
                               20000000.000000 20000000.000000 ^ input external delay
     1    0.003237    0.035149    0.000000 20000000.000000 ^ rst_n (in)
                                                         rst_n (net)
                      0.035149    0.000000 20000000.000000 ^ input24/A (sky130_fd_sc_hd__buf_1)
     2    0.010034    0.201698    0.000000 20000000.000000 ^ input24/X (sky130_fd_sc_hd__buf_1)
                                                         net24 (net)
                      0.201699    0.000000 20000000.000000 ^ _39_/RESET_B (sky130_fd_sc_hd__dfrtp_1)
                                           20000000.000000   data arrival time

                                  0.000000    0.000000   clock clk (rise edge)
                                  0.000000    0.000000   clock source latency
     1    0.010745    0.086269    0.056312    0.056312 ^ clk (in)
                                                         clk (net)
                      0.086275    0.000000    0.056312 ^ clkbuf_0_clk/A (sky130_fd_sc_hd__clkbuf_16)
     2    0.017558    0.064404    0.225245    0.281557 ^ clkbuf_0_clk/X (sky130_fd_sc_hd__clkbuf_16)
                                                         clknet_0_clk (net)
                      0.064404    0.001057    0.282614 ^ clkbuf_1_0__f_clk/A (sky130_fd_sc_hd__clkbuf_16)
     1    0.003411    0.045589    0.192580    0.475194 ^ clkbuf_1_0__f_clk/X (sky130_fd_sc_hd__clkbuf_16)
                                                         clknet_1_0__leaf_clk (net)
                      0.045589    0.000152    0.475346 ^ _39_/CLK (sky130_fd_sc_hd__dfrtp_1)
                                  0.250000    0.725346   clock uncertainty
                                  0.000000    0.725346   clock reconvergence pessimism
                                  0.690570    1.415915   library removal time
                                              1.415915   data required time
---------------------------------------------------------------------------------------------
                                              1.415915   data required time
                                           -20000000.000000   data arrival time
---------------------------------------------------------------------------------------------
                                           19999998.000000   slack (MET)



