Reading timing models for corner max_ss_100C_1v60…
Reading cell library for the 'max_ss_100C_1v60' corner at '/home/kien/.volare/volare/sky130/versions/0fe599b2afb6708d281543108caf8310912f54af/sky130A/libs.ref/sky130_fd_sc_hd/lib/sky130_fd_sc_hd__ss_100C_1v60.lib'…
Reading top-level netlist at '/home/kien/openlane2/MARCO/alarm/runs/RUN_2026-01-16_19-22-04/51-openroad-fillinsertion/alarm.nl.v'…
Linking design 'alarm' from netlist…
Warning: /home/kien/openlane2/MARCO/alarm/runs/RUN_2026-01-16_19-22-04/51-openroad-fillinsertion/alarm.nl.v line 163, module sky130_fd_sc_hd__tapvpwrvgnd_1 not found. Creating black box for TAP_TAPCELL_ROW_0_20.
Warning: /home/kien/openlane2/MARCO/alarm/runs/RUN_2026-01-16_19-22-04/51-openroad-fillinsertion/alarm.nl.v line 235, module sky130_fd_sc_hd__fill_1 not found. Creating black box for FILLER_0_3.
Warning: /home/kien/openlane2/MARCO/alarm/runs/RUN_2026-01-16_19-22-04/51-openroad-fillinsertion/alarm.nl.v line 242, module sky130_fd_sc_hd__fill_2 not found. Creating black box for FILLER_1_54.
Warning: /home/kien/openlane2/MARCO/alarm/runs/RUN_2026-01-16_19-22-04/51-openroad-fillinsertion/alarm.nl.v line 243, module sky130_ef_sc_hd__decap_12 not found. Creating black box for FILLER_1_57.
Reading design constraints file at '/nix/store/4pyixb03xfwwy77zxxplrggxrmm9f57y-python3-3.11.9-env/lib/python3.11/site-packages/openlane/scripts/base.sdc'…
[INFO] Using clock clk…
[INFO] Setting output delay to: 20000000
[INFO] Setting input delay to: 20000000
[INFO] Setting load to: 0.033442
[INFO] Setting clock uncertainty to: 0.25
[INFO] Setting clock transition to: 0.1499999999999999944488848768742172978818416595458984375
[INFO] Setting timing derate to: 5%
Reading top-level design parasitics for the 'max_ss_100C_1v60' corner at '/home/kien/openlane2/MARCO/alarm/runs/RUN_2026-01-16_19-22-04/53-openroad-rcx/max/alarm.max.spef'…
%OL_CREATE_REPORT min.rpt

===========================================================================
report_checks -path_delay min (Hold)
============================================================================
======================= max_ss_100C_1v60 Corner ===================================

Startpoint: _38_ (rising edge-triggered flip-flop clocked by clk)
Endpoint: _38_ (rising edge-triggered flip-flop clocked by clk)
Path Group: clk
Path Type: min

Fanout         Cap        Slew       Delay        Time   Description
---------------------------------------------------------------------------------------------
                                  0.000000    0.000000   clock clk (rise edge)
                                  0.000000    0.000000   clock source latency
     1    0.010745    0.086269    0.056312    0.056312 ^ clk (in)
                                                         clk (net)
                      0.086275    0.000000    0.056312 ^ clkbuf_0_clk/A (sky130_fd_sc_hd__clkbuf_16)
     2    0.017558    0.064404    0.225245    0.281557 ^ clkbuf_0_clk/X (sky130_fd_sc_hd__clkbuf_16)
                                                         clknet_0_clk (net)
                      0.064404    0.001075    0.282632 ^ clkbuf_1_1__f_clk/A (sky130_fd_sc_hd__clkbuf_16)
     1    0.002876    0.044812    0.191565    0.474197 ^ clkbuf_1_1__f_clk/X (sky130_fd_sc_hd__clkbuf_16)
                                                         clknet_1_1__leaf_clk (net)
                      0.044812    0.000178    0.474375 ^ _38_/CLK (sky130_fd_sc_hd__dfrtp_1)
     1    0.002473    0.074164    0.618643    1.093019 ^ _38_/Q (sky130_fd_sc_hd__dfrtp_1)
                                                         state_alarm (net)
                      0.074921    0.000183    1.093202 ^ hold1/A (sky130_fd_sc_hd__dlygate4sd3_1)
     2    0.008977    0.175041    1.122180    2.215382 ^ hold1/X (sky130_fd_sc_hd__dlygate4sd3_1)
                                                         net26 (net)
                      0.175041    0.000555    2.215936 ^ _19_/A (sky130_fd_sc_hd__xor2_1)
     1    0.003083    0.070152    0.170275    2.386212 v _19_/X (sky130_fd_sc_hd__xor2_1)
                                                         _00_ (net)
                      0.070152    0.000131    2.386343 v _38_/D (sky130_fd_sc_hd__dfrtp_1)
                                              2.386343   data arrival time

                                  0.000000    0.000000   clock clk (rise edge)
                                  0.000000    0.000000   clock source latency
     1    0.010745    0.086269    0.056312    0.056312 ^ clk (in)
                                                         clk (net)
                      0.086275    0.000000    0.056312 ^ clkbuf_0_clk/A (sky130_fd_sc_hd__clkbuf_16)
     2    0.017558    0.064404    0.225245    0.281557 ^ clkbuf_0_clk/X (sky130_fd_sc_hd__clkbuf_16)
                                                         clknet_0_clk (net)
                      0.064404    0.001075    0.282632 ^ clkbuf_1_1__f_clk/A (sky130_fd_sc_hd__clkbuf_16)
     1    0.002876    0.044812    0.191565    0.474197 ^ clkbuf_1_1__f_clk/X (sky130_fd_sc_hd__clkbuf_16)
                                                         clknet_1_1__leaf_clk (net)
                      0.044812    0.000178    0.474375 ^ _38_/CLK (sky130_fd_sc_hd__dfrtp_1)
                                  0.250000    0.724375   clock uncertainty
                                  0.000000    0.724375   clock reconvergence pessimism
                                 -0.103415    0.620961   library hold time
                                              0.620961   data required time
---------------------------------------------------------------------------------------------
                                              0.620961   data required time
                                             -2.386343   data arrival time
---------------------------------------------------------------------------------------------
                                              1.765382   slack (MET)


Startpoint: _39_ (rising edge-triggered flip-flop clocked by clk)
Endpoint: _39_ (rising edge-triggered flip-flop clocked by clk)
Path Group: clk
Path Type: min

Fanout         Cap        Slew       Delay        Time   Description
---------------------------------------------------------------------------------------------
                                  0.000000    0.000000   clock clk (rise edge)
                                  0.000000    0.000000   clock source latency
     1    0.010745    0.086269    0.056312    0.056312 ^ clk (in)
                                                         clk (net)
                      0.086275    0.000000    0.056312 ^ clkbuf_0_clk/A (sky130_fd_sc_hd__clkbuf_16)
     2    0.017558    0.064404    0.225245    0.281557 ^ clkbuf_0_clk/X (sky130_fd_sc_hd__clkbuf_16)
                                                         clknet_0_clk (net)
                      0.064404    0.001057    0.282614 ^ clkbuf_1_0__f_clk/A (sky130_fd_sc_hd__clkbuf_16)
     1    0.003411    0.045589    0.192580    0.475194 ^ clkbuf_1_0__f_clk/X (sky130_fd_sc_hd__clkbuf_16)
                                                         clknet_1_0__leaf_clk (net)
                      0.045589    0.000152    0.475346 ^ _39_/CLK (sky130_fd_sc_hd__dfrtp_1)
     2    0.006166    0.118552    0.664369    1.139715 ^ _39_/Q (sky130_fd_sc_hd__dfrtp_1)
                                                         net25 (net)
                      0.118552    0.000307    1.140022 ^ hold2/A (sky130_fd_sc_hd__dlygate4sd3_1)
     1    0.002559    0.088917    1.056635    2.196657 ^ hold2/X (sky130_fd_sc_hd__dlygate4sd3_1)
                                                         net27 (net)
                      0.088917    0.000118    2.196775 ^ _37_/A1 (sky130_fd_sc_hd__o21a_1)
     1    0.004177    0.088784    0.256066    2.452841 ^ _37_/X (sky130_fd_sc_hd__o21a_1)
                                                         _01_ (net)
                      0.088784    0.000184    2.453025 ^ _39_/D (sky130_fd_sc_hd__dfrtp_1)
                                              2.453025   data arrival time

                                  0.000000    0.000000   clock clk (rise edge)
                                  0.000000    0.000000   clock source latency
     1    0.010745    0.086269    0.056312    0.056312 ^ clk (in)
                                                         clk (net)
                      0.086275    0.000000    0.056312 ^ clkbuf_0_clk/A (sky130_fd_sc_hd__clkbuf_16)
     2    0.017558    0.064404    0.225245    0.281557 ^ clkbuf_0_clk/X (sky130_fd_sc_hd__clkbuf_16)
                                                         clknet_0_clk (net)
                      0.064404    0.001057    0.282614 ^ clkbuf_1_0__f_clk/A (sky130_fd_sc_hd__clkbuf_16)
     1    0.003411    0.045589    0.192580    0.475194 ^ clkbuf_1_0__f_clk/X (sky130_fd_sc_hd__clkbuf_16)
                                                         clknet_1_0__leaf_clk (net)
                      0.045589    0.000152    0.475346 ^ _39_/CLK (sky130_fd_sc_hd__dfrtp_1)
                                  0.250000    0.725346   clock uncertainty
                                  0.000000    0.725346   clock reconvergence pessimism
                                 -0.085235    0.640110   library hold time
                                              0.640110   data required time
---------------------------------------------------------------------------------------------
                                              0.640110   data required time
                                             -2.453025   data arrival time
---------------------------------------------------------------------------------------------
                                              1.812914   slack (MET)


Startpoint: _39_ (rising edge-triggered flip-flop clocked by clk)
Endpoint: alarm_o (output port clocked by clk)
Path Group: clk
Path Type: min

Fanout         Cap        Slew       Delay        Time   Description
---------------------------------------------------------------------------------------------
                                  0.000000    0.000000   clock clk (rise edge)
                                  0.000000    0.000000   clock source latency
     1    0.010745    0.086269    0.056312    0.056312 ^ clk (in)
                                                         clk (net)
                      0.086275    0.000000    0.056312 ^ clkbuf_0_clk/A (sky130_fd_sc_hd__clkbuf_16)
     2    0.017558    0.064404    0.225245    0.281557 ^ clkbuf_0_clk/X (sky130_fd_sc_hd__clkbuf_16)
                                                         clknet_0_clk (net)
                      0.064404    0.001057    0.282614 ^ clkbuf_1_0__f_clk/A (sky130_fd_sc_hd__clkbuf_16)
     1    0.003411    0.045589    0.192580    0.475194 ^ clkbuf_1_0__f_clk/X (sky130_fd_sc_hd__clkbuf_16)
                                                         clknet_1_0__leaf_clk (net)
                      0.045589    0.000152    0.475346 ^ _39_/CLK (sky130_fd_sc_hd__dfrtp_1)
     2    0.006166    0.118552    0.664369    1.139715 ^ _39_/Q (sky130_fd_sc_hd__dfrtp_1)
                                                         net25 (net)
                      0.118552    0.000370    1.140085 ^ output25/A (sky130_fd_sc_hd__buf_2)
     1    0.035002    0.277951    0.369084    1.509169 ^ output25/X (sky130_fd_sc_hd__buf_2)
                                                         alarm_o (net)
                      0.277962    0.002067    1.511236 ^ alarm_o (out)
                                              1.511236   data arrival time

                                  0.000000    0.000000   clock clk (rise edge)
                                  0.000000    0.000000   clock network delay (propagated)
                                  0.250000    0.250000   clock uncertainty
                                  0.000000    0.250000   clock reconvergence pessimism
                               -20000000.000000 -20000000.000000   output external delay
                                           -20000000.000000   data required time
---------------------------------------------------------------------------------------------
                                           -20000000.000000   data required time
                                             -1.511236   data arrival time
---------------------------------------------------------------------------------------------
                                           20000002.000000   slack (MET)


Startpoint: rst_n (input port clocked by clk)
Endpoint: _38_ (removal check against rising-edge clock clk)
Path Group: asynchronous
Path Type: min

Fanout         Cap        Slew       Delay        Time   Description
---------------------------------------------------------------------------------------------
                                  0.000000    0.000000   clock clk (rise edge)
                                  0.000000    0.000000   clock network delay (propagated)
                               20000000.000000 20000000.000000 ^ input external delay
     1    0.003237    0.035149    0.000000 20000000.000000 ^ rst_n (in)
                                                         rst_n (net)
                      0.035149    0.000000 20000000.000000 ^ input24/A (sky130_fd_sc_hd__buf_1)
     2    0.010034    0.201698    0.000000 20000000.000000 ^ input24/X (sky130_fd_sc_hd__buf_1)
                                                         net24 (net)
                      0.201700    0.000000 20000000.000000 ^ _38_/RESET_B (sky130_fd_sc_hd__dfrtp_1)
                                           20000000.000000   data arrival time

                                  0.000000    0.000000   clock clk (rise edge)
                                  0.000000    0.000000   clock source latency
     1    0.010745    0.086269    0.056312    0.056312 ^ clk (in)
                                                         clk (net)
                      0.086275    0.000000    0.056312 ^ clkbuf_0_clk/A (sky130_fd_sc_hd__clkbuf_16)
     2    0.017558    0.064404    0.225245    0.281557 ^ clkbuf_0_clk/X (sky130_fd_sc_hd__clkbuf_16)
                                                         clknet_0_clk (net)
                      0.064404    0.001075    0.282632 ^ clkbuf_1_1__f_clk/A (sky130_fd_sc_hd__clkbuf_16)
     1    0.002876    0.044812    0.191565    0.474197 ^ clkbuf_1_1__f_clk/X (sky130_fd_sc_hd__clkbuf_16)
                                                         clknet_1_1__leaf_clk (net)
                      0.044812    0.000178    0.474375 ^ _38_/CLK (sky130_fd_sc_hd__dfrtp_1)
                                  0.250000    0.724375   clock uncertainty
                                  0.000000    0.724375   clock reconvergence pessimism
                                  0.690336    1.414711   library removal time
                                              1.414711   data required time
---------------------------------------------------------------------------------------------
                                              1.414711   data required time
                                           -20000000.000000   data arrival time
---------------------------------------------------------------------------------------------
                                           19999998.000000   slack (MET)


Startpoint: rst_n (input port clocked by clk)
Endpoint: _39_ (removal check against rising-edge clock clk)
Path Group: asynchronous
Path Type: min

Fanout         Cap        Slew       Delay        Time   Description
---------------------------------------------------------------------------------------------
                                  0.000000    0.000000   clock clk (rise edge)
                                  0.000000    0.000000   clock network delay (propagated)
                               20000000.000000 20000000.000000 ^ input external delay
     1    0.003237    0.035149    0.000000 20000000.000000 ^ rst_n (in)
                                                         rst_n (net)
                      0.035149    0.000000 20000000.000000 ^ input24/A (sky130_fd_sc_hd__buf_1)
     2    0.010034    0.201698    0.000000 20000000.000000 ^ input24/X (sky130_fd_sc_hd__buf_1)
                                                         net24 (net)
                      0.201699    0.000000 20000000.000000 ^ _39_/RESET_B (sky130_fd_sc_hd__dfrtp_1)
                                           20000000.000000   data arrival time

                                  0.000000    0.000000   clock clk (rise edge)
                                  0.000000    0.000000   clock source latency
     1    0.010745    0.086269    0.056312    0.056312 ^ clk (in)
                                                         clk (net)
                      0.086275    0.000000    0.056312 ^ clkbuf_0_clk/A (sky130_fd_sc_hd__clkbuf_16)
     2    0.017558    0.064404    0.225245    0.281557 ^ clkbuf_0_clk/X (sky130_fd_sc_hd__clkbuf_16)
                                                         clknet_0_clk (net)
                      0.064404    0.001057    0.282614 ^ clkbuf_1_0__f_clk/A (sky130_fd_sc_hd__clkbuf_16)
     1    0.003411    0.045589    0.192580    0.475194 ^ clkbuf_1_0__f_clk/X (sky130_fd_sc_hd__clkbuf_16)
                                                         clknet_1_0__leaf_clk (net)
                      0.045589    0.000152    0.475346 ^ _39_/CLK (sky130_fd_sc_hd__dfrtp_1)
                                  0.250000    0.725346   clock uncertainty
                                  0.000000    0.725346   clock reconvergence pessimism
                                  0.690570    1.415915   library removal time
                                              1.415915   data required time
---------------------------------------------------------------------------------------------
                                              1.415915   data required time
                                           -20000000.000000   data arrival time
---------------------------------------------------------------------------------------------
                                           19999998.000000   slack (MET)



%OL_END_REPORT
%OL_CREATE_REPORT max.rpt

===========================================================================
report_checks -path_delay max (Setup)
============================================================================
======================= max_ss_100C_1v60 Corner ===================================

Startpoint: _39_ (rising edge-triggered flip-flop clocked by clk)
Endpoint: alarm_o (output port clocked by clk)
Path Group: clk
Path Type: max

Fanout         Cap        Slew       Delay        Time   Description
---------------------------------------------------------------------------------------------
                                  0.000000    0.000000   clock clk (rise edge)
                                  0.000000    0.000000   clock source latency
     1    0.010745    0.086269    0.056312    0.056312 ^ clk (in)
                                                         clk (net)
                      0.086275    0.000000    0.056312 ^ clkbuf_0_clk/A (sky130_fd_sc_hd__clkbuf_16)
     2    0.017558    0.064404    0.225245    0.281557 ^ clkbuf_0_clk/X (sky130_fd_sc_hd__clkbuf_16)
                                                         clknet_0_clk (net)
                      0.064404    0.001057    0.282614 ^ clkbuf_1_0__f_clk/A (sky130_fd_sc_hd__clkbuf_16)
     1    0.003411    0.045589    0.192580    0.475194 ^ clkbuf_1_0__f_clk/X (sky130_fd_sc_hd__clkbuf_16)
                                                         clknet_1_0__leaf_clk (net)
                      0.045589    0.000152    0.475346 ^ _39_/CLK (sky130_fd_sc_hd__dfrtp_1)
     2    0.006166    0.118552    0.664369    1.139715 ^ _39_/Q (sky130_fd_sc_hd__dfrtp_1)
                                                         net25 (net)
                      0.118552    0.000370    1.140085 ^ output25/A (sky130_fd_sc_hd__buf_2)
     1    0.035002    0.277951    0.369084    1.509169 ^ output25/X (sky130_fd_sc_hd__buf_2)
                                                         alarm_o (net)
                      0.277962    0.002067    1.511236 ^ alarm_o (out)
                                              1.511236   data arrival time

                               100000000.000000 100000000.000000   clock clk (rise edge)
                                  0.000000 100000000.000000   clock network delay (propagated)
                                 -0.250000 100000000.000000   clock uncertainty
                                  0.000000 100000000.000000   clock reconvergence pessimism
                               -20000000.000000 80000000.000000   output external delay
                                           80000000.000000   data required time
---------------------------------------------------------------------------------------------
                                           80000000.000000   data required time
                                             -1.511236   data arrival time
---------------------------------------------------------------------------------------------
                                           80000000.000000   slack (MET)


Startpoint: alarm_i (input port clocked by clk)
Endpoint: _38_ (rising edge-triggered flip-flop clocked by clk)
Path Group: clk
Path Type: max

Fanout         Cap        Slew       Delay        Time   Description
---------------------------------------------------------------------------------------------
                                  0.000000    0.000000   clock clk (rise edge)
                                  0.000000    0.000000   clock network delay (propagated)
                               20000000.000000 20000000.000000 v input external delay
     1    0.004048    0.023338    0.000000 20000000.000000 v alarm_i (in)
                                                         alarm_i (net)
                      0.023340    0.000000 20000000.000000 v input6/A (sky130_fd_sc_hd__buf_1)
     1    0.008175    0.105675    0.000000 20000000.000000 v input6/X (sky130_fd_sc_hd__buf_1)
                                                         net6 (net)
                      0.105677    0.000000 20000000.000000 v _19_/B (sky130_fd_sc_hd__xor2_1)
     1    0.003098    0.191555    0.000000 20000000.000000 ^ _19_/X (sky130_fd_sc_hd__xor2_1)
                                                         _00_ (net)
                      0.191555    0.000000 20000000.000000 ^ _38_/D (sky130_fd_sc_hd__dfrtp_1)
                                           20000000.000000   data arrival time

                               100000000.000000 100000000.000000   clock clk (rise edge)
                                  0.000000 100000000.000000   clock source latency
     1    0.010745    0.086269    0.000000 100000000.000000 ^ clk (in)
                                                         clk (net)
                      0.086275    0.000000 100000000.000000 ^ clkbuf_0_clk/A (sky130_fd_sc_hd__clkbuf_16)
     2    0.017558    0.064404    0.000000 100000000.000000 ^ clkbuf_0_clk/X (sky130_fd_sc_hd__clkbuf_16)
                                                         clknet_0_clk (net)
                      0.064404    0.000000 100000000.000000 ^ clkbuf_1_1__f_clk/A (sky130_fd_sc_hd__clkbuf_16)
     1    0.002876    0.044812    0.000000 100000000.000000 ^ clkbuf_1_1__f_clk/X (sky130_fd_sc_hd__clkbuf_16)
                                                         clknet_1_1__leaf_clk (net)
                      0.044812    0.000000 100000000.000000 ^ _38_/CLK (sky130_fd_sc_hd__dfrtp_1)
                                 -0.250000 100000000.000000   clock uncertainty
                                  0.000000 100000000.000000   clock reconvergence pessimism
                                 -0.168109 100000000.000000   library setup time
                                           100000000.000000   data required time
---------------------------------------------------------------------------------------------
                                           100000000.000000   data required time
                                           -20000000.000000   data arrival time
---------------------------------------------------------------------------------------------
                                           80000000.000000   slack (MET)


Startpoint: rst_n (input port clocked by clk)
Endpoint: _38_ (recovery check against rising-edge clock clk)
Path Group: asynchronous
Path Type: max

Fanout         Cap        Slew       Delay        Time   Description
---------------------------------------------------------------------------------------------
                                  0.000000    0.000000   clock clk (rise edge)
                                  0.000000    0.000000   clock network delay (propagated)
                               20000000.000000 20000000.000000 ^ input external delay
     1    0.003237    0.035149    0.000000 20000000.000000 ^ rst_n (in)
                                                         rst_n (net)
                      0.035149    0.000000 20000000.000000 ^ input24/A (sky130_fd_sc_hd__buf_1)
     2    0.010034    0.201698    0.000000 20000000.000000 ^ input24/X (sky130_fd_sc_hd__buf_1)
                                                         net24 (net)
                      0.201700    0.000000 20000000.000000 ^ _38_/RESET_B (sky130_fd_sc_hd__dfrtp_1)
                                           20000000.000000   data arrival time

                               100000000.000000 100000000.000000   clock clk (rise edge)
                                  0.000000 100000000.000000   clock source latency
     1    0.010745    0.086269    0.000000 100000000.000000 ^ clk (in)
                                                         clk (net)
                      0.086275    0.000000 100000000.000000 ^ clkbuf_0_clk/A (sky130_fd_sc_hd__clkbuf_16)
     2    0.017558    0.064404    0.000000 100000000.000000 ^ clkbuf_0_clk/X (sky130_fd_sc_hd__clkbuf_16)
                                                         clknet_0_clk (net)
                      0.064404    0.000000 100000000.000000 ^ clkbuf_1_1__f_clk/A (sky130_fd_sc_hd__clkbuf_16)
     1    0.002876    0.044812    0.000000 100000000.000000 ^ clkbuf_1_1__f_clk/X (sky130_fd_sc_hd__clkbuf_16)
                                                         clknet_1_1__leaf_clk (net)
                      0.044812    0.000000 100000000.000000 ^ _38_/CLK (sky130_fd_sc_hd__dfrtp_1)
                                 -0.250000 100000000.000000   clock uncertainty
                                  0.000000 100000000.000000   clock reconvergence pessimism
                                  0.405326 100000000.000000   library recovery time
                                           100000000.000000   data required time
---------------------------------------------------------------------------------------------
                                           100000000.000000   data required time
                                           -20000000.000000   data arrival time
---------------------------------------------------------------------------------------------
                                           80000000.000000   slack (MET)


Startpoint: alarm_min[4] (input port clocked by clk)
Endpoint: _39_ (rising edge-triggered flip-flop clocked by clk)
Path Group: clk
Path Type: max

Fanout         Cap        Slew       Delay        Time   Description
---------------------------------------------------------------------------------------------
                                  0.000000    0.000000   clock clk (rise edge)
                                  0.000000    0.000000   clock network delay (propagated)
                               20000000.000000 20000000.000000 ^ input external delay
     1    0.002846    0.032549    0.000000 20000000.000000 ^ alarm_min[4] (in)
                                                         alarm_min[4] (net)
                      0.032549    0.000000 20000000.000000 ^ input11/A (sky130_fd_sc_hd__clkbuf_1)
     1    0.006091    0.130492    0.000000 20000000.000000 ^ input11/X (sky130_fd_sc_hd__clkbuf_1)
                                                         net11 (net)
                      0.130492    0.000000 20000000.000000 ^ _34_/B (sky130_fd_sc_hd__xor2_1)
     1    0.001911    0.084209    0.000000 20000000.000000 v _34_/X (sky130_fd_sc_hd__xor2_1)
                                                         _16_ (net)
                      0.084209    0.000000 20000000.000000 v _35_/D (sky130_fd_sc_hd__or4_1)
     1    0.002659    0.173565    1.862645 20000002.000000 v _35_/X (sky130_fd_sc_hd__or4_1)
                                                         _17_ (net)
                      0.173565    0.000000 20000002.000000 v _36_/C (sky130_fd_sc_hd__nor3_1)
     1    0.004666    0.330405    0.000000 20000002.000000 ^ _36_/Y (sky130_fd_sc_hd__nor3_1)
                                                         _18_ (net)
                      0.330405    0.000000 20000002.000000 ^ _37_/A2 (sky130_fd_sc_hd__o21a_1)
     1    0.004177    0.089877    0.000000 20000002.000000 ^ _37_/X (sky130_fd_sc_hd__o21a_1)
                                                         _01_ (net)
                      0.089877    0.000000 20000002.000000 ^ _39_/D (sky130_fd_sc_hd__dfrtp_1)
                                           20000002.000000   data arrival time

                               100000000.000000 100000000.000000   clock clk (rise edge)
                                  0.000000 100000000.000000   clock source latency
     1    0.010745    0.086269    0.000000 100000000.000000 ^ clk (in)
                                                         clk (net)
                      0.086275    0.000000 100000000.000000 ^ clkbuf_0_clk/A (sky130_fd_sc_hd__clkbuf_16)
     2    0.017558    0.064404    0.000000 100000000.000000 ^ clkbuf_0_clk/X (sky130_fd_sc_hd__clkbuf_16)
                                                         clknet_0_clk (net)
                      0.064404    0.000000 100000000.000000 ^ clkbuf_1_0__f_clk/A (sky130_fd_sc_hd__clkbuf_16)
     1    0.003411    0.045589    0.000000 100000000.000000 ^ clkbuf_1_0__f_clk/X (sky130_fd_sc_hd__clkbuf_16)
                                                         clknet_1_0__leaf_clk (net)
                      0.045589    0.000000 100000000.000000 ^ _39_/CLK (sky130_fd_sc_hd__dfrtp_1)
                                 -0.250000 100000000.000000   clock uncertainty
                                  0.000000 100000000.000000   clock reconvergence pessimism
                                 -0.142308 100000000.000000   library setup time
                                           100000000.000000   data required time
---------------------------------------------------------------------------------------------
                                           100000000.000000   data required time
                                           -20000002.000000   data arrival time
---------------------------------------------------------------------------------------------
                                           79999992.000000   slack (MET)


Startpoint: rst_n (input port clocked by clk)
Endpoint: _39_ (recovery check against rising-edge clock clk)
Path Group: asynchronous
Path Type: max

Fanout         Cap        Slew       Delay        Time   Description
---------------------------------------------------------------------------------------------
                                  0.000000    0.000000   clock clk (rise edge)
                                  0.000000    0.000000   clock network delay (propagated)
                               20000000.000000 20000000.000000 ^ input external delay
     1    0.003237    0.035149    0.000000 20000000.000000 ^ rst_n (in)
                                                         rst_n (net)
                      0.035149    0.000000 20000000.000000 ^ input24/A (sky130_fd_sc_hd__buf_1)
     2    0.010034    0.201698    0.000000 20000000.000000 ^ input24/X (sky130_fd_sc_hd__buf_1)
                                                         net24 (net)
                      0.201699    0.000000 20000000.000000 ^ _39_/RESET_B (sky130_fd_sc_hd__dfrtp_1)
                                           20000000.000000   data arrival time

                               100000000.000000 100000000.000000   clock clk (rise edge)
                                  0.000000 100000000.000000   clock source latency
     1    0.010745    0.086269    0.000000 100000000.000000 ^ clk (in)
                                                         clk (net)
                      0.086275    0.000000 100000000.000000 ^ clkbuf_0_clk/A (sky130_fd_sc_hd__clkbuf_16)
     2    0.017558    0.064404    0.000000 100000000.000000 ^ clkbuf_0_clk/X (sky130_fd_sc_hd__clkbuf_16)
                                                         clknet_0_clk (net)
                      0.064404    0.000000 100000000.000000 ^ clkbuf_1_0__f_clk/A (sky130_fd_sc_hd__clkbuf_16)
     1    0.003411    0.045589    0.000000 100000000.000000 ^ clkbuf_1_0__f_clk/X (sky130_fd_sc_hd__clkbuf_16)
                                                         clknet_1_0__leaf_clk (net)
                      0.045589    0.000000 100000000.000000 ^ _39_/CLK (sky130_fd_sc_hd__dfrtp_1)
                                 -0.250000 100000000.000000   clock uncertainty
                                  0.000000 100000000.000000   clock reconvergence pessimism
                                  0.405587 100000000.000000   library recovery time
                                           100000000.000000   data required time
---------------------------------------------------------------------------------------------
                                           100000000.000000   data required time
                                           -20000000.000000   data arrival time
---------------------------------------------------------------------------------------------
                                           80000000.000000   slack (MET)



%OL_END_REPORT
%OL_CREATE_REPORT checks.rpt

===========================================================================
report_checks -unconstrained
===========================================================================
======================= max_ss_100C_1v60 Corner ===================================

Startpoint: rst_n (input port clocked by clk)
Endpoint: _38_ (recovery check against rising-edge clock clk)
Path Group: asynchronous
Path Type: max

Fanout         Cap        Slew       Delay        Time   Description
---------------------------------------------------------------------------------------------
                                  0.000000    0.000000   clock clk (rise edge)
                                  0.000000    0.000000   clock network delay (propagated)
                               20000000.000000 20000000.000000 ^ input external delay
     1    0.003237    0.035149    0.000000 20000000.000000 ^ rst_n (in)
                                                         rst_n (net)
                      0.035149    0.000000 20000000.000000 ^ input24/A (sky130_fd_sc_hd__buf_1)
     2    0.010034    0.201698    0.000000 20000000.000000 ^ input24/X (sky130_fd_sc_hd__buf_1)
                                                         net24 (net)
                      0.201700    0.000000 20000000.000000 ^ _38_/RESET_B (sky130_fd_sc_hd__dfrtp_1)
                                           20000000.000000   data arrival time

                               100000000.000000 100000000.000000   clock clk (rise edge)
                                  0.000000 100000000.000000   clock source latency
     1    0.010745    0.086269    0.000000 100000000.000000 ^ clk (in)
                                                         clk (net)
                      0.086275    0.000000 100000000.000000 ^ clkbuf_0_clk/A (sky130_fd_sc_hd__clkbuf_16)
     2    0.017558    0.064404    0.000000 100000000.000000 ^ clkbuf_0_clk/X (sky130_fd_sc_hd__clkbuf_16)
                                                         clknet_0_clk (net)
                      0.064404    0.000000 100000000.000000 ^ clkbuf_1_1__f_clk/A (sky130_fd_sc_hd__clkbuf_16)
     1    0.002876    0.044812    0.000000 100000000.000000 ^ clkbuf_1_1__f_clk/X (sky130_fd_sc_hd__clkbuf_16)
                                                         clknet_1_1__leaf_clk (net)
                      0.044812    0.000000 100000000.000000 ^ _38_/CLK (sky130_fd_sc_hd__dfrtp_1)
                                 -0.250000 100000000.000000   clock uncertainty
                                  0.000000 100000000.000000   clock reconvergence pessimism
                                  0.405326 100000000.000000   library recovery time
                                           100000000.000000   data required time
---------------------------------------------------------------------------------------------
                                           100000000.000000   data required time
                                           -20000000.000000   data arrival time
---------------------------------------------------------------------------------------------
                                           80000000.000000   slack (MET)


Startpoint: _39_ (rising edge-triggered flip-flop clocked by clk)
Endpoint: alarm_o (output port clocked by clk)
Path Group: clk
Path Type: max

Fanout         Cap        Slew       Delay        Time   Description
---------------------------------------------------------------------------------------------
                                  0.000000    0.000000   clock clk (rise edge)
                                  0.000000    0.000000   clock source latency
     1    0.010745    0.086269    0.056312    0.056312 ^ clk (in)
                                                         clk (net)
                      0.086275    0.000000    0.056312 ^ clkbuf_0_clk/A (sky130_fd_sc_hd__clkbuf_16)
     2    0.017558    0.064404    0.225245    0.281557 ^ clkbuf_0_clk/X (sky130_fd_sc_hd__clkbuf_16)
                                                         clknet_0_clk (net)
                      0.064404    0.001057    0.282614 ^ clkbuf_1_0__f_clk/A (sky130_fd_sc_hd__clkbuf_16)
     1    0.003411    0.045589    0.192580    0.475194 ^ clkbuf_1_0__f_clk/X (sky130_fd_sc_hd__clkbuf_16)
                                                         clknet_1_0__leaf_clk (net)
                      0.045589    0.000152    0.475346 ^ _39_/CLK (sky130_fd_sc_hd__dfrtp_1)
     2    0.006166    0.118552    0.664369    1.139715 ^ _39_/Q (sky130_fd_sc_hd__dfrtp_1)
                                                         net25 (net)
                      0.118552    0.000370    1.140085 ^ output25/A (sky130_fd_sc_hd__buf_2)
     1    0.035002    0.277951    0.369084    1.509169 ^ output25/X (sky130_fd_sc_hd__buf_2)
                                                         alarm_o (net)
                      0.277962    0.002067    1.511236 ^ alarm_o (out)
                                              1.511236   data arrival time

                               100000000.000000 100000000.000000   clock clk (rise edge)
                                  0.000000 100000000.000000   clock network delay (propagated)
                                 -0.250000 100000000.000000   clock uncertainty
                                  0.000000 100000000.000000   clock reconvergence pessimism
                               -20000000.000000 80000000.000000   output external delay
                                           80000000.000000   data required time
---------------------------------------------------------------------------------------------
                                           80000000.000000   data required time
                                             -1.511236   data arrival time
---------------------------------------------------------------------------------------------
                                           80000000.000000   slack (MET)




===========================================================================
report_checks --slack_max -0.01
============================================================================
======================= max_ss_100C_1v60 Corner ===================================

No paths found.


===========================================================================
 report_check_types -max_slew -max_cap -max_fanout -violators
============================================================================
======================= max_ss_100C_1v60 Corner ===================================



===========================================================================
report_parasitic_annotation -report_unannotated
============================================================================
Found 0 unannotated drivers.
Found 0 partially unannotated drivers.

===========================================================================
max slew violation count 0
%OL_METRIC_I design__max_slew_violation__count__corner:max_ss_100C_1v60 0
max fanout violation count 0
%OL_METRIC_I design__max_fanout_violation__count__corner:max_ss_100C_1v60 0
max cap violation count 0
%OL_METRIC_I design__max_cap_violation__count__corner:max_ss_100C_1v60 0
============================================================================

===========================================================================
check_setup -verbose -unconstrained_endpoints -multiple_clock -no_clock -no_input_delay -loops -generated_clocks
===========================================================================
%OL_END_REPORT
%OL_CREATE_REPORT power.rpt

===========================================================================
 report_power
============================================================================
======================= max_ss_100C_1v60 Corner ===================================

Group                    Internal    Switching      Leakage        Total
                            Power        Power        Power        Power (Watts)
------------------------------------------------------------------------
Sequential           8.015902e-13 3.174077e-14 3.709960e-08 3.710043e-08  13.0%
Combinational        6.298987e-13 4.886636e-13 1.910886e-07 1.910897e-07  67.0%
Clock                4.103806e-12 6.104441e-13 5.716517e-08 5.716988e-08  20.0%
Macro                0.000000e+00 0.000000e+00 0.000000e+00 0.000000e+00   0.0%
Pad                  0.000000e+00 0.000000e+00 0.000000e+00 0.000000e+00   0.0%
------------------------------------------------------------------------
Total                5.535296e-12 1.130848e-12 2.853535e-07 2.853602e-07 100.0%
                             0.0%         0.0%       100.0%
%OL_METRIC_F power__internal__total 5.535295746067481e-12
%OL_METRIC_F power__switching__total 1.1308484530736518e-12
%OL_METRIC_F power__leakage__total 2.853535363556148e-7
%OL_METRIC_F power__total 2.853602154573309e-7

%OL_END_REPORT
%OL_CREATE_REPORT skew.min.rpt

===========================================================================
Clock Skew (Hold)
============================================================================
%OL_METRIC_F clock__skew__worst_hold__corner:max_ss_100C_1v60 -0.25097044597327095
======================= max_ss_100C_1v60 Corner ===================================

Clock clk
0.474375 source latency _38_/CLK ^
-0.475346 target latency _39_/CLK ^
-0.250000 clock uncertainty
0.000000 CRPR
--------------
-0.250970 hold skew

%OL_END_REPORT
%OL_CREATE_REPORT skew.max.rpt

===========================================================================
Clock Skew (Setup)
============================================================================
%OL_METRIC_F clock__skew__worst_setup__corner:max_ss_100C_1v60 0.25
======================= max_ss_100C_1v60 Corner ===================================

Clock clk
0.474375 source latency _38_/CLK ^
-0.474375 target latency _38_/CLK ^
0.250000 clock uncertainty
0.000000 CRPR
--------------
0.250000 setup skew

%OL_END_REPORT
%OL_CREATE_REPORT ws.min.rpt

===========================================================================
Worst Slack (Hold)
============================================================================
%OL_METRIC_F timing__hold__ws__corner:max_ss_100C_1v60 1.765382334730253
max_ss_100C_1v60: 1.765382334730253
%OL_END_REPORT
%OL_CREATE_REPORT ws.max.rpt

===========================================================================
Worst Slack (Setup)
============================================================================
%OL_METRIC_F timing__setup__ws__corner:max_ss_100C_1v60 80000000.47441518
max_ss_100C_1v60: 80000000.47441518
%OL_END_REPORT
%OL_CREATE_REPORT tns.min.rpt

===========================================================================
Total Negative Slack (Hold)
============================================================================
%OL_METRIC_F timing__hold__tns__corner:max_ss_100C_1v60 0.0
max_ss_100C_1v60: 0.0
%OL_END_REPORT
%OL_CREATE_REPORT tns.max.rpt

===========================================================================
Total Negative Slack (Setup)
============================================================================
%OL_METRIC_F timing__setup__tns__corner:max_ss_100C_1v60 0.0
max_ss_100C_1v60: 0.0
%OL_END_REPORT
%OL_CREATE_REPORT wns.min.rpt

===========================================================================
Worst Negative Slack (Hold)
============================================================================
%OL_METRIC_F timing__hold__wns__corner:max_ss_100C_1v60 0
max_ss_100C_1v60: 0
%OL_END_REPORT
%OL_CREATE_REPORT wns.max.rpt

===========================================================================
Worst Negative Slack (Setup)
============================================================================
%OL_METRIC_F timing__setup__wns__corner:max_ss_100C_1v60 0.0
max_ss_100C_1v60: 0.0
%OL_END_REPORT
%OL_CREATE_REPORT violator_list.rpt

===========================================================================
Violator List
============================================================================
%OL_METRIC_I timing__hold_vio__count__corner:max_ss_100C_1v60 0
%OL_METRIC_F timing__hold_r2r__ws__corner:max_ss_100C_1v60 1.765382
%OL_METRIC_I timing__hold_r2r_vio__count__corner:max_ss_100C_1v60 0
%OL_METRIC_I timing__setup_vio__count__corner:max_ss_100C_1v60 0
%OL_METRIC_F timing__setup_r2r__ws__corner:max_ss_100C_1v60 inf
%OL_METRIC_I timing__setup_r2r_vio__count__corner:max_ss_100C_1v60 0
%OL_END_REPORT
%OL_CREATE_REPORT unpropagated.rpt
%OL_END_REPORT
%OL_CREATE_REPORT clock.rpt
Clock: clk
Sources: clk 
Generated: no
Virtual: yes
Propagated: no
Period: 100000000.000000

===========================================================================
report_clock_properties
============================================================================
Clock                   Period          Waveform
----------------------------------------------------
clk                 100000000.000000    0.00000050000000.000000

===========================================================================
report_clock_latency
============================================================================
Clock clk
rise -> rise
    min     max
0.000000 0.000000 source latency
0.474375         network latency _38_/CLK
        0.475346 network latency _39_/CLK
---------------
0.474375 0.475346 latency
        0.000970 skew

fall -> fall
    min     max
0.000000 0.000000 source latency
0.000000         network latency _38_/CLK
        0.000000 network latency _38_/CLK
---------------
0.000000 0.000000 latency
        0.000000 skew



===========================================================================
report_clock_min_period
============================================================================
clk period_min = 0.00 fmax = inf
%OL_END_REPORT
Writing SDF files for all corners…
Removing Clock latencies before writing libs…
Writing timing models for all corners…
Writing timing models for the max_ss_100C_1v60 corner to /home/kien/openlane2/MARCO/alarm/runs/RUN_2026-01-16_19-22-04/54-openroad-stapostpnr/max_ss_100C_1v60/alarm__max_ss_100C_1v60.lib…
