Starting…
Running 'Verilator.Lint' at 'runs/RUN_2026-01-16_19-05-32/01-verilator-lint'…
Logging subprocess to [repr.filename]'runs/RUN_2026-01-16_19-05-32/01-verilator-lint/verilator-lint.log'[/repr.filename]…
Running 'Checker.LintTimingConstructs' at 'runs/RUN_2026-01-16_19-05-32/02-checker-linttimingconstructs'…
Check for Lint Timing Errors clear.
Running 'Checker.LintErrors' at 'runs/RUN_2026-01-16_19-05-32/03-checker-linterrors'…
Check for Lint errors clear.
Running 'Checker.LintWarnings' at 'runs/RUN_2026-01-16_19-05-32/04-checker-lintwarnings'…
8 Lint warnings found.
Running 'Yosys.JsonHeader' at 'runs/RUN_2026-01-16_19-05-32/05-yosys-jsonheader'…
Logging subprocess to [repr.filename]'runs/RUN_2026-01-16_19-05-32/05-yosys-jsonheader/yosys-jsonheader.log'[/repr.filename]…
Running 'Yosys.Synthesis' at 'runs/RUN_2026-01-16_19-05-32/06-yosys-synthesis'…
Logging subprocess to [repr.filename]'runs/RUN_2026-01-16_19-05-32/06-yosys-synthesis/yosys-synthesis.log'[/repr.filename]…
Parsing synthesis checks…
Running 'Checker.YosysUnmappedCells' at 'runs/RUN_2026-01-16_19-05-32/07-checker-yosysunmappedcells'…
Check for Unmapped Yosys instances clear.
Running 'Checker.YosysSynthChecks' at 'runs/RUN_2026-01-16_19-05-32/08-checker-yosyssynthchecks'…
Check for Yosys check errors clear.
Running 'Checker.NetlistAssignStatements' at 'runs/RUN_2026-01-16_19-05-32/09-checker-netlistassignstatements'…
Running 'OpenROAD.CheckSDCFiles' at 'runs/RUN_2026-01-16_19-05-32/10-openroad-checksdcfiles'…
'PNR_SDC_FILE' is not defined. Using generic fallback SDC for OpenROAD PnR steps.
'SIGNOFF_SDC_FILE' is not defined. Using generic fallback SDC for OpenROAD PnR steps.
Running 'OpenROAD.CheckMacroInstances' at 'runs/RUN_2026-01-16_19-05-32/11-openroad-checkmacroinstances'…
No macros found, skipping instance check…
Running 'OpenROAD.STAPrePNR' at 'runs/RUN_2026-01-16_19-05-32/12-openroad-staprepnr'…
Starting STA for the nom_tt_025C_1v80 timing corner…
Starting STA for the nom_ss_100C_1v60 timing corner…
Starting STA for the nom_ff_n40C_1v95 timing corner…
Skipping corner min_tt_025C_1v80 for STA (identical to nom_tt_025C_1v80 at this stage)…
Skipping corner min_ss_100C_1v60 for STA (identical to nom_ss_100C_1v60 at this stage)…
Skipping corner min_ff_n40C_1v95 for STA (identical to nom_ff_n40C_1v95 at this stage)…
Skipping corner max_tt_025C_1v80 for STA (identical to nom_tt_025C_1v80 at this stage)…
Skipping corner max_ss_100C_1v60 for STA (identical to nom_ss_100C_1v60 at this stage)…
Logging subprocess to [repr.filename]'runs/RUN_2026-01-16_19-05-32/12-openroad-staprepnr/nom_tt_025C_1v80/sta.log'[/repr.filename]…
Skipping corner max_ff_n40C_1v95 for STA (identical to nom_ff_n40C_1v95 at this stage)…
Logging subprocess to [repr.filename]'runs/RUN_2026-01-16_19-05-32/12-openroad-staprepnr/nom_ss_100C_1v60/sta.log'[/repr.filename]…
Logging subprocess to [repr.filename]'runs/RUN_2026-01-16_19-05-32/12-openroad-staprepnr/nom_ff_n40C_1v95/sta.log'[/repr.filename]…
Finished STA for the nom_tt_025C_1v80 timing corner.
Finished STA for the nom_ff_n40C_1v95 timing corner.
Finished STA for the nom_ss_100C_1v60 timing corner.
Running 'OpenROAD.Floorplan' at 'runs/RUN_2026-01-16_19-05-32/13-openroad-floorplan'…
Logging subprocess to [repr.filename]'runs/RUN_2026-01-16_19-05-32/13-openroad-floorplan/openroad-floorplan.log'[/repr.filename]…
[STA-0366] port 'clk' not found.
[STA-0366] port 'clk' not found.
[STA-0419] transition time can not be specified for virtual clocks.
[STA-0450] virtual clock clk can not be propagated.
Running 'Odb.CheckMacroAntennaProperties' at 'runs/RUN_2026-01-16_19-05-32/14-odb-checkmacroantennaproperties'…
No cells provided, skipping…
Running 'Odb.SetPowerConnections' at 'runs/RUN_2026-01-16_19-05-32/15-odb-setpowerconnections'…
Logging subprocess to [repr.filename]'runs/RUN_2026-01-16_19-05-32/15-odb-setpowerconnections/odb-setpowerconnections.log'[/repr.filename]…
Running 'Odb.ManualMacroPlacement' at 'runs/RUN_2026-01-16_19-05-32/16-odb-manualmacroplacement'…
No instances found, skipping 'Odb.ManualMacroPlacement'…
Running 'OpenROAD.CutRows' at 'runs/RUN_2026-01-16_19-05-32/17-openroad-cutrows'…
Logging subprocess to [repr.filename]'runs/RUN_2026-01-16_19-05-32/17-openroad-cutrows/openroad-cutrows.log'[/repr.filename]…
[STA-0366] port 'clk' not found.
[STA-0366] port 'clk' not found.
[STA-0419] transition time can not be specified for virtual clocks.
[STA-0450] virtual clock clk can not be propagated.
Running 'OpenROAD.TapEndcapInsertion' at 'runs/RUN_2026-01-16_19-05-32/18-openroad-tapendcapinsertion'…
Logging subprocess to [repr.filename]'runs/RUN_2026-01-16_19-05-32/18-openroad-tapendcapinsertion/openroad-tapendcapinsertion.log'[/repr.filename]…
[STA-0366] port 'clk' not found.
[STA-0366] port 'clk' not found.
[STA-0419] transition time can not be specified for virtual clocks.
[STA-0450] virtual clock clk can not be propagated.
Running 'Odb.AddPDNObstructions' at 'runs/RUN_2026-01-16_19-05-32/19-odb-addpdnobstructions'…
'PDN_OBSTRUCTIONS' is not defined. Skipping 'Odb.AddPDNObstructions'…
Running 'OpenROAD.GeneratePDN' at 'runs/RUN_2026-01-16_19-05-32/20-openroad-generatepdn'…
'FP_PDN_CFG' not explicitly set, setting it to /nix/store/4pyixb03xfwwy77zxxplrggxrmm9f57y-python3-3.11.9-env/lib/python3.11/site-packages/openlane/scripts/openroad/common/pdn_cfg.tcl…
Logging subprocess to [repr.filename]'runs/RUN_2026-01-16_19-05-32/20-openroad-generatepdn/openroad-generatepdn.log'[/repr.filename]…
[STA-0366] port 'clk' not found.
[STA-0366] port 'clk' not found.
[STA-0419] transition time can not be specified for virtual clocks.
[STA-0450] virtual clock clk can not be propagated.
Running 'Odb.RemovePDNObstructions' at 'runs/RUN_2026-01-16_19-05-32/21-odb-removepdnobstructions'…
'PDN_OBSTRUCTIONS' is not defined. Skipping 'Odb.RemovePDNObstructions'…
Running 'Odb.AddRoutingObstructions' at 'runs/RUN_2026-01-16_19-05-32/22-odb-addroutingobstructions'…
'ROUTING_OBSTRUCTIONS' is not defined. Skipping 'Odb.AddRoutingObstructions'…
Running 'OpenROAD.GlobalPlacementSkipIO' at 'runs/RUN_2026-01-16_19-05-32/23-openroad-globalplacementskipio'…
Logging subprocess to [repr.filename]'runs/RUN_2026-01-16_19-05-32/23-openroad-globalplacementskipio/openroad-globalplacementskipio.log'[/repr.filename]…
[STA-0366] port 'clk' not found.
[STA-0366] port 'clk' not found.
[STA-0419] transition time can not be specified for virtual clocks.
[STA-0450] virtual clock clk can not be propagated.
Running 'OpenROAD.IOPlacement' at 'runs/RUN_2026-01-16_19-05-32/24-openroad-ioplacement'…
FP_PIN_ORDER_CFG is set. Skipping 'OpenROAD.IOPlacement'…
Running 'Odb.CustomIOPlacement' at 'runs/RUN_2026-01-16_19-05-32/25-odb-customioplacement'…
Logging subprocess to [repr.filename]'runs/RUN_2026-01-16_19-05-32/25-odb-customioplacement/odb-customioplacement.log'[/repr.filename]…
Running 'Odb.ApplyDEFTemplate' at 'runs/RUN_2026-01-16_19-05-32/26-odb-applydeftemplate'…
No DEF template provided, skipping…
Running 'OpenROAD.GlobalPlacement' at 'runs/RUN_2026-01-16_19-05-32/27-openroad-globalplacement'…
Logging subprocess to [repr.filename]'runs/RUN_2026-01-16_19-05-32/27-openroad-globalplacement/openroad-globalplacement.log'[/repr.filename]…
[STA-0366] port 'clk' not found.
[STA-0366] port 'clk' not found.
[STA-0419] transition time can not be specified for virtual clocks.
[STA-0450] virtual clock clk can not be propagated.
Running 'Odb.WriteVerilogHeader' at 'runs/RUN_2026-01-16_19-05-32/28-odb-writeverilogheader'…
Logging subprocess to [repr.filename]'runs/RUN_2026-01-16_19-05-32/28-odb-writeverilogheader/odb-writeverilogheader.log'[/repr.filename]…
Running 'Checker.PowerGridViolations' at 'runs/RUN_2026-01-16_19-05-32/29-checker-powergridviolations'…
Check for power grid violations (as reported by OpenROAD PSM- you may ignore these if LVS passes) clear.
Running 'OpenROAD.STAMidPNR' at 'runs/RUN_2026-01-16_19-05-32/30-openroad-stamidpnr'…
Logging subprocess to [repr.filename]'runs/RUN_2026-01-16_19-05-32/30-openroad-stamidpnr/openroad-stamidpnr.log'[/repr.filename]…
[STA-0366] port 'clk' not found.
[STA-0366] port 'clk' not found.
[STA-0419] transition time can not be specified for virtual clocks.
[STA-0450] virtual clock clk can not be propagated.
[GRT-0097] No global routing found for nets.
Running 'OpenROAD.RepairDesignPostGPL' at 'runs/RUN_2026-01-16_19-05-32/31-openroad-repairdesignpostgpl'…
Logging subprocess to [repr.filename]'runs/RUN_2026-01-16_19-05-32/31-openroad-repairdesignpostgpl/openroad-repairdesignpostgpl.log'[/repr.filename]…
[STA-0366] port 'clk' not found.
[STA-0366] port 'clk' not found.
[STA-0419] transition time can not be specified for virtual clocks.
[STA-0450] virtual clock clk can not be propagated.
Running 'Odb.ManualGlobalPlacement' at 'runs/RUN_2026-01-16_19-05-32/32-odb-manualglobalplacement'…
'MANUAL_GLOBAL_PLACEMENTS' not set, skipping…
Running 'OpenROAD.DetailedPlacement' at 'runs/RUN_2026-01-16_19-05-32/33-openroad-detailedplacement'…
Logging subprocess to [repr.filename]'runs/RUN_2026-01-16_19-05-32/33-openroad-detailedplacement/openroad-detailedplacement.log'[/repr.filename]…
[STA-0366] port 'clk' not found.
[STA-0366] port 'clk' not found.
[STA-0419] transition time can not be specified for virtual clocks.
[STA-0450] virtual clock clk can not be propagated.
Running 'OpenROAD.CTS' at 'runs/RUN_2026-01-16_19-05-32/34-openroad-cts'…
Logging subprocess to [repr.filename]'runs/RUN_2026-01-16_19-05-32/34-openroad-cts/openroad-cts.log'[/repr.filename]…
[STA-0366] port 'clk' not found.
[STA-0366] port 'clk' not found.
[STA-0419] transition time can not be specified for virtual clocks.
[STA-0450] virtual clock clk can not be propagated.
[CTS-0083] No clock nets have been found.
[CTS-0082] No valid clock nets in the design.
[STA-0450] virtual clock clk can not be propagated.
Running 'OpenROAD.STAMidPNR-1' at 'runs/RUN_2026-01-16_19-05-32/35-openroad-stamidpnr-1'…
Logging subprocess to [repr.filename]'runs/RUN_2026-01-16_19-05-32/35-openroad-stamidpnr-1/openroad-stamidpnr-1.log'[/repr.filename]…
[STA-0366] port 'clk' not found.
[STA-0366] port 'clk' not found.
[STA-0419] transition time can not be specified for virtual clocks.
[STA-0450] virtual clock clk can not be propagated.
[GRT-0097] No global routing found for nets.
Running 'OpenROAD.ResizerTimingPostCTS' at 'runs/RUN_2026-01-16_19-05-32/36-openroad-resizertimingpostcts'…
Logging subprocess to [repr.filename]'runs/RUN_2026-01-16_19-05-32/36-openroad-resizertimingpostcts/openroad-resizertimingpostcts.log'[/repr.filename]…
[STA-0366] port 'clk' not found.
[STA-0366] port 'clk' not found.
[STA-0419] transition time can not be specified for virtual clocks.
[STA-0450] virtual clock clk can not be propagated.
[STA-0450] virtual clock clk can not be propagated.
Running 'OpenROAD.STAMidPNR-2' at 'runs/RUN_2026-01-16_19-05-32/37-openroad-stamidpnr-2'…
Logging subprocess to [repr.filename]'runs/RUN_2026-01-16_19-05-32/37-openroad-stamidpnr-2/openroad-stamidpnr-2.log'[/repr.filename]…
[STA-0366] port 'clk' not found.
[STA-0366] port 'clk' not found.
[STA-0419] transition time can not be specified for virtual clocks.
[STA-0450] virtual clock clk can not be propagated.
[GRT-0097] No global routing found for nets.
Running 'OpenROAD.GlobalRouting' at 'runs/RUN_2026-01-16_19-05-32/38-openroad-globalrouting'…
Logging subprocess to [repr.filename]'runs/RUN_2026-01-16_19-05-32/38-openroad-globalrouting/openroad-globalrouting.log'[/repr.filename]…
[STA-0366] port 'clk' not found.
[STA-0366] port 'clk' not found.
[STA-0419] transition time can not be specified for virtual clocks.
[STA-0450] virtual clock clk can not be propagated.
[STA-0450] virtual clock clk can not be propagated.
[GRT-0036] Pin day[0] is outside die area.
[GRT-0036] Pin day[1] is outside die area.
[GRT-0036] Pin day[2] is outside die area.
[GRT-0036] Pin day[3] is outside die area.
[GRT-0036] Pin day[4] is outside die area.
[GRT-0036] Pin hour[0] is outside die area.
[GRT-0036] Pin hour[1] is outside die area.
[GRT-0036] Pin hour[2] is outside die area.
[GRT-0036] Pin hour[3] is outside die area.
[GRT-0036] Pin hour[4] is outside die area.
[GRT-0036] Pin led_day[0] is outside die area.
[GRT-0036] Pin led_day[10] is outside die area.
[GRT-0036] Pin led_day[11] is outside die area.
[GRT-0036] Pin led_day[12] is outside die area.
[GRT-0036] Pin led_day[13] is outside die area.
[GRT-0036] Pin led_day[1] is outside die area.
[GRT-0036] Pin led_day[2] is outside die area.
[GRT-0036] Pin led_day[3] is outside die area.
[GRT-0036] Pin led_day[4] is outside die area.
[GRT-0036] Pin led_day[5] is outside die area.
[GRT-0036] Pin led_day[6] is outside die area.
[GRT-0036] Pin led_day[7] is outside die area.
[GRT-0036] Pin led_hour[8] is outside die area.
[GRT-0036] Pin led_day[9] is outside die area.
[GRT-0036] Pin led_hour[0] is outside die area.
[GRT-0036] Pin led_hour[10] is outside die area.
[GRT-0036] Pin led_hour[11] is outside die area.
[GRT-0036] Pin led_hour[12] is outside die area.
[GRT-0036] Pin led_hour[13] is outside die area.
[GRT-0036] Pin led_hour[1] is outside die area.
[GRT-0036] Pin led_hour[2] is outside die area.
[GRT-0036] Pin led_hour[3] is outside die area.
[GRT-0036] Pin led_hour[4] is outside die area.
[GRT-0036] Pin led_hour[5] is outside die area.
[GRT-0036] Pin led_hour[6] is outside die area.
[GRT-0036] Pin led_hour[7] is outside die area.
[GRT-0036] Pin led_month[13] is outside die area.
[GRT-0036] Pin led_hour[9] is outside die area.
[GRT-0036] Pin led_min[0] is outside die area.
[GRT-0036] Pin led_min[10] is outside die area.
[GRT-0036] Pin led_min[11] is outside die area.
[GRT-0036] Pin led_min[12] is outside die area.
[GRT-0036] Pin led_min[13] is outside die area.
[GRT-0036] Pin led_min[1] is outside die area.
[GRT-0036] Pin led_min[2] is outside die area.
[GRT-0036] Pin led_min[3] is outside die area.
[GRT-0036] Pin led_min[4] is outside die area.
[GRT-0036] Pin led_min[5] is outside die area.
[GRT-0036] Pin led_min[6] is outside die area.
[GRT-0036] Pin led_min[7] is outside die area.
[GRT-0036] Pin led_min[8] is outside die area.
[GRT-0036] Pin led_min[9] is outside die area.
[GRT-0036] Pin led_month[0] is outside die area.
[GRT-0036] Pin led_month[10] is outside die area.
[GRT-0036] Pin led_month[11] is outside die area.
[GRT-0036] Pin led_month[12] is outside die area.
[GRT-0036] Pin led_month[1] is outside die area.
[GRT-0036] Pin led_month[2] is outside die area.
[GRT-0036] Pin led_month[3] is outside die area.
[GRT-0036] Pin led_month[4] is outside die area.
[GRT-0036] Pin led_month[5] is outside die area.
[GRT-0036] Pin led_month[6] is outside die area.
[GRT-0036] Pin led_month[7] is outside die area.
[GRT-0036] Pin led_month[9] is outside die area.
[GRT-0036] Pin led_day[8] is outside die area.
[GRT-0036] Pin led_sec[0] is outside die area.
[GRT-0036] Pin led_sec[10] is outside die area.
[GRT-0036] Pin led_sec[11] is outside die area.
[GRT-0036] Pin led_sec[12] is outside die area.
[GRT-0036] Pin led_sec[13] is outside die area.
[GRT-0036] Pin led_sec[1] is outside die area.
[GRT-0036] Pin led_sec[2] is outside die area.
[GRT-0036] Pin led_sec[3] is outside die area.
[GRT-0036] Pin led_sec[4] is outside die area.
[GRT-0036] Pin led_sec[5] is outside die area.
[GRT-0036] Pin led_sec[6] is outside die area.
[GRT-0036] Pin led_sec[7] is outside die area.
[GRT-0036] Pin led_sec[8] is outside die area.
[GRT-0036] Pin led_sec[9] is outside die area.
[GRT-0036] Pin led_year[0] is outside die area.
[GRT-0036] Pin led_year[10] is outside die area.
[GRT-0036] Pin led_year[11] is outside die area.
[GRT-0036] Pin led_year[12] is outside die area.
[GRT-0036] Pin led_year[13] is outside die area.
[GRT-0036] Pin led_year[1] is outside die area.
[GRT-0036] Pin led_year[2] is outside die area.
[GRT-0036] Pin led_year[3] is outside die area.
[GRT-0036] Pin led_year[4] is outside die area.
[GRT-0036] Pin led_year[5] is outside die area.
[GRT-0036] Pin led_year[6] is outside die area.
[GRT-0036] Pin led_year[7] is outside die area.
[GRT-0036] Pin led_year[8] is outside die area.
[GRT-0036] Pin led_year[9] is outside die area.
[GRT-0036] Pin minute[0] is outside die area.
[GRT-0036] Pin minute[1] is outside die area.
[GRT-0036] Pin minute[2] is outside die area.
[GRT-0036] Pin minute[3] is outside die area.
[GRT-0036] Pin minute[4] is outside die area.
[GRT-0036] Pin minute[5] is outside die area.
[GRT-0036] Pin month[0] is outside die area.
[GRT-0036] Pin month[1] is outside die area.
[GRT-0036] Pin month[2] is outside die area.
[GRT-0036] Pin month[3] is outside die area.
[GRT-0036] Pin second[0] is outside die area.
[GRT-0036] Pin second[1] is outside die area.
[GRT-0036] Pin second[2] is outside die area.
[GRT-0036] Pin second[3] is outside die area.
[GRT-0036] Pin second[4] is outside die area.
[GRT-0036] Pin second[5] is outside die area.
[GRT-0036] Pin year[0] is outside die area.
[GRT-0036] Pin year[1] is outside die area.
[GRT-0036] Pin year[2] is outside die area.
[GRT-0036] Pin year[3] is outside die area.
[GRT-0036] Pin year[4] is outside die area.
[GRT-0036] Pin year[5] is outside die area.
[GRT-0036] Pin year[6] is outside die area.
[GRT-0036] Pin led_month[8] is outside die area.
[GRT-0041] Net VPWR has wires/vias outside die area.
[GRT-0041] Net VPWR has wires/vias outside die area.
[GRT-0041] Net VPWR has wires/vias outside die area.
[GRT-0041] Net VPWR has wires/vias outside die area.
[GRT-0041] Net VPWR has wires/vias outside die area.
[GRT-0041] Net VPWR has wires/vias outside die area.
[GRT-0041] Net VPWR has wires/vias outside die area.
[GRT-0041] Net VPWR has wires/vias outside die area.
[GRT-0041] Net VPWR has wires/vias outside die area.
[GRT-0041] Net VPWR has wires/vias outside die area.
[GRT-0041] Net VPWR has wires/vias outside die area.
[GRT-0041] Net VPWR has wires/vias outside die area.
[GRT-0041] Net VPWR has wires/vias outside die area.
[GRT-0041] Net VPWR has wires/vias outside die area.
[GRT-0041] Net VPWR has wires/vias outside die area.
[GRT-0041] Net VPWR has wires/vias outside die area.
[GRT-0041] Net VPWR has wires/vias outside die area.
[GRT-0041] Net VPWR has wires/vias outside die area.
[GRT-0041] Net VGND has wires/vias outside die area.
[GRT-0041] Net VGND has wires/vias outside die area.
[GRT-0041] Net VGND has wires/vias outside die area.
[GRT-0041] Net VGND has wires/vias outside die area.
[GRT-0041] Net VGND has wires/vias outside die area.
[GRT-0041] Net VGND has wires/vias outside die area.
[GRT-0041] Net VGND has wires/vias outside die area.
[GRT-0041] Net VGND has wires/vias outside die area.
[GRT-0041] Net VGND has wires/vias outside die area.
[GRT-0041] Net VGND has wires/vias outside die area.
[GRT-0041] Net VGND has wires/vias outside die area.
[GRT-0041] Net VGND has wires/vias outside die area.
[GRT-0041] Net VGND has wires/vias outside die area.
[GRT-0041] Net VGND has wires/vias outside die area.
[GRT-0041] Net VGND has wires/vias outside die area.
[GRT-0041] Net VGND has wires/vias outside die area.
[GRT-0041] Net VGND has wires/vias outside die area.
[GRT-0041] Net VGND has wires/vias outside die area.
[GRT-0041] Net VGND has wires/vias outside die area.
Running 'OpenROAD.CheckAntennas' at 'runs/RUN_2026-01-16_19-05-32/39-openroad-checkantennas'…
Logging subprocess to [repr.filename]'runs/RUN_2026-01-16_19-05-32/39-openroad-checkantennas/openroad-checkantennas.log'[/repr.filename]…
[STA-0366] port 'clk' not found.
[STA-0366] port 'clk' not found.
[STA-0419] transition time can not be specified for virtual clocks.
[STA-0450] virtual clock clk can not be propagated.
Gating variable for step 'OpenROAD.RepairDesignPostGRT' set to 'False'- the step will be skipped.
Skipping step 'Repair Design (Post-Global Routing)'…
Running 'Odb.DiodesOnPorts' at 'runs/RUN_2026-01-16_19-05-32/40-odb-diodesonports'…
'DIODE_ON_PORTS' is set to 'none': skipping…
Gating variable for step 'Odb.HeuristicDiodeInsertion' set to 'False'- the step will be skipped.
Skipping step 'Heuristic Diode Insertion'…
Running 'OpenROAD.RepairAntennas' at 'runs/RUN_2026-01-16_19-05-32/41-openroad-repairantennas'…
Running 'DiodeInsertion' at 'runs/RUN_2026-01-16_19-05-32/41-openroad-repairantennas/1-diodeinsertion'…
Logging subprocess to [repr.filename]'runs/RUN_2026-01-16_19-05-32/41-openroad-repairantennas/1-diodeinsertion/diodeinsertion.log'[/repr.filename]…
[STA-0366] port 'clk' not found.
[STA-0366] port 'clk' not found.
[STA-0419] transition time can not be specified for virtual clocks.
[STA-0450] virtual clock clk can not be propagated.
[STA-0450] virtual clock clk can not be propagated.
[GRT-0036] Pin day[0] is outside die area.
[GRT-0036] Pin day[1] is outside die area.
[GRT-0036] Pin day[2] is outside die area.
[GRT-0036] Pin day[3] is outside die area.
[GRT-0036] Pin day[4] is outside die area.
[GRT-0036] Pin hour[0] is outside die area.
[GRT-0036] Pin hour[1] is outside die area.
[GRT-0036] Pin hour[2] is outside die area.
[GRT-0036] Pin hour[3] is outside die area.
[GRT-0036] Pin hour[4] is outside die area.
[GRT-0036] Pin led_day[0] is outside die area.
[GRT-0036] Pin led_day[10] is outside die area.
[GRT-0036] Pin led_day[11] is outside die area.
[GRT-0036] Pin led_day[12] is outside die area.
[GRT-0036] Pin led_day[13] is outside die area.
[GRT-0036] Pin led_day[1] is outside die area.
[GRT-0036] Pin led_day[2] is outside die area.
[GRT-0036] Pin led_day[3] is outside die area.
[GRT-0036] Pin led_day[4] is outside die area.
[GRT-0036] Pin led_day[5] is outside die area.
[GRT-0036] Pin led_day[6] is outside die area.
[GRT-0036] Pin led_day[7] is outside die area.
[GRT-0036] Pin led_hour[8] is outside die area.
[GRT-0036] Pin led_day[9] is outside die area.
[GRT-0036] Pin led_hour[0] is outside die area.
[GRT-0036] Pin led_hour[10] is outside die area.
[GRT-0036] Pin led_hour[11] is outside die area.
[GRT-0036] Pin led_hour[12] is outside die area.
[GRT-0036] Pin led_hour[13] is outside die area.
[GRT-0036] Pin led_hour[1] is outside die area.
[GRT-0036] Pin led_hour[2] is outside die area.
[GRT-0036] Pin led_hour[3] is outside die area.
[GRT-0036] Pin led_hour[4] is outside die area.
[GRT-0036] Pin led_hour[5] is outside die area.
[GRT-0036] Pin led_hour[6] is outside die area.
[GRT-0036] Pin led_hour[7] is outside die area.
[GRT-0036] Pin led_month[13] is outside die area.
[GRT-0036] Pin led_hour[9] is outside die area.
[GRT-0036] Pin led_min[0] is outside die area.
[GRT-0036] Pin led_min[10] is outside die area.
[GRT-0036] Pin led_min[11] is outside die area.
[GRT-0036] Pin led_min[12] is outside die area.
[GRT-0036] Pin led_min[13] is outside die area.
[GRT-0036] Pin led_min[1] is outside die area.
[GRT-0036] Pin led_min[2] is outside die area.
[GRT-0036] Pin led_min[3] is outside die area.
[GRT-0036] Pin led_min[4] is outside die area.
[GRT-0036] Pin led_min[5] is outside die area.
[GRT-0036] Pin led_min[6] is outside die area.
[GRT-0036] Pin led_min[7] is outside die area.
[GRT-0036] Pin led_min[8] is outside die area.
[GRT-0036] Pin led_min[9] is outside die area.
[GRT-0036] Pin led_month[0] is outside die area.
[GRT-0036] Pin led_month[10] is outside die area.
[GRT-0036] Pin led_month[11] is outside die area.
[GRT-0036] Pin led_month[12] is outside die area.
[GRT-0036] Pin led_month[1] is outside die area.
[GRT-0036] Pin led_month[2] is outside die area.
[GRT-0036] Pin led_month[3] is outside die area.
[GRT-0036] Pin led_month[4] is outside die area.
[GRT-0036] Pin led_month[5] is outside die area.
[GRT-0036] Pin led_month[6] is outside die area.
[GRT-0036] Pin led_month[7] is outside die area.
[GRT-0036] Pin led_month[9] is outside die area.
[GRT-0036] Pin led_day[8] is outside die area.
[GRT-0036] Pin led_sec[0] is outside die area.
[GRT-0036] Pin led_sec[10] is outside die area.
[GRT-0036] Pin led_sec[11] is outside die area.
[GRT-0036] Pin led_sec[12] is outside die area.
[GRT-0036] Pin led_sec[13] is outside die area.
[GRT-0036] Pin led_sec[1] is outside die area.
[GRT-0036] Pin led_sec[2] is outside die area.
[GRT-0036] Pin led_sec[3] is outside die area.
[GRT-0036] Pin led_sec[4] is outside die area.
[GRT-0036] Pin led_sec[5] is outside die area.
[GRT-0036] Pin led_sec[6] is outside die area.
[GRT-0036] Pin led_sec[7] is outside die area.
[GRT-0036] Pin led_sec[8] is outside die area.
[GRT-0036] Pin led_sec[9] is outside die area.
[GRT-0036] Pin led_year[0] is outside die area.
[GRT-0036] Pin led_year[10] is outside die area.
[GRT-0036] Pin led_year[11] is outside die area.
[GRT-0036] Pin led_year[12] is outside die area.
[GRT-0036] Pin led_year[13] is outside die area.
[GRT-0036] Pin led_year[1] is outside die area.
[GRT-0036] Pin led_year[2] is outside die area.
[GRT-0036] Pin led_year[3] is outside die area.
[GRT-0036] Pin led_year[4] is outside die area.
[GRT-0036] Pin led_year[5] is outside die area.
[GRT-0036] Pin led_year[6] is outside die area.
[GRT-0036] Pin led_year[7] is outside die area.
[GRT-0036] Pin led_year[8] is outside die area.
[GRT-0036] Pin led_year[9] is outside die area.
[GRT-0036] Pin minute[0] is outside die area.
[GRT-0036] Pin minute[1] is outside die area.
[GRT-0036] Pin minute[2] is outside die area.
[GRT-0036] Pin minute[3] is outside die area.
[GRT-0036] Pin minute[4] is outside die area.
[GRT-0036] Pin minute[5] is outside die area.
[GRT-0036] Pin month[0] is outside die area.
[GRT-0036] Pin month[1] is outside die area.
[GRT-0036] Pin month[2] is outside die area.
[GRT-0036] Pin month[3] is outside die area.
[GRT-0036] Pin second[0] is outside die area.
[GRT-0036] Pin second[1] is outside die area.
[GRT-0036] Pin second[2] is outside die area.
[GRT-0036] Pin second[3] is outside die area.
[GRT-0036] Pin second[4] is outside die area.
[GRT-0036] Pin second[5] is outside die area.
[GRT-0036] Pin year[0] is outside die area.
[GRT-0036] Pin year[1] is outside die area.
[GRT-0036] Pin year[2] is outside die area.
[GRT-0036] Pin year[3] is outside die area.
[GRT-0036] Pin year[4] is outside die area.
[GRT-0036] Pin year[5] is outside die area.
[GRT-0036] Pin year[6] is outside die area.
[GRT-0036] Pin led_month[8] is outside die area.
[GRT-0041] Net VPWR has wires/vias outside die area.
[GRT-0041] Net VPWR has wires/vias outside die area.
[GRT-0041] Net VPWR has wires/vias outside die area.
[GRT-0041] Net VPWR has wires/vias outside die area.
[GRT-0041] Net VPWR has wires/vias outside die area.
[GRT-0041] Net VPWR has wires/vias outside die area.
[GRT-0041] Net VPWR has wires/vias outside die area.
[GRT-0041] Net VPWR has wires/vias outside die area.
[GRT-0041] Net VPWR has wires/vias outside die area.
[GRT-0041] Net VPWR has wires/vias outside die area.
[GRT-0041] Net VPWR has wires/vias outside die area.
[GRT-0041] Net VPWR has wires/vias outside die area.
[GRT-0041] Net VPWR has wires/vias outside die area.
[GRT-0041] Net VPWR has wires/vias outside die area.
[GRT-0041] Net VPWR has wires/vias outside die area.
[GRT-0041] Net VPWR has wires/vias outside die area.
[GRT-0041] Net VPWR has wires/vias outside die area.
[GRT-0041] Net VPWR has wires/vias outside die area.
[GRT-0041] Net VGND has wires/vias outside die area.
[GRT-0041] Net VGND has wires/vias outside die area.
[GRT-0041] Net VGND has wires/vias outside die area.
[GRT-0041] Net VGND has wires/vias outside die area.
[GRT-0041] Net VGND has wires/vias outside die area.
[GRT-0041] Net VGND has wires/vias outside die area.
[GRT-0041] Net VGND has wires/vias outside die area.
[GRT-0041] Net VGND has wires/vias outside die area.
[GRT-0041] Net VGND has wires/vias outside die area.
[GRT-0041] Net VGND has wires/vias outside die area.
[GRT-0041] Net VGND has wires/vias outside die area.
[GRT-0041] Net VGND has wires/vias outside die area.
[GRT-0041] Net VGND has wires/vias outside die area.
[GRT-0041] Net VGND has wires/vias outside die area.
[GRT-0041] Net VGND has wires/vias outside die area.
[GRT-0041] Net VGND has wires/vias outside die area.
[GRT-0041] Net VGND has wires/vias outside die area.
[GRT-0041] Net VGND has wires/vias outside die area.
[GRT-0041] Net VGND has wires/vias outside die area.
[GRT-0036] Pin day[0] is outside die area.
[GRT-0036] Pin day[1] is outside die area.
[GRT-0036] Pin day[2] is outside die area.
[GRT-0036] Pin day[3] is outside die area.
[GRT-0036] Pin day[4] is outside die area.
[GRT-0036] Pin hour[0] is outside die area.
[GRT-0036] Pin hour[1] is outside die area.
[GRT-0036] Pin hour[2] is outside die area.
[GRT-0036] Pin hour[3] is outside die area.
[GRT-0036] Pin hour[4] is outside die area.
[GRT-0036] Pin led_day[0] is outside die area.
[GRT-0036] Pin led_day[10] is outside die area.
[GRT-0036] Pin led_day[11] is outside die area.
[GRT-0036] Pin led_day[12] is outside die area.
[GRT-0036] Pin led_day[13] is outside die area.
[GRT-0036] Pin led_day[1] is outside die area.
[GRT-0036] Pin led_day[2] is outside die area.
[GRT-0036] Pin led_day[3] is outside die area.
[GRT-0036] Pin led_day[4] is outside die area.
[GRT-0036] Pin led_day[5] is outside die area.
[GRT-0036] Pin led_day[6] is outside die area.
[GRT-0036] Pin led_day[7] is outside die area.
[GRT-0036] Pin led_hour[8] is outside die area.
[GRT-0036] Pin led_day[9] is outside die area.
[GRT-0036] Pin led_hour[0] is outside die area.
[GRT-0036] Pin led_hour[10] is outside die area.
[GRT-0036] Pin led_hour[11] is outside die area.
[GRT-0036] Pin led_hour[12] is outside die area.
[GRT-0036] Pin led_hour[13] is outside die area.
[GRT-0036] Pin led_hour[1] is outside die area.
[GRT-0036] Pin led_hour[2] is outside die area.
[GRT-0036] Pin led_hour[3] is outside die area.
[GRT-0036] Pin led_hour[4] is outside die area.
[GRT-0036] Pin led_hour[5] is outside die area.
[GRT-0036] Pin led_hour[6] is outside die area.
[GRT-0036] Pin led_hour[7] is outside die area.
[GRT-0036] Pin led_month[13] is outside die area.
[GRT-0036] Pin led_hour[9] is outside die area.
[GRT-0036] Pin led_min[0] is outside die area.
[GRT-0036] Pin led_min[10] is outside die area.
[GRT-0036] Pin led_min[11] is outside die area.
[GRT-0036] Pin led_min[12] is outside die area.
[GRT-0036] Pin led_min[13] is outside die area.
[GRT-0036] Pin led_min[1] is outside die area.
[GRT-0036] Pin led_min[2] is outside die area.
[GRT-0036] Pin led_min[3] is outside die area.
[GRT-0036] Pin led_min[4] is outside die area.
[GRT-0036] Pin led_min[5] is outside die area.
[GRT-0036] Pin led_min[6] is outside die area.
[GRT-0036] Pin led_min[7] is outside die area.
[GRT-0036] Pin led_min[8] is outside die area.
[GRT-0036] Pin led_min[9] is outside die area.
[GRT-0036] Pin led_month[0] is outside die area.
[GRT-0036] Pin led_month[10] is outside die area.
[GRT-0036] Pin led_month[11] is outside die area.
[GRT-0036] Pin led_month[12] is outside die area.
[GRT-0036] Pin led_month[1] is outside die area.
[GRT-0036] Pin led_month[2] is outside die area.
[GRT-0036] Pin led_month[3] is outside die area.
[GRT-0036] Pin led_month[4] is outside die area.
[GRT-0036] Pin led_month[5] is outside die area.
[GRT-0036] Pin led_month[6] is outside die area.
[GRT-0036] Pin led_month[7] is outside die area.
[GRT-0036] Pin led_month[9] is outside die area.
[GRT-0036] Pin led_day[8] is outside die area.
[GRT-0036] Pin led_sec[0] is outside die area.
[GRT-0036] Pin led_sec[10] is outside die area.
[GRT-0036] Pin led_sec[11] is outside die area.
[GRT-0036] Pin led_sec[12] is outside die area.
[GRT-0036] Pin led_sec[13] is outside die area.
[GRT-0036] Pin led_sec[1] is outside die area.
[GRT-0036] Pin led_sec[2] is outside die area.
[GRT-0036] Pin led_sec[3] is outside die area.
[GRT-0036] Pin led_sec[4] is outside die area.
[GRT-0036] Pin led_sec[5] is outside die area.
[GRT-0036] Pin led_sec[6] is outside die area.
[GRT-0036] Pin led_sec[7] is outside die area.
[GRT-0036] Pin led_sec[8] is outside die area.
[GRT-0036] Pin led_sec[9] is outside die area.
[GRT-0036] Pin led_year[0] is outside die area.
[GRT-0036] Pin led_year[10] is outside die area.
[GRT-0036] Pin led_year[11] is outside die area.
[GRT-0036] Pin led_year[12] is outside die area.
[GRT-0036] Pin led_year[13] is outside die area.
[GRT-0036] Pin led_year[1] is outside die area.
[GRT-0036] Pin led_year[2] is outside die area.
[GRT-0036] Pin led_year[3] is outside die area.
[GRT-0036] Pin led_year[4] is outside die area.
[GRT-0036] Pin led_year[5] is outside die area.
[GRT-0036] Pin led_year[6] is outside die area.
[GRT-0036] Pin led_year[7] is outside die area.
[GRT-0036] Pin led_year[8] is outside die area.
[GRT-0036] Pin led_year[9] is outside die area.
[GRT-0036] Pin minute[0] is outside die area.
[GRT-0036] Pin minute[1] is outside die area.
[GRT-0036] Pin minute[2] is outside die area.
[GRT-0036] Pin minute[3] is outside die area.
[GRT-0036] Pin minute[4] is outside die area.
[GRT-0036] Pin minute[5] is outside die area.
[GRT-0036] Pin month[0] is outside die area.
[GRT-0036] Pin month[1] is outside die area.
[GRT-0036] Pin month[2] is outside die area.
[GRT-0036] Pin month[3] is outside die area.
[GRT-0036] Pin second[0] is outside die area.
[GRT-0036] Pin second[1] is outside die area.
[GRT-0036] Pin second[2] is outside die area.
[GRT-0036] Pin second[3] is outside die area.
[GRT-0036] Pin second[4] is outside die area.
[GRT-0036] Pin second[5] is outside die area.
[GRT-0036] Pin year[0] is outside die area.
[GRT-0036] Pin year[1] is outside die area.
[GRT-0036] Pin year[2] is outside die area.
[GRT-0036] Pin year[3] is outside die area.
[GRT-0036] Pin year[4] is outside die area.
[GRT-0036] Pin year[5] is outside die area.
[GRT-0036] Pin year[6] is outside die area.
[GRT-0036] Pin led_month[8] is outside die area.
[GRT-0041] Net VPWR has wires/vias outside die area.
[GRT-0041] Net VPWR has wires/vias outside die area.
[GRT-0041] Net VPWR has wires/vias outside die area.
[GRT-0041] Net VPWR has wires/vias outside die area.
[GRT-0041] Net VPWR has wires/vias outside die area.
[GRT-0041] Net VPWR has wires/vias outside die area.
[GRT-0041] Net VPWR has wires/vias outside die area.
[GRT-0041] Net VPWR has wires/vias outside die area.
[GRT-0041] Net VPWR has wires/vias outside die area.
[GRT-0041] Net VPWR has wires/vias outside die area.
[GRT-0041] Net VPWR has wires/vias outside die area.
[GRT-0041] Net VPWR has wires/vias outside die area.
[GRT-0041] Net VPWR has wires/vias outside die area.
[GRT-0041] Net VPWR has wires/vias outside die area.
[GRT-0041] Net VPWR has wires/vias outside die area.
[GRT-0041] Net VPWR has wires/vias outside die area.
[GRT-0041] Net VPWR has wires/vias outside die area.
[GRT-0041] Net VPWR has wires/vias outside die area.
[GRT-0041] Net VGND has wires/vias outside die area.
[GRT-0041] Net VGND has wires/vias outside die area.
[GRT-0041] Net VGND has wires/vias outside die area.
[GRT-0041] Net VGND has wires/vias outside die area.
[GRT-0041] Net VGND has wires/vias outside die area.
[GRT-0041] Net VGND has wires/vias outside die area.
[GRT-0041] Net VGND has wires/vias outside die area.
[GRT-0041] Net VGND has wires/vias outside die area.
[GRT-0041] Net VGND has wires/vias outside die area.
[GRT-0041] Net VGND has wires/vias outside die area.
[GRT-0041] Net VGND has wires/vias outside die area.
[GRT-0041] Net VGND has wires/vias outside die area.
[GRT-0041] Net VGND has wires/vias outside die area.
[GRT-0041] Net VGND has wires/vias outside die area.
[GRT-0041] Net VGND has wires/vias outside die area.
[GRT-0041] Net VGND has wires/vias outside die area.
[GRT-0041] Net VGND has wires/vias outside die area.
[GRT-0041] Net VGND has wires/vias outside die area.
[GRT-0041] Net VGND has wires/vias outside die area.
Running 'OpenROAD.CheckAntennas' at 'runs/RUN_2026-01-16_19-05-32/41-openroad-repairantennas/2-openroad-checkantennas'…
Logging subprocess to [repr.filename]'runs/RUN_2026-01-16_19-05-32/41-openroad-repairantennas/2-openroad-checkantennas/openroad-checkantennas.log'[/repr.filename]…
[STA-0366] port 'clk' not found.
[STA-0366] port 'clk' not found.
[STA-0419] transition time can not be specified for virtual clocks.
[STA-0450] virtual clock clk can not be propagated.
Gating variable for step 'OpenROAD.ResizerTimingPostGRT' set to 'False'- the step will be skipped.
Skipping step 'Resizer Timing Optimizations (Post-Global Routing)'…
Running 'OpenROAD.STAMidPNR-3' at 'runs/RUN_2026-01-16_19-05-32/42-openroad-stamidpnr-3'…
Logging subprocess to [repr.filename]'runs/RUN_2026-01-16_19-05-32/42-openroad-stamidpnr-3/openroad-stamidpnr-3.log'[/repr.filename]…
[STA-0366] port 'clk' not found.
[STA-0366] port 'clk' not found.
[STA-0419] transition time can not be specified for virtual clocks.
[STA-0450] virtual clock clk can not be propagated.
Running 'OpenROAD.DetailedRouting' at 'runs/RUN_2026-01-16_19-05-32/43-openroad-detailedrouting'…
Running TritonRoute with 16 threads…
Logging subprocess to [repr.filename]'runs/RUN_2026-01-16_19-05-32/43-openroad-detailedrouting/openroad-detailedrouting.log'[/repr.filename]…
[STA-0366] port 'clk' not found.
[STA-0366] port 'clk' not found.
[STA-0419] transition time can not be specified for virtual clocks.
[STA-0450] virtual clock clk can not be propagated.
[DRT-0349] LEF58_ENCLOSURE with no CUTCLASS is not supported. Skipping for layer mcon
[DRT-0349] LEF58_ENCLOSURE with no CUTCLASS is not supported. Skipping for layer mcon
[DRT-0349] LEF58_ENCLOSURE with no CUTCLASS is not supported. Skipping for layer via
[DRT-0349] LEF58_ENCLOSURE with no CUTCLASS is not supported. Skipping for layer via
[DRT-0349] LEF58_ENCLOSURE with no CUTCLASS is not supported. Skipping for layer via2
[DRT-0349] LEF58_ENCLOSURE with no CUTCLASS is not supported. Skipping for layer via2
[DRT-0349] LEF58_ENCLOSURE with no CUTCLASS is not supported. Skipping for layer via3
[DRT-0349] LEF58_ENCLOSURE with no CUTCLASS is not supported. Skipping for layer via3
[DRT-0349] LEF58_ENCLOSURE with no CUTCLASS is not supported. Skipping for layer via4
[DRT-0349] LEF58_ENCLOSURE with no CUTCLASS is not supported. Skipping for layer via4
Running 'Odb.RemoveRoutingObstructions' at 'runs/RUN_2026-01-16_19-05-32/44-odb-removeroutingobstructions'…
'ROUTING_OBSTRUCTIONS' is not defined. Skipping 'Odb.RemoveRoutingObstructions'…
Running 'OpenROAD.CheckAntennas-1' at 'runs/RUN_2026-01-16_19-05-32/45-openroad-checkantennas-1'…
Logging subprocess to [repr.filename]'runs/RUN_2026-01-16_19-05-32/45-openroad-checkantennas-1/openroad-checkantennas-1.log'[/repr.filename]…
[STA-0366] port 'clk' not found.
[STA-0366] port 'clk' not found.
[STA-0419] transition time can not be specified for virtual clocks.
[STA-0450] virtual clock clk can not be propagated.
Running 'Checker.TrDRC' at 'runs/RUN_2026-01-16_19-05-32/46-checker-trdrc'…
Check for Routing DRC errors clear.
Running 'Odb.ReportDisconnectedPins' at 'runs/RUN_2026-01-16_19-05-32/47-odb-reportdisconnectedpins'…
Logging subprocess to [repr.filename]'runs/RUN_2026-01-16_19-05-32/47-odb-reportdisconnectedpins/odb-reportdisconnectedpins.log'[/repr.filename]…
Running 'Checker.DisconnectedPins' at 'runs/RUN_2026-01-16_19-05-32/48-checker-disconnectedpins'…
Check for critical disconnected pins clear.
Running 'Odb.ReportWireLength' at 'runs/RUN_2026-01-16_19-05-32/49-odb-reportwirelength'…
Logging subprocess to [repr.filename]'runs/RUN_2026-01-16_19-05-32/49-odb-reportwirelength/odb-reportwirelength.log'[/repr.filename]…
Running 'Checker.WireLength' at 'runs/RUN_2026-01-16_19-05-32/50-checker-wirelength'…
Threshold for Threshold-surpassing long wires is not set. The checker will be skipped.
Running 'OpenROAD.FillInsertion' at 'runs/RUN_2026-01-16_19-05-32/51-openroad-fillinsertion'…
Logging subprocess to [repr.filename]'runs/RUN_2026-01-16_19-05-32/51-openroad-fillinsertion/openroad-fillinsertion.log'[/repr.filename]…
[STA-0366] port 'clk' not found.
[STA-0366] port 'clk' not found.
[STA-0419] transition time can not be specified for virtual clocks.
[STA-0450] virtual clock clk can not be propagated.
Running 'Odb.CellFrequencyTables' at 'runs/RUN_2026-01-16_19-05-32/52-odb-cellfrequencytables'…
Logging subprocess to [repr.filename]'runs/RUN_2026-01-16_19-05-32/52-odb-cellfrequencytables/buffer_list.txt'[/repr.filename]…
Logging subprocess to [repr.filename]'runs/RUN_2026-01-16_19-05-32/52-odb-cellfrequencytables/odb-cellfrequencytables.log'[/repr.filename]…
Running 'OpenROAD.RCX' at 'runs/RUN_2026-01-16_19-05-32/53-openroad-rcx'…
Running RCX for corners matching nom_* (/home/kien/openlane2/MARCO/decode_all/runs/RUN_2026-01-16_19-05-32/53-openroad-rcx/nom/rcx.log)…
Running RCX for corners matching min_* (/home/kien/openlane2/MARCO/decode_all/runs/RUN_2026-01-16_19-05-32/53-openroad-rcx/min/rcx.log)…
Running RCX for corners matching max_* (/home/kien/openlane2/MARCO/decode_all/runs/RUN_2026-01-16_19-05-32/53-openroad-rcx/max/rcx.log)…
Logging subprocess to [repr.filename]'runs/RUN_2026-01-16_19-05-32/53-openroad-rcx/nom/rcx.log'[/repr.filename]…
Logging subprocess to [repr.filename]'runs/RUN_2026-01-16_19-05-32/53-openroad-rcx/min/rcx.log'[/repr.filename]…
Logging subprocess to [repr.filename]'runs/RUN_2026-01-16_19-05-32/53-openroad-rcx/max/rcx.log'[/repr.filename]…
Finished RCX for corners matching nom_*.
Finished RCX for corners matching min_*.
Finished RCX for corners matching max_*.
Running 'OpenROAD.STAPostPNR' at 'runs/RUN_2026-01-16_19-05-32/54-openroad-stapostpnr'…
Starting STA for the nom_tt_025C_1v80 timing corner…
Starting STA for the nom_ss_100C_1v60 timing corner…
Starting STA for the nom_ff_n40C_1v95 timing corner…
Starting STA for the min_tt_025C_1v80 timing corner…
Logging subprocess to [repr.filename]'runs/RUN_2026-01-16_19-05-32/54-openroad-stapostpnr/nom_ss_100C_1v60/sta.log'[/repr.filename]…
Logging subprocess to [repr.filename]'runs/RUN_2026-01-16_19-05-32/54-openroad-stapostpnr/nom_tt_025C_1v80/sta.log'[/repr.filename]…
Starting STA for the min_ss_100C_1v60 timing corner…
Starting STA for the min_ff_n40C_1v95 timing corner…
Starting STA for the max_tt_025C_1v80 timing corner…
Logging subprocess to [repr.filename]'runs/RUN_2026-01-16_19-05-32/54-openroad-stapostpnr/nom_ff_n40C_1v95/sta.log'[/repr.filename]…
Starting STA for the max_ss_100C_1v60 timing corner…
Logging subprocess to [repr.filename]'runs/RUN_2026-01-16_19-05-32/54-openroad-stapostpnr/min_tt_025C_1v80/sta.log'[/repr.filename]…
Starting STA for the max_ff_n40C_1v95 timing corner…
Logging subprocess to [repr.filename]'runs/RUN_2026-01-16_19-05-32/54-openroad-stapostpnr/min_ss_100C_1v60/sta.log'[/repr.filename]…
Logging subprocess to [repr.filename]'runs/RUN_2026-01-16_19-05-32/54-openroad-stapostpnr/min_ff_n40C_1v95/sta.log'[/repr.filename]…
Logging subprocess to [repr.filename]'runs/RUN_2026-01-16_19-05-32/54-openroad-stapostpnr/max_tt_025C_1v80/sta.log'[/repr.filename]…
Logging subprocess to [repr.filename]'runs/RUN_2026-01-16_19-05-32/54-openroad-stapostpnr/max_ss_100C_1v60/sta.log'[/repr.filename]…
Logging subprocess to [repr.filename]'runs/RUN_2026-01-16_19-05-32/54-openroad-stapostpnr/max_ff_n40C_1v95/sta.log'[/repr.filename]…
Finished STA for the nom_ss_100C_1v60 timing corner.
Logging subprocess to [repr.filename]'runs/RUN_2026-01-16_19-05-32/54-openroad-stapostpnr/nom_ss_100C_1v60/filter_unannotated.log'[/repr.filename]…
Finished STA for the nom_tt_025C_1v80 timing corner.
Logging subprocess to [repr.filename]'runs/RUN_2026-01-16_19-05-32/54-openroad-stapostpnr/nom_tt_025C_1v80/filter_unannotated.log'[/repr.filename]…
Finished STA for the min_ss_100C_1v60 timing corner.
Finished STA for the min_ff_n40C_1v95 timing corner.
Finished STA for the min_tt_025C_1v80 timing corner.
Finished STA for the max_tt_025C_1v80 timing corner.
Logging subprocess to [repr.filename]'runs/RUN_2026-01-16_19-05-32/54-openroad-stapostpnr/min_ss_100C_1v60/filter_unannotated.log'[/repr.filename]…
Finished STA for the max_ff_n40C_1v95 timing corner.
Logging subprocess to [repr.filename]'runs/RUN_2026-01-16_19-05-32/54-openroad-stapostpnr/min_ff_n40C_1v95/filter_unannotated.log'[/repr.filename]…
Logging subprocess to [repr.filename]'runs/RUN_2026-01-16_19-05-32/54-openroad-stapostpnr/min_tt_025C_1v80/filter_unannotated.log'[/repr.filename]…
Logging subprocess to [repr.filename]'runs/RUN_2026-01-16_19-05-32/54-openroad-stapostpnr/max_ff_n40C_1v95/filter_unannotated.log'[/repr.filename]…
Logging subprocess to [repr.filename]'runs/RUN_2026-01-16_19-05-32/54-openroad-stapostpnr/max_tt_025C_1v80/filter_unannotated.log'[/repr.filename]…
Finished STA for the nom_ff_n40C_1v95 timing corner.
Finished STA for the max_ss_100C_1v60 timing corner.
Logging subprocess to [repr.filename]'runs/RUN_2026-01-16_19-05-32/54-openroad-stapostpnr/max_ss_100C_1v60/filter_unannotated.log'[/repr.filename]…
Logging subprocess to [repr.filename]'runs/RUN_2026-01-16_19-05-32/54-openroad-stapostpnr/nom_ff_n40C_1v95/filter_unannotated.log'[/repr.filename]…
Running 'OpenROAD.IRDropReport' at 'runs/RUN_2026-01-16_19-05-32/55-openroad-irdropreport'…
'VSRC_LOC_FILES' was not given a value, which may make the results of IR drop analysis inaccurate. If you are not integrating a top-level chip for manufacture, you may ignore this warning, otherwise, see the documentation for 'VSRC_LOC_FILES'.
Logging subprocess to [repr.filename]'runs/RUN_2026-01-16_19-05-32/55-openroad-irdropreport/openroad-irdropreport.log'[/repr.filename]…
[STA-0366] port 'clk' not found.
[STA-0366] port 'clk' not found.
[STA-0419] transition time can not be specified for virtual clocks.
[STA-0450] virtual clock clk can not be propagated.
[INFO PSM-0040] All shapes on net VPWR are connected.
########## IR report #################
Net              : VPWR
Corner           : nom_tt_025C_1v80
Supply voltage   : 1.80e+00 V
Worstcase voltage: 1.80e+00 V
Average voltage  : 1.80e+00 V
Average IR drop  : 1.54e-09 V
Worstcase IR drop: 4.99e-09 V
Percentage drop  : 0.00 %
######################################
[INFO PSM-0040] All shapes on net VGND are connected.
########## IR report #################
Net              : VGND
Corner           : nom_tt_025C_1v80
Supply voltage   : 0.00e+00 V
Worstcase voltage: 4.60e-09 V
Average voltage  : 1.39e-09 V
Average IR drop  : 1.39e-09 V
Worstcase IR drop: 4.60e-09 V
Percentage drop  : 0.00 %
######################################

Running 'Magic.StreamOut' at 'runs/RUN_2026-01-16_19-05-32/56-magic-streamout'…
Logging subprocess to [repr.filename]'runs/RUN_2026-01-16_19-05-32/56-magic-streamout/magic-streamout.log'[/repr.filename]…
Running 'KLayout.StreamOut' at 'runs/RUN_2026-01-16_19-05-32/57-klayout-streamout'…
Logging subprocess to [repr.filename]'runs/RUN_2026-01-16_19-05-32/57-klayout-streamout/klayout-streamout.log'[/repr.filename]…
Running 'Magic.WriteLEF' at 'runs/RUN_2026-01-16_19-05-32/58-magic-writelef'…
Logging subprocess to [repr.filename]'runs/RUN_2026-01-16_19-05-32/58-magic-writelef/magic-writelef.log'[/repr.filename]…
Running 'Odb.CheckDesignAntennaProperties' at 'runs/RUN_2026-01-16_19-05-32/59-odb-checkdesignantennaproperties'…
Logging subprocess to [repr.filename]'runs/RUN_2026-01-16_19-05-32/59-odb-checkdesignantennaproperties/odb-checkdesignantennaproperties.log'[/repr.filename]…
Cell 'decode_all' has (5) output pin(s) without antenna diffusion information. They might not be driven.
Running 'KLayout.XOR' at 'runs/RUN_2026-01-16_19-05-32/60-klayout-xor'…
Running XOR with 16 threads…
Logging subprocess to [repr.filename]'runs/RUN_2026-01-16_19-05-32/60-klayout-xor/klayout-xor.log'[/repr.filename]…
Running 'Checker.XOR' at 'runs/RUN_2026-01-16_19-05-32/61-checker-xor'…
Check for XOR differences clear.
Running 'Magic.DRC' at 'runs/RUN_2026-01-16_19-05-32/62-magic-drc'…
Logging subprocess to [repr.filename]'runs/RUN_2026-01-16_19-05-32/62-magic-drc/magic-drc.log'[/repr.filename]…
Running 'KLayout.DRC' at 'runs/RUN_2026-01-16_19-05-32/63-klayout-drc'…
Running KLayout DRC with 16 threads…
Logging subprocess to [repr.filename]'runs/RUN_2026-01-16_19-05-32/63-klayout-drc/klayout-drc.log'[/repr.filename]…
Logging subprocess to [repr.filename]'runs/RUN_2026-01-16_19-05-32/63-klayout-drc/xml_drc_report_to_json.log'[/repr.filename]…
Running 'Checker.MagicDRC' at 'runs/RUN_2026-01-16_19-05-32/64-checker-magicdrc'…
Check for Magic DRC errors clear.
Running 'Checker.KLayoutDRC' at 'runs/RUN_2026-01-16_19-05-32/65-checker-klayoutdrc'…
Check for KLayout DRC errors clear.
Running 'Magic.SpiceExtraction' at 'runs/RUN_2026-01-16_19-05-32/66-magic-spiceextraction'…
Logging subprocess to [repr.filename]'runs/RUN_2026-01-16_19-05-32/66-magic-spiceextraction/magic-spiceextraction.log'[/repr.filename]…
Running 'Checker.IllegalOverlap' at 'runs/RUN_2026-01-16_19-05-32/67-checker-illegaloverlap'…
Check for Magic Illegal Overlap errors clear.
Running 'Netgen.LVS' at 'runs/RUN_2026-01-16_19-05-32/68-netgen-lvs'…
Logging subprocess to [repr.filename]'runs/RUN_2026-01-16_19-05-32/68-netgen-lvs/netgen-lvs.log'[/repr.filename]…
Running 'Checker.LVS' at 'runs/RUN_2026-01-16_19-05-32/69-checker-lvs'…
Check for LVS errors clear.
Gating variable for step 'Yosys.EQY' set to 'False'- the step will be skipped.
Skipping step 'Equivalence Check'…
Running 'Checker.SetupViolations' at 'runs/RUN_2026-01-16_19-05-32/70-checker-setupviolations'…
No setup violations found
Running 'Checker.HoldViolations' at 'runs/RUN_2026-01-16_19-05-32/71-checker-holdviolations'…
No hold violations found
Running 'Checker.MaxSlewViolations' at 'runs/RUN_2026-01-16_19-05-32/72-checker-maxslewviolations'…
No max slew violations found
Running 'Checker.MaxCapViolations' at 'runs/RUN_2026-01-16_19-05-32/73-checker-maxcapviolations'…
No max cap violations found
Running 'Misc.ReportManufacturability' at 'runs/RUN_2026-01-16_19-05-32/74-misc-reportmanufacturability'…
Saving views to '/home/kien/openlane2/MARCO/decode_all/runs/RUN_2026-01-16_19-05-32/final'…
Flow complete.
