
===========================================================================
report_checks -unconstrained
===========================================================================
======================= nom_ff_n40C_1v95 Corner ===================================

Startpoint: reset_n (input port clocked by clk)
Endpoint: _622_ (recovery check against rising-edge clock clk)
Path Group: asynchronous
Path Type: max

Fanout         Cap        Slew       Delay        Time   Description
---------------------------------------------------------------------------------------------
                      0.150000    0.000000    0.000000   clock clk (rise edge)
                                  0.000000    0.000000   clock network delay (ideal)
                               20000000.000000 20000000.000000 ^ input external delay
    33    0.119251    0.404627    0.000000 20000000.000000 ^ reset_n (in)
                                                         reset_n (net)
                      0.404627    0.000000 20000000.000000 ^ _622_/SET_B (sky130_fd_sc_hd__dfstp_2)
                                           20000000.000000   data arrival time

                      0.150000 100000000.000000 100000000.000000   clock clk (rise edge)
                                  0.000000 100000000.000000   clock network delay (ideal)
                                 -0.250000 100000000.000000   clock uncertainty
                                  0.000000 100000000.000000   clock reconvergence pessimism
                                           100000000.000000 ^ _622_/CLK (sky130_fd_sc_hd__dfstp_2)
                                  0.105781 100000000.000000   library recovery time
                                           100000000.000000   data required time
---------------------------------------------------------------------------------------------
                                           100000000.000000   data required time
                                           -20000000.000000   data arrival time
---------------------------------------------------------------------------------------------
                                           80000000.000000   slack (MET)


Startpoint: dec[0] (input port clocked by clk)
Endpoint: done_dec[0] (output port clocked by clk)
Path Group: clk
Path Type: max

Fanout         Cap        Slew       Delay        Time   Description
---------------------------------------------------------------------------------------------
                      0.150000    0.000000    0.000000   clock clk (rise edge)
                                  0.000000    0.000000   clock network delay (ideal)
                               20000000.000000 20000000.000000 ^ input external delay
     3    0.005084    0.022752    0.000000 20000000.000000 ^ dec[0] (in)
                                                         dec[0] (net)
                      0.022752    0.000000 20000000.000000 ^ _319_/A (sky130_fd_sc_hd__and2_2)
     1    0.001878    0.023236    0.000000 20000000.000000 ^ _319_/X (sky130_fd_sc_hd__and2_2)
                                                         second_inst.done_dec (net)
                      0.023236    0.000000 20000000.000000 ^ _655_/A (sky130_fd_sc_hd__buf_2)
     1    0.033442    0.127458    0.000000 20000000.000000 ^ _655_/X (sky130_fd_sc_hd__buf_2)
                                                         done_dec[0] (net)
                      0.127458    0.000000 20000000.000000 ^ done_dec[0] (out)
                                           20000000.000000   data arrival time

                      0.150000 100000000.000000 100000000.000000   clock clk (rise edge)
                                  0.000000 100000000.000000   clock network delay (ideal)
                                 -0.250000 100000000.000000   clock uncertainty
                                  0.000000 100000000.000000   clock reconvergence pessimism
                               -20000000.000000 80000000.000000   output external delay
                                           80000000.000000   data required time
---------------------------------------------------------------------------------------------
                                           80000000.000000   data required time
                                           -20000000.000000   data arrival time
---------------------------------------------------------------------------------------------
                                           60000000.000000   slack (MET)




===========================================================================
report_checks --slack_max -0.01
============================================================================
======================= nom_ff_n40C_1v95 Corner ===================================

No paths found.


===========================================================================
 report_check_types -max_slew -max_cap -max_fanout -violators
============================================================================
======================= nom_ff_n40C_1v95 Corner ===================================

max fanout

Pin                                   Limit Fanout  Slack
---------------------------------------------------------
reset_n                                  10     33    -23 (VIOLATED)



===========================================================================
report_parasitic_annotation -report_unannotated
============================================================================
Found 389 unannotated drivers.
 clk
 day_num[0]
 day_num[1]
 day_num[2]
 day_num[3]
 day_num[4]
 dec[0]
 dec[1]
 dec[2]
 dec[3]
 dec[4]
 dec[5]
 en[0]
 en[1]
 en[2]
 en[3]
 en[4]
 en[5]
 hour_num[0]
 hour_num[1]
 hour_num[2]
 hour_num[3]
 hour_num[4]
 inc[0]
 inc[1]
 inc[2]
 inc[3]
 inc[4]
 inc[5]
 reset_n
 _306_/Y
 _307_/Y
 _308_/Y
 _309_/Y
 _310_/Y
 _311_/Y
 _312_/Y
 _313_/Y
 _314_/Y
 _315_/Y
 _316_/X
 _317_/X
 _318_/Y
 _319_/X
 _320_/X
 _321_/X
 _322_/X
 _323_/Y
 _324_/X
 _325_/X
 _326_/Y
 _327_/X
 _328_/X
 _329_/X
 _330_/X
 _331_/X
 _332_/X
 _333_/Y
 _334_/X
 _335_/X
 _336_/Y
 _337_/Y
 _338_/Y
 _339_/Y
 _340_/X
 _341_/Y
 _342_/Y
 _343_/Y
 _344_/Y
 _345_/X
 _346_/Y
 _347_/Y
 _348_/Y
 _349_/X
 _350_/Y
 _351_/Y
 _352_/X
 _353_/Y
 _354_/X
 _355_/X
 _356_/Y
 _357_/X
 _358_/X
 _359_/Y
 _360_/Y
 _361_/X
 _362_/X
 _363_/X
 _364_/Y
 _365_/Y
 _366_/X
 _367_/X
 _368_/Y
 _369_/Y
 _370_/X
 _371_/Y
 _372_/Y
 _373_/X
 _374_/X
 _375_/Y
 _376_/X
 _377_/Y
 _378_/Y
 _379_/X
 _380_/Y
 _381_/Y
 _382_/Y
 _383_/X
 _384_/Y
 _385_/X
 _386_/X
 _387_/X
 _388_/Y
 _389_/X
 _390_/Y
 _391_/X
 _392_/X
 _393_/X
 _394_/X
 _395_/X
 _396_/X
 _397_/Y
 _398_/Y
 _399_/X
 _400_/Y
 _401_/X
 _402_/Y
 _403_/X
 _404_/X
 _405_/Y
 _406_/Y
 _407_/X
 _408_/X
 _409_/X
 _410_/X
 _411_/X
 _412_/Y
 _413_/X
 _414_/X
 _415_/Y
 _416_/X
 _417_/X
 _418_/X
 _419_/X
 _420_/X
 _421_/X
 _422_/X
 _423_/X
 _424_/X
 _425_/X
 _426_/X
 _427_/Y
 _428_/X
 _429_/X
 _430_/Y
 _431_/X
 _432_/X
 _433_/X
 _434_/X
 _435_/X
 _436_/X
 _437_/Y
 _438_/X
 _439_/X
 _440_/X
 _441_/X
 _442_/X
 _443_/X
 _444_/Y
 _445_/X
 _446_/X
 _447_/X
 _448_/Y
 _449_/Y
 _450_/X
 _451_/Y
 _452_/Y
 _453_/X
 _454_/Y
 _455_/X
 _456_/Y
 _457_/X
 _458_/X
 _459_/X
 _460_/X
 _461_/X
 _462_/Y
 _463_/X
 _464_/Y
 _465_/Y
 _466_/X
 _467_/X
 _468_/X
 _469_/X
 _470_/X
 _471_/X
 _472_/Y
 _473_/X
 _474_/X
 _475_/Y
 _476_/Y
 _477_/X
 _478_/X
 _479_/X
 _480_/X
 _481_/Y
 _482_/X
 _483_/X
 _484_/Y
 _485_/X
 _486_/X
 _487_/X
 _488_/Y
 _489_/X
 _490_/Y
 _491_/X
 _492_/Y
 _493_/X
 _494_/X
 _495_/Y
 _496_/Y
 _497_/X
 _498_/Y
 _499_/X
 _500_/Y
 _501_/X
 _502_/Y
 _503_/X
 _504_/X
 _505_/X
 _506_/Y
 _507_/Y
 _508_/X
 _509_/X
 _510_/Y
 _511_/X
 _512_/X
 _513_/Y
 _514_/X
 _515_/X
 _516_/Y
 _517_/X
 _518_/X
 _519_/Y
 _520_/X
 _521_/X
 _522_/X
 _523_/Y
 _524_/Y
 _525_/X
 _526_/X
 _527_/Y
 _528_/X
 _529_/Y
 _530_/X
 _531_/Y
 _532_/X
 _533_/X
 _534_/Y
 _535_/X
 _536_/X
 _537_/Y
 _538_/X
 _539_/X
 _540_/X
 _541_/Y
 _542_/X
 _543_/X
 _544_/X
 _545_/Y
 _546_/Y
 _547_/X
 _548_/X
 _549_/X
 _550_/X
 _551_/Y
 _552_/Y
 _553_/X
 _554_/X
 _555_/X
 _556_/Y
 _557_/X
 _558_/Y
 _559_/Y
 _560_/Y
 _561_/X
 _562_/X
 _563_/Y
 _564_/X
 _565_/Y
 _566_/X
 _567_/X
 _568_/X
 _569_/X
 _570_/X
 _571_/Y
 _572_/X
 _573_/Y
 _574_/X
 _575_/X
 _576_/Y
 _577_/X
 _578_/X
 _579_/Y
 _580_/Y
 _581_/X
 _582_/X
 _583_/X
 _584_/Y
 _585_/X
 _586_/X
 _587_/X
 _588_/X
 _589_/X
 _590_/Y
 _591_/Y
 _592_/Y
 _593_/Y
 _594_/X
 _595_/Y
 _596_/Y
 _597_/X
 _598_/X
 _599_/Y
 _600_/X
 _601_/X
 _602_/Y
 _603_/X
 _604_/Y
 _605_/X
 _606_/X
 _607_/Y
 _608_/Y
 _609_/X
 _610_/Y
 _611_/X
 _612_/X
 _613_/Y
 _614_/Y
 _615_/Y
 _616_/X
 _617_/X
 _618_/X
 _619_/X
 _620_/X
 _621_/X
 _622_/Q
 _623_/Q
 _624_/Q
 _625_/Q
 _626_/Q
 _627_/Q
 _628_/Q
 _629_/Q
 _630_/Q
 _631_/Q
 _632_/Q
 _633_/Q
 _634_/Q
 _635_/Q
 _636_/Q
 _637_/Q
 _638_/Q
 _639_/Q
 _640_/Q
 _641_/Q
 _642_/Q
 _643_/Q
 _644_/Q
 _645_/Q
 _646_/Q
 _647_/Q
 _648_/Q
 _649_/Q
 _650_/Q
 _651_/Q
 _652_/Q
 _653_/Q
 _654_/Q
 _655_/X
 _656_/X
 _657_/X
 _658_/X
 _659_/X
 _660_/X
 _661_/X
 _662_/X
 _663_/X
 _664_/X
Found 0 partially unannotated drivers.

===========================================================================
max slew violation count 0
max fanout violation count 1
max cap violation count 0
============================================================================

===========================================================================
check_setup -verbose -unconstrained_endpoints -multiple_clock -no_clock -no_input_delay -loops -generated_clocks
===========================================================================
