Reading OpenROAD database at '/home/kien/openlane2/MARCO/decode_day/runs/RUN_2026-01-15_20-14-16/20-openroad-generatepdn/decode_day.odb'…
Reading library file at '/home/kien/.volare/volare/sky130/versions/0fe599b2afb6708d281543108caf8310912f54af/sky130A/libs.ref/sky130_fd_sc_hd/lib/sky130_fd_sc_hd__tt_025C_1v80.lib'…
Reading design constraints file at '/nix/store/4pyixb03xfwwy77zxxplrggxrmm9f57y-python3-3.11.9-env/lib/python3.11/site-packages/openlane/scripts/base.sdc'…
[WARNING STA-0366] port '__VIRTUAL_CLK__' not found.
[INFO] Using clock __VIRTUAL_CLK__…
[INFO] Setting output delay to: 2
[INFO] Setting input delay to: 2
[WARNING STA-0366] port '__VIRTUAL_CLK__' not found.
[INFO] Setting load to: 0.033442
[INFO] Setting clock uncertainty to: 0.25
[INFO] Setting clock transition to: 0.1499999999999999944488848768742172978818416595458984375
[WARNING STA-0419] transition time can not be specified for virtual clocks.
[INFO] Setting timing derate to: 5%
[WARNING STA-0450] virtual clock __VIRTUAL_CLK__ can not be propagated.
+ global_placement -density 0.85 -skip_io -pad_right 0 -pad_left 0 -init_wirelength_coef 0.25
[INFO GPL-0002] DBU: 1000
[INFO GPL-0003] SiteSize: (  0.460  2.720 ) um
[INFO GPL-0004] CoreBBox: (  5.520 10.880 ) ( 44.160 38.080 ) um
[INFO GPL-0006] NumInstances:                46
[INFO GPL-0007] NumPlaceInstances:           14
[INFO GPL-0008] NumFixedInstances:           32
[INFO GPL-0009] NumDummyInstances:            0
[INFO GPL-0010] NumNets:                     26
[INFO GPL-0011] NumPins:                     34
[INFO GPL-0012] DieBBox:  (  0.000  0.000 ) ( 50.000 50.000 ) um
[INFO GPL-0013] CoreBBox: (  5.520 10.880 ) ( 44.160 38.080 ) um
[INFO GPL-0016] CoreArea:              1051.008 um^2
[INFO GPL-0017] NonPlaceInstsArea:       90.086 um^2
[INFO GPL-0018] PlaceInstsArea:          86.333 um^2
[INFO GPL-0019] Util:                     8.984 %
[INFO GPL-0020] StdInstsArea:            86.333 um^2
[INFO GPL-0021] MacroInstsArea:           0.000 um^2
[INFO GPL-0031] FillerInit:NumGCells:       142
[INFO GPL-0032] FillerInit:NumGNets:         26
[INFO GPL-0033] FillerInit:NumGPins:         34
[INFO GPL-0023] TargetDensity:            0.850
[INFO GPL-0024] AvrgPlaceInstArea:        6.167 um^2
[INFO GPL-0025] IdealBinArea:             7.255 um^2
[INFO GPL-0026] IdealBinCnt:                144
[INFO GPL-0027] TotalBinArea:          1051.008 um^2
[INFO GPL-0028] BinCnt:         8      8
[INFO GPL-0029] BinSize: (  4.830  3.400 )
[INFO GPL-0030] NumBins: 64
[NesterovSolve] Iter:    1 overflow: 0.353 HPWL: 14359
[NesterovSolve] Iter:   10 overflow: 0.352 HPWL: 13420
[NesterovSolve] Iter:   20 overflow: 0.352 HPWL: 13416
[NesterovSolve] Iter:   30 overflow: 0.352 HPWL: 13415
[NesterovSolve] Iter:   40 overflow: 0.352 HPWL: 13418
[NesterovSolve] Iter:   50 overflow: 0.352 HPWL: 13415
[NesterovSolve] Iter:   60 overflow: 0.352 HPWL: 13419
[NesterovSolve] Iter:   70 overflow: 0.352 HPWL: 13412
[NesterovSolve] Iter:   80 overflow: 0.352 HPWL: 13429
[NesterovSolve] Iter:   90 overflow: 0.352 HPWL: 13473
[NesterovSolve] Iter:  100 overflow: 0.352 HPWL: 13543
[NesterovSolve] Iter:  110 overflow: 0.352 HPWL: 13665
[NesterovSolve] Iter:  120 overflow: 0.350 HPWL: 13877
[NesterovSolve] Iter:  130 overflow: 0.347 HPWL: 14135
[NesterovSolve] Iter:  140 overflow: 0.343 HPWL: 14300
[NesterovSolve] Iter:  150 overflow: 0.332 HPWL: 14257
[NesterovSolve] Iter:  160 overflow: 0.314 HPWL: 14063
[NesterovSolve] Iter:  170 overflow: 0.291 HPWL: 14060
[NesterovSolve] Iter:  180 overflow: 0.255 HPWL: 14208
[NesterovSolve] Iter:  190 overflow: 0.199 HPWL: 14260
[NesterovSolve] Iter:  200 overflow: 0.138 HPWL: 14167
[NesterovSolve] Iter:  210 overflow: 0.095 HPWL: 14063
[NesterovSolve] Finished with Overflow: 0.094880
[INFO] Setting RC values…
Setting global connections for newly added cells…
[INFO] Setting global connections...
Updating metrics…
Cell type report:                       Count       Area
  Fill cell                                20      75.07
  Tap cell                                 12      15.01
  Buffer                                    1       5.00
  Inverter                                  2       7.51
  Multi-Input combinational cell           11      73.82
  Total                                    46     176.42
Writing OpenROAD database to '/home/kien/openlane2/MARCO/decode_day/runs/RUN_2026-01-15_20-14-16/23-openroad-globalplacementskipio/decode_day.odb'…
Writing netlist to '/home/kien/openlane2/MARCO/decode_day/runs/RUN_2026-01-15_20-14-16/23-openroad-globalplacementskipio/decode_day.nl.v'…
Writing powered netlist to '/home/kien/openlane2/MARCO/decode_day/runs/RUN_2026-01-15_20-14-16/23-openroad-globalplacementskipio/decode_day.pnl.v'…
Writing layout to '/home/kien/openlane2/MARCO/decode_day/runs/RUN_2026-01-15_20-14-16/23-openroad-globalplacementskipio/decode_day.def'…
Writing timing constraints to '/home/kien/openlane2/MARCO/decode_day/runs/RUN_2026-01-15_20-14-16/23-openroad-globalplacementskipio/decode_day.sdc'…
