
===========================================================================
report_checks -path_delay min (Hold)
============================================================================
======================= nom_tt_025C_1v80 Corner ===================================

Startpoint: mode[1] (input port clocked by __VIRTUAL_CLK__)
Endpoint: dec[0] (output port clocked by __VIRTUAL_CLK__)
Path Group: __VIRTUAL_CLK__
Path Type: min

Fanout         Cap        Slew       Delay        Time   Description
---------------------------------------------------------------------------------------------
                      0.000000    0.000000    0.000000   clock __VIRTUAL_CLK__ (rise edge)
                                  0.000000    0.000000   clock network delay (ideal)
                                  2.000000    2.000000 v input external delay
     1    0.002870    0.008793    0.004532    2.004532 v mode[1] (in)
                                                         mode[1] (net)
                      0.008793    0.000000    2.004532 v input14/A (sky130_fd_sc_hd__buf_1)
     2    0.007242    0.049866    0.093071    2.097604 v input14/X (sky130_fd_sc_hd__buf_1)
                                                         net14 (net)
                      0.049866    0.000089    2.097693 v _20_/B1 (sky130_fd_sc_hd__o21a_1)
     1    0.002070    0.026484    0.095715    2.193408 v _20_/X (sky130_fd_sc_hd__o21a_1)
                                                         net21 (net)
                      0.026484    0.000004    2.193412 v output21/A (sky130_fd_sc_hd__buf_2)
     1    0.034887    0.090815    0.173564    2.366976 v output21/X (sky130_fd_sc_hd__buf_2)
                                                         dec[0] (net)
                      0.090815    0.000307    2.367284 v dec[0] (out)
                                              2.367284   data arrival time

                      0.000000    0.000000    0.000000   clock __VIRTUAL_CLK__ (rise edge)
                                  0.000000    0.000000   clock network delay (ideal)
                                  0.250000    0.250000   clock uncertainty
                                  0.000000    0.250000   clock reconvergence pessimism
                                 -2.000000   -1.750000   output external delay
                                             -1.750000   data required time
---------------------------------------------------------------------------------------------
                                             -1.750000   data required time
                                             -2.367284   data arrival time
---------------------------------------------------------------------------------------------
                                              4.117283   slack (MET)


Startpoint: select[5] (input port clocked by __VIRTUAL_CLK__)
Endpoint: en[5] (output port clocked by __VIRTUAL_CLK__)
Path Group: __VIRTUAL_CLK__
Path Type: min

Fanout         Cap        Slew       Delay        Time   Description
---------------------------------------------------------------------------------------------
                      0.000000    0.000000    0.000000   clock __VIRTUAL_CLK__ (rise edge)
                                  0.000000    0.000000   clock network delay (ideal)
                                  2.000000    2.000000 ^ input external delay
     1    0.003040    0.020766    0.011137    2.011137 ^ select[5] (in)
                                                         select[5] (net)
                      0.020766    0.000000    2.011137 ^ input20/A (sky130_fd_sc_hd__clkbuf_1)
     1    0.003043    0.046681    0.074191    2.085328 ^ input20/X (sky130_fd_sc_hd__clkbuf_1)
                                                         net20 (net)
                      0.046681    0.000024    2.085352 ^ _13_/A (sky130_fd_sc_hd__or2_1)
     1    0.002033    0.034431    0.085243    2.170595 ^ _13_/X (sky130_fd_sc_hd__or2_1)
                                                         net32 (net)
                      0.034431    0.000002    2.170597 ^ output32/A (sky130_fd_sc_hd__buf_2)
     1    0.035594    0.176328    0.198479    2.369076 ^ output32/X (sky130_fd_sc_hd__buf_2)
                                                         en[5] (net)
                      0.176328    0.000429    2.369505 ^ en[5] (out)
                                              2.369505   data arrival time

                      0.000000    0.000000    0.000000   clock __VIRTUAL_CLK__ (rise edge)
                                  0.000000    0.000000   clock network delay (ideal)
                                  0.250000    0.250000   clock uncertainty
                                  0.000000    0.250000   clock reconvergence pessimism
                                 -2.000000   -1.750000   output external delay
                                             -1.750000   data required time
---------------------------------------------------------------------------------------------
                                             -1.750000   data required time
                                             -2.369505   data arrival time
---------------------------------------------------------------------------------------------
                                              4.119505   slack (MET)


Startpoint: select[4] (input port clocked by __VIRTUAL_CLK__)
Endpoint: en[4] (output port clocked by __VIRTUAL_CLK__)
Path Group: __VIRTUAL_CLK__
Path Type: min

Fanout         Cap        Slew       Delay        Time   Description
---------------------------------------------------------------------------------------------
                      0.000000    0.000000    0.000000   clock __VIRTUAL_CLK__ (rise edge)
                                  0.000000    0.000000   clock network delay (ideal)
                                  2.000000    2.000000 ^ input external delay
     1    0.003040    0.020766    0.011137    2.011137 ^ select[4] (in)
                                                         select[4] (net)
                      0.020766    0.000000    2.011137 ^ input19/A (sky130_fd_sc_hd__clkbuf_1)
     1    0.003257    0.049010    0.075938    2.087075 ^ input19/X (sky130_fd_sc_hd__clkbuf_1)
                                                         net19 (net)
                      0.049010    0.000025    2.087100 ^ _12_/A (sky130_fd_sc_hd__or2_1)
     1    0.002165    0.035571    0.087016    2.174116 ^ _12_/X (sky130_fd_sc_hd__or2_1)
                                                         net31 (net)
                      0.035571    0.000004    2.174120 ^ output31/A (sky130_fd_sc_hd__buf_2)
     1    0.035316    0.175033    0.198025    2.372146 ^ output31/X (sky130_fd_sc_hd__buf_2)
                                                         en[4] (net)
                      0.175033    0.000388    2.372534 ^ en[4] (out)
                                              2.372534   data arrival time

                      0.000000    0.000000    0.000000   clock __VIRTUAL_CLK__ (rise edge)
                                  0.000000    0.000000   clock network delay (ideal)
                                  0.250000    0.250000   clock uncertainty
                                  0.000000    0.250000   clock reconvergence pessimism
                                 -2.000000   -1.750000   output external delay
                                             -1.750000   data required time
---------------------------------------------------------------------------------------------
                                             -1.750000   data required time
                                             -2.372534   data arrival time
---------------------------------------------------------------------------------------------
                                              4.122533   slack (MET)


Startpoint: button_inc (input port clocked by __VIRTUAL_CLK__)
Endpoint: inc[0] (output port clocked by __VIRTUAL_CLK__)
Path Group: __VIRTUAL_CLK__
Path Type: min

Fanout         Cap        Slew       Delay        Time   Description
---------------------------------------------------------------------------------------------
                      0.000000    0.000000    0.000000   clock __VIRTUAL_CLK__ (rise edge)
                                  0.000000    0.000000   clock network delay (ideal)
                                  2.000000    2.000000 v input external delay
     1    0.002941    0.008959    0.004653    2.004653 v button_inc (in)
                                                         button_inc (net)
                      0.008959    0.000000    2.004653 v input2/A (sky130_fd_sc_hd__buf_1)
     2    0.009169    0.059846    0.101555    2.106208 v input2/X (sky130_fd_sc_hd__buf_1)
                                                         net2 (net)
                      0.059846    0.000114    2.106322 v _05_/A (sky130_fd_sc_hd__inv_2)
     1    0.003252    0.026803    0.047517    2.153839 ^ _05_/Y (sky130_fd_sc_hd__inv_2)
                                                         _00_ (net)
                      0.026803    0.000012    2.153851 ^ _27_/A2 (sky130_fd_sc_hd__a21oi_1)
     1    0.001886    0.034008    0.047310    2.201161 v _27_/Y (sky130_fd_sc_hd__a21oi_1)
                                                         net33 (net)
                      0.034008    0.000003    2.201164 v output33/A (sky130_fd_sc_hd__buf_2)
     1    0.034759    0.090477    0.176581    2.377744 v output33/X (sky130_fd_sc_hd__buf_2)
                                                         inc[0] (net)
                      0.090478    0.000289    2.378033 v inc[0] (out)
                                              2.378033   data arrival time

                      0.000000    0.000000    0.000000   clock __VIRTUAL_CLK__ (rise edge)
                                  0.000000    0.000000   clock network delay (ideal)
                                  0.250000    0.250000   clock uncertainty
                                  0.000000    0.250000   clock reconvergence pessimism
                                 -2.000000   -1.750000   output external delay
                                             -1.750000   data required time
---------------------------------------------------------------------------------------------
                                             -1.750000   data required time
                                             -2.378033   data arrival time
---------------------------------------------------------------------------------------------
                                              4.128033   slack (MET)


Startpoint: select[3] (input port clocked by __VIRTUAL_CLK__)
Endpoint: en[3] (output port clocked by __VIRTUAL_CLK__)
Path Group: __VIRTUAL_CLK__
Path Type: min

Fanout         Cap        Slew       Delay        Time   Description
---------------------------------------------------------------------------------------------
                      0.000000    0.000000    0.000000   clock __VIRTUAL_CLK__ (rise edge)
                                  0.000000    0.000000   clock network delay (ideal)
                                  2.000000    2.000000 ^ input external delay
     1    0.003040    0.020766    0.011137    2.011137 ^ select[3] (in)
                                                         select[3] (net)
                      0.020766    0.000000    2.011137 ^ input18/A (sky130_fd_sc_hd__clkbuf_1)
     1    0.003850    0.055560    0.080645    2.091782 ^ input18/X (sky130_fd_sc_hd__clkbuf_1)
                                                         net18 (net)
                      0.055560    0.000035    2.091817 ^ _11_/A (sky130_fd_sc_hd__or2_1)
     1    0.002049    0.034595    0.088604    2.180421 ^ _11_/X (sky130_fd_sc_hd__or2_1)
                                                         net30 (net)
                      0.034595    0.000003    2.180424 ^ output30/A (sky130_fd_sc_hd__buf_2)
     1    0.035250    0.174731    0.197412    2.377836 ^ output30/X (sky130_fd_sc_hd__buf_2)
                                                         en[3] (net)
                      0.174731    0.000417    2.378253 ^ en[3] (out)
                                              2.378253   data arrival time

                      0.000000    0.000000    0.000000   clock __VIRTUAL_CLK__ (rise edge)
                                  0.000000    0.000000   clock network delay (ideal)
                                  0.250000    0.250000   clock uncertainty
                                  0.000000    0.250000   clock reconvergence pessimism
                                 -2.000000   -1.750000   output external delay
                                             -1.750000   data required time
---------------------------------------------------------------------------------------------
                                             -1.750000   data required time
                                             -2.378253   data arrival time
---------------------------------------------------------------------------------------------
                                              4.128253   slack (MET)


Startpoint: select[2] (input port clocked by __VIRTUAL_CLK__)
Endpoint: en[2] (output port clocked by __VIRTUAL_CLK__)
Path Group: __VIRTUAL_CLK__
Path Type: min

Fanout         Cap        Slew       Delay        Time   Description
---------------------------------------------------------------------------------------------
                      0.000000    0.000000    0.000000   clock __VIRTUAL_CLK__ (rise edge)
                                  0.000000    0.000000   clock network delay (ideal)
                                  2.000000    2.000000 ^ input external delay
     1    0.003040    0.020766    0.011137    2.011137 ^ select[2] (in)
                                                         select[2] (net)
                      0.020766    0.000000    2.011137 ^ input17/A (sky130_fd_sc_hd__clkbuf_1)
     1    0.003650    0.053341    0.079055    2.090192 ^ input17/X (sky130_fd_sc_hd__clkbuf_1)
                                                         net17 (net)
                      0.053341    0.000030    2.090223 ^ _10_/A (sky130_fd_sc_hd__or2_1)
     1    0.002491    0.038372    0.090836    2.181058 ^ _10_/X (sky130_fd_sc_hd__or2_1)
                                                         net29 (net)
                      0.038372    0.000009    2.181067 ^ output29/A (sky130_fd_sc_hd__buf_2)
     1    0.034881    0.172983    0.197699    2.378766 ^ output29/X (sky130_fd_sc_hd__buf_2)
                                                         en[2] (net)
                      0.172983    0.000324    2.379090 ^ en[2] (out)
                                              2.379090   data arrival time

                      0.000000    0.000000    0.000000   clock __VIRTUAL_CLK__ (rise edge)
                                  0.000000    0.000000   clock network delay (ideal)
                                  0.250000    0.250000   clock uncertainty
                                  0.000000    0.250000   clock reconvergence pessimism
                                 -2.000000   -1.750000   output external delay
                                             -1.750000   data required time
---------------------------------------------------------------------------------------------
                                             -1.750000   data required time
                                             -2.379090   data arrival time
---------------------------------------------------------------------------------------------
                                              4.129090   slack (MET)


Startpoint: done_inc[2] (input port clocked by __VIRTUAL_CLK__)
Endpoint: inc[3] (output port clocked by __VIRTUAL_CLK__)
Path Group: __VIRTUAL_CLK__
Path Type: min

Fanout         Cap        Slew       Delay        Time   Description
---------------------------------------------------------------------------------------------
                      0.000000    0.000000    0.000000   clock __VIRTUAL_CLK__ (rise edge)
                                  0.000000    0.000000   clock network delay (ideal)
                                  2.000000    2.000000 ^ input external delay
     1    0.003358    0.022149    0.012254    2.012254 ^ done_inc[2] (in)
                                                         done_inc[2] (net)
                      0.022149    0.000000    2.012254 ^ input10/A (sky130_fd_sc_hd__clkbuf_1)
     1    0.003242    0.050639    0.076306    2.088560 ^ input10/X (sky130_fd_sc_hd__clkbuf_1)
                                                         net10 (net)
                      0.050639    0.000011    2.088571 ^ _24_/A1 (sky130_fd_sc_hd__a21o_1)
     1    0.002389    0.035183    0.097235    2.185806 ^ _24_/X (sky130_fd_sc_hd__a21o_1)
                                                         net36 (net)
                      0.035183    0.000006    2.185812 ^ output36/A (sky130_fd_sc_hd__buf_2)
     1    0.034640    0.171865    0.195713    2.381526 ^ output36/X (sky130_fd_sc_hd__buf_2)
                                                         inc[3] (net)
                      0.171865    0.000272    2.381798 ^ inc[3] (out)
                                              2.381798   data arrival time

                      0.000000    0.000000    0.000000   clock __VIRTUAL_CLK__ (rise edge)
                                  0.000000    0.000000   clock network delay (ideal)
                                  0.250000    0.250000   clock uncertainty
                                  0.000000    0.250000   clock reconvergence pessimism
                                 -2.000000   -1.750000   output external delay
                                             -1.750000   data required time
---------------------------------------------------------------------------------------------
                                             -1.750000   data required time
                                             -2.381798   data arrival time
---------------------------------------------------------------------------------------------
                                              4.131797   slack (MET)


Startpoint: done_inc[3] (input port clocked by __VIRTUAL_CLK__)
Endpoint: inc[4] (output port clocked by __VIRTUAL_CLK__)
Path Group: __VIRTUAL_CLK__
Path Type: min

Fanout         Cap        Slew       Delay        Time   Description
---------------------------------------------------------------------------------------------
                      0.000000    0.000000    0.000000   clock __VIRTUAL_CLK__ (rise edge)
                                  0.000000    0.000000   clock network delay (ideal)
                                  2.000000    2.000000 ^ input external delay
     1    0.003358    0.022149    0.012254    2.012254 ^ done_inc[3] (in)
                                                         done_inc[3] (net)
                      0.022149    0.000000    2.012254 ^ input11/A (sky130_fd_sc_hd__clkbuf_1)
     1    0.003171    0.049831    0.075733    2.087987 ^ input11/X (sky130_fd_sc_hd__clkbuf_1)
                                                         net11 (net)
                      0.049831    0.000008    2.087996 ^ _23_/A1 (sky130_fd_sc_hd__a21o_1)
     1    0.002400    0.035259    0.097044    2.185040 ^ _23_/X (sky130_fd_sc_hd__a21o_1)
                                                         net37 (net)
                      0.035259    0.000006    2.185046 ^ output37/A (sky130_fd_sc_hd__buf_2)
     1    0.034881    0.172994    0.196504    2.381550 ^ output37/X (sky130_fd_sc_hd__buf_2)
                                                         inc[4] (net)
                      0.172994    0.000324    2.381875 ^ inc[4] (out)
                                              2.381875   data arrival time

                      0.000000    0.000000    0.000000   clock __VIRTUAL_CLK__ (rise edge)
                                  0.000000    0.000000   clock network delay (ideal)
                                  0.250000    0.250000   clock uncertainty
                                  0.000000    0.250000   clock reconvergence pessimism
                                 -2.000000   -1.750000   output external delay
                                             -1.750000   data required time
---------------------------------------------------------------------------------------------
                                             -1.750000   data required time
                                             -2.381875   data arrival time
---------------------------------------------------------------------------------------------
                                              4.131875   slack (MET)


Startpoint: select[1] (input port clocked by __VIRTUAL_CLK__)
Endpoint: en[1] (output port clocked by __VIRTUAL_CLK__)
Path Group: __VIRTUAL_CLK__
Path Type: min

Fanout         Cap        Slew       Delay        Time   Description
---------------------------------------------------------------------------------------------
                      0.000000    0.000000    0.000000   clock __VIRTUAL_CLK__ (rise edge)
                                  0.000000    0.000000   clock network delay (ideal)
                                  2.000000    2.000000 ^ input external delay
     1    0.003080    0.020937    0.011276    2.011276 ^ select[1] (in)
                                                         select[1] (net)
                      0.020937    0.000000    2.011276 ^ input16/A (sky130_fd_sc_hd__clkbuf_1)
     1    0.004206    0.059518    0.083535    2.094811 ^ input16/X (sky130_fd_sc_hd__clkbuf_1)
                                                         net16 (net)
                      0.059518    0.000041    2.094852 ^ _09_/A (sky130_fd_sc_hd__or2_1)
     1    0.002543    0.038890    0.093289    2.188141 ^ _09_/X (sky130_fd_sc_hd__or2_1)
                                                         net28 (net)
                      0.038890    0.000009    2.188150 ^ output28/A (sky130_fd_sc_hd__buf_2)
     1    0.034926    0.173192    0.198056    2.386205 ^ output28/X (sky130_fd_sc_hd__buf_2)
                                                         en[1] (net)
                      0.173192    0.000313    2.386519 ^ en[1] (out)
                                              2.386519   data arrival time

                      0.000000    0.000000    0.000000   clock __VIRTUAL_CLK__ (rise edge)
                                  0.000000    0.000000   clock network delay (ideal)
                                  0.250000    0.250000   clock uncertainty
                                  0.000000    0.250000   clock reconvergence pessimism
                                 -2.000000   -1.750000   output external delay
                                             -1.750000   data required time
---------------------------------------------------------------------------------------------
                                             -1.750000   data required time
                                             -2.386519   data arrival time
---------------------------------------------------------------------------------------------
                                              4.136519   slack (MET)


Startpoint: done_inc[1] (input port clocked by __VIRTUAL_CLK__)
Endpoint: inc[2] (output port clocked by __VIRTUAL_CLK__)
Path Group: __VIRTUAL_CLK__
Path Type: min

Fanout         Cap        Slew       Delay        Time   Description
---------------------------------------------------------------------------------------------
                      0.000000    0.000000    0.000000   clock __VIRTUAL_CLK__ (rise edge)
                                  0.000000    0.000000   clock network delay (ideal)
                                  2.000000    2.000000 ^ input external delay
     1    0.003358    0.022149    0.012254    2.012254 ^ done_inc[1] (in)
                                                         done_inc[1] (net)
                      0.022149    0.000000    2.012254 ^ input9/A (sky130_fd_sc_hd__clkbuf_1)
     1    0.003638    0.055149    0.079454    2.091708 ^ input9/X (sky130_fd_sc_hd__clkbuf_1)
                                                         net9 (net)
                      0.055149    0.000017    2.091725 ^ _25_/A1 (sky130_fd_sc_hd__a21o_1)
     1    0.002371    0.035050    0.098567    2.190292 ^ _25_/X (sky130_fd_sc_hd__a21o_1)
                                                         net35 (net)
                      0.035050    0.000007    2.190299 ^ output35/A (sky130_fd_sc_hd__buf_2)
     1    0.034881    0.172994    0.196424    2.386722 ^ output35/X (sky130_fd_sc_hd__buf_2)
                                                         inc[2] (net)
                      0.172994    0.000324    2.387047 ^ inc[2] (out)
                                              2.387047   data arrival time

                      0.000000    0.000000    0.000000   clock __VIRTUAL_CLK__ (rise edge)
                                  0.000000    0.000000   clock network delay (ideal)
                                  0.250000    0.250000   clock uncertainty
                                  0.000000    0.250000   clock reconvergence pessimism
                                 -2.000000   -1.750000   output external delay
                                             -1.750000   data required time
---------------------------------------------------------------------------------------------
                                             -1.750000   data required time
                                             -2.387047   data arrival time
---------------------------------------------------------------------------------------------
                                              4.137046   slack (MET)


Startpoint: select[0] (input port clocked by __VIRTUAL_CLK__)
Endpoint: en[0] (output port clocked by __VIRTUAL_CLK__)
Path Group: __VIRTUAL_CLK__
Path Type: min

Fanout         Cap        Slew       Delay        Time   Description
---------------------------------------------------------------------------------------------
                      0.000000    0.000000    0.000000   clock __VIRTUAL_CLK__ (rise edge)
                                  0.000000    0.000000   clock network delay (ideal)
                                  2.000000    2.000000 ^ input external delay
     1    0.003040    0.020766    0.011137    2.011137 ^ select[0] (in)
                                                         select[0] (net)
                      0.020766    0.000000    2.011137 ^ input15/A (sky130_fd_sc_hd__clkbuf_1)
     1    0.004444    0.062164    0.085362    2.096499 ^ input15/X (sky130_fd_sc_hd__clkbuf_1)
                                                         net15 (net)
                      0.062164    0.000046    2.096545 ^ _08_/A (sky130_fd_sc_hd__or2_1)
     1    0.002583    0.039258    0.094456    2.191001 ^ _08_/X (sky130_fd_sc_hd__or2_1)
                                                         net27 (net)
                      0.039258    0.000009    2.191010 ^ output27/A (sky130_fd_sc_hd__buf_2)
     1    0.034886    0.173006    0.198069    2.389079 ^ output27/X (sky130_fd_sc_hd__buf_2)
                                                         en[0] (net)
                      0.173006    0.000307    2.389387 ^ en[0] (out)
                                              2.389387   data arrival time

                      0.000000    0.000000    0.000000   clock __VIRTUAL_CLK__ (rise edge)
                                  0.000000    0.000000   clock network delay (ideal)
                                  0.250000    0.250000   clock uncertainty
                                  0.000000    0.250000   clock reconvergence pessimism
                                 -2.000000   -1.750000   output external delay
                                             -1.750000   data required time
---------------------------------------------------------------------------------------------
                                             -1.750000   data required time
                                             -2.389387   data arrival time
---------------------------------------------------------------------------------------------
                                              4.139387   slack (MET)


Startpoint: done_inc[0] (input port clocked by __VIRTUAL_CLK__)
Endpoint: inc[1] (output port clocked by __VIRTUAL_CLK__)
Path Group: __VIRTUAL_CLK__
Path Type: min

Fanout         Cap        Slew       Delay        Time   Description
---------------------------------------------------------------------------------------------
                      0.000000    0.000000    0.000000   clock __VIRTUAL_CLK__ (rise edge)
                                  0.000000    0.000000   clock network delay (ideal)
                                  2.000000    2.000000 ^ input external delay
     1    0.003578    0.023104    0.013024    2.013024 ^ done_inc[0] (in)
                                                         done_inc[0] (net)
                      0.023104    0.000000    2.013024 ^ input8/A (sky130_fd_sc_hd__clkbuf_1)
     1    0.004249    0.060000    0.084634    2.097658 ^ input8/X (sky130_fd_sc_hd__clkbuf_1)
                                                         net8 (net)
                      0.060000    0.000029    2.097687 ^ _26_/A1 (sky130_fd_sc_hd__a21o_1)
     1    0.002287    0.034431    0.099548    2.197235 ^ _26_/X (sky130_fd_sc_hd__a21o_1)
                                                         net34 (net)
                      0.034431    0.000006    2.197241 ^ output34/A (sky130_fd_sc_hd__buf_2)
     1    0.034793    0.172583    0.195904    2.393144 ^ output34/X (sky130_fd_sc_hd__buf_2)
                                                         inc[1] (net)
                      0.172583    0.000311    2.393456 ^ inc[1] (out)
                                              2.393456   data arrival time

                      0.000000    0.000000    0.000000   clock __VIRTUAL_CLK__ (rise edge)
                                  0.000000    0.000000   clock network delay (ideal)
                                  0.250000    0.250000   clock uncertainty
                                  0.000000    0.250000   clock reconvergence pessimism
                                 -2.000000   -1.750000   output external delay
                                             -1.750000   data required time
---------------------------------------------------------------------------------------------
                                             -1.750000   data required time
                                             -2.393456   data arrival time
---------------------------------------------------------------------------------------------
                                              4.143456   slack (MET)


Startpoint: done_inc[4] (input port clocked by __VIRTUAL_CLK__)
Endpoint: inc[5] (output port clocked by __VIRTUAL_CLK__)
Path Group: __VIRTUAL_CLK__
Path Type: min

Fanout         Cap        Slew       Delay        Time   Description
---------------------------------------------------------------------------------------------
                      0.000000    0.000000    0.000000   clock __VIRTUAL_CLK__ (rise edge)
                                  0.000000    0.000000   clock network delay (ideal)
                                  2.000000    2.000000 ^ input external delay
     1    0.003430    0.022460    0.012503    2.012503 ^ done_inc[4] (in)
                                                         done_inc[4] (net)
                      0.022460    0.000000    2.012503 ^ input12/A (sky130_fd_sc_hd__clkbuf_1)
     1    0.002933    0.047162    0.073878    2.086382 ^ input12/X (sky130_fd_sc_hd__clkbuf_1)
                                                         net12 (net)
                      0.047162    0.000005    2.086387 ^ _22_/A1 (sky130_fd_sc_hd__a21o_1)
     1    0.004002    0.045682    0.106865    2.193252 ^ _22_/X (sky130_fd_sc_hd__a21o_1)
                                                         net38 (net)
                      0.045682    0.000026    2.193278 ^ output38/A (sky130_fd_sc_hd__buf_2)
     1    0.035611    0.176379    0.202881    2.396159 ^ output38/X (sky130_fd_sc_hd__buf_2)
                                                         inc[5] (net)
                      0.176379    0.000393    2.396552 ^ inc[5] (out)
                                              2.396552   data arrival time

                      0.000000    0.000000    0.000000   clock __VIRTUAL_CLK__ (rise edge)
                                  0.000000    0.000000   clock network delay (ideal)
                                  0.250000    0.250000   clock uncertainty
                                  0.000000    0.250000   clock reconvergence pessimism
                                 -2.000000   -1.750000   output external delay
                                             -1.750000   data required time
---------------------------------------------------------------------------------------------
                                             -1.750000   data required time
                                             -2.396552   data arrival time
---------------------------------------------------------------------------------------------
                                              4.146552   slack (MET)


Startpoint: done_dec[1] (input port clocked by __VIRTUAL_CLK__)
Endpoint: dec[2] (output port clocked by __VIRTUAL_CLK__)
Path Group: __VIRTUAL_CLK__
Path Type: min

Fanout         Cap        Slew       Delay        Time   Description
---------------------------------------------------------------------------------------------
                      0.000000    0.000000    0.000000   clock __VIRTUAL_CLK__ (rise edge)
                                  0.000000    0.000000   clock network delay (ideal)
                                  2.000000    2.000000 ^ input external delay
     1    0.003510    0.022808    0.012785    2.012785 ^ done_dec[1] (in)
                                                         done_dec[1] (net)
                      0.022808    0.000000    2.012785 ^ input4/A (sky130_fd_sc_hd__clkbuf_1)
     1    0.004512    0.062926    0.086618    2.099403 ^ input4/X (sky130_fd_sc_hd__clkbuf_1)
                                                         net4 (net)
                      0.062926    0.000031    2.099434 ^ _18_/A3 (sky130_fd_sc_hd__a31o_1)
     1    0.002014    0.037600    0.132006    2.231441 ^ _18_/X (sky130_fd_sc_hd__a31o_1)
                                                         net23 (net)
                      0.037600    0.000002    2.231442 ^ output23/A (sky130_fd_sc_hd__buf_2)
     1    0.034938    0.173246    0.197612    2.429054 ^ output23/X (sky130_fd_sc_hd__buf_2)
                                                         dec[2] (net)
                      0.173246    0.000294    2.429348 ^ dec[2] (out)
                                              2.429348   data arrival time

                      0.000000    0.000000    0.000000   clock __VIRTUAL_CLK__ (rise edge)
                                  0.000000    0.000000   clock network delay (ideal)
                                  0.250000    0.250000   clock uncertainty
                                  0.000000    0.250000   clock reconvergence pessimism
                                 -2.000000   -1.750000   output external delay
                                             -1.750000   data required time
---------------------------------------------------------------------------------------------
                                             -1.750000   data required time
                                             -2.429348   data arrival time
---------------------------------------------------------------------------------------------
                                              4.179348   slack (MET)


Startpoint: done_dec[2] (input port clocked by __VIRTUAL_CLK__)
Endpoint: dec[3] (output port clocked by __VIRTUAL_CLK__)
Path Group: __VIRTUAL_CLK__
Path Type: min

Fanout         Cap        Slew       Delay        Time   Description
---------------------------------------------------------------------------------------------
                      0.000000    0.000000    0.000000   clock __VIRTUAL_CLK__ (rise edge)
                                  0.000000    0.000000   clock network delay (ideal)
                                  2.000000    2.000000 ^ input external delay
     1    0.003549    0.022977    0.012920    2.012920 ^ done_dec[2] (in)
                                                         done_dec[2] (net)
                      0.022977    0.000000    2.012920 ^ input5/A (sky130_fd_sc_hd__clkbuf_1)
     1    0.004433    0.062043    0.086048    2.098968 ^ input5/X (sky130_fd_sc_hd__clkbuf_1)
                                                         net5 (net)
                      0.062043    0.000030    2.098997 ^ _17_/A3 (sky130_fd_sc_hd__a31o_1)
     1    0.002133    0.038538    0.132756    2.231753 ^ _17_/X (sky130_fd_sc_hd__a31o_1)
                                                         net24 (net)
                      0.038538    0.000003    2.231756 ^ output24/A (sky130_fd_sc_hd__buf_2)
     1    0.034926    0.173193    0.197920    2.429676 ^ output24/X (sky130_fd_sc_hd__buf_2)
                                                         dec[3] (net)
                      0.173193    0.000313    2.429989 ^ dec[3] (out)
                                              2.429989   data arrival time

                      0.000000    0.000000    0.000000   clock __VIRTUAL_CLK__ (rise edge)
                                  0.000000    0.000000   clock network delay (ideal)
                                  0.250000    0.250000   clock uncertainty
                                  0.000000    0.250000   clock reconvergence pessimism
                                 -2.000000   -1.750000   output external delay
                                             -1.750000   data required time
---------------------------------------------------------------------------------------------
                                             -1.750000   data required time
                                             -2.429989   data arrival time
---------------------------------------------------------------------------------------------
                                              4.179989   slack (MET)


Startpoint: done_dec[3] (input port clocked by __VIRTUAL_CLK__)
Endpoint: dec[4] (output port clocked by __VIRTUAL_CLK__)
Path Group: __VIRTUAL_CLK__
Path Type: min

Fanout         Cap        Slew       Delay        Time   Description
---------------------------------------------------------------------------------------------
                      0.000000    0.000000    0.000000   clock __VIRTUAL_CLK__ (rise edge)
                                  0.000000    0.000000   clock network delay (ideal)
                                  2.000000    2.000000 ^ input external delay
     1    0.003629    0.023325    0.013201    2.013201 ^ done_dec[3] (in)
                                                         done_dec[3] (net)
                      0.023325    0.000000    2.013201 ^ input6/A (sky130_fd_sc_hd__clkbuf_1)
     1    0.004076    0.058076    0.083338    2.096539 ^ input6/X (sky130_fd_sc_hd__clkbuf_1)
                                                         net6 (net)
                      0.058076    0.000023    2.096563 ^ _16_/A3 (sky130_fd_sc_hd__a31o_1)
     1    0.002490    0.041354    0.134694    2.231256 ^ _16_/X (sky130_fd_sc_hd__a31o_1)
                                                         net25 (net)
                      0.041354    0.000006    2.231263 ^ output25/A (sky130_fd_sc_hd__buf_2)
     1    0.034858    0.172868    0.198798    2.430060 ^ output25/X (sky130_fd_sc_hd__buf_2)
                                                         dec[4] (net)
                      0.172868    0.000282    2.430343 ^ dec[4] (out)
                                              2.430343   data arrival time

                      0.000000    0.000000    0.000000   clock __VIRTUAL_CLK__ (rise edge)
                                  0.000000    0.000000   clock network delay (ideal)
                                  0.250000    0.250000   clock uncertainty
                                  0.000000    0.250000   clock reconvergence pessimism
                                 -2.000000   -1.750000   output external delay
                                             -1.750000   data required time
---------------------------------------------------------------------------------------------
                                             -1.750000   data required time
                                             -2.430343   data arrival time
---------------------------------------------------------------------------------------------
                                              4.180342   slack (MET)


Startpoint: done_dec[0] (input port clocked by __VIRTUAL_CLK__)
Endpoint: dec[1] (output port clocked by __VIRTUAL_CLK__)
Path Group: __VIRTUAL_CLK__
Path Type: min

Fanout         Cap        Slew       Delay        Time   Description
---------------------------------------------------------------------------------------------
                      0.000000    0.000000    0.000000   clock __VIRTUAL_CLK__ (rise edge)
                                  0.000000    0.000000   clock network delay (ideal)
                                  2.000000    2.000000 ^ input external delay
     1    0.003430    0.022460    0.012503    2.012503 ^ done_dec[0] (in)
                                                         done_dec[0] (net)
                      0.022460    0.000000    2.012503 ^ input3/A (sky130_fd_sc_hd__clkbuf_1)
     1    0.004829    0.066462    0.089012    2.101516 ^ input3/X (sky130_fd_sc_hd__clkbuf_1)
                                                         net3 (net)
                      0.066462    0.000037    2.101553 ^ _19_/A3 (sky130_fd_sc_hd__a31o_1)
     1    0.002043    0.037822    0.133074    2.234627 ^ _19_/X (sky130_fd_sc_hd__a31o_1)
                                                         net22 (net)
                      0.037822    0.000003    2.234630 ^ output22/A (sky130_fd_sc_hd__buf_2)
     1    0.034898    0.173061    0.197570    2.432200 ^ output22/X (sky130_fd_sc_hd__buf_2)
                                                         dec[1] (net)
                      0.173061    0.000288    2.432488 ^ dec[1] (out)
                                              2.432488   data arrival time

                      0.000000    0.000000    0.000000   clock __VIRTUAL_CLK__ (rise edge)
                                  0.000000    0.000000   clock network delay (ideal)
                                  0.250000    0.250000   clock uncertainty
                                  0.000000    0.250000   clock reconvergence pessimism
                                 -2.000000   -1.750000   output external delay
                                             -1.750000   data required time
---------------------------------------------------------------------------------------------
                                             -1.750000   data required time
                                             -2.432488   data arrival time
---------------------------------------------------------------------------------------------
                                              4.182488   slack (MET)


Startpoint: done_dec[4] (input port clocked by __VIRTUAL_CLK__)
Endpoint: dec[5] (output port clocked by __VIRTUAL_CLK__)
Path Group: __VIRTUAL_CLK__
Path Type: min

Fanout         Cap        Slew       Delay        Time   Description
---------------------------------------------------------------------------------------------
                      0.000000    0.000000    0.000000   clock __VIRTUAL_CLK__ (rise edge)
                                  0.000000    0.000000   clock network delay (ideal)
                                  2.000000    2.000000 ^ input external delay
     1    0.003668    0.023494    0.013336    2.013336 ^ done_dec[4] (in)
                                                         done_dec[4] (net)
                      0.023494    0.000000    2.013336 ^ input7/A (sky130_fd_sc_hd__clkbuf_1)
     1    0.003657    0.055366    0.080072    2.093408 ^ input7/X (sky130_fd_sc_hd__clkbuf_1)
                                                         net7 (net)
                      0.055366    0.000015    2.093423 ^ _15_/A3 (sky130_fd_sc_hd__a31o_1)
     1    0.003111    0.044645    0.139063    2.232486 ^ _15_/X (sky130_fd_sc_hd__a31o_1)
                                                         net26 (net)
                      0.044645    0.000015    2.232501 ^ output26/A (sky130_fd_sc_hd__buf_2)
     1    0.034847    0.172809    0.200008    2.432509 ^ output26/X (sky130_fd_sc_hd__buf_2)
                                                         dec[5] (net)
                      0.172809    0.000302    2.432811 ^ dec[5] (out)
                                              2.432811   data arrival time

                      0.000000    0.000000    0.000000   clock __VIRTUAL_CLK__ (rise edge)
                                  0.000000    0.000000   clock network delay (ideal)
                                  0.250000    0.250000   clock uncertainty
                                  0.000000    0.250000   clock reconvergence pessimism
                                 -2.000000   -1.750000   output external delay
                                             -1.750000   data required time
---------------------------------------------------------------------------------------------
                                             -1.750000   data required time
                                             -2.432811   data arrival time
---------------------------------------------------------------------------------------------
                                              4.182811   slack (MET)



