                                                                       Cells by Function                                                                        
┏━━━━━━━━━━━━━━━━━━━━━━━━━━━━━━━━━━━━━━━━━━━━━━━━━━━━━━━━━━━━━━━━━━━━━━━━━━━━━━━━━━━━━━━━━━━━━━━━━━━━━━━━━━━━━━━━━━━━━━━━━━━━━━━━┳━━━━━━━━━━━━━━━━━━━━━━━━━━━━━┓
┃ Cell Function                                                                                                                  ┃ Count                       ┃
┡━━━━━━━━━━━━━━━━━━━━━━━━━━━━━━━━━━━━━━━━━━━━━━━━━━━━━━━━━━━━━━━━━━━━━━━━━━━━━━━━━━━━━━━━━━━━━━━━━━━━━━━━━━━━━━━━━━━━━━━━━━━━━━━━╇━━━━━━━━━━━━━━━━━━━━━━━━━━━━━┩
│ sky130_ef_sc_hd__decap                                                                                                         │ 26                          │
│ sky130_fd_sc_hd__a221o                                                                                                         │ 1                           │
│ sky130_fd_sc_hd__buf                                                                                                           │ 13                          │
│ sky130_fd_sc_hd__clkbuf                                                                                                        │ 15                          │
│ sky130_fd_sc_hd__decap                                                                                                         │ 38                          │
│ sky130_fd_sc_hd__dfrtp                                                                                                         │ 2                           │
│ sky130_fd_sc_hd__dlygate4sd3                                                                                                   │ 2                           │
│ sky130_fd_sc_hd__fill                                                                                                          │ 23                          │
│ sky130_fd_sc_hd__nand2                                                                                                         │ 2                           │
│ sky130_fd_sc_hd__nor3                                                                                                          │ 1                           │
│ sky130_fd_sc_hd__o21a                                                                                                          │ 1                           │
│ sky130_fd_sc_hd__or2                                                                                                           │ 2                           │
│ sky130_fd_sc_hd__or4                                                                                                           │ 2                           │
│ sky130_fd_sc_hd__tapvpwrvgnd                                                                                                   │ 12                          │
│ sky130_fd_sc_hd__xor2                                                                                                          │ 10                          │
└────────────────────────────────────────────────────────────────────────────────────────────────────────────────────────────────┴─────────────────────────────┘
