                                                                        Cells by Master                                                                         
┏━━━━━━━━━━━━━━━━━━━━━━━━━━━━━━━━━━━━━━━━━━━━━━━━━━━━━━━━━━━━━━━━━━━━━━━━━━━━━━━━━━━━━━━━━━━━━━━━━━━━━━━━━━━━━━━━━━━━━━━━━━━━━━━━━┳━━━━━━━━━━━━━━━━━━━━━━━━━━━━┓
┃ Cell                                                                                                                            ┃ Count                      ┃
┡━━━━━━━━━━━━━━━━━━━━━━━━━━━━━━━━━━━━━━━━━━━━━━━━━━━━━━━━━━━━━━━━━━━━━━━━━━━━━━━━━━━━━━━━━━━━━━━━━━━━━━━━━━━━━━━━━━━━━━━━━━━━━━━━━╇━━━━━━━━━━━━━━━━━━━━━━━━━━━━┩
│ sky130_ef_sc_hd__decap_12                                                                                                       │ 26                         │
│ sky130_fd_sc_hd__a221o_1                                                                                                        │ 1                          │
│ sky130_fd_sc_hd__buf_1                                                                                                          │ 12                         │
│ sky130_fd_sc_hd__buf_2                                                                                                          │ 1                          │
│ sky130_fd_sc_hd__clkbuf_1                                                                                                       │ 12                         │
│ sky130_fd_sc_hd__clkbuf_16                                                                                                      │ 3                          │
│ sky130_fd_sc_hd__decap_3                                                                                                        │ 23                         │
│ sky130_fd_sc_hd__decap_4                                                                                                        │ 1                          │
│ sky130_fd_sc_hd__decap_6                                                                                                        │ 3                          │
│ sky130_fd_sc_hd__decap_8                                                                                                        │ 11                         │
│ sky130_fd_sc_hd__dfrtp_1                                                                                                        │ 2                          │
│ sky130_fd_sc_hd__dlygate4sd3_1                                                                                                  │ 2                          │
│ sky130_fd_sc_hd__fill_1                                                                                                         │ 17                         │
│ sky130_fd_sc_hd__fill_2                                                                                                         │ 6                          │
│ sky130_fd_sc_hd__nand2_1                                                                                                        │ 2                          │
│ sky130_fd_sc_hd__nor3_1                                                                                                         │ 1                          │
│ sky130_fd_sc_hd__o21a_1                                                                                                         │ 1                          │
│ sky130_fd_sc_hd__or2_1                                                                                                          │ 2                          │
│ sky130_fd_sc_hd__or4_1                                                                                                          │ 2                          │
│ sky130_fd_sc_hd__tapvpwrvgnd_1                                                                                                  │ 12                         │
│ sky130_fd_sc_hd__xor2_1                                                                                                         │ 10                         │
└─────────────────────────────────────────────────────────────────────────────────────────────────────────────────────────────────┴────────────────────────────┘
