[WARNING ORD-0039] .openroad ignored with -python
                                Cells by Master                                 
┏━━━━━━━━━━━━━━━━━━━━━━━━━━━━━━━━━━━━━━━━━━━━━━━━━━━━━━━━━━━━━━━━┳━━━━━━━━━━━━━┓
┃ Cell                                                           ┃ Count       ┃
┡━━━━━━━━━━━━━━━━━━━━━━━━━━━━━━━━━━━━━━━━━━━━━━━━━━━━━━━━━━━━━━━━╇━━━━━━━━━━━━━┩
│ sky130_ef_sc_hd__decap_12                                      │ 26          │
│ sky130_fd_sc_hd__a221o_1                                       │ 1           │
│ sky130_fd_sc_hd__buf_1                                         │ 12          │
│ sky130_fd_sc_hd__buf_2                                         │ 1           │
│ sky130_fd_sc_hd__clkbuf_1                                      │ 12          │
│ sky130_fd_sc_hd__clkbuf_16                                     │ 3           │
│ sky130_fd_sc_hd__decap_3                                       │ 23          │
│ sky130_fd_sc_hd__decap_4                                       │ 1           │
│ sky130_fd_sc_hd__decap_6                                       │ 3           │
│ sky130_fd_sc_hd__decap_8                                       │ 11          │
│ sky130_fd_sc_hd__dfrtp_1                                       │ 2           │
│ sky130_fd_sc_hd__dlygate4sd3_1                                 │ 2           │
│ sky130_fd_sc_hd__fill_1                                        │ 17          │
│ sky130_fd_sc_hd__fill_2                                        │ 6           │
│ sky130_fd_sc_hd__nand2_1                                       │ 2           │
│ sky130_fd_sc_hd__nor3_1                                        │ 1           │
│ sky130_fd_sc_hd__o21a_1                                        │ 1           │
│ sky130_fd_sc_hd__or2_1                                         │ 2           │
│ sky130_fd_sc_hd__or4_1                                         │ 2           │
│ sky130_fd_sc_hd__tapvpwrvgnd_1                                 │ 12          │
│ sky130_fd_sc_hd__xor2_1                                        │ 10          │
└────────────────────────────────────────────────────────────────┴─────────────┘
                               Cells by Function                                
┏━━━━━━━━━━━━━━━━━━━━━━━━━━━━━━━━━━━━━━━━━━━━━━━━━━━━━━━━━━━━━━━┳━━━━━━━━━━━━━━┓
┃ Cell Function                                                 ┃ Count        ┃
┡━━━━━━━━━━━━━━━━━━━━━━━━━━━━━━━━━━━━━━━━━━━━━━━━━━━━━━━━━━━━━━━╇━━━━━━━━━━━━━━┩
│ sky130_ef_sc_hd__decap                                        │ 26           │
│ sky130_fd_sc_hd__a221o                                        │ 1            │
│ sky130_fd_sc_hd__buf                                          │ 13           │
│ sky130_fd_sc_hd__clkbuf                                       │ 15           │
│ sky130_fd_sc_hd__decap                                        │ 38           │
│ sky130_fd_sc_hd__dfrtp                                        │ 2            │
│ sky130_fd_sc_hd__dlygate4sd3                                  │ 2            │
│ sky130_fd_sc_hd__fill                                         │ 23           │
│ sky130_fd_sc_hd__nand2                                        │ 2            │
│ sky130_fd_sc_hd__nor3                                         │ 1            │
│ sky130_fd_sc_hd__o21a                                         │ 1            │
│ sky130_fd_sc_hd__or2                                          │ 2            │
│ sky130_fd_sc_hd__or4                                          │ 2            │
│ sky130_fd_sc_hd__tapvpwrvgnd                                  │ 12           │
│ sky130_fd_sc_hd__xor2                                         │ 10           │
└───────────────────────────────────────────────────────────────┴──────────────┘
                                  Cells by SCL                                  
┏━━━━━━━━━━━━━━━━━━━━━━━━━━━━━━━━━━━━━━━━━━━━━━━━━━━━━━━┳━━━━━━━━━━━━━━━━━━━━━━┓
┃ SCL                                                   ┃ Count                ┃
┡━━━━━━━━━━━━━━━━━━━━━━━━━━━━━━━━━━━━━━━━━━━━━━━━━━━━━━━╇━━━━━━━━━━━━━━━━━━━━━━┩
│ sky130_ef_sc_hd                                       │ 26                   │
│ sky130_fd_sc_hd                                       │ 124                  │
└───────────────────────────────────────────────────────┴──────────────────────┘
                             Buffers by Cell Master                             
┏━━━━━━━━━━━━━━━━━━━━━━━━━━━━━━━━━━━━━━━━━━━━━━━━━━━━━━━━━━━━━━━━┳━━━━━━━━━━━━━┓
┃ Buffer                                                         ┃ Count       ┃
┡━━━━━━━━━━━━━━━━━━━━━━━━━━━━━━━━━━━━━━━━━━━━━━━━━━━━━━━━━━━━━━━━╇━━━━━━━━━━━━━┩
│ sky130_fd_sc_hd__buf_1                                         │ 12          │
│ sky130_fd_sc_hd__buf_2                                         │ 1           │
│ sky130_fd_sc_hd__clkbuf_1                                      │ 12          │
│ sky130_fd_sc_hd__clkbuf_16                                     │ 3           │
│ sky130_fd_sc_hd__dlygate4sd3_1                                 │ 2           │
└────────────────────────────────────────────────────────────────┴─────────────┘
