
===========================================================================
report_checks -unconstrained
===========================================================================
======================= nom_tt_025C_1v80 Corner ===================================

Startpoint: reset_n (input port clocked by clk)
Endpoint: _622_ (recovery check against rising-edge clock clk)
Path Group: asynchronous
Path Type: max

Fanout         Cap        Slew       Delay        Time   Description
---------------------------------------------------------------------------------------------
                                  0.000000    0.000000   clock clk (rise edge)
                                  0.000000    0.000000   clock network delay (propagated)
                               20000000.000000 20000000.000000 ^ input external delay
    33    0.141096    0.633955    0.000000 20000000.000000 ^ reset_n (in)
                                                         reset_n (net)
                      0.633971    0.000000 20000000.000000 ^ _622_/SET_B (sky130_fd_sc_hd__dfstp_2)
                                           20000000.000000   data arrival time

                               100000000.000000 100000000.000000   clock clk (rise edge)
                                  0.000000 100000000.000000   clock source latency
    33    0.081506    0.369542    0.000000 100000000.000000 ^ clk (in)
                                                         clk (net)
                      0.369542    0.000000 100000000.000000 ^ _622_/CLK (sky130_fd_sc_hd__dfstp_2)
                                 -0.250000 100000000.000000   clock uncertainty
                                  0.000000 100000000.000000   clock reconvergence pessimism
                                  0.184053 100000000.000000   library recovery time
                                           100000000.000000   data required time
---------------------------------------------------------------------------------------------
                                           100000000.000000   data required time
                                           -20000000.000000   data arrival time
---------------------------------------------------------------------------------------------
                                           80000000.000000   slack (MET)


Startpoint: dec[0] (input port clocked by clk)
Endpoint: done_dec[0] (output port clocked by clk)
Path Group: clk
Path Type: max

Fanout         Cap        Slew       Delay        Time   Description
---------------------------------------------------------------------------------------------
                                  0.000000    0.000000   clock clk (rise edge)
                                  0.000000    0.000000   clock network delay (propagated)
                               20000000.000000 20000000.000000 ^ input external delay
     3    0.010646    0.054305    0.000000 20000000.000000 ^ dec[0] (in)
                                                         dec[0] (net)
                      0.054306    0.000000 20000000.000000 ^ _319_/A (sky130_fd_sc_hd__and2_2)
     1    0.004672    0.046750    0.000000 20000000.000000 ^ _319_/X (sky130_fd_sc_hd__and2_2)
                                                         second_inst.done_dec (net)
                      0.046750    0.000000 20000000.000000 ^ _655_/A (sky130_fd_sc_hd__buf_2)
     1    0.034546    0.171421    0.000000 20000000.000000 ^ _655_/X (sky130_fd_sc_hd__buf_2)
                                                         done_dec[0] (net)
                      0.171421    0.000000 20000000.000000 ^ done_dec[0] (out)
                                           20000000.000000   data arrival time

                               100000000.000000 100000000.000000   clock clk (rise edge)
                                  0.000000 100000000.000000   clock network delay (propagated)
                                 -0.250000 100000000.000000   clock uncertainty
                                  0.000000 100000000.000000   clock reconvergence pessimism
                               -20000000.000000 80000000.000000   output external delay
                                           80000000.000000   data required time
---------------------------------------------------------------------------------------------
                                           80000000.000000   data required time
                                           -20000000.000000   data arrival time
---------------------------------------------------------------------------------------------
                                           60000000.000000   slack (MET)




===========================================================================
report_checks --slack_max -0.01
============================================================================
======================= nom_tt_025C_1v80 Corner ===================================

No paths found.


===========================================================================
 report_check_types -max_slew -max_cap -max_fanout -violators
============================================================================
======================= nom_tt_025C_1v80 Corner ===================================

max fanout

Pin                                   Limit Fanout  Slack
---------------------------------------------------------
clk                                      10     33    -23 (VIOLATED)
reset_n                                  10     33    -23 (VIOLATED)



===========================================================================
report_parasitic_annotation -report_unannotated
============================================================================
Found 0 unannotated drivers.
Found 0 partially unannotated drivers.

===========================================================================
max slew violation count 0
Writing metric design__max_slew_violation__count__corner:nom_tt_025C_1v80: 0
max fanout violation count 2
Writing metric design__max_fanout_violation__count__corner:nom_tt_025C_1v80: 2
max cap violation count 0
Writing metric design__max_cap_violation__count__corner:nom_tt_025C_1v80: 0
============================================================================

===========================================================================
check_setup -verbose -unconstrained_endpoints -multiple_clock -no_clock -no_input_delay -loops -generated_clocks
===========================================================================
