Reading timing models for corner nom_tt_025C_1v80…
Reading timing library for the 'nom_tt_025C_1v80' corner at '/home/lroot/.volare/volare/sky130/versions/0fe599b2afb6708d281543108caf8310912f54af/sky130A/libs.ref/sky130_fd_sc_hd/lib/sky130_fd_sc_hd__tt_025C_1v80.lib'…
Reading timing library for the 'nom_tt_025C_1v80' corner at '/mnt/e/BKHN_DTVT/VLSI/MARCO/MARCO/macros/counter_all__max_ss_100C_1v60.lib'…
Reading timing library for the 'nom_tt_025C_1v80' corner at '/mnt/e/BKHN_DTVT/VLSI/MARCO/MARCO/macros/alarm__max_ss_100C_1v60.lib'…
Reading timing library for the 'nom_tt_025C_1v80' corner at '/mnt/e/BKHN_DTVT/VLSI/MARCO/MARCO/macros/decode_all__max_ss_100C_1v60.lib'…
Reading timing library for the 'nom_tt_025C_1v80' corner at '/mnt/e/BKHN_DTVT/VLSI/MARCO/MARCO/macros/decode_day__max_ss_100C_1v60.lib'…
Reading timing library for the 'nom_tt_025C_1v80' corner at '/mnt/e/BKHN_DTVT/VLSI/MARCO/MARCO/macros/decode_input__max_ss_100C_1v60.lib'…
Reading timing models for corner nom_ff_n40C_1v95…
Reading timing library for the 'nom_ff_n40C_1v95' corner at '/home/lroot/.volare/volare/sky130/versions/0fe599b2afb6708d281543108caf8310912f54af/sky130A/libs.ref/sky130_fd_sc_hd/lib/sky130_fd_sc_hd__ff_n40C_1v95.lib'…
Reading timing library for the 'nom_ff_n40C_1v95' corner at '/mnt/e/BKHN_DTVT/VLSI/MARCO/MARCO/macros/counter_all__max_ss_100C_1v60.lib'…
[WARNING STA-1140] /mnt/e/BKHN_DTVT/VLSI/MARCO/MARCO/macros/counter_all__max_ss_100C_1v60.lib line 1, library counter_all already exists.
Reading timing library for the 'nom_ff_n40C_1v95' corner at '/mnt/e/BKHN_DTVT/VLSI/MARCO/MARCO/macros/alarm__max_ss_100C_1v60.lib'…
[WARNING STA-1140] /mnt/e/BKHN_DTVT/VLSI/MARCO/MARCO/macros/alarm__max_ss_100C_1v60.lib line 1, library alarm already exists.
Reading timing library for the 'nom_ff_n40C_1v95' corner at '/mnt/e/BKHN_DTVT/VLSI/MARCO/MARCO/macros/decode_all__max_ss_100C_1v60.lib'…
[WARNING STA-1140] /mnt/e/BKHN_DTVT/VLSI/MARCO/MARCO/macros/decode_all__max_ss_100C_1v60.lib line 1, library decode_all already exists.
Reading timing library for the 'nom_ff_n40C_1v95' corner at '/mnt/e/BKHN_DTVT/VLSI/MARCO/MARCO/macros/decode_day__max_ss_100C_1v60.lib'…
[WARNING STA-1140] /mnt/e/BKHN_DTVT/VLSI/MARCO/MARCO/macros/decode_day__max_ss_100C_1v60.lib line 1, library decode_day already exists.
Reading timing library for the 'nom_ff_n40C_1v95' corner at '/mnt/e/BKHN_DTVT/VLSI/MARCO/MARCO/macros/decode_input__max_ss_100C_1v60.lib'…
[WARNING STA-1140] /mnt/e/BKHN_DTVT/VLSI/MARCO/MARCO/macros/decode_input__max_ss_100C_1v60.lib line 1, library decode_input already exists.
Reading timing models for corner nom_ss_100C_1v60…
Reading timing library for the 'nom_ss_100C_1v60' corner at '/home/lroot/.volare/volare/sky130/versions/0fe599b2afb6708d281543108caf8310912f54af/sky130A/libs.ref/sky130_fd_sc_hd/lib/sky130_fd_sc_hd__ss_100C_1v60.lib'…
Reading timing library for the 'nom_ss_100C_1v60' corner at '/mnt/e/BKHN_DTVT/VLSI/MARCO/MARCO/macros/counter_all__max_ss_100C_1v60.lib'…
[WARNING STA-1140] /mnt/e/BKHN_DTVT/VLSI/MARCO/MARCO/macros/counter_all__max_ss_100C_1v60.lib line 1, library counter_all already exists.
Reading timing library for the 'nom_ss_100C_1v60' corner at '/mnt/e/BKHN_DTVT/VLSI/MARCO/MARCO/macros/alarm__max_ss_100C_1v60.lib'…
[WARNING STA-1140] /mnt/e/BKHN_DTVT/VLSI/MARCO/MARCO/macros/alarm__max_ss_100C_1v60.lib line 1, library alarm already exists.
Reading timing library for the 'nom_ss_100C_1v60' corner at '/mnt/e/BKHN_DTVT/VLSI/MARCO/MARCO/macros/decode_all__max_ss_100C_1v60.lib'…
[WARNING STA-1140] /mnt/e/BKHN_DTVT/VLSI/MARCO/MARCO/macros/decode_all__max_ss_100C_1v60.lib line 1, library decode_all already exists.
Reading timing library for the 'nom_ss_100C_1v60' corner at '/mnt/e/BKHN_DTVT/VLSI/MARCO/MARCO/macros/decode_day__max_ss_100C_1v60.lib'…
[WARNING STA-1140] /mnt/e/BKHN_DTVT/VLSI/MARCO/MARCO/macros/decode_day__max_ss_100C_1v60.lib line 1, library decode_day already exists.
Reading timing library for the 'nom_ss_100C_1v60' corner at '/mnt/e/BKHN_DTVT/VLSI/MARCO/MARCO/macros/decode_input__max_ss_100C_1v60.lib'…
[WARNING STA-1140] /mnt/e/BKHN_DTVT/VLSI/MARCO/MARCO/macros/decode_input__max_ss_100C_1v60.lib line 1, library decode_input already exists.
Reading OpenROAD database at '/mnt/e/BKHN_DTVT/VLSI/MARCO/MARCO/runs/macros/33-openroad-detailedplacement/clock_century.odb'…
Reading design constraints file at '/nix/store/ss2cw3sxbrwwx9jl0rrppbw4kgcmgi2n-python3-3.11.9-env/lib/python3.11/site-packages/openlane/scripts/base.sdc'…
[INFO] Using clock clk…
[INFO] Setting output delay to: 200000000
[INFO] Setting input delay to: 200000000
[INFO] Setting load to: 0.033442
[INFO] Setting clock uncertainty to: 0.25
[INFO] Setting clock transition to: 0.1499999999999999944488848768742172978818416595458984375
[INFO] Setting timing derate to: 5%
[INFO] Setting RC values…
[INFO] Configuring cts characterization…
[INFO] Performing clock tree synthesis…
[INFO] Looking for the following net(s): clk
[INFO] Running Clock Tree Synthesis…
[INFO CTS-0050] Root buffer is sky130_fd_sc_hd__clkbuf_16.
[INFO CTS-0051] Sink buffer is sky130_fd_sc_hd__clkbuf_8.
[INFO CTS-0052] The following clock buffers will be used for CTS:
                    sky130_fd_sc_hd__clkbuf_2
                    sky130_fd_sc_hd__clkbuf_4
                    sky130_fd_sc_hd__clkbuf_8
[INFO CTS-0049] Characterization buffer is sky130_fd_sc_hd__clkbuf_8.
[INFO CTS-0007] Net "clk" found for clock "clk".
[INFO CTS-0010]  Clock net "clk" has 2 sinks.
[INFO CTS-0008] TritonCTS found 1 clock nets.
[INFO CTS-0097] Characterization used 3 buffer(s) types.
[INFO CTS-0200] 0 placement blockages have been identified.
[INFO CTS-0201] 5 placed hard macros will be treated like blockages.
[INFO CTS-0027] Generating H-Tree topology for net clk.
[INFO CTS-0028]  Total number of sinks: 2.
[INFO CTS-0029]  Sinks will be clustered in groups of up to 25 and with maximum cluster diameter of 50.0 um.
[INFO CTS-0030]  Number of static layers: 0.
[INFO CTS-0020]  Wire segment unit: 13600  dbu (13 um).
[INFO CTS-0023]  Original sink region: [(46475, 44420), (326385, 184140)].
[INFO CTS-0024]  Normalized sink region: [(3.41728, 3.26618), (23.9989, 13.5397)].
[INFO CTS-0025]     Width:  20.5816.
[INFO CTS-0026]     Height: 10.2735.
 Level 1
    Direction: Horizontal
    Sinks per sub-region: 1
    Sub-region size: 10.2908 X 10.2735
[INFO CTS-0034]     Segment length (rounded): 6.
[INFO CTS-0032]  Stop criterion found. Max number of sinks is 15.
[INFO CTS-0035]  Number of sinks covered: 2.
[INFO CTS-0018]     Created 3 clock buffers.
[INFO CTS-0012]     Minimum number of buffers in the clock path: 2.
[INFO CTS-0013]     Maximum number of buffers in the clock path: 2.
[INFO CTS-0015]     Created 3 clock nets.
[INFO CTS-0016]     Fanout distribution for the current clock = 1:2..
[INFO CTS-0017]     Max level of the clock tree: 1.
[INFO CTS-0098] Clock net "clk"
[INFO CTS-0099]  Sinks 3
[INFO CTS-0100]  Leaf buffers 0
[INFO CTS-0101]  Average sink wire length 422.60 um
[INFO CTS-0102]  Path depth 2 - 2
[INFO CTS-0207]  Leaf load cells 1
[INFO] Repairing long wires on clock nets…
[INFO RSZ-0058] Using max wire length 6335um.
Setting global connections for newly added cells…
[INFO] Setting global connections...
counter_all_inst matched with counter_all_inst
alarm_inst matched with alarm_inst
decode_all_inst matched with decode_all_inst
decode_day_inst matched with decode_day_inst
decode_input_inst matched with decode_input_inst
Updating metrics…
Cell type report:                       Count       Area
  Macro                                     5   25504.02
  Fill cell                               508    1906.83
  Tap cell                                966    1208.66
  Clock buffer                              3      75.07
  Timing Repair Buffer                    110     523.00
  Clock inverter                            1      30.03
  Total                                  1593   29247.61
Writing OpenROAD database to '/mnt/e/BKHN_DTVT/VLSI/MARCO/MARCO/runs/macros/34-openroad-cts/clock_century.odb'…
Writing netlist to '/mnt/e/BKHN_DTVT/VLSI/MARCO/MARCO/runs/macros/34-openroad-cts/clock_century.nl.v'…
Writing powered netlist to '/mnt/e/BKHN_DTVT/VLSI/MARCO/MARCO/runs/macros/34-openroad-cts/clock_century.pnl.v'…
Writing layout to '/mnt/e/BKHN_DTVT/VLSI/MARCO/MARCO/runs/macros/34-openroad-cts/clock_century.def'…
Writing timing constraints to '/mnt/e/BKHN_DTVT/VLSI/MARCO/MARCO/runs/macros/34-openroad-cts/clock_century.sdc'…
[INFO] Legalizing…
Placement Analysis
---------------------------------
total displacement          4.3 u
average displacement        0.0 u
max displacement            3.4 u
original HPWL           30058.6 u
legalized HPWL          30111.1 u
delta HPWL                    0 %

[INFO DPL-0020] Mirrored 39 instances
[INFO DPL-0021] HPWL before           30111.1 u
[INFO DPL-0022] HPWL after            30044.9 u
[INFO DPL-0023] HPWL delta               -0.2 %
Setting global connections for newly added cells…
[INFO] Setting global connections...
counter_all_inst matched with counter_all_inst
alarm_inst matched with alarm_inst
decode_all_inst matched with decode_all_inst
decode_day_inst matched with decode_day_inst
decode_input_inst matched with decode_input_inst
Updating metrics…
Cell type report:                       Count       Area
  Macro                                     5   25504.02
  Fill cell                               508    1906.83
  Tap cell                                966    1208.66
  Clock buffer                              3      75.07
  Timing Repair Buffer                    110     523.00
  Clock inverter                            1      30.03
  Total                                  1593   29247.61
Writing OpenROAD database to '/mnt/e/BKHN_DTVT/VLSI/MARCO/MARCO/runs/macros/34-openroad-cts/clock_century.odb'…
Writing netlist to '/mnt/e/BKHN_DTVT/VLSI/MARCO/MARCO/runs/macros/34-openroad-cts/clock_century.nl.v'…
Writing powered netlist to '/mnt/e/BKHN_DTVT/VLSI/MARCO/MARCO/runs/macros/34-openroad-cts/clock_century.pnl.v'…
Writing layout to '/mnt/e/BKHN_DTVT/VLSI/MARCO/MARCO/runs/macros/34-openroad-cts/clock_century.def'…
Writing timing constraints to '/mnt/e/BKHN_DTVT/VLSI/MARCO/MARCO/runs/macros/34-openroad-cts/clock_century.sdc'…
%OL_CREATE_REPORT cts.rpt
[INFO CTS-0003] Total number of Clock Roots: 1.
[INFO CTS-0004] Total number of Buffers Inserted: 3.
[INFO CTS-0005] Total number of Clock Subnets: 3.
[INFO CTS-0006] Total number of Sinks: 2.
%OL_END_REPORT
