Reading OpenROAD database at '/home/kien/openlane2/MARCO/decode_all/runs/RUN_2026-01-16_19-05-32/31-openroad-repairdesignpostgpl/decode_all.odb'…
Reading library file at '/home/kien/.volare/volare/sky130/versions/0fe599b2afb6708d281543108caf8310912f54af/sky130A/libs.ref/sky130_fd_sc_hd/lib/sky130_fd_sc_hd__tt_025C_1v80.lib'…
Reading design constraints file at '/nix/store/4pyixb03xfwwy77zxxplrggxrmm9f57y-python3-3.11.9-env/lib/python3.11/site-packages/openlane/scripts/base.sdc'…
[WARNING STA-0366] port 'clk' not found.
[INFO] Using clock clk…
[INFO] Setting output delay to: 20000000
[INFO] Setting input delay to: 20000000
[WARNING STA-0366] port 'clk' not found.
[INFO] Setting load to: 0.033442
[INFO] Setting clock uncertainty to: 0.25
[INFO] Setting clock transition to: 0.1499999999999999944488848768742172978818416595458984375
[WARNING STA-0419] transition time can not be specified for virtual clocks.
[INFO] Setting timing derate to: 5%
[WARNING STA-0450] virtual clock clk can not be propagated.
Placement Analysis
---------------------------------
total displacement          0.0 u
average displacement        0.0 u
max displacement            0.0 u
original HPWL            8288.5 u
legalized HPWL           8621.3 u
delta HPWL                    4 %

[INFO DPL-0020] Mirrored 230 instances
[INFO DPL-0021] HPWL before            8621.3 u
[INFO DPL-0022] HPWL after             8288.5 u
[INFO DPL-0023] HPWL delta               -3.9 %
Setting global connections for newly added cells…
[INFO] Setting global connections...
Updating metrics…
Cell type report:                       Count       Area
  Fill cell                                28     105.10
  Tap cell                                 88     110.11
  Buffer                                    3      11.26
  Timing Repair Buffer                    112     593.07
  Inverter                                 20      75.07
  Multi-Input combinational cell          259    1936.86
  Total                                   510    2831.47
Writing OpenROAD database to '/home/kien/openlane2/MARCO/decode_all/runs/RUN_2026-01-16_19-05-32/33-openroad-detailedplacement/decode_all.odb'…
Writing netlist to '/home/kien/openlane2/MARCO/decode_all/runs/RUN_2026-01-16_19-05-32/33-openroad-detailedplacement/decode_all.nl.v'…
Writing powered netlist to '/home/kien/openlane2/MARCO/decode_all/runs/RUN_2026-01-16_19-05-32/33-openroad-detailedplacement/decode_all.pnl.v'…
Writing layout to '/home/kien/openlane2/MARCO/decode_all/runs/RUN_2026-01-16_19-05-32/33-openroad-detailedplacement/decode_all.def'…
Writing timing constraints to '/home/kien/openlane2/MARCO/decode_all/runs/RUN_2026-01-16_19-05-32/33-openroad-detailedplacement/decode_all.sdc'…
