Reading technology LEF file at '/home/lroot/.volare/volare/sky130/versions/0fe599b2afb6708d281543108caf8310912f54af/sky130A/libs.ref/sky130_fd_sc_hd/techlef/sky130_fd_sc_hd__min.tlef'…
[INFO ODB-0227] LEF file: /home/lroot/.volare/volare/sky130/versions/0fe599b2afb6708d281543108caf8310912f54af/sky130A/libs.ref/sky130_fd_sc_hd/techlef/sky130_fd_sc_hd__min.tlef, created 14 layers, 25 vias
Reading cell LEF file at '/home/lroot/.volare/volare/sky130/versions/0fe599b2afb6708d281543108caf8310912f54af/sky130A/libs.ref/sky130_fd_sc_hd/lef/sky130_fd_sc_hd.lef'…
[WARNING ODB-0220] WARNING (LEFPARS-2008): NOWIREEXTENSIONATPIN statement is obsolete in version 5.6 or later.
The NOWIREEXTENSIONATPIN statement will be ignored. See file /home/lroot/.volare/volare/sky130/versions/0fe599b2afb6708d281543108caf8310912f54af/sky130A/libs.ref/sky130_fd_sc_hd/lef/sky130_fd_sc_hd.lef at line 2.

[INFO ODB-0227] LEF file: /home/lroot/.volare/volare/sky130/versions/0fe599b2afb6708d281543108caf8310912f54af/sky130A/libs.ref/sky130_fd_sc_hd/lef/sky130_fd_sc_hd.lef, created 437 library cells
Reading cell LEF file at '/home/lroot/.volare/volare/sky130/versions/0fe599b2afb6708d281543108caf8310912f54af/sky130A/libs.ref/sky130_fd_sc_hd/lef/sky130_ef_sc_hd.lef'…
[WARNING ODB-0220] WARNING (LEFPARS-2008): NOWIREEXTENSIONATPIN statement is obsolete in version 5.6 or later.
The NOWIREEXTENSIONATPIN statement will be ignored. See file /home/lroot/.volare/volare/sky130/versions/0fe599b2afb6708d281543108caf8310912f54af/sky130A/libs.ref/sky130_fd_sc_hd/lef/sky130_ef_sc_hd.lef at line 2.

[INFO ODB-0227] LEF file: /home/lroot/.volare/volare/sky130/versions/0fe599b2afb6708d281543108caf8310912f54af/sky130A/libs.ref/sky130_fd_sc_hd/lef/sky130_ef_sc_hd.lef, created 4 library cells
Reading macro LEF file at '/mnt/e/BKHN_DTVT/VLSI/MARCO/MARCO/macros/counter_all.lef'…
[WARNING ODB-0220] WARNING (LEFPARS-2008): NOWIREEXTENSIONATPIN statement is obsolete in version 5.6 or later.
The NOWIREEXTENSIONATPIN statement will be ignored. See file /mnt/e/BKHN_DTVT/VLSI/MARCO/MARCO/macros/counter_all.lef at line 2.

[INFO ODB-0227] LEF file: /mnt/e/BKHN_DTVT/VLSI/MARCO/MARCO/macros/counter_all.lef, created 1 library cells
Reading macro LEF file at '/mnt/e/BKHN_DTVT/VLSI/MARCO/MARCO/macros/alarm.lef'…
[WARNING ODB-0220] WARNING (LEFPARS-2008): NOWIREEXTENSIONATPIN statement is obsolete in version 5.6 or later.
The NOWIREEXTENSIONATPIN statement will be ignored. See file /mnt/e/BKHN_DTVT/VLSI/MARCO/MARCO/macros/alarm.lef at line 2.

[INFO ODB-0227] LEF file: /mnt/e/BKHN_DTVT/VLSI/MARCO/MARCO/macros/alarm.lef, created 1 library cells
Reading macro LEF file at '/mnt/e/BKHN_DTVT/VLSI/MARCO/MARCO/macros/decode_all.lef'…
[WARNING ODB-0220] WARNING (LEFPARS-2008): NOWIREEXTENSIONATPIN statement is obsolete in version 5.6 or later.
The NOWIREEXTENSIONATPIN statement will be ignored. See file /mnt/e/BKHN_DTVT/VLSI/MARCO/MARCO/macros/decode_all.lef at line 2.

[INFO ODB-0227] LEF file: /mnt/e/BKHN_DTVT/VLSI/MARCO/MARCO/macros/decode_all.lef, created 1 library cells
Reading macro LEF file at '/mnt/e/BKHN_DTVT/VLSI/MARCO/MARCO/macros/decode_day.lef'…
[WARNING ODB-0220] WARNING (LEFPARS-2008): NOWIREEXTENSIONATPIN statement is obsolete in version 5.6 or later.
The NOWIREEXTENSIONATPIN statement will be ignored. See file /mnt/e/BKHN_DTVT/VLSI/MARCO/MARCO/macros/decode_day.lef at line 2.

[INFO ODB-0227] LEF file: /mnt/e/BKHN_DTVT/VLSI/MARCO/MARCO/macros/decode_day.lef, created 1 library cells
Reading macro LEF file at '/mnt/e/BKHN_DTVT/VLSI/MARCO/MARCO/macros/decode_input.lef'…
[WARNING ODB-0220] WARNING (LEFPARS-2008): NOWIREEXTENSIONATPIN statement is obsolete in version 5.6 or later.
The NOWIREEXTENSIONATPIN statement will be ignored. See file /mnt/e/BKHN_DTVT/VLSI/MARCO/MARCO/macros/decode_input.lef at line 2.

[INFO ODB-0227] LEF file: /mnt/e/BKHN_DTVT/VLSI/MARCO/MARCO/macros/decode_input.lef, created 1 library cells
[INFO ODB-0127] Reading DEF file: /mnt/e/BKHN_DTVT/VLSI/MARCO/MARCO/runs/macros/53-odb-cellfrequencytables/clock_century.def
[INFO ODB-0128] Design: clock_century
[INFO ODB-0130]     Created 112 pins.
[INFO ODB-0131]     Created 7466 components and 28702 component-terminals.
[INFO ODB-0132]     Created 2 special nets and 27922 connections.
[INFO ODB-0133]     Created 294 nets and 779 connections.
[INFO ODB-0134] Finished DEF file: /mnt/e/BKHN_DTVT/VLSI/MARCO/MARCO/runs/macros/53-odb-cellfrequencytables/clock_century.def
Using RCX ruleset '/home/lroot/.volare/volare/sky130/versions/0fe599b2afb6708d281543108caf8310912f54af/sky130A/libs.tech/openlane/rules.openrcx.sky130A.min.calibre'…
[INFO RCX-0431] Defined process_corner CURRENT_CORNER with ext_model_index 0
[INFO RCX-0029] Defined extraction corner CURRENT_CORNER
[INFO RCX-0435] Reading extraction model file /home/lroot/.volare/volare/sky130/versions/0fe599b2afb6708d281543108caf8310912f54af/sky130A/libs.tech/openlane/rules.openrcx.sky130A.min.calibre ...
[INFO RCX-0436] RC segment generation clock_century (max_merge_res 50.0) ...
[INFO RCX-0040] Final 1221 rc segments
[INFO RCX-0439] Coupling Cap extraction clock_century ...
[INFO RCX-0440] Coupling threshhold is 0.1000 fF, coupling capacitance less than 0.1000 fF will be grounded.
[INFO RCX-0442] 72% of 3328 wires extracted
[INFO RCX-0442] 100% of 3328 wires extracted
[INFO RCX-0045] Extract 294 nets, 1489 rsegs, 1489 caps, 1477 ccs
Setting global connections for newly added cells…
[INFO] Setting global connections...
counter_all_inst matched with counter_all_inst
alarm_inst matched with alarm_inst
decode_all_inst matched with decode_all_inst
decode_day_inst matched with decode_day_inst
decode_input_inst matched with decode_input_inst
Updating metrics…
Cell type report:                       Count       Area
  Macro                                     5   25504.02
  Fill cell                              6105   62862.79
  Tap cell                                966    1208.66
  Antenna cell                            276     690.66
  Standard cell                           114     628.10
  Total                                  7466   90894.23
Writing extracted parasitics to '/mnt/e/BKHN_DTVT/VLSI/MARCO/MARCO/runs/macros/54-openroad-rcx/min/clock_century.min.spef'…
[INFO RCX-0443] 294 nets finished
