
===========================================================================
report_checks -unconstrained
===========================================================================
======================= max_ff_n40C_1v95 Corner ===================================

Startpoint: alarm_inst (rising edge-triggered flip-flop clocked by clk)
Endpoint: alarm_o (output port clocked by clk)
Path Group: clk
Path Type: max

Fanout         Cap        Slew       Delay        Time   Description
---------------------------------------------------------------------------------------------
                                  0.000000    0.000000   clock clk (rise edge)
                                  0.000000    0.000000   clock source latency
     2    0.035587    0.123951    0.088808    0.088808 ^ clk (in)
                                                         clk (net)
                      0.124676    0.000000    0.088808 ^ clkbuf_0_clk/A (sky130_fd_sc_hd__clkbuf_16)
     5    0.043978    0.048664    0.123415    0.212222 ^ clkbuf_0_clk/X (sky130_fd_sc_hd__clkbuf_16)
                                                         clknet_0_clk (net)
                      0.048978    0.002589    0.214811 ^ clkbuf_1_1__f_clk/A (sky130_fd_sc_hd__clkbuf_16)
     5    0.035029    0.041289    0.098153    0.312965 ^ clkbuf_1_1__f_clk/X (sky130_fd_sc_hd__clkbuf_16)
                                                         clknet_1_1__leaf_clk (net)
                      0.042171    0.004661    0.317625 ^ alarm_inst/clk (alarm)
     1    0.011265    0.102683    1.571242    1.888868 ^ alarm_inst/alarm_o (alarm)
                                                         net25 (net)
                      0.102683    0.000481    1.889348 ^ output25/A (sky130_fd_sc_hd__buf_2)
     1    0.034394    0.128682    0.154966    2.044314 ^ output25/X (sky130_fd_sc_hd__buf_2)
                                                         alarm_o (net)
                      0.128711    0.001596    2.045910 ^ alarm_o (out)
                                              2.045910   data arrival time

                               1000000000.000000 1000000000.000000   clock clk (rise edge)
                                  0.000000 1000000000.000000   clock network delay (propagated)
                                 -0.250000 1000000000.000000   clock uncertainty
                                  0.000000 1000000000.000000   clock reconvergence pessimism
                               -200000000.000000 800000064.000000   output external delay
                                           800000064.000000   data required time
---------------------------------------------------------------------------------------------
                                           800000064.000000   data required time
                                             -2.045910   data arrival time
---------------------------------------------------------------------------------------------
                                           800000064.000000   slack (MET)




===========================================================================
report_checks --slack_max -0.01
============================================================================
======================= max_ff_n40C_1v95 Corner ===================================

No paths found.


===========================================================================
 report_check_types -max_slew -max_cap -max_fanout -violators
============================================================================
======================= max_ff_n40C_1v95 Corner ===================================

max slew

Pin                                        Limit        Slew       Slack
------------------------------------------------------------------------
decode_all_inst/year[4]                 0.750000    0.766090   -0.016090 (VIOLATED)
ANTENNA_decode_all_inst_year[4]/DIODE    0.750000    0.766089   -0.016089 (VIOLATED)
ANTENNA_decode_day_inst_year[4]/DIODE    0.750000    0.766075   -0.016075 (VIOLATED)
decode_day_inst/year[4]                 0.750000    0.766074   -0.016075 (VIOLATED)
ANTENNA_counter_all_inst_year[4]/DIODE    0.750000    0.766064   -0.016064 (VIOLATED)
counter_all_inst/year[4]                0.750000    0.766064   -0.016064 (VIOLATED)



===========================================================================
report_parasitic_annotation -report_unannotated
============================================================================
Found 1 unannotated drivers.
 clkload0/Y
Found 0 partially unannotated drivers.

===========================================================================
max slew violation count 6
max fanout violation count 0
max cap violation count 0
============================================================================

===========================================================================
check_setup -verbose -unconstrained_endpoints -multiple_clock -no_clock -no_input_delay -loops -generated_clocks
===========================================================================
Warning: There are 11 unconstrained endpoints.
  led_day[8]
  led_hour[8]
  led_month[13]
  led_month[8]
  led_month[9]
  counter_all_inst/day_num[2]
  counter_all_inst/day_num[3]
  counter_all_inst/day_num[4]
  counter_all_inst/hour_num[0]
  counter_all_inst/hour_num[1]
  counter_all_inst/hour_num[3]
