
===========================================================================
report_checks -unconstrained
===========================================================================
======================= nom_ss_100C_1v60 Corner ===================================

Startpoint: mode[1] (input port clocked by __VIRTUAL_CLK__)
Endpoint: inc[5] (output port clocked by __VIRTUAL_CLK__)
Path Group: __VIRTUAL_CLK__
Path Type: max

Fanout         Cap        Slew       Delay        Time   Description
---------------------------------------------------------------------------------------------
                      0.000000    0.000000    0.000000   clock __VIRTUAL_CLK__ (rise edge)
                                  0.000000    0.000000   clock network delay (ideal)
                                  2.000000    2.000000 ^ input external delay
     1    0.002959    0.033300    0.016630    2.016630 ^ mode[1] (in)
                                                         mode[1] (net)
                      0.033300    0.000000    2.016630 ^ input14/A (sky130_fd_sc_hd__buf_1)
     2    0.010879    0.217006    0.239015    2.255646 ^ input14/X (sky130_fd_sc_hd__buf_1)
                                                         net14 (net)
                      0.217007    0.000390    2.256036 ^ fanout39/A (sky130_fd_sc_hd__buf_2)
    10    0.032828    0.261799    0.404418    2.660454 ^ fanout39/X (sky130_fd_sc_hd__buf_2)
                                                         net39 (net)
                      0.261799    0.000569    2.661022 ^ _21_/A_N (sky130_fd_sc_hd__and3b_1)
     5    0.014696    0.163851    0.524674    3.185697 v _21_/X (sky130_fd_sc_hd__and3b_1)
                                                         _04_ (net)
                      0.163851    0.000402    3.186099 v _22_/B1 (sky130_fd_sc_hd__a21o_1)
     1    0.007843    0.099323    0.355625    3.541724 v _22_/X (sky130_fd_sc_hd__a21o_1)
                                                         net38 (net)
                      0.099323    0.000360    3.542085 v output38/A (sky130_fd_sc_hd__buf_2)
     1    0.038006    0.180998    0.369768    3.911853 v output38/X (sky130_fd_sc_hd__buf_2)
                                                         inc[5] (net)
                      0.181011    0.001640    3.913493 v inc[5] (out)
                                              3.913493   data arrival time

                      0.000000   10.000000   10.000000   clock __VIRTUAL_CLK__ (rise edge)
                                  0.000000   10.000000   clock network delay (ideal)
                                 -0.250000    9.750000   clock uncertainty
                                  0.000000    9.750000   clock reconvergence pessimism
                                 -2.000000    7.750000   output external delay
                                              7.750000   data required time
---------------------------------------------------------------------------------------------
                                              7.750000   data required time
                                             -3.913493   data arrival time
---------------------------------------------------------------------------------------------
                                              3.836507   slack (MET)




===========================================================================
report_checks --slack_max -0.01
============================================================================
======================= nom_ss_100C_1v60 Corner ===================================

No paths found.


===========================================================================
 report_check_types -max_slew -max_cap -max_fanout -violators
============================================================================
======================= nom_ss_100C_1v60 Corner ===================================



===========================================================================
report_parasitic_annotation -report_unannotated
============================================================================
Found 0 unannotated drivers.
Found 0 partially unannotated drivers.

===========================================================================
max slew violation count 0
max fanout violation count 0
max cap violation count 0
============================================================================

===========================================================================
check_setup -verbose -unconstrained_endpoints -multiple_clock -no_clock -no_input_delay -loops -generated_clocks
===========================================================================
