
===========================================================================
report_checks -path_delay min (Hold)
============================================================================
======================= nom_tt_025C_1v80 Corner ===================================

Startpoint: am_pm (input port clocked by __VIRTUAL_CLK__)
Endpoint: hour_num[4] (output port clocked by __VIRTUAL_CLK__)
Path Group: __VIRTUAL_CLK__
Path Type: min

Fanout         Cap        Slew       Delay        Time   Description
---------------------------------------------------------------------------------------------
                      0.000000    0.000000    0.000000   clock __VIRTUAL_CLK__ (rise edge)
                                  0.000000    0.000000   clock network delay (ideal)
                                  2.000000    2.000000 ^ input external delay
     2    0.012138    0.060895    0.041010    2.041010 ^ am_pm (in)
                                                         am_pm (net)
                      0.060896    0.000000    2.041010 ^ _04_/A (sky130_fd_sc_hd__inv_2)
     1    0.035096    0.080022    0.087197    2.128207 v _04_/Y (sky130_fd_sc_hd__inv_2)
                                                         hour_num[4] (net)
                      0.080022    0.000317    2.128524 v hour_num[4] (out)
                                              2.128524   data arrival time

                      0.000000    0.000000    0.000000   clock __VIRTUAL_CLK__ (rise edge)
                                  0.000000    0.000000   clock network delay (ideal)
                                  0.250000    0.250000   clock uncertainty
                                  0.000000    0.250000   clock reconvergence pessimism
                                 -2.000000   -1.750000   output external delay
                                             -1.750000   data required time
---------------------------------------------------------------------------------------------
                                             -1.750000   data required time
                                             -2.128524   data arrival time
---------------------------------------------------------------------------------------------
                                              3.878524   slack (MET)


Startpoint: am_pm (input port clocked by __VIRTUAL_CLK__)
Endpoint: hour_num[2] (output port clocked by __VIRTUAL_CLK__)
Path Group: __VIRTUAL_CLK__
Path Type: min

Fanout         Cap        Slew       Delay        Time   Description
---------------------------------------------------------------------------------------------
                      0.000000    0.000000    0.000000   clock __VIRTUAL_CLK__ (rise edge)
                                  0.000000    0.000000   clock network delay (ideal)
                                  2.000000    2.000000 v input external delay
     2    0.011612    0.028050    0.018894    2.018893 v am_pm (in)
                                                         am_pm (net)
                      0.028054    0.000000    2.018893 v _17_/A (sky130_fd_sc_hd__buf_2)
     1    0.034365    0.089638    0.173340    2.192234 v _17_/X (sky130_fd_sc_hd__buf_2)
                                                         hour_num[2] (net)
                      0.089638    0.000211    2.192445 v hour_num[2] (out)
                                              2.192445   data arrival time

                      0.000000    0.000000    0.000000   clock __VIRTUAL_CLK__ (rise edge)
                                  0.000000    0.000000   clock network delay (ideal)
                                  0.250000    0.250000   clock uncertainty
                                  0.000000    0.250000   clock reconvergence pessimism
                                 -2.000000   -1.750000   output external delay
                                             -1.750000   data required time
---------------------------------------------------------------------------------------------
                                             -1.750000   data required time
                                             -2.192445   data arrival time
---------------------------------------------------------------------------------------------
                                              3.942445   slack (MET)


Startpoint: month[3] (input port clocked by __VIRTUAL_CLK__)
Endpoint: day_num[1] (output port clocked by __VIRTUAL_CLK__)
Path Group: __VIRTUAL_CLK__
Path Type: min

Fanout         Cap        Slew       Delay        Time   Description
---------------------------------------------------------------------------------------------
                      0.000000    0.000000    0.000000   clock __VIRTUAL_CLK__ (rise edge)
                                  0.000000    0.000000   clock network delay (ideal)
                                  2.000000    2.000000 ^ input external delay
     3    0.010598    0.054081    0.035943    2.035944 ^ month[3] (in)
                                                         month[3] (net)
                      0.054082    0.000000    2.035944 ^ _06_/C (sky130_fd_sc_hd__or4b_2)
     2    0.042497    0.246206    0.263330    2.299273 ^ _06_/X (sky130_fd_sc_hd__or4b_2)
                                                         day_num[1] (net)
                      0.246211    0.000904    2.300177 ^ day_num[1] (out)
                                              2.300177   data arrival time

                      0.000000    0.000000    0.000000   clock __VIRTUAL_CLK__ (rise edge)
                                  0.000000    0.000000   clock network delay (ideal)
                                  0.250000    0.250000   clock uncertainty
                                  0.000000    0.250000   clock reconvergence pessimism
                                 -2.000000   -1.750000   output external delay
                                             -1.750000   data required time
---------------------------------------------------------------------------------------------
                                             -1.750000   data required time
                                             -2.300177   data arrival time
---------------------------------------------------------------------------------------------
                                              4.050177   slack (MET)


Startpoint: month[3] (input port clocked by __VIRTUAL_CLK__)
Endpoint: day_num[0] (output port clocked by __VIRTUAL_CLK__)
Path Group: __VIRTUAL_CLK__
Path Type: min

Fanout         Cap        Slew       Delay        Time   Description
---------------------------------------------------------------------------------------------
                      0.000000    0.000000    0.000000   clock __VIRTUAL_CLK__ (rise edge)
                                  0.000000    0.000000   clock network delay (ideal)
                                  2.000000    2.000000 ^ input external delay
     3    0.010598    0.054081    0.035947    2.035947 ^ month[3] (in)
                                                         month[3] (net)
                      0.054082    0.000000    2.035947 ^ _09_/A0 (sky130_fd_sc_hd__mux2_1)
     1    0.001785    0.034779    0.109419    2.145366 ^ _09_/X (sky130_fd_sc_hd__mux2_1)
                                                         _03_ (net)
                      0.034779    0.000002    2.145368 ^ _10_/C (sky130_fd_sc_hd__or3_2)
     1    0.037928    0.189947    0.214710    2.360078 ^ _10_/X (sky130_fd_sc_hd__or3_2)
                                                         day_num[0] (net)
                      0.190007    0.000907    2.360986 ^ day_num[0] (out)
                                              2.360986   data arrival time

                      0.000000    0.000000    0.000000   clock __VIRTUAL_CLK__ (rise edge)
                                  0.000000    0.000000   clock network delay (ideal)
                                  0.250000    0.250000   clock uncertainty
                                  0.000000    0.250000   clock reconvergence pessimism
                                 -2.000000   -1.750000   output external delay
                                             -1.750000   data required time
---------------------------------------------------------------------------------------------
                                             -1.750000   data required time
                                             -2.360986   data arrival time
---------------------------------------------------------------------------------------------
                                              4.110985   slack (MET)



