Reading OpenROAD database at '/home/kien/openlane2/MARCO/decode_day/runs/RUN_2026-01-15_20-14-16/27-openroad-globalplacement/decode_day.odb'…
Reading library file at '/home/kien/.volare/volare/sky130/versions/0fe599b2afb6708d281543108caf8310912f54af/sky130A/libs.ref/sky130_fd_sc_hd/lib/sky130_fd_sc_hd__tt_025C_1v80.lib'…
Reading design constraints file at '/nix/store/4pyixb03xfwwy77zxxplrggxrmm9f57y-python3-3.11.9-env/lib/python3.11/site-packages/openlane/scripts/base.sdc'…
[WARNING STA-0366] port '__VIRTUAL_CLK__' not found.
[INFO] Using clock __VIRTUAL_CLK__…
[INFO] Setting output delay to: 2
[INFO] Setting input delay to: 2
[WARNING STA-0366] port '__VIRTUAL_CLK__' not found.
[INFO] Setting load to: 0.033442
[INFO] Setting clock uncertainty to: 0.25
[INFO] Setting clock transition to: 0.1499999999999999944488848768742172978818416595458984375
[WARNING STA-0419] transition time can not be specified for virtual clocks.
[INFO] Setting timing derate to: 5%
[WARNING STA-0450] virtual clock __VIRTUAL_CLK__ can not be propagated.
[INFO] Setting RC values…
[WARNING GRT-0097] No global routing found for nets.
%OL_CREATE_REPORT min.rpt

===========================================================================
report_checks -path_delay min (Hold)
============================================================================
======================= nom_tt_025C_1v80 Corner ===================================

Startpoint: am_pm (input port clocked by __VIRTUAL_CLK__)
Endpoint: hour_num[4] (output port clocked by __VIRTUAL_CLK__)
Path Group: __VIRTUAL_CLK__
Path Type: min

Fanout         Cap        Slew       Delay        Time   Description
---------------------------------------------------------------------------------------------
                      0.000000    0.000000    0.000000   clock __VIRTUAL_CLK__ (rise edge)
                                  0.000000    0.000000   clock network delay (ideal)
                                  2.000000    2.000000 ^ input external delay
     2    0.012138    0.060895    0.041010    2.041010 ^ am_pm (in)
                                                         am_pm (net)
                      0.060896    0.000000    2.041010 ^ _04_/A (sky130_fd_sc_hd__inv_2)
     1    0.035096    0.080022    0.087197    2.128207 v _04_/Y (sky130_fd_sc_hd__inv_2)
                                                         hour_num[4] (net)
                      0.080022    0.000317    2.128524 v hour_num[4] (out)
                                              2.128524   data arrival time

                      0.000000    0.000000    0.000000   clock __VIRTUAL_CLK__ (rise edge)
                                  0.000000    0.000000   clock network delay (ideal)
                                  0.250000    0.250000   clock uncertainty
                                  0.000000    0.250000   clock reconvergence pessimism
                                 -2.000000   -1.750000   output external delay
                                             -1.750000   data required time
---------------------------------------------------------------------------------------------
                                             -1.750000   data required time
                                             -2.128524   data arrival time
---------------------------------------------------------------------------------------------
                                              3.878524   slack (MET)


Startpoint: am_pm (input port clocked by __VIRTUAL_CLK__)
Endpoint: hour_num[2] (output port clocked by __VIRTUAL_CLK__)
Path Group: __VIRTUAL_CLK__
Path Type: min

Fanout         Cap        Slew       Delay        Time   Description
---------------------------------------------------------------------------------------------
                      0.000000    0.000000    0.000000   clock __VIRTUAL_CLK__ (rise edge)
                                  0.000000    0.000000   clock network delay (ideal)
                                  2.000000    2.000000 v input external delay
     2    0.011612    0.028050    0.018894    2.018893 v am_pm (in)
                                                         am_pm (net)
                      0.028054    0.000000    2.018893 v _17_/A (sky130_fd_sc_hd__buf_2)
     1    0.034365    0.089638    0.173340    2.192234 v _17_/X (sky130_fd_sc_hd__buf_2)
                                                         hour_num[2] (net)
                      0.089638    0.000211    2.192445 v hour_num[2] (out)
                                              2.192445   data arrival time

                      0.000000    0.000000    0.000000   clock __VIRTUAL_CLK__ (rise edge)
                                  0.000000    0.000000   clock network delay (ideal)
                                  0.250000    0.250000   clock uncertainty
                                  0.000000    0.250000   clock reconvergence pessimism
                                 -2.000000   -1.750000   output external delay
                                             -1.750000   data required time
---------------------------------------------------------------------------------------------
                                             -1.750000   data required time
                                             -2.192445   data arrival time
---------------------------------------------------------------------------------------------
                                              3.942445   slack (MET)


Startpoint: month[3] (input port clocked by __VIRTUAL_CLK__)
Endpoint: day_num[1] (output port clocked by __VIRTUAL_CLK__)
Path Group: __VIRTUAL_CLK__
Path Type: min

Fanout         Cap        Slew       Delay        Time   Description
---------------------------------------------------------------------------------------------
                      0.000000    0.000000    0.000000   clock __VIRTUAL_CLK__ (rise edge)
                                  0.000000    0.000000   clock network delay (ideal)
                                  2.000000    2.000000 ^ input external delay
     3    0.010598    0.054081    0.035943    2.035944 ^ month[3] (in)
                                                         month[3] (net)
                      0.054082    0.000000    2.035944 ^ _06_/C (sky130_fd_sc_hd__or4b_2)
     2    0.042497    0.246206    0.263330    2.299273 ^ _06_/X (sky130_fd_sc_hd__or4b_2)
                                                         day_num[1] (net)
                      0.246211    0.000904    2.300177 ^ day_num[1] (out)
                                              2.300177   data arrival time

                      0.000000    0.000000    0.000000   clock __VIRTUAL_CLK__ (rise edge)
                                  0.000000    0.000000   clock network delay (ideal)
                                  0.250000    0.250000   clock uncertainty
                                  0.000000    0.250000   clock reconvergence pessimism
                                 -2.000000   -1.750000   output external delay
                                             -1.750000   data required time
---------------------------------------------------------------------------------------------
                                             -1.750000   data required time
                                             -2.300177   data arrival time
---------------------------------------------------------------------------------------------
                                              4.050177   slack (MET)


Startpoint: month[3] (input port clocked by __VIRTUAL_CLK__)
Endpoint: day_num[0] (output port clocked by __VIRTUAL_CLK__)
Path Group: __VIRTUAL_CLK__
Path Type: min

Fanout         Cap        Slew       Delay        Time   Description
---------------------------------------------------------------------------------------------
                      0.000000    0.000000    0.000000   clock __VIRTUAL_CLK__ (rise edge)
                                  0.000000    0.000000   clock network delay (ideal)
                                  2.000000    2.000000 ^ input external delay
     3    0.010598    0.054081    0.035947    2.035947 ^ month[3] (in)
                                                         month[3] (net)
                      0.054082    0.000000    2.035947 ^ _09_/A0 (sky130_fd_sc_hd__mux2_1)
     1    0.001785    0.034779    0.109419    2.145366 ^ _09_/X (sky130_fd_sc_hd__mux2_1)
                                                         _03_ (net)
                      0.034779    0.000002    2.145368 ^ _10_/C (sky130_fd_sc_hd__or3_2)
     1    0.037928    0.189947    0.214710    2.360078 ^ _10_/X (sky130_fd_sc_hd__or3_2)
                                                         day_num[0] (net)
                      0.190007    0.000907    2.360986 ^ day_num[0] (out)
                                              2.360986   data arrival time

                      0.000000    0.000000    0.000000   clock __VIRTUAL_CLK__ (rise edge)
                                  0.000000    0.000000   clock network delay (ideal)
                                  0.250000    0.250000   clock uncertainty
                                  0.000000    0.250000   clock reconvergence pessimism
                                 -2.000000   -1.750000   output external delay
                                             -1.750000   data required time
---------------------------------------------------------------------------------------------
                                             -1.750000   data required time
                                             -2.360986   data arrival time
---------------------------------------------------------------------------------------------
                                              4.110985   slack (MET)



%OL_END_REPORT
%OL_CREATE_REPORT max.rpt

===========================================================================
report_checks -path_delay max (Setup)
============================================================================
======================= nom_tt_025C_1v80 Corner ===================================

Startpoint: month[0] (input port clocked by __VIRTUAL_CLK__)
Endpoint: day_num[0] (output port clocked by __VIRTUAL_CLK__)
Path Group: __VIRTUAL_CLK__
Path Type: max

Fanout         Cap        Slew       Delay        Time   Description
---------------------------------------------------------------------------------------------
                      0.000000    0.000000    0.000000   clock __VIRTUAL_CLK__ (rise edge)
                                  0.000000    0.000000   clock network delay (ideal)
                                  2.000000    2.000000 v input external delay
     3    0.010445    0.025469    0.016911    2.016911 v month[0] (in)
                                                         month[0] (net)
                      0.025469    0.000000    2.016911 v _06_/A (sky130_fd_sc_hd__or4b_2)
     2    0.041809    0.214291    0.835244    2.852154 v _06_/X (sky130_fd_sc_hd__or4b_2)
                                                         day_num[1] (net)
                      0.214291    0.000183    2.852337 v _07_/C (sky130_fd_sc_hd__nor3_2)
     1    0.002444    0.123597    0.149453    3.001791 ^ _07_/Y (sky130_fd_sc_hd__nor3_2)
                                                         _01_ (net)
                      0.123597    0.000007    3.001797 ^ _10_/A (sky130_fd_sc_hd__or3_2)
     1    0.037928    0.190400    0.252270    3.254068 ^ _10_/X (sky130_fd_sc_hd__or3_2)
                                                         day_num[0] (net)
                      0.190401    0.000907    3.254975 ^ day_num[0] (out)
                                              3.254975   data arrival time

                      0.000000   10.000000   10.000000   clock __VIRTUAL_CLK__ (rise edge)
                                  0.000000   10.000000   clock network delay (ideal)
                                 -0.250000    9.750000   clock uncertainty
                                  0.000000    9.750000   clock reconvergence pessimism
                                 -2.000000    7.750000   output external delay
                                              7.750000   data required time
---------------------------------------------------------------------------------------------
                                              7.750000   data required time
                                             -3.254975   data arrival time
---------------------------------------------------------------------------------------------
                                              4.495025   slack (MET)


Startpoint: month[0] (input port clocked by __VIRTUAL_CLK__)
Endpoint: day_num[1] (output port clocked by __VIRTUAL_CLK__)
Path Group: __VIRTUAL_CLK__
Path Type: max

Fanout         Cap        Slew       Delay        Time   Description
---------------------------------------------------------------------------------------------
                      0.000000    0.000000    0.000000   clock __VIRTUAL_CLK__ (rise edge)
                                  0.000000    0.000000   clock network delay (ideal)
                                  2.000000    2.000000 v input external delay
     3    0.010445    0.025469    0.016911    2.016911 v month[0] (in)
                                                         month[0] (net)
                      0.025469    0.000000    2.016911 v _06_/A (sky130_fd_sc_hd__or4b_2)
     2    0.041809    0.214291    0.835244    2.852154 v _06_/X (sky130_fd_sc_hd__or4b_2)
                                                         day_num[1] (net)
                      0.214291    0.000901    2.853055 v day_num[1] (out)
                                              2.853055   data arrival time

                      0.000000   10.000000   10.000000   clock __VIRTUAL_CLK__ (rise edge)
                                  0.000000   10.000000   clock network delay (ideal)
                                 -0.250000    9.750000   clock uncertainty
                                  0.000000    9.750000   clock reconvergence pessimism
                                 -2.000000    7.750000   output external delay
                                              7.750000   data required time
---------------------------------------------------------------------------------------------
                                              7.750000   data required time
                                             -2.853055   data arrival time
---------------------------------------------------------------------------------------------
                                              4.896945   slack (MET)


Startpoint: am_pm (input port clocked by __VIRTUAL_CLK__)
Endpoint: hour_num[2] (output port clocked by __VIRTUAL_CLK__)
Path Group: __VIRTUAL_CLK__
Path Type: max

Fanout         Cap        Slew       Delay        Time   Description
---------------------------------------------------------------------------------------------
                      0.000000    0.000000    0.000000   clock __VIRTUAL_CLK__ (rise edge)
                                  0.000000    0.000000   clock network delay (ideal)
                                  2.000000    2.000000 ^ input external delay
     2    0.012138    0.060895    0.041008    2.041008 ^ am_pm (in)
                                                         am_pm (net)
                      0.060896    0.000000    2.041008 ^ _17_/A (sky130_fd_sc_hd__buf_2)
     1    0.034365    0.170600    0.204583    2.245591 ^ _17_/X (sky130_fd_sc_hd__buf_2)
                                                         hour_num[2] (net)
                      0.170600    0.000211    2.245802 ^ hour_num[2] (out)
                                              2.245802   data arrival time

                      0.000000   10.000000   10.000000   clock __VIRTUAL_CLK__ (rise edge)
                                  0.000000   10.000000   clock network delay (ideal)
                                 -0.250000    9.750000   clock uncertainty
                                  0.000000    9.750000   clock reconvergence pessimism
                                 -2.000000    7.750000   output external delay
                                              7.750000   data required time
---------------------------------------------------------------------------------------------
                                              7.750000   data required time
                                             -2.245802   data arrival time
---------------------------------------------------------------------------------------------
                                              5.504198   slack (MET)


Startpoint: am_pm (input port clocked by __VIRTUAL_CLK__)
Endpoint: hour_num[4] (output port clocked by __VIRTUAL_CLK__)
Path Group: __VIRTUAL_CLK__
Path Type: max

Fanout         Cap        Slew       Delay        Time   Description
---------------------------------------------------------------------------------------------
                      0.000000    0.000000    0.000000   clock __VIRTUAL_CLK__ (rise edge)
                                  0.000000    0.000000   clock network delay (ideal)
                                  2.000000    2.000000 v input external delay
     2    0.011612    0.028050    0.018895    2.018895 v am_pm (in)
                                                         am_pm (net)
                      0.028054    0.000000    2.018895 v _04_/A (sky130_fd_sc_hd__inv_2)
     1    0.035096    0.162685    0.135114    2.154010 ^ _04_/Y (sky130_fd_sc_hd__inv_2)
                                                         hour_num[4] (net)
                      0.162685    0.000317    2.154327 ^ hour_num[4] (out)
                                              2.154327   data arrival time

                      0.000000   10.000000   10.000000   clock __VIRTUAL_CLK__ (rise edge)
                                  0.000000   10.000000   clock network delay (ideal)
                                 -0.250000    9.750000   clock uncertainty
                                  0.000000    9.750000   clock reconvergence pessimism
                                 -2.000000    7.750000   output external delay
                                              7.750000   data required time
---------------------------------------------------------------------------------------------
                                              7.750000   data required time
                                             -2.154327   data arrival time
---------------------------------------------------------------------------------------------
                                              5.595674   slack (MET)



%OL_END_REPORT
%OL_CREATE_REPORT checks.rpt

===========================================================================
report_checks -unconstrained
===========================================================================
======================= nom_tt_025C_1v80 Corner ===================================

Startpoint: month[0] (input port clocked by __VIRTUAL_CLK__)
Endpoint: day_num[0] (output port clocked by __VIRTUAL_CLK__)
Path Group: __VIRTUAL_CLK__
Path Type: max

Fanout         Cap        Slew       Delay        Time   Description
---------------------------------------------------------------------------------------------
                      0.000000    0.000000    0.000000   clock __VIRTUAL_CLK__ (rise edge)
                                  0.000000    0.000000   clock network delay (ideal)
                                  2.000000    2.000000 v input external delay
     3    0.010445    0.025469    0.016911    2.016911 v month[0] (in)
                                                         month[0] (net)
                      0.025469    0.000000    2.016911 v _06_/A (sky130_fd_sc_hd__or4b_2)
     2    0.041809    0.214291    0.835244    2.852154 v _06_/X (sky130_fd_sc_hd__or4b_2)
                                                         day_num[1] (net)
                      0.214291    0.000183    2.852337 v _07_/C (sky130_fd_sc_hd__nor3_2)
     1    0.002444    0.123597    0.149453    3.001791 ^ _07_/Y (sky130_fd_sc_hd__nor3_2)
                                                         _01_ (net)
                      0.123597    0.000007    3.001797 ^ _10_/A (sky130_fd_sc_hd__or3_2)
     1    0.037928    0.190400    0.252270    3.254068 ^ _10_/X (sky130_fd_sc_hd__or3_2)
                                                         day_num[0] (net)
                      0.190401    0.000907    3.254975 ^ day_num[0] (out)
                                              3.254975   data arrival time

                      0.000000   10.000000   10.000000   clock __VIRTUAL_CLK__ (rise edge)
                                  0.000000   10.000000   clock network delay (ideal)
                                 -0.250000    9.750000   clock uncertainty
                                  0.000000    9.750000   clock reconvergence pessimism
                                 -2.000000    7.750000   output external delay
                                              7.750000   data required time
---------------------------------------------------------------------------------------------
                                              7.750000   data required time
                                             -3.254975   data arrival time
---------------------------------------------------------------------------------------------
                                              4.495025   slack (MET)




===========================================================================
report_checks --slack_max -0.01
============================================================================
======================= nom_tt_025C_1v80 Corner ===================================

No paths found.


===========================================================================
 report_check_types -max_slew -max_cap -max_fanout -violators
============================================================================
======================= nom_tt_025C_1v80 Corner ===================================



===========================================================================
report_parasitic_annotation -report_unannotated
============================================================================
Found 11 unannotated drivers.
 year[2]
 year[3]
 year[4]
 year[5]
 year[6]
 _11_/LO
 _12_/LO
 _13_/LO
 _14_/LO
 _15_/HI
 _16_/HI
Found 0 partially unannotated drivers.

===========================================================================
max slew violation count 0
Writing metric design__max_slew_violation__count__corner:nom_tt_025C_1v80: 0
max fanout violation count 0
Writing metric design__max_fanout_violation__count__corner:nom_tt_025C_1v80: 0
max cap violation count 0
Writing metric design__max_cap_violation__count__corner:nom_tt_025C_1v80: 0
============================================================================

===========================================================================
check_setup -verbose -unconstrained_endpoints -multiple_clock -no_clock -no_input_delay -loops -generated_clocks
===========================================================================
Warning: There are 6 unconstrained endpoints.
  day_num[2]
  day_num[3]
  day_num[4]
  hour_num[0]
  hour_num[1]
  hour_num[3]
%OL_END_REPORT
%OL_CREATE_REPORT power.rpt

===========================================================================
 report_power
============================================================================
======================= nom_tt_025C_1v80 Corner ===================================

Group                    Internal    Switching      Leakage        Total
                            Power        Power        Power        Power (Watts)
------------------------------------------------------------------------
Sequential           0.000000e+00 0.000000e+00 0.000000e+00 0.000000e+00   0.0%
Combinational        1.007419e-06 2.714490e-06 4.482982e-11 3.721954e-06 100.0%
Clock                0.000000e+00 0.000000e+00 6.480075e-11 6.480075e-11   0.0%
Macro                0.000000e+00 0.000000e+00 0.000000e+00 0.000000e+00   0.0%
Pad                  0.000000e+00 0.000000e+00 0.000000e+00 0.000000e+00   0.0%
------------------------------------------------------------------------
Total                1.007419e-06 2.714490e-06 1.096306e-10 3.722018e-06 100.0%
                            27.1%        72.9%         0.0%
Writing metric power__internal__total: 1.0074187457576045e-6
Writing metric power__switching__total: 2.7144901650899556e-6
Writing metric power__leakage__total: 1.096306101455724e-10
Writing metric power__total: 3.722018391272286e-6

%OL_END_REPORT
%OL_CREATE_REPORT skew.min.rpt

===========================================================================
Clock Skew (Hold)
============================================================================
Writing metric clock__skew__worst_hold__corner:nom_tt_025C_1v80: 0.0
======================= nom_tt_025C_1v80 Corner ===================================

Clock __VIRTUAL_CLK__
No launch/capture paths found.

%OL_END_REPORT
%OL_CREATE_REPORT skew.max.rpt

===========================================================================
Clock Skew (Setup)
============================================================================
Writing metric clock__skew__worst_setup__corner:nom_tt_025C_1v80: 0.0
======================= nom_tt_025C_1v80 Corner ===================================

Clock __VIRTUAL_CLK__
No launch/capture paths found.

%OL_END_REPORT
%OL_CREATE_REPORT ws.min.rpt

===========================================================================
Worst Slack (Hold)
============================================================================
Writing metric timing__hold__ws__corner:nom_tt_025C_1v80: 3.878523834102033
nom_tt_025C_1v80: 3.878523834102033
%OL_END_REPORT
%OL_CREATE_REPORT ws.max.rpt

===========================================================================
Worst Slack (Setup)
============================================================================
Writing metric timing__setup__ws__corner:nom_tt_025C_1v80: 4.495024923952497
nom_tt_025C_1v80: 4.495024923952497
%OL_END_REPORT
%OL_CREATE_REPORT tns.min.rpt

===========================================================================
Total Negative Slack (Hold)
============================================================================
Writing metric timing__hold__tns__corner:nom_tt_025C_1v80: 0.0
nom_tt_025C_1v80: 0.0
%OL_END_REPORT
%OL_CREATE_REPORT tns.max.rpt

===========================================================================
Total Negative Slack (Setup)
============================================================================
Writing metric timing__setup__tns__corner:nom_tt_025C_1v80: 0.0
nom_tt_025C_1v80: 0.0
%OL_END_REPORT
%OL_CREATE_REPORT wns.min.rpt

===========================================================================
Worst Negative Slack (Hold)
============================================================================
Writing metric timing__hold__wns__corner:nom_tt_025C_1v80: 0
nom_tt_025C_1v80: 0
%OL_END_REPORT
%OL_CREATE_REPORT wns.max.rpt

===========================================================================
Worst Negative Slack (Setup)
============================================================================
Writing metric timing__setup__wns__corner:nom_tt_025C_1v80: 0.0
nom_tt_025C_1v80: 0.0
%OL_END_REPORT
%OL_CREATE_REPORT violator_list.rpt

===========================================================================
Violator List
============================================================================
Writing metric timing__hold_vio__count__corner:nom_tt_025C_1v80: 0
Writing metric timing__hold_r2r__ws__corner:nom_tt_025C_1v80: 1e30
Writing metric timing__hold_r2r_vio__count__corner:nom_tt_025C_1v80: 0
Writing metric timing__setup_vio__count__corner:nom_tt_025C_1v80: 0
Writing metric timing__setup_r2r__ws__corner:nom_tt_025C_1v80: 1e30
Writing metric timing__setup_r2r_vio__count__corner:nom_tt_025C_1v80: 0
%OL_END_REPORT
%OL_CREATE_REPORT unpropagated.rpt
__VIRTUAL_CLK__
%OL_END_REPORT
%OL_CREATE_REPORT clock.rpt
Clock: __VIRTUAL_CLK__
Sources: 
Generated: no
Virtual: yes
Propagated: no
Period: 10.000000

===========================================================================
report_clock_properties
============================================================================
Clock                   Period          Waveform
----------------------------------------------------
__VIRTUAL_CLK__      10.000000    0.000000  5.000000

===========================================================================
report_clock_latency
============================================================================
Clock __VIRTUAL_CLK__


===========================================================================
report_clock_min_period
============================================================================
__VIRTUAL_CLK__ period_min = 0.00 fmax = inf
%OL_END_REPORT
