Reading OpenROAD database at '/home/kien/openlane2/MARCO/decode_input/runs/RUN_2026-01-16_19-22-56/46-odb-reportdisconnectedpins/decode_input.odb'…
Reading library file at '/home/kien/.volare/volare/sky130/versions/0fe599b2afb6708d281543108caf8310912f54af/sky130A/libs.ref/sky130_fd_sc_hd/lib/sky130_fd_sc_hd__tt_025C_1v80.lib'…
Reading design constraints file at '/nix/store/4pyixb03xfwwy77zxxplrggxrmm9f57y-python3-3.11.9-env/lib/python3.11/site-packages/openlane/scripts/base.sdc'…
[WARNING STA-0366] port '__VIRTUAL_CLK__' not found.
[INFO] Using clock __VIRTUAL_CLK__…
[INFO] Setting output delay to: 2
[INFO] Setting input delay to: 2
[WARNING STA-0366] port '__VIRTUAL_CLK__' not found.
[INFO] Setting load to: 0.033442
[INFO] Setting clock uncertainty to: 0.25
[INFO] Setting clock transition to: 0.1499999999999999944488848768742172978818416595458984375
[WARNING STA-0419] transition time can not be specified for virtual clocks.
[INFO] Setting timing derate to: 5%
[WARNING STA-0450] virtual clock __VIRTUAL_CLK__ can not be propagated.
sky130_ef_sc_hd__decap_12 sky130_fd_sc_hd__decap_8 sky130_fd_sc_hd__decap_6 sky130_fd_sc_hd__decap_4 sky130_fd_sc_hd__decap_3 sky130_fd_sc_hd__fill*
[INFO DPL-0001] Placed 77 filler instances.
Setting global connections for newly added cells…
[INFO] Setting global connections...
Updating metrics…
Cell type report:                       Count       Area
  Fill cell                                97     695.67
  Tap cell                                 12      15.01
  Timing Repair Buffer                     40     175.17
  Inverter                                  1       3.75
  Multi-Input combinational cell           22     161.40
  Total                                   172    1051.01
Writing OpenROAD database to '/home/kien/openlane2/MARCO/decode_input/runs/RUN_2026-01-16_19-22-56/50-openroad-fillinsertion/decode_input.odb'…
Writing netlist to '/home/kien/openlane2/MARCO/decode_input/runs/RUN_2026-01-16_19-22-56/50-openroad-fillinsertion/decode_input.nl.v'…
Writing powered netlist to '/home/kien/openlane2/MARCO/decode_input/runs/RUN_2026-01-16_19-22-56/50-openroad-fillinsertion/decode_input.pnl.v'…
Writing layout to '/home/kien/openlane2/MARCO/decode_input/runs/RUN_2026-01-16_19-22-56/50-openroad-fillinsertion/decode_input.def'…
Writing timing constraints to '/home/kien/openlane2/MARCO/decode_input/runs/RUN_2026-01-16_19-22-56/50-openroad-fillinsertion/decode_input.sdc'…
