                                                                       Cells by Function                                                                        
┏━━━━━━━━━━━━━━━━━━━━━━━━━━━━━━━━━━━━━━━━━━━━━━━━━━━━━━━━━━━━━━━━━━━━━━━━━━━━━━━━━━━━━━━━━━━━━━━━━━━━━━━━━━━━━━━━━━━━━━━━━━━━━━━━━┳━━━━━━━━━━━━━━━━━━━━━━━━━━━━┓
┃ Cell Function                                                                                                                   ┃ Count                      ┃
┡━━━━━━━━━━━━━━━━━━━━━━━━━━━━━━━━━━━━━━━━━━━━━━━━━━━━━━━━━━━━━━━━━━━━━━━━━━━━━━━━━━━━━━━━━━━━━━━━━━━━━━━━━━━━━━━━━━━━━━━━━━━━━━━━━╇━━━━━━━━━━━━━━━━━━━━━━━━━━━━┩
│ sky130_ef_sc_hd__decap                                                                                                          │ 59                         │
│ sky130_fd_sc_hd__a2111o                                                                                                         │ 1                          │
│ sky130_fd_sc_hd__a211o                                                                                                          │ 5                          │
│ sky130_fd_sc_hd__a21bo                                                                                                          │ 4                          │
│ sky130_fd_sc_hd__a21boi                                                                                                         │ 1                          │
│ sky130_fd_sc_hd__a21o                                                                                                           │ 11                         │
│ sky130_fd_sc_hd__a21oi                                                                                                          │ 12                         │
│ sky130_fd_sc_hd__a221o                                                                                                          │ 1                          │
│ sky130_fd_sc_hd__a22o                                                                                                           │ 7                          │
│ sky130_fd_sc_hd__a22oi                                                                                                          │ 1                          │
│ sky130_fd_sc_hd__a2bb2o                                                                                                         │ 1                          │
│ sky130_fd_sc_hd__a311o                                                                                                          │ 3                          │
│ sky130_fd_sc_hd__a31o                                                                                                           │ 13                         │
│ sky130_fd_sc_hd__a32o                                                                                                           │ 2                          │
│ sky130_fd_sc_hd__a41o                                                                                                           │ 2                          │
│ sky130_fd_sc_hd__and2                                                                                                           │ 14                         │
│ sky130_fd_sc_hd__and2b                                                                                                          │ 17                         │
│ sky130_fd_sc_hd__and3                                                                                                           │ 10                         │
│ sky130_fd_sc_hd__and4                                                                                                           │ 5                          │
│ sky130_fd_sc_hd__and4b                                                                                                          │ 4                          │
│ sky130_fd_sc_hd__buf                                                                                                            │ 60                         │
│ sky130_fd_sc_hd__bufinv                                                                                                         │ 1                          │
│ sky130_fd_sc_hd__clkbuf                                                                                                         │ 33                         │
│ sky130_fd_sc_hd__decap                                                                                                          │ 102                        │
│ sky130_fd_sc_hd__dfrtp                                                                                                          │ 31                         │
│ sky130_fd_sc_hd__dfstp                                                                                                          │ 2                          │
│ sky130_fd_sc_hd__dlygate4sd3                                                                                                    │ 4                          │
│ sky130_fd_sc_hd__dlymetal6s2s                                                                                                   │ 3                          │
│ sky130_fd_sc_hd__fill                                                                                                           │ 116                        │
│ sky130_fd_sc_hd__inv                                                                                                            │ 17                         │
│ sky130_fd_sc_hd__mux2                                                                                                           │ 18                         │
│ sky130_fd_sc_hd__nand2                                                                                                          │ 19                         │
│ sky130_fd_sc_hd__nand2b                                                                                                         │ 17                         │
│ sky130_fd_sc_hd__nand3                                                                                                          │ 5                          │
│ sky130_fd_sc_hd__nand3b                                                                                                         │ 1                          │
│ sky130_fd_sc_hd__nor2                                                                                                           │ 26                         │
│ sky130_fd_sc_hd__nor3                                                                                                           │ 3                          │
│ sky130_fd_sc_hd__o211a                                                                                                          │ 6                          │
│ sky130_fd_sc_hd__o21a                                                                                                           │ 10                         │
│ sky130_fd_sc_hd__o21ai                                                                                                          │ 15                         │
│ sky130_fd_sc_hd__o21ba                                                                                                          │ 2                          │
│ sky130_fd_sc_hd__o21bai                                                                                                         │ 1                          │
│ sky130_fd_sc_hd__o22a                                                                                                           │ 9                          │
│ sky130_fd_sc_hd__o2bb2a                                                                                                         │ 4                          │
│ sky130_fd_sc_hd__o311a                                                                                                          │ 5                          │
│ sky130_fd_sc_hd__o31a                                                                                                           │ 4                          │
│ sky130_fd_sc_hd__o32a                                                                                                           │ 1                          │
│ sky130_fd_sc_hd__or2                                                                                                            │ 11                         │
│ sky130_fd_sc_hd__or3                                                                                                            │ 7                          │
│ sky130_fd_sc_hd__or3b                                                                                                           │ 4                          │
│ sky130_fd_sc_hd__or4                                                                                                            │ 4                          │
│ sky130_fd_sc_hd__tapvpwrvgnd                                                                                                    │ 72                         │
│ sky130_fd_sc_hd__xnor2                                                                                                          │ 7                          │
│ sky130_fd_sc_hd__xor2                                                                                                           │ 6                          │
└─────────────────────────────────────────────────────────────────────────────────────────────────────────────────────────────────┴────────────────────────────┘
