[WARNING ORD-0039] .openroad ignored with -python
                                Cells by Master                                 
┏━━━━━━━━━━━━━━━━━━━━━━━━━━━━━━━━━━━━━━━━━━━━━━━━━━━━━━━━━━━━━━━━┳━━━━━━━━━━━━━┓
┃ Cell                                                           ┃ Count       ┃
┡━━━━━━━━━━━━━━━━━━━━━━━━━━━━━━━━━━━━━━━━━━━━━━━━━━━━━━━━━━━━━━━━╇━━━━━━━━━━━━━┩
│ sky130_ef_sc_hd__decap_12                                      │ 59          │
│ sky130_fd_sc_hd__a2111o_1                                      │ 1           │
│ sky130_fd_sc_hd__a211o_1                                       │ 4           │
│ sky130_fd_sc_hd__a211o_2                                       │ 1           │
│ sky130_fd_sc_hd__a21bo_1                                       │ 4           │
│ sky130_fd_sc_hd__a21boi_1                                      │ 1           │
│ sky130_fd_sc_hd__a21o_1                                        │ 11          │
│ sky130_fd_sc_hd__a21oi_1                                       │ 10          │
│ sky130_fd_sc_hd__a21oi_2                                       │ 2           │
│ sky130_fd_sc_hd__a221o_1                                       │ 1           │
│ sky130_fd_sc_hd__a22o_1                                        │ 7           │
│ sky130_fd_sc_hd__a22oi_1                                       │ 1           │
│ sky130_fd_sc_hd__a2bb2o_1                                      │ 1           │
│ sky130_fd_sc_hd__a311o_1                                       │ 3           │
│ sky130_fd_sc_hd__a31o_1                                        │ 13          │
│ sky130_fd_sc_hd__a32o_1                                        │ 2           │
│ sky130_fd_sc_hd__a41o_1                                        │ 2           │
│ sky130_fd_sc_hd__and2_1                                        │ 14          │
│ sky130_fd_sc_hd__and2b_1                                       │ 13          │
│ sky130_fd_sc_hd__and2b_2                                       │ 4           │
│ sky130_fd_sc_hd__and3_1                                        │ 10          │
│ sky130_fd_sc_hd__and4_1                                        │ 5           │
│ sky130_fd_sc_hd__and4b_1                                       │ 4           │
│ sky130_fd_sc_hd__buf_1                                         │ 16          │
│ sky130_fd_sc_hd__buf_2                                         │ 44          │
│ sky130_fd_sc_hd__bufinv_16                                     │ 1           │
│ sky130_fd_sc_hd__clkbuf_1                                      │ 15          │
│ sky130_fd_sc_hd__clkbuf_16                                     │ 5           │
│ sky130_fd_sc_hd__clkbuf_2                                      │ 9           │
│ sky130_fd_sc_hd__clkbuf_4                                      │ 3           │
│ sky130_fd_sc_hd__clkbuf_8                                      │ 1           │
│ sky130_fd_sc_hd__decap_3                                       │ 73          │
│ sky130_fd_sc_hd__decap_4                                       │ 14          │
│ sky130_fd_sc_hd__decap_6                                       │ 7           │
│ sky130_fd_sc_hd__decap_8                                       │ 8           │
│ sky130_fd_sc_hd__dfrtp_1                                       │ 7           │
│ sky130_fd_sc_hd__dfrtp_2                                       │ 12          │
│ sky130_fd_sc_hd__dfrtp_4                                       │ 12          │
│ sky130_fd_sc_hd__dfstp_1                                       │ 2           │
│ sky130_fd_sc_hd__dlygate4sd3_1                                 │ 4           │
│ sky130_fd_sc_hd__dlymetal6s2s_1                                │ 3           │
│ sky130_fd_sc_hd__fill_1                                        │ 70          │
│ sky130_fd_sc_hd__fill_2                                        │ 46          │
│ sky130_fd_sc_hd__inv_2                                         │ 17          │
│ sky130_fd_sc_hd__mux2_1                                        │ 18          │
│ sky130_fd_sc_hd__nand2_1                                       │ 18          │
│ sky130_fd_sc_hd__nand2_2                                       │ 1           │
│ sky130_fd_sc_hd__nand2b_1                                      │ 15          │
│ sky130_fd_sc_hd__nand2b_2                                      │ 1           │
│ sky130_fd_sc_hd__nand2b_4                                      │ 1           │
│ sky130_fd_sc_hd__nand3_1                                       │ 2           │
│ sky130_fd_sc_hd__nand3_2                                       │ 2           │
│ sky130_fd_sc_hd__nand3_4                                       │ 1           │
│ sky130_fd_sc_hd__nand3b_1                                      │ 1           │
│ sky130_fd_sc_hd__nor2_1                                        │ 25          │
│ sky130_fd_sc_hd__nor2_2                                        │ 1           │
│ sky130_fd_sc_hd__nor3_1                                        │ 2           │
│ sky130_fd_sc_hd__nor3_2                                        │ 1           │
│ sky130_fd_sc_hd__o211a_1                                       │ 6           │
│ sky130_fd_sc_hd__o21a_1                                        │ 9           │
│ sky130_fd_sc_hd__o21a_2                                        │ 1           │
│ sky130_fd_sc_hd__o21ai_1                                       │ 10          │
│ sky130_fd_sc_hd__o21ai_2                                       │ 4           │
│ sky130_fd_sc_hd__o21ai_4                                       │ 1           │
│ sky130_fd_sc_hd__o21ba_1                                       │ 2           │
│ sky130_fd_sc_hd__o21bai_4                                      │ 1           │
│ sky130_fd_sc_hd__o22a_1                                        │ 9           │
│ sky130_fd_sc_hd__o2bb2a_1                                      │ 4           │
│ sky130_fd_sc_hd__o311a_1                                       │ 5           │
│ sky130_fd_sc_hd__o31a_1                                        │ 4           │
│ sky130_fd_sc_hd__o32a_1                                        │ 1           │
│ sky130_fd_sc_hd__or2_1                                         │ 11          │
│ sky130_fd_sc_hd__or3_1                                         │ 6           │
│ sky130_fd_sc_hd__or3_2                                         │ 1           │
│ sky130_fd_sc_hd__or3b_1                                        │ 2           │
│ sky130_fd_sc_hd__or3b_2                                        │ 1           │
│ sky130_fd_sc_hd__or3b_4                                        │ 1           │
│ sky130_fd_sc_hd__or4_1                                         │ 3           │
│ sky130_fd_sc_hd__or4_2                                         │ 1           │
│ sky130_fd_sc_hd__tapvpwrvgnd_1                                 │ 72          │
│ sky130_fd_sc_hd__xnor2_1                                       │ 7           │
│ sky130_fd_sc_hd__xor2_1                                        │ 6           │
└────────────────────────────────────────────────────────────────┴─────────────┘
                               Cells by Function                                
┏━━━━━━━━━━━━━━━━━━━━━━━━━━━━━━━━━━━━━━━━━━━━━━━━━━━━━━━━━━━━━━━┳━━━━━━━━━━━━━━┓
┃ Cell Function                                                 ┃ Count        ┃
┡━━━━━━━━━━━━━━━━━━━━━━━━━━━━━━━━━━━━━━━━━━━━━━━━━━━━━━━━━━━━━━━╇━━━━━━━━━━━━━━┩
│ sky130_ef_sc_hd__decap                                        │ 59           │
│ sky130_fd_sc_hd__a2111o                                       │ 1            │
│ sky130_fd_sc_hd__a211o                                        │ 5            │
│ sky130_fd_sc_hd__a21bo                                        │ 4            │
│ sky130_fd_sc_hd__a21boi                                       │ 1            │
│ sky130_fd_sc_hd__a21o                                         │ 11           │
│ sky130_fd_sc_hd__a21oi                                        │ 12           │
│ sky130_fd_sc_hd__a221o                                        │ 1            │
│ sky130_fd_sc_hd__a22o                                         │ 7            │
│ sky130_fd_sc_hd__a22oi                                        │ 1            │
│ sky130_fd_sc_hd__a2bb2o                                       │ 1            │
│ sky130_fd_sc_hd__a311o                                        │ 3            │
│ sky130_fd_sc_hd__a31o                                         │ 13           │
│ sky130_fd_sc_hd__a32o                                         │ 2            │
│ sky130_fd_sc_hd__a41o                                         │ 2            │
│ sky130_fd_sc_hd__and2                                         │ 14           │
│ sky130_fd_sc_hd__and2b                                        │ 17           │
│ sky130_fd_sc_hd__and3                                         │ 10           │
│ sky130_fd_sc_hd__and4                                         │ 5            │
│ sky130_fd_sc_hd__and4b                                        │ 4            │
│ sky130_fd_sc_hd__buf                                          │ 60           │
│ sky130_fd_sc_hd__bufinv                                       │ 1            │
│ sky130_fd_sc_hd__clkbuf                                       │ 33           │
│ sky130_fd_sc_hd__decap                                        │ 102          │
│ sky130_fd_sc_hd__dfrtp                                        │ 31           │
│ sky130_fd_sc_hd__dfstp                                        │ 2            │
│ sky130_fd_sc_hd__dlygate4sd3                                  │ 4            │
│ sky130_fd_sc_hd__dlymetal6s2s                                 │ 3            │
│ sky130_fd_sc_hd__fill                                         │ 116          │
│ sky130_fd_sc_hd__inv                                          │ 17           │
│ sky130_fd_sc_hd__mux2                                         │ 18           │
│ sky130_fd_sc_hd__nand2                                        │ 19           │
│ sky130_fd_sc_hd__nand2b                                       │ 17           │
│ sky130_fd_sc_hd__nand3                                        │ 5            │
│ sky130_fd_sc_hd__nand3b                                       │ 1            │
│ sky130_fd_sc_hd__nor2                                         │ 26           │
│ sky130_fd_sc_hd__nor3                                         │ 3            │
│ sky130_fd_sc_hd__o211a                                        │ 6            │
│ sky130_fd_sc_hd__o21a                                         │ 10           │
│ sky130_fd_sc_hd__o21ai                                        │ 15           │
│ sky130_fd_sc_hd__o21ba                                        │ 2            │
│ sky130_fd_sc_hd__o21bai                                       │ 1            │
│ sky130_fd_sc_hd__o22a                                         │ 9            │
│ sky130_fd_sc_hd__o2bb2a                                       │ 4            │
│ sky130_fd_sc_hd__o311a                                        │ 5            │
│ sky130_fd_sc_hd__o31a                                         │ 4            │
│ sky130_fd_sc_hd__o32a                                         │ 1            │
│ sky130_fd_sc_hd__or2                                          │ 11           │
│ sky130_fd_sc_hd__or3                                          │ 7            │
│ sky130_fd_sc_hd__or3b                                         │ 4            │
│ sky130_fd_sc_hd__or4                                          │ 4            │
│ sky130_fd_sc_hd__tapvpwrvgnd                                  │ 72           │
│ sky130_fd_sc_hd__xnor2                                        │ 7            │
│ sky130_fd_sc_hd__xor2                                         │ 6            │
└───────────────────────────────────────────────────────────────┴──────────────┘
                                  Cells by SCL                                  
┏━━━━━━━━━━━━━━━━━━━━━━━━━━━━━━━━━━━━━━━━━━━━━━━━━━━━━━━┳━━━━━━━━━━━━━━━━━━━━━━┓
┃ SCL                                                   ┃ Count                ┃
┡━━━━━━━━━━━━━━━━━━━━━━━━━━━━━━━━━━━━━━━━━━━━━━━━━━━━━━━╇━━━━━━━━━━━━━━━━━━━━━━┩
│ sky130_ef_sc_hd                                       │ 59                   │
│ sky130_fd_sc_hd                                       │ 740                  │
└───────────────────────────────────────────────────────┴──────────────────────┘
                             Buffers by Cell Master                             
┏━━━━━━━━━━━━━━━━━━━━━━━━━━━━━━━━━━━━━━━━━━━━━━━━━━━━━━━━━━━━━━━━┳━━━━━━━━━━━━━┓
┃ Buffer                                                         ┃ Count       ┃
┡━━━━━━━━━━━━━━━━━━━━━━━━━━━━━━━━━━━━━━━━━━━━━━━━━━━━━━━━━━━━━━━━╇━━━━━━━━━━━━━┩
│ sky130_fd_sc_hd__buf_1                                         │ 16          │
│ sky130_fd_sc_hd__buf_2                                         │ 44          │
│ sky130_fd_sc_hd__clkbuf_1                                      │ 15          │
│ sky130_fd_sc_hd__clkbuf_16                                     │ 5           │
│ sky130_fd_sc_hd__clkbuf_2                                      │ 9           │
│ sky130_fd_sc_hd__clkbuf_4                                      │ 3           │
│ sky130_fd_sc_hd__clkbuf_8                                      │ 1           │
│ sky130_fd_sc_hd__dlygate4sd3_1                                 │ 4           │
│ sky130_fd_sc_hd__dlymetal6s2s_1                                │ 3           │
└────────────────────────────────────────────────────────────────┴─────────────┘
