
===========================================================================
report_checks -unconstrained
===========================================================================
======================= nom_ff_n40C_1v95 Corner ===================================

Startpoint: month[0] (input port clocked by __VIRTUAL_CLK__)
Endpoint: day_num[0] (output port clocked by __VIRTUAL_CLK__)
Path Group: __VIRTUAL_CLK__
Path Type: max

Fanout         Cap        Slew       Delay        Time   Description
---------------------------------------------------------------------------------------------
                      0.000000    0.000000    0.000000   clock __VIRTUAL_CLK__ (rise edge)
                                  0.000000    0.000000   clock network delay (ideal)
                                  2.000000    2.000000 v input external delay
     1    0.003266    0.005400    0.002695    2.002695 v month[0] (in)
                                                         month[0] (net)
                      0.005401    0.000000    2.002695 v input2/A (sky130_fd_sc_hd__buf_1)
     3    0.011562    0.049592    0.073862    2.076557 v input2/X (sky130_fd_sc_hd__buf_1)
                                                         net2 (net)
                      0.049594    0.000334    2.076890 v _06_/A (sky130_fd_sc_hd__or4b_1)
     2    0.008699    0.079109    0.329544    2.406435 v _06_/X (sky130_fd_sc_hd__or4b_1)
                                                         net9 (net)
                      0.079109    0.000190    2.406625 v _07_/C (sky130_fd_sc_hd__nor3_1)
     1    0.003710    0.115503    0.111867    2.518492 ^ _07_/Y (sky130_fd_sc_hd__nor3_1)
                                                         _01_ (net)
                      0.115503    0.000113    2.518605 ^ _10_/A (sky130_fd_sc_hd__or3_1)
     1    0.006236    0.050507    0.098293    2.616899 ^ _10_/X (sky130_fd_sc_hd__or3_1)
                                                         net8 (net)
                      0.050507    0.000270    2.617169 ^ output8/A (sky130_fd_sc_hd__buf_2)
     1    0.034578    0.129275    0.143801    2.760970 ^ output8/X (sky130_fd_sc_hd__buf_2)
                                                         day_num[0] (net)
                      0.129282    0.000805    2.761775 ^ day_num[0] (out)
                                              2.761775   data arrival time

                      0.000000   10.000000   10.000000   clock __VIRTUAL_CLK__ (rise edge)
                                  0.000000   10.000000   clock network delay (ideal)
                                 -0.250000    9.750000   clock uncertainty
                                  0.000000    9.750000   clock reconvergence pessimism
                                 -2.000000    7.750000   output external delay
                                              7.750000   data required time
---------------------------------------------------------------------------------------------
                                              7.750000   data required time
                                             -2.761775   data arrival time
---------------------------------------------------------------------------------------------
                                              4.988225   slack (MET)




===========================================================================
report_checks --slack_max -0.01
============================================================================
======================= nom_ff_n40C_1v95 Corner ===================================

No paths found.


===========================================================================
 report_check_types -max_slew -max_cap -max_fanout -violators
============================================================================
======================= nom_ff_n40C_1v95 Corner ===================================



===========================================================================
report_parasitic_annotation -report_unannotated
============================================================================
Found 11 unannotated drivers.
 year[2]
 year[3]
 year[4]
 year[5]
 year[6]
 decode_day_12/HI
 decode_day_13/HI
 decode_day_14/LO
 decode_day_15/LO
 decode_day_16/LO
 decode_day_17/LO
Found 0 partially unannotated drivers.

===========================================================================
max slew violation count 0
max fanout violation count 0
max cap violation count 0
============================================================================

===========================================================================
check_setup -verbose -unconstrained_endpoints -multiple_clock -no_clock -no_input_delay -loops -generated_clocks
===========================================================================
Warning: There are 6 unconstrained endpoints.
  day_num[2]
  day_num[3]
  day_num[4]
  hour_num[0]
  hour_num[1]
  hour_num[3]
