Reading timing models for corner nom_ff_n40C_1v95…
Reading cell library for the 'nom_ff_n40C_1v95' corner at '/home/kien/.volare/volare/sky130/versions/0fe599b2afb6708d281543108caf8310912f54af/sky130A/libs.ref/sky130_fd_sc_hd/lib/sky130_fd_sc_hd__ff_n40C_1v95.lib'…
Reading top-level netlist at '/home/kien/openlane2/MARCO/decode_day/runs/RUN_2026-01-15_20-14-16/50-openroad-fillinsertion/decode_day.nl.v'…
Linking design 'decode_day' from netlist…
Warning: /home/kien/openlane2/MARCO/decode_day/runs/RUN_2026-01-15_20-14-16/50-openroad-fillinsertion/decode_day.nl.v line 63, module sky130_fd_sc_hd__fill_1 not found. Creating black box for FILLER_0_7.
Warning: /home/kien/openlane2/MARCO/decode_day/runs/RUN_2026-01-15_20-14-16/50-openroad-fillinsertion/decode_day.nl.v line 88, module sky130_fd_sc_hd__tapvpwrvgnd_1 not found. Creating black box for TAP_TAPCELL_ROW_0_20.
Warning: /home/kien/openlane2/MARCO/decode_day/runs/RUN_2026-01-15_20-14-16/50-openroad-fillinsertion/decode_day.nl.v line 134, module sky130_fd_sc_hd__fill_2 not found. Creating black box for FILLER_0_75.
Warning: /home/kien/openlane2/MARCO/decode_day/runs/RUN_2026-01-15_20-14-16/50-openroad-fillinsertion/decode_day.nl.v line 135, module sky130_ef_sc_hd__decap_12 not found. Creating black box for FILLER_1_3.
Reading design constraints file at '/nix/store/4pyixb03xfwwy77zxxplrggxrmm9f57y-python3-3.11.9-env/lib/python3.11/site-packages/openlane/scripts/base.sdc'…
Warning: base.sdc line 15, port '__VIRTUAL_CLK__' not found.
[INFO] Using clock __VIRTUAL_CLK__…
[INFO] Setting output delay to: 2
[INFO] Setting input delay to: 2
Warning: base.sdc line 32, port '__VIRTUAL_CLK__' not found.
[INFO] Setting load to: 0.033442
[INFO] Setting clock uncertainty to: 0.25
[INFO] Setting clock transition to: 0.1499999999999999944488848768742172978818416595458984375
Warning: base.sdc line 69, transition time can not be specified for virtual clocks.
[INFO] Setting timing derate to: 5%
Warning: base.sdc line 79, virtual clock __VIRTUAL_CLK__ can not be propagated.
Reading top-level design parasitics for the 'nom_ff_n40C_1v95' corner at '/home/kien/openlane2/MARCO/decode_day/runs/RUN_2026-01-15_20-14-16/52-openroad-rcx/nom/decode_day.nom.spef'…
%OL_CREATE_REPORT min.rpt

===========================================================================
report_checks -path_delay min (Hold)
============================================================================
======================= nom_ff_n40C_1v95 Corner ===================================

Startpoint: am_pm (input port clocked by __VIRTUAL_CLK__)
Endpoint: hour_num[4] (output port clocked by __VIRTUAL_CLK__)
Path Group: __VIRTUAL_CLK__
Path Type: min

Fanout         Cap        Slew       Delay        Time   Description
---------------------------------------------------------------------------------------------
                      0.000000    0.000000    0.000000   clock __VIRTUAL_CLK__ (rise edge)
                                  0.000000    0.000000   clock network delay (ideal)
                                  2.000000    2.000000 ^ input external delay
     1    0.003902    0.017871    0.010144    2.010144 ^ am_pm (in)
                                                         am_pm (net)
                      0.017872    0.000000    2.010144 ^ input1/A (sky130_fd_sc_hd__buf_1)
     2    0.013142    0.119313    0.109017    2.119161 ^ input1/X (sky130_fd_sc_hd__buf_1)
                                                         net1 (net)
                      0.119321    0.000828    2.119990 ^ _04_/A (sky130_fd_sc_hd__inv_2)
     1    0.001940    0.021914    0.010168    2.130158 v _04_/Y (sky130_fd_sc_hd__inv_2)
                                                         net11 (net)
                      0.021914    0.000037    2.130195 v output11/A (sky130_fd_sc_hd__buf_2)
     1    0.034629    0.063365    0.114369    2.244564 v output11/X (sky130_fd_sc_hd__buf_2)
                                                         hour_num[4] (net)
                      0.063376    0.000819    2.245383 v hour_num[4] (out)
                                              2.245383   data arrival time

                      0.000000    0.000000    0.000000   clock __VIRTUAL_CLK__ (rise edge)
                                  0.000000    0.000000   clock network delay (ideal)
                                  0.250000    0.250000   clock uncertainty
                                  0.000000    0.250000   clock reconvergence pessimism
                                 -2.000000   -1.750000   output external delay
                                             -1.750000   data required time
---------------------------------------------------------------------------------------------
                                             -1.750000   data required time
                                             -2.245383   data arrival time
---------------------------------------------------------------------------------------------
                                              3.995383   slack (MET)


Startpoint: am_pm (input port clocked by __VIRTUAL_CLK__)
Endpoint: hour_num[2] (output port clocked by __VIRTUAL_CLK__)
Path Group: __VIRTUAL_CLK__
Path Type: min

Fanout         Cap        Slew       Delay        Time   Description
---------------------------------------------------------------------------------------------
                      0.000000    0.000000    0.000000   clock __VIRTUAL_CLK__ (rise edge)
                                  0.000000    0.000000   clock network delay (ideal)
                                  2.000000    2.000000 v input external delay
     1    0.003714    0.006054    0.003098    2.003098 v am_pm (in)
                                                         am_pm (net)
                      0.006055    0.000000    2.003098 v input1/A (sky130_fd_sc_hd__buf_1)
     2    0.012589    0.053487    0.076853    2.079951 v input1/X (sky130_fd_sc_hd__buf_1)
                                                         net1 (net)
                      0.053498    0.000739    2.080690 v _17_/A (sky130_fd_sc_hd__clkbuf_1)
     1    0.001983    0.015795    0.062592    2.143282 v _17_/X (sky130_fd_sc_hd__clkbuf_1)
                                                         net10 (net)
                      0.015795    0.000039    2.143321 v output10/A (sky130_fd_sc_hd__buf_2)
     1    0.034413    0.062977    0.111977    2.255298 v output10/X (sky130_fd_sc_hd__buf_2)
                                                         hour_num[2] (net)
                      0.062986    0.000748    2.256046 v hour_num[2] (out)
                                              2.256046   data arrival time

                      0.000000    0.000000    0.000000   clock __VIRTUAL_CLK__ (rise edge)
                                  0.000000    0.000000   clock network delay (ideal)
                                  0.250000    0.250000   clock uncertainty
                                  0.000000    0.250000   clock reconvergence pessimism
                                 -2.000000   -1.750000   output external delay
                                             -1.750000   data required time
---------------------------------------------------------------------------------------------
                                             -1.750000   data required time
                                             -2.256046   data arrival time
---------------------------------------------------------------------------------------------
                                              4.006046   slack (MET)


Startpoint: month[1] (input port clocked by __VIRTUAL_CLK__)
Endpoint: day_num[1] (output port clocked by __VIRTUAL_CLK__)
Path Group: __VIRTUAL_CLK__
Path Type: min

Fanout         Cap        Slew       Delay        Time   Description
---------------------------------------------------------------------------------------------
                      0.000000    0.000000    0.000000   clock __VIRTUAL_CLK__ (rise edge)
                                  0.000000    0.000000   clock network delay (ideal)
                                  2.000000    2.000000 v input external delay
     1    0.003114    0.005178    0.002560    2.002559 v month[1] (in)
                                                         month[1] (net)
                      0.005179    0.000000    2.002559 v input3/A (sky130_fd_sc_hd__clkbuf_1)
     2    0.006355    0.030929    0.058157    2.060717 v input3/X (sky130_fd_sc_hd__clkbuf_1)
                                                         net3 (net)
                      0.030929    0.000122    2.060839 v _06_/D_N (sky130_fd_sc_hd__or4b_1)
     2    0.009207    0.069350    0.133646    2.194485 ^ _06_/X (sky130_fd_sc_hd__or4b_1)
                                                         net9 (net)
                      0.069351    0.000353    2.194838 ^ output9/A (sky130_fd_sc_hd__buf_2)
     1    0.034319    0.128296    0.147726    2.342564 ^ output9/X (sky130_fd_sc_hd__buf_2)
                                                         day_num[1] (net)
                      0.128340    0.000733    2.343297 ^ day_num[1] (out)
                                              2.343297   data arrival time

                      0.000000    0.000000    0.000000   clock __VIRTUAL_CLK__ (rise edge)
                                  0.000000    0.000000   clock network delay (ideal)
                                  0.250000    0.250000   clock uncertainty
                                  0.000000    0.250000   clock reconvergence pessimism
                                 -2.000000   -1.750000   output external delay
                                             -1.750000   data required time
---------------------------------------------------------------------------------------------
                                             -1.750000   data required time
                                             -2.343297   data arrival time
---------------------------------------------------------------------------------------------
                                              4.093297   slack (MET)


Startpoint: month[3] (input port clocked by __VIRTUAL_CLK__)
Endpoint: day_num[0] (output port clocked by __VIRTUAL_CLK__)
Path Group: __VIRTUAL_CLK__
Path Type: min

Fanout         Cap        Slew       Delay        Time   Description
---------------------------------------------------------------------------------------------
                      0.000000    0.000000    0.000000   clock __VIRTUAL_CLK__ (rise edge)
                                  0.000000    0.000000   clock network delay (ideal)
                                  2.000000    2.000000 v input external delay
     1    0.003914    0.006357    0.003277    2.003277 v month[3] (in)
                                                         month[3] (net)
                      0.006362    0.000000    2.003277 v input5/A (sky130_fd_sc_hd__buf_1)
     3    0.007770    0.036140    0.062998    2.066276 v input5/X (sky130_fd_sc_hd__buf_1)
                                                         net5 (net)
                      0.036141    0.000254    2.066530 v _08_/C1 (sky130_fd_sc_hd__a211oi_1)
     1    0.002035    0.074344    0.068969    2.135499 ^ _08_/Y (sky130_fd_sc_hd__a211oi_1)
                                                         _02_ (net)
                      0.074344    0.000039    2.135537 ^ _10_/B (sky130_fd_sc_hd__or3_1)
     1    0.006236    0.049534    0.088546    2.224083 ^ _10_/X (sky130_fd_sc_hd__or3_1)
                                                         net8 (net)
                      0.049534    0.000270    2.224353 ^ output8/A (sky130_fd_sc_hd__buf_2)
     1    0.034578    0.129278    0.143506    2.367859 ^ output8/X (sky130_fd_sc_hd__buf_2)
                                                         day_num[0] (net)
                      0.129285    0.000805    2.368665 ^ day_num[0] (out)
                                              2.368665   data arrival time

                      0.000000    0.000000    0.000000   clock __VIRTUAL_CLK__ (rise edge)
                                  0.000000    0.000000   clock network delay (ideal)
                                  0.250000    0.250000   clock uncertainty
                                  0.000000    0.250000   clock reconvergence pessimism
                                 -2.000000   -1.750000   output external delay
                                             -1.750000   data required time
---------------------------------------------------------------------------------------------
                                             -1.750000   data required time
                                             -2.368665   data arrival time
---------------------------------------------------------------------------------------------
                                              4.118665   slack (MET)



%OL_END_REPORT
%OL_CREATE_REPORT max.rpt

===========================================================================
report_checks -path_delay max (Setup)
============================================================================
======================= nom_ff_n40C_1v95 Corner ===================================

Startpoint: month[0] (input port clocked by __VIRTUAL_CLK__)
Endpoint: day_num[0] (output port clocked by __VIRTUAL_CLK__)
Path Group: __VIRTUAL_CLK__
Path Type: max

Fanout         Cap        Slew       Delay        Time   Description
---------------------------------------------------------------------------------------------
                      0.000000    0.000000    0.000000   clock __VIRTUAL_CLK__ (rise edge)
                                  0.000000    0.000000   clock network delay (ideal)
                                  2.000000    2.000000 v input external delay
     1    0.003266    0.005400    0.002695    2.002695 v month[0] (in)
                                                         month[0] (net)
                      0.005401    0.000000    2.002695 v input2/A (sky130_fd_sc_hd__buf_1)
     3    0.011562    0.049592    0.073862    2.076557 v input2/X (sky130_fd_sc_hd__buf_1)
                                                         net2 (net)
                      0.049594    0.000334    2.076890 v _06_/A (sky130_fd_sc_hd__or4b_1)
     2    0.008699    0.079109    0.329544    2.406435 v _06_/X (sky130_fd_sc_hd__or4b_1)
                                                         net9 (net)
                      0.079109    0.000190    2.406625 v _07_/C (sky130_fd_sc_hd__nor3_1)
     1    0.003710    0.115503    0.111867    2.518492 ^ _07_/Y (sky130_fd_sc_hd__nor3_1)
                                                         _01_ (net)
                      0.115503    0.000113    2.518605 ^ _10_/A (sky130_fd_sc_hd__or3_1)
     1    0.006236    0.050507    0.098293    2.616899 ^ _10_/X (sky130_fd_sc_hd__or3_1)
                                                         net8 (net)
                      0.050507    0.000270    2.617169 ^ output8/A (sky130_fd_sc_hd__buf_2)
     1    0.034578    0.129275    0.143801    2.760970 ^ output8/X (sky130_fd_sc_hd__buf_2)
                                                         day_num[0] (net)
                      0.129282    0.000805    2.761775 ^ day_num[0] (out)
                                              2.761775   data arrival time

                      0.000000   10.000000   10.000000   clock __VIRTUAL_CLK__ (rise edge)
                                  0.000000   10.000000   clock network delay (ideal)
                                 -0.250000    9.750000   clock uncertainty
                                  0.000000    9.750000   clock reconvergence pessimism
                                 -2.000000    7.750000   output external delay
                                              7.750000   data required time
---------------------------------------------------------------------------------------------
                                              7.750000   data required time
                                             -2.761775   data arrival time
---------------------------------------------------------------------------------------------
                                              4.988225   slack (MET)


Startpoint: month[0] (input port clocked by __VIRTUAL_CLK__)
Endpoint: day_num[1] (output port clocked by __VIRTUAL_CLK__)
Path Group: __VIRTUAL_CLK__
Path Type: max

Fanout         Cap        Slew       Delay        Time   Description
---------------------------------------------------------------------------------------------
                      0.000000    0.000000    0.000000   clock __VIRTUAL_CLK__ (rise edge)
                                  0.000000    0.000000   clock network delay (ideal)
                                  2.000000    2.000000 v input external delay
     1    0.003266    0.005400    0.002695    2.002695 v month[0] (in)
                                                         month[0] (net)
                      0.005401    0.000000    2.002695 v input2/A (sky130_fd_sc_hd__buf_1)
     3    0.011562    0.049592    0.073862    2.076557 v input2/X (sky130_fd_sc_hd__buf_1)
                                                         net2 (net)
                      0.049594    0.000334    2.076890 v _06_/A (sky130_fd_sc_hd__or4b_1)
     2    0.008699    0.079109    0.329544    2.406435 v _06_/X (sky130_fd_sc_hd__or4b_1)
                                                         net9 (net)
                      0.079109    0.000335    2.406770 v output9/A (sky130_fd_sc_hd__buf_2)
     1    0.034319    0.062957    0.137043    2.543813 v output9/X (sky130_fd_sc_hd__buf_2)
                                                         day_num[1] (net)
                      0.062966    0.000733    2.544546 v day_num[1] (out)
                                              2.544546   data arrival time

                      0.000000   10.000000   10.000000   clock __VIRTUAL_CLK__ (rise edge)
                                  0.000000   10.000000   clock network delay (ideal)
                                 -0.250000    9.750000   clock uncertainty
                                  0.000000    9.750000   clock reconvergence pessimism
                                 -2.000000    7.750000   output external delay
                                              7.750000   data required time
---------------------------------------------------------------------------------------------
                                              7.750000   data required time
                                             -2.544546   data arrival time
---------------------------------------------------------------------------------------------
                                              5.205454   slack (MET)


Startpoint: am_pm (input port clocked by __VIRTUAL_CLK__)
Endpoint: hour_num[2] (output port clocked by __VIRTUAL_CLK__)
Path Group: __VIRTUAL_CLK__
Path Type: max

Fanout         Cap        Slew       Delay        Time   Description
---------------------------------------------------------------------------------------------
                      0.000000    0.000000    0.000000   clock __VIRTUAL_CLK__ (rise edge)
                                  0.000000    0.000000   clock network delay (ideal)
                                  2.000000    2.000000 ^ input external delay
     1    0.003902    0.017871    0.010144    2.010144 ^ am_pm (in)
                                                         am_pm (net)
                      0.017872    0.000000    2.010144 ^ input1/A (sky130_fd_sc_hd__buf_1)
     2    0.013142    0.119313    0.109017    2.119161 ^ input1/X (sky130_fd_sc_hd__buf_1)
                                                         net1 (net)
                      0.119320    0.000782    2.119943 ^ _17_/A (sky130_fd_sc_hd__clkbuf_1)
     1    0.002142    0.028170    0.056609    2.176552 ^ _17_/X (sky130_fd_sc_hd__clkbuf_1)
                                                         net10 (net)
                      0.028170    0.000042    2.176594 ^ output10/A (sky130_fd_sc_hd__buf_2)
     1    0.034413    0.128790    0.136660    2.313254 ^ output10/X (sky130_fd_sc_hd__buf_2)
                                                         hour_num[2] (net)
                      0.128796    0.000748    2.314002 ^ hour_num[2] (out)
                                              2.314002   data arrival time

                      0.000000   10.000000   10.000000   clock __VIRTUAL_CLK__ (rise edge)
                                  0.000000   10.000000   clock network delay (ideal)
                                 -0.250000    9.750000   clock uncertainty
                                  0.000000    9.750000   clock reconvergence pessimism
                                 -2.000000    7.750000   output external delay
                                              7.750000   data required time
---------------------------------------------------------------------------------------------
                                              7.750000   data required time
                                             -2.314002   data arrival time
---------------------------------------------------------------------------------------------
                                              5.435997   slack (MET)


Startpoint: am_pm (input port clocked by __VIRTUAL_CLK__)
Endpoint: hour_num[4] (output port clocked by __VIRTUAL_CLK__)
Path Group: __VIRTUAL_CLK__
Path Type: max

Fanout         Cap        Slew       Delay        Time   Description
---------------------------------------------------------------------------------------------
                      0.000000    0.000000    0.000000   clock __VIRTUAL_CLK__ (rise edge)
                                  0.000000    0.000000   clock network delay (ideal)
                                  2.000000    2.000000 v input external delay
     1    0.003714    0.006054    0.003098    2.003098 v am_pm (in)
                                                         am_pm (net)
                      0.006055    0.000000    2.003098 v input1/A (sky130_fd_sc_hd__buf_1)
     2    0.012589    0.053487    0.076853    2.079951 v input1/X (sky130_fd_sc_hd__buf_1)
                                                         net1 (net)
                      0.053521    0.000783    2.080734 v _04_/A (sky130_fd_sc_hd__inv_2)
     1    0.002099    0.019952    0.032931    2.113664 ^ _04_/Y (sky130_fd_sc_hd__inv_2)
                                                         net11 (net)
                      0.019952    0.000040    2.113705 ^ output11/A (sky130_fd_sc_hd__buf_2)
     1    0.034629    0.129575    0.134702    2.248407 ^ output11/X (sky130_fd_sc_hd__buf_2)
                                                         hour_num[4] (net)
                      0.129582    0.000820    2.249227 ^ hour_num[4] (out)
                                              2.249227   data arrival time

                      0.000000   10.000000   10.000000   clock __VIRTUAL_CLK__ (rise edge)
                                  0.000000   10.000000   clock network delay (ideal)
                                 -0.250000    9.750000   clock uncertainty
                                  0.000000    9.750000   clock reconvergence pessimism
                                 -2.000000    7.750000   output external delay
                                              7.750000   data required time
---------------------------------------------------------------------------------------------
                                              7.750000   data required time
                                             -2.249227   data arrival time
---------------------------------------------------------------------------------------------
                                              5.500773   slack (MET)



%OL_END_REPORT
%OL_CREATE_REPORT checks.rpt

===========================================================================
report_checks -unconstrained
===========================================================================
======================= nom_ff_n40C_1v95 Corner ===================================

Startpoint: month[0] (input port clocked by __VIRTUAL_CLK__)
Endpoint: day_num[0] (output port clocked by __VIRTUAL_CLK__)
Path Group: __VIRTUAL_CLK__
Path Type: max

Fanout         Cap        Slew       Delay        Time   Description
---------------------------------------------------------------------------------------------
                      0.000000    0.000000    0.000000   clock __VIRTUAL_CLK__ (rise edge)
                                  0.000000    0.000000   clock network delay (ideal)
                                  2.000000    2.000000 v input external delay
     1    0.003266    0.005400    0.002695    2.002695 v month[0] (in)
                                                         month[0] (net)
                      0.005401    0.000000    2.002695 v input2/A (sky130_fd_sc_hd__buf_1)
     3    0.011562    0.049592    0.073862    2.076557 v input2/X (sky130_fd_sc_hd__buf_1)
                                                         net2 (net)
                      0.049594    0.000334    2.076890 v _06_/A (sky130_fd_sc_hd__or4b_1)
     2    0.008699    0.079109    0.329544    2.406435 v _06_/X (sky130_fd_sc_hd__or4b_1)
                                                         net9 (net)
                      0.079109    0.000190    2.406625 v _07_/C (sky130_fd_sc_hd__nor3_1)
     1    0.003710    0.115503    0.111867    2.518492 ^ _07_/Y (sky130_fd_sc_hd__nor3_1)
                                                         _01_ (net)
                      0.115503    0.000113    2.518605 ^ _10_/A (sky130_fd_sc_hd__or3_1)
     1    0.006236    0.050507    0.098293    2.616899 ^ _10_/X (sky130_fd_sc_hd__or3_1)
                                                         net8 (net)
                      0.050507    0.000270    2.617169 ^ output8/A (sky130_fd_sc_hd__buf_2)
     1    0.034578    0.129275    0.143801    2.760970 ^ output8/X (sky130_fd_sc_hd__buf_2)
                                                         day_num[0] (net)
                      0.129282    0.000805    2.761775 ^ day_num[0] (out)
                                              2.761775   data arrival time

                      0.000000   10.000000   10.000000   clock __VIRTUAL_CLK__ (rise edge)
                                  0.000000   10.000000   clock network delay (ideal)
                                 -0.250000    9.750000   clock uncertainty
                                  0.000000    9.750000   clock reconvergence pessimism
                                 -2.000000    7.750000   output external delay
                                              7.750000   data required time
---------------------------------------------------------------------------------------------
                                              7.750000   data required time
                                             -2.761775   data arrival time
---------------------------------------------------------------------------------------------
                                              4.988225   slack (MET)




===========================================================================
report_checks --slack_max -0.01
============================================================================
======================= nom_ff_n40C_1v95 Corner ===================================

No paths found.


===========================================================================
 report_check_types -max_slew -max_cap -max_fanout -violators
============================================================================
======================= nom_ff_n40C_1v95 Corner ===================================



===========================================================================
report_parasitic_annotation -report_unannotated
============================================================================
Found 11 unannotated drivers.
 year[2]
 year[3]
 year[4]
 year[5]
 year[6]
 decode_day_12/HI
 decode_day_13/HI
 decode_day_14/LO
 decode_day_15/LO
 decode_day_16/LO
 decode_day_17/LO
Found 0 partially unannotated drivers.

===========================================================================
max slew violation count 0
%OL_METRIC_I design__max_slew_violation__count__corner:nom_ff_n40C_1v95 0
max fanout violation count 0
%OL_METRIC_I design__max_fanout_violation__count__corner:nom_ff_n40C_1v95 0
max cap violation count 0
%OL_METRIC_I design__max_cap_violation__count__corner:nom_ff_n40C_1v95 0
============================================================================

===========================================================================
check_setup -verbose -unconstrained_endpoints -multiple_clock -no_clock -no_input_delay -loops -generated_clocks
===========================================================================
Warning: There are 6 unconstrained endpoints.
  day_num[2]
  day_num[3]
  day_num[4]
  hour_num[0]
  hour_num[1]
  hour_num[3]
%OL_END_REPORT
%OL_CREATE_REPORT power.rpt

===========================================================================
 report_power
============================================================================
======================= nom_ff_n40C_1v95 Corner ===================================

Group                    Internal    Switching      Leakage        Total
                            Power        Power        Power        Power (Watts)
------------------------------------------------------------------------
Sequential           0.000000e+00 0.000000e+00 0.000000e+00 0.000000e+00   0.0%
Combinational        2.102882e-06 4.453390e-06 9.021434e-11 6.556362e-06 100.0%
Clock                0.000000e+00 0.000000e+00 1.482975e-10 1.482975e-10   0.0%
Macro                0.000000e+00 0.000000e+00 0.000000e+00 0.000000e+00   0.0%
Pad                  0.000000e+00 0.000000e+00 0.000000e+00 0.000000e+00   0.0%
------------------------------------------------------------------------
Total                2.102882e-06 4.453390e-06 2.385118e-10 6.556510e-06 100.0%
                            32.1%        67.9%         0.0%
%OL_METRIC_F power__internal__total 2.1028822629887145e-6
%OL_METRIC_F power__switching__total 4.453389919945039e-6
%OL_METRIC_F power__leakage__total 2.3851179364875463e-10
%OL_METRIC_F power__total 6.556510470545618e-6

%OL_END_REPORT
%OL_CREATE_REPORT skew.min.rpt

===========================================================================
Clock Skew (Hold)
============================================================================
%OL_METRIC_F clock__skew__worst_hold__corner:nom_ff_n40C_1v95 0.0
======================= nom_ff_n40C_1v95 Corner ===================================

Clock __VIRTUAL_CLK__
No launch/capture paths found.

%OL_END_REPORT
%OL_CREATE_REPORT skew.max.rpt

===========================================================================
Clock Skew (Setup)
============================================================================
%OL_METRIC_F clock__skew__worst_setup__corner:nom_ff_n40C_1v95 0.0
======================= nom_ff_n40C_1v95 Corner ===================================

Clock __VIRTUAL_CLK__
No launch/capture paths found.

%OL_END_REPORT
%OL_CREATE_REPORT ws.min.rpt

===========================================================================
Worst Slack (Hold)
============================================================================
%OL_METRIC_F timing__hold__ws__corner:nom_ff_n40C_1v95 3.995382804354606
nom_ff_n40C_1v95: 3.995382804354606
%OL_END_REPORT
%OL_CREATE_REPORT ws.max.rpt

===========================================================================
Worst Slack (Setup)
============================================================================
%OL_METRIC_F timing__setup__ws__corner:nom_ff_n40C_1v95 4.988225085290111
nom_ff_n40C_1v95: 4.988225085290111
%OL_END_REPORT
%OL_CREATE_REPORT tns.min.rpt

===========================================================================
Total Negative Slack (Hold)
============================================================================
%OL_METRIC_F timing__hold__tns__corner:nom_ff_n40C_1v95 0.0
nom_ff_n40C_1v95: 0.0
%OL_END_REPORT
%OL_CREATE_REPORT tns.max.rpt

===========================================================================
Total Negative Slack (Setup)
============================================================================
%OL_METRIC_F timing__setup__tns__corner:nom_ff_n40C_1v95 0.0
nom_ff_n40C_1v95: 0.0
%OL_END_REPORT
%OL_CREATE_REPORT wns.min.rpt

===========================================================================
Worst Negative Slack (Hold)
============================================================================
%OL_METRIC_F timing__hold__wns__corner:nom_ff_n40C_1v95 0
nom_ff_n40C_1v95: 0
%OL_END_REPORT
%OL_CREATE_REPORT wns.max.rpt

===========================================================================
Worst Negative Slack (Setup)
============================================================================
%OL_METRIC_F timing__setup__wns__corner:nom_ff_n40C_1v95 0.0
nom_ff_n40C_1v95: 0.0
%OL_END_REPORT
%OL_CREATE_REPORT violator_list.rpt

===========================================================================
Violator List
============================================================================
%OL_METRIC_I timing__hold_vio__count__corner:nom_ff_n40C_1v95 0
%OL_METRIC_F timing__hold_r2r__ws__corner:nom_ff_n40C_1v95 inf
%OL_METRIC_I timing__hold_r2r_vio__count__corner:nom_ff_n40C_1v95 0
%OL_METRIC_I timing__setup_vio__count__corner:nom_ff_n40C_1v95 0
%OL_METRIC_F timing__setup_r2r__ws__corner:nom_ff_n40C_1v95 inf
%OL_METRIC_I timing__setup_r2r_vio__count__corner:nom_ff_n40C_1v95 0
%OL_END_REPORT
%OL_CREATE_REPORT unpropagated.rpt
__VIRTUAL_CLK__
%OL_END_REPORT
%OL_CREATE_REPORT clock.rpt
Clock: __VIRTUAL_CLK__
Sources: 
Generated: no
Virtual: yes
Propagated: no
Period: 10.000000

===========================================================================
report_clock_properties
============================================================================
Clock                   Period          Waveform
----------------------------------------------------
__VIRTUAL_CLK__      10.000000    0.000000  5.000000

===========================================================================
report_clock_latency
============================================================================
Clock __VIRTUAL_CLK__


===========================================================================
report_clock_min_period
============================================================================
__VIRTUAL_CLK__ period_min = 0.00 fmax = inf
%OL_END_REPORT
Writing SDF files for all corners…
Removing Clock latencies before writing libs…
Writing timing models for all corners…
Writing timing models for the nom_ff_n40C_1v95 corner to /home/kien/openlane2/MARCO/decode_day/runs/RUN_2026-01-15_20-14-16/53-openroad-stapostpnr/nom_ff_n40C_1v95/decode_day__nom_ff_n40C_1v95.lib…
