Reading timing models for corner max_ff_n40C_1v95…
Reading cell library for the 'max_ff_n40C_1v95' corner at '/home/kien/.volare/volare/sky130/versions/0fe599b2afb6708d281543108caf8310912f54af/sky130A/libs.ref/sky130_fd_sc_hd/lib/sky130_fd_sc_hd__ff_n40C_1v95.lib'…
Reading top-level netlist at '/home/kien/openlane2/MARCO/decode_day/runs/RUN_2026-01-15_20-14-16/50-openroad-fillinsertion/decode_day.nl.v'…
Linking design 'decode_day' from netlist…
Warning: /home/kien/openlane2/MARCO/decode_day/runs/RUN_2026-01-15_20-14-16/50-openroad-fillinsertion/decode_day.nl.v line 63, module sky130_fd_sc_hd__fill_1 not found. Creating black box for FILLER_0_7.
Warning: /home/kien/openlane2/MARCO/decode_day/runs/RUN_2026-01-15_20-14-16/50-openroad-fillinsertion/decode_day.nl.v line 88, module sky130_fd_sc_hd__tapvpwrvgnd_1 not found. Creating black box for TAP_TAPCELL_ROW_0_20.
Warning: /home/kien/openlane2/MARCO/decode_day/runs/RUN_2026-01-15_20-14-16/50-openroad-fillinsertion/decode_day.nl.v line 134, module sky130_fd_sc_hd__fill_2 not found. Creating black box for FILLER_0_75.
Warning: /home/kien/openlane2/MARCO/decode_day/runs/RUN_2026-01-15_20-14-16/50-openroad-fillinsertion/decode_day.nl.v line 135, module sky130_ef_sc_hd__decap_12 not found. Creating black box for FILLER_1_3.
Reading design constraints file at '/nix/store/4pyixb03xfwwy77zxxplrggxrmm9f57y-python3-3.11.9-env/lib/python3.11/site-packages/openlane/scripts/base.sdc'…
Warning: base.sdc line 15, port '__VIRTUAL_CLK__' not found.
[INFO] Using clock __VIRTUAL_CLK__…
[INFO] Setting output delay to: 2
[INFO] Setting input delay to: 2
Warning: base.sdc line 32, port '__VIRTUAL_CLK__' not found.
[INFO] Setting load to: 0.033442
[INFO] Setting clock uncertainty to: 0.25
[INFO] Setting clock transition to: 0.1499999999999999944488848768742172978818416595458984375
Warning: base.sdc line 69, transition time can not be specified for virtual clocks.
[INFO] Setting timing derate to: 5%
Warning: base.sdc line 79, virtual clock __VIRTUAL_CLK__ can not be propagated.
Reading top-level design parasitics for the 'max_ff_n40C_1v95' corner at '/home/kien/openlane2/MARCO/decode_day/runs/RUN_2026-01-15_20-14-16/52-openroad-rcx/max/decode_day.max.spef'…
%OL_CREATE_REPORT min.rpt

===========================================================================
report_checks -path_delay min (Hold)
============================================================================
======================= max_ff_n40C_1v95 Corner ===================================

Startpoint: am_pm (input port clocked by __VIRTUAL_CLK__)
Endpoint: hour_num[4] (output port clocked by __VIRTUAL_CLK__)
Path Group: __VIRTUAL_CLK__
Path Type: min

Fanout         Cap        Slew       Delay        Time   Description
---------------------------------------------------------------------------------------------
                      0.000000    0.000000    0.000000   clock __VIRTUAL_CLK__ (rise edge)
                                  0.000000    0.000000   clock network delay (ideal)
                                  2.000000    2.000000 ^ input external delay
     1    0.003983    0.018137    0.010401    2.010401 ^ am_pm (in)
                                                         am_pm (net)
                      0.018139    0.000000    2.010401 ^ input1/A (sky130_fd_sc_hd__buf_1)
     2    0.013640    0.123616    0.111559    2.121961 ^ input1/X (sky130_fd_sc_hd__buf_1)
                                                         net1 (net)
                      0.123647    0.001620    2.123581 ^ _04_/A (sky130_fd_sc_hd__inv_2)
     1    0.001958    0.022475    0.009979    2.133560 v _04_/Y (sky130_fd_sc_hd__inv_2)
                                                         net11 (net)
                      0.022475    0.000088    2.133648 v output11/A (sky130_fd_sc_hd__buf_2)
     1    0.034685    0.063408    0.114021    2.247669 v output11/X (sky130_fd_sc_hd__buf_2)
                                                         hour_num[4] (net)
                      0.063464    0.001696    2.249365 v hour_num[4] (out)
                                              2.249365   data arrival time

                      0.000000    0.000000    0.000000   clock __VIRTUAL_CLK__ (rise edge)
                                  0.000000    0.000000   clock network delay (ideal)
                                  0.250000    0.250000   clock uncertainty
                                  0.000000    0.250000   clock reconvergence pessimism
                                 -2.000000   -1.750000   output external delay
                                             -1.750000   data required time
---------------------------------------------------------------------------------------------
                                             -1.750000   data required time
                                             -2.249365   data arrival time
---------------------------------------------------------------------------------------------
                                              3.999365   slack (MET)


Startpoint: am_pm (input port clocked by __VIRTUAL_CLK__)
Endpoint: hour_num[2] (output port clocked by __VIRTUAL_CLK__)
Path Group: __VIRTUAL_CLK__
Path Type: min

Fanout         Cap        Slew       Delay        Time   Description
---------------------------------------------------------------------------------------------
                      0.000000    0.000000    0.000000   clock __VIRTUAL_CLK__ (rise edge)
                                  0.000000    0.000000   clock network delay (ideal)
                                  2.000000    2.000000 v input external delay
     1    0.003795    0.006181    0.003210    2.003210 v am_pm (in)
                                                         am_pm (net)
                      0.006187    0.000000    2.003210 v input1/A (sky130_fd_sc_hd__buf_1)
     2    0.013087    0.055208    0.077910    2.081120 v input1/X (sky130_fd_sc_hd__buf_1)
                                                         net1 (net)
                      0.055283    0.001450    2.082570 v _17_/A (sky130_fd_sc_hd__clkbuf_1)
     1    0.001995    0.015900    0.063216    2.145787 v _17_/X (sky130_fd_sc_hd__clkbuf_1)
                                                         net10 (net)
                      0.015901    0.000092    2.145879 v output10/A (sky130_fd_sc_hd__buf_2)
     1    0.034467    0.063025    0.111478    2.257357 v output10/X (sky130_fd_sc_hd__buf_2)
                                                         hour_num[2] (net)
                      0.063076    0.001612    2.258968 v hour_num[2] (out)
                                              2.258968   data arrival time

                      0.000000    0.000000    0.000000   clock __VIRTUAL_CLK__ (rise edge)
                                  0.000000    0.000000   clock network delay (ideal)
                                  0.250000    0.250000   clock uncertainty
                                  0.000000    0.250000   clock reconvergence pessimism
                                 -2.000000   -1.750000   output external delay
                                             -1.750000   data required time
---------------------------------------------------------------------------------------------
                                             -1.750000   data required time
                                             -2.258968   data arrival time
---------------------------------------------------------------------------------------------
                                              4.008968   slack (MET)


Startpoint: month[1] (input port clocked by __VIRTUAL_CLK__)
Endpoint: day_num[1] (output port clocked by __VIRTUAL_CLK__)
Path Group: __VIRTUAL_CLK__
Path Type: min

Fanout         Cap        Slew       Delay        Time   Description
---------------------------------------------------------------------------------------------
                      0.000000    0.000000    0.000000   clock __VIRTUAL_CLK__ (rise edge)
                                  0.000000    0.000000   clock network delay (ideal)
                                  2.000000    2.000000 v input external delay
     1    0.003177    0.005266    0.002655    2.002656 v month[1] (in)
                                                         month[1] (net)
                      0.005275    0.000000    2.002656 v input3/A (sky130_fd_sc_hd__clkbuf_1)
     2    0.006521    0.031574    0.058622    2.061277 v input3/X (sky130_fd_sc_hd__clkbuf_1)
                                                         net3 (net)
                      0.031576    0.000237    2.061514 v _06_/D_N (sky130_fd_sc_hd__or4b_1)
     2    0.009565    0.071730    0.135499    2.197013 ^ _06_/X (sky130_fd_sc_hd__or4b_1)
                                                         net9 (net)
                      0.071734    0.000607    2.197621 ^ output9/A (sky130_fd_sc_hd__buf_2)
     1    0.034367    0.128598    0.147796    2.345417 ^ output9/X (sky130_fd_sc_hd__buf_2)
                                                         day_num[1] (net)
                      0.128627    0.001596    2.347012 ^ day_num[1] (out)
                                              2.347012   data arrival time

                      0.000000    0.000000    0.000000   clock __VIRTUAL_CLK__ (rise edge)
                                  0.000000    0.000000   clock network delay (ideal)
                                  0.250000    0.250000   clock uncertainty
                                  0.000000    0.250000   clock reconvergence pessimism
                                 -2.000000   -1.750000   output external delay
                                             -1.750000   data required time
---------------------------------------------------------------------------------------------
                                             -1.750000   data required time
                                             -2.347012   data arrival time
---------------------------------------------------------------------------------------------
                                              4.097012   slack (MET)


Startpoint: month[3] (input port clocked by __VIRTUAL_CLK__)
Endpoint: day_num[0] (output port clocked by __VIRTUAL_CLK__)
Path Group: __VIRTUAL_CLK__
Path Type: min

Fanout         Cap        Slew       Delay        Time   Description
---------------------------------------------------------------------------------------------
                      0.000000    0.000000    0.000000   clock __VIRTUAL_CLK__ (rise edge)
                                  0.000000    0.000000   clock network delay (ideal)
                                  2.000000    2.000000 v input external delay
     1    0.004016    0.006530    0.003408    2.003408 v month[3] (in)
                                                         month[3] (net)
                      0.006536    0.000000    2.003408 v input5/A (sky130_fd_sc_hd__buf_1)
     3    0.007935    0.036842    0.063380    2.066789 v input5/X (sky130_fd_sc_hd__buf_1)
                                                         net5 (net)
                      0.036853    0.000602    2.067390 v _08_/C1 (sky130_fd_sc_hd__a211oi_1)
     1    0.002035    0.074326    0.069197    2.136588 ^ _08_/Y (sky130_fd_sc_hd__a211oi_1)
                                                         _02_ (net)
                      0.074326    0.000093    2.136681 ^ _10_/B (sky130_fd_sc_hd__or3_1)
     1    0.006530    0.051507    0.089789    2.226470 ^ _10_/X (sky130_fd_sc_hd__or3_1)
                                                         net8 (net)
                      0.051513    0.000571    2.227041 ^ output8/A (sky130_fd_sc_hd__buf_2)
     1    0.034627    0.129535    0.143623    2.370664 ^ output8/X (sky130_fd_sc_hd__buf_2)
                                                         day_num[0] (net)
                      0.129567    0.001682    2.372346 ^ day_num[0] (out)
                                              2.372346   data arrival time

                      0.000000    0.000000    0.000000   clock __VIRTUAL_CLK__ (rise edge)
                                  0.000000    0.000000   clock network delay (ideal)
                                  0.250000    0.250000   clock uncertainty
                                  0.000000    0.250000   clock reconvergence pessimism
                                 -2.000000   -1.750000   output external delay
                                             -1.750000   data required time
---------------------------------------------------------------------------------------------
                                             -1.750000   data required time
                                             -2.372346   data arrival time
---------------------------------------------------------------------------------------------
                                              4.122346   slack (MET)



%OL_END_REPORT
%OL_CREATE_REPORT max.rpt

===========================================================================
report_checks -path_delay max (Setup)
============================================================================
======================= max_ff_n40C_1v95 Corner ===================================

Startpoint: month[0] (input port clocked by __VIRTUAL_CLK__)
Endpoint: day_num[0] (output port clocked by __VIRTUAL_CLK__)
Path Group: __VIRTUAL_CLK__
Path Type: max

Fanout         Cap        Slew       Delay        Time   Description
---------------------------------------------------------------------------------------------
                      0.000000    0.000000    0.000000   clock __VIRTUAL_CLK__ (rise edge)
                                  0.000000    0.000000   clock network delay (ideal)
                                  2.000000    2.000000 v input external delay
     1    0.003368    0.005551    0.002823    2.002823 v month[0] (in)
                                                         month[0] (net)
                      0.005559    0.000000    2.002823 v input2/A (sky130_fd_sc_hd__buf_1)
     3    0.011768    0.050278    0.074158    2.076980 v input2/X (sky130_fd_sc_hd__buf_1)
                                                         net2 (net)
                      0.050295    0.000878    2.077859 v _06_/A (sky130_fd_sc_hd__or4b_1)
     2    0.009057    0.080880    0.331583    2.409441 v _06_/X (sky130_fd_sc_hd__or4b_1)
                                                         net9 (net)
                      0.080880    0.000358    2.409800 v _07_/C (sky130_fd_sc_hd__nor3_1)
     1    0.003800    0.117107    0.113720    2.523520 ^ _07_/Y (sky130_fd_sc_hd__nor3_1)
                                                         _01_ (net)
                      0.117107    0.000228    2.523748 ^ _10_/A (sky130_fd_sc_hd__or3_1)
     1    0.006530    0.052339    0.099865    2.623613 ^ _10_/X (sky130_fd_sc_hd__or3_1)
                                                         net8 (net)
                      0.052344    0.000571    2.624184 ^ output8/A (sky130_fd_sc_hd__buf_2)
     1    0.034627    0.129533    0.143875    2.768059 ^ output8/X (sky130_fd_sc_hd__buf_2)
                                                         day_num[0] (net)
                      0.129565    0.001682    2.769741 ^ day_num[0] (out)
                                              2.769741   data arrival time

                      0.000000   10.000000   10.000000   clock __VIRTUAL_CLK__ (rise edge)
                                  0.000000   10.000000   clock network delay (ideal)
                                 -0.250000    9.750000   clock uncertainty
                                  0.000000    9.750000   clock reconvergence pessimism
                                 -2.000000    7.750000   output external delay
                                              7.750000   data required time
---------------------------------------------------------------------------------------------
                                              7.750000   data required time
                                             -2.769741   data arrival time
---------------------------------------------------------------------------------------------
                                              4.980259   slack (MET)


Startpoint: month[0] (input port clocked by __VIRTUAL_CLK__)
Endpoint: day_num[1] (output port clocked by __VIRTUAL_CLK__)
Path Group: __VIRTUAL_CLK__
Path Type: max

Fanout         Cap        Slew       Delay        Time   Description
---------------------------------------------------------------------------------------------
                      0.000000    0.000000    0.000000   clock __VIRTUAL_CLK__ (rise edge)
                                  0.000000    0.000000   clock network delay (ideal)
                                  2.000000    2.000000 v input external delay
     1    0.003368    0.005551    0.002823    2.002823 v month[0] (in)
                                                         month[0] (net)
                      0.005559    0.000000    2.002823 v input2/A (sky130_fd_sc_hd__buf_1)
     3    0.011768    0.050278    0.074158    2.076980 v input2/X (sky130_fd_sc_hd__buf_1)
                                                         net2 (net)
                      0.050295    0.000878    2.077859 v _06_/A (sky130_fd_sc_hd__or4b_1)
     2    0.009057    0.080880    0.331583    2.409441 v _06_/X (sky130_fd_sc_hd__or4b_1)
                                                         net9 (net)
                      0.080882    0.000576    2.410017 v output9/A (sky130_fd_sc_hd__buf_2)
     1    0.034367    0.063006    0.137224    2.547241 v output9/X (sky130_fd_sc_hd__buf_2)
                                                         day_num[1] (net)
                      0.063055    0.001593    2.548833 v day_num[1] (out)
                                              2.548833   data arrival time

                      0.000000   10.000000   10.000000   clock __VIRTUAL_CLK__ (rise edge)
                                  0.000000   10.000000   clock network delay (ideal)
                                 -0.250000    9.750000   clock uncertainty
                                  0.000000    9.750000   clock reconvergence pessimism
                                 -2.000000    7.750000   output external delay
                                              7.750000   data required time
---------------------------------------------------------------------------------------------
                                              7.750000   data required time
                                             -2.548833   data arrival time
---------------------------------------------------------------------------------------------
                                              5.201167   slack (MET)


Startpoint: am_pm (input port clocked by __VIRTUAL_CLK__)
Endpoint: hour_num[2] (output port clocked by __VIRTUAL_CLK__)
Path Group: __VIRTUAL_CLK__
Path Type: max

Fanout         Cap        Slew       Delay        Time   Description
---------------------------------------------------------------------------------------------
                      0.000000    0.000000    0.000000   clock __VIRTUAL_CLK__ (rise edge)
                                  0.000000    0.000000   clock network delay (ideal)
                                  2.000000    2.000000 ^ input external delay
     1    0.003983    0.018137    0.010401    2.010401 ^ am_pm (in)
                                                         am_pm (net)
                      0.018139    0.000000    2.010401 ^ input1/A (sky130_fd_sc_hd__buf_1)
     2    0.013640    0.123616    0.111559    2.121961 ^ input1/X (sky130_fd_sc_hd__buf_1)
                                                         net1 (net)
                      0.123644    0.001532    2.123492 ^ _17_/A (sky130_fd_sc_hd__clkbuf_1)
     1    0.002154    0.028318    0.056859    2.180352 ^ _17_/X (sky130_fd_sc_hd__clkbuf_1)
                                                         net10 (net)
                      0.028318    0.000100    2.180452 ^ output10/A (sky130_fd_sc_hd__buf_2)
     1    0.034467    0.129021    0.136246    2.316697 ^ output10/X (sky130_fd_sc_hd__buf_2)
                                                         hour_num[2] (net)
                      0.129051    0.001615    2.318312 ^ hour_num[2] (out)
                                              2.318312   data arrival time

                      0.000000   10.000000   10.000000   clock __VIRTUAL_CLK__ (rise edge)
                                  0.000000   10.000000   clock network delay (ideal)
                                 -0.250000    9.750000   clock uncertainty
                                  0.000000    9.750000   clock reconvergence pessimism
                                 -2.000000    7.750000   output external delay
                                              7.750000   data required time
---------------------------------------------------------------------------------------------
                                              7.750000   data required time
                                             -2.318312   data arrival time
---------------------------------------------------------------------------------------------
                                              5.431688   slack (MET)


Startpoint: am_pm (input port clocked by __VIRTUAL_CLK__)
Endpoint: hour_num[4] (output port clocked by __VIRTUAL_CLK__)
Path Group: __VIRTUAL_CLK__
Path Type: max

Fanout         Cap        Slew       Delay        Time   Description
---------------------------------------------------------------------------------------------
                      0.000000    0.000000    0.000000   clock __VIRTUAL_CLK__ (rise edge)
                                  0.000000    0.000000   clock network delay (ideal)
                                  2.000000    2.000000 v input external delay
     1    0.003795    0.006181    0.003210    2.003210 v am_pm (in)
                                                         am_pm (net)
                      0.006187    0.000000    2.003210 v input1/A (sky130_fd_sc_hd__buf_1)
     2    0.013087    0.055208    0.077910    2.081120 v input1/X (sky130_fd_sc_hd__buf_1)
                                                         net1 (net)
                      0.055289    0.001532    2.082652 v _04_/A (sky130_fd_sc_hd__inv_2)
     1    0.002117    0.020263    0.033390    2.116043 ^ _04_/Y (sky130_fd_sc_hd__inv_2)
                                                         net11 (net)
                      0.020263    0.000096    2.116138 ^ output11/A (sky130_fd_sc_hd__buf_2)
     1    0.034685    0.129419    0.134389    2.250527 ^ output11/X (sky130_fd_sc_hd__buf_2)
                                                         hour_num[4] (net)
                      0.129451    0.001699    2.252226 ^ hour_num[4] (out)
                                              2.252226   data arrival time

                      0.000000   10.000000   10.000000   clock __VIRTUAL_CLK__ (rise edge)
                                  0.000000   10.000000   clock network delay (ideal)
                                 -0.250000    9.750000   clock uncertainty
                                  0.000000    9.750000   clock reconvergence pessimism
                                 -2.000000    7.750000   output external delay
                                              7.750000   data required time
---------------------------------------------------------------------------------------------
                                              7.750000   data required time
                                             -2.252226   data arrival time
---------------------------------------------------------------------------------------------
                                              5.497774   slack (MET)



%OL_END_REPORT
%OL_CREATE_REPORT checks.rpt

===========================================================================
report_checks -unconstrained
===========================================================================
======================= max_ff_n40C_1v95 Corner ===================================

Startpoint: month[0] (input port clocked by __VIRTUAL_CLK__)
Endpoint: day_num[0] (output port clocked by __VIRTUAL_CLK__)
Path Group: __VIRTUAL_CLK__
Path Type: max

Fanout         Cap        Slew       Delay        Time   Description
---------------------------------------------------------------------------------------------
                      0.000000    0.000000    0.000000   clock __VIRTUAL_CLK__ (rise edge)
                                  0.000000    0.000000   clock network delay (ideal)
                                  2.000000    2.000000 v input external delay
     1    0.003368    0.005551    0.002823    2.002823 v month[0] (in)
                                                         month[0] (net)
                      0.005559    0.000000    2.002823 v input2/A (sky130_fd_sc_hd__buf_1)
     3    0.011768    0.050278    0.074158    2.076980 v input2/X (sky130_fd_sc_hd__buf_1)
                                                         net2 (net)
                      0.050295    0.000878    2.077859 v _06_/A (sky130_fd_sc_hd__or4b_1)
     2    0.009057    0.080880    0.331583    2.409441 v _06_/X (sky130_fd_sc_hd__or4b_1)
                                                         net9 (net)
                      0.080880    0.000358    2.409800 v _07_/C (sky130_fd_sc_hd__nor3_1)
     1    0.003800    0.117107    0.113720    2.523520 ^ _07_/Y (sky130_fd_sc_hd__nor3_1)
                                                         _01_ (net)
                      0.117107    0.000228    2.523748 ^ _10_/A (sky130_fd_sc_hd__or3_1)
     1    0.006530    0.052339    0.099865    2.623613 ^ _10_/X (sky130_fd_sc_hd__or3_1)
                                                         net8 (net)
                      0.052344    0.000571    2.624184 ^ output8/A (sky130_fd_sc_hd__buf_2)
     1    0.034627    0.129533    0.143875    2.768059 ^ output8/X (sky130_fd_sc_hd__buf_2)
                                                         day_num[0] (net)
                      0.129565    0.001682    2.769741 ^ day_num[0] (out)
                                              2.769741   data arrival time

                      0.000000   10.000000   10.000000   clock __VIRTUAL_CLK__ (rise edge)
                                  0.000000   10.000000   clock network delay (ideal)
                                 -0.250000    9.750000   clock uncertainty
                                  0.000000    9.750000   clock reconvergence pessimism
                                 -2.000000    7.750000   output external delay
                                              7.750000   data required time
---------------------------------------------------------------------------------------------
                                              7.750000   data required time
                                             -2.769741   data arrival time
---------------------------------------------------------------------------------------------
                                              4.980259   slack (MET)




===========================================================================
report_checks --slack_max -0.01
============================================================================
======================= max_ff_n40C_1v95 Corner ===================================

No paths found.


===========================================================================
 report_check_types -max_slew -max_cap -max_fanout -violators
============================================================================
======================= max_ff_n40C_1v95 Corner ===================================



===========================================================================
report_parasitic_annotation -report_unannotated
============================================================================
Found 11 unannotated drivers.
 year[2]
 year[3]
 year[4]
 year[5]
 year[6]
 decode_day_12/HI
 decode_day_13/HI
 decode_day_14/LO
 decode_day_15/LO
 decode_day_16/LO
 decode_day_17/LO
Found 0 partially unannotated drivers.

===========================================================================
max slew violation count 0
%OL_METRIC_I design__max_slew_violation__count__corner:max_ff_n40C_1v95 0
max fanout violation count 0
%OL_METRIC_I design__max_fanout_violation__count__corner:max_ff_n40C_1v95 0
max cap violation count 0
%OL_METRIC_I design__max_cap_violation__count__corner:max_ff_n40C_1v95 0
============================================================================

===========================================================================
check_setup -verbose -unconstrained_endpoints -multiple_clock -no_clock -no_input_delay -loops -generated_clocks
===========================================================================
Warning: There are 6 unconstrained endpoints.
  day_num[2]
  day_num[3]
  day_num[4]
  hour_num[0]
  hour_num[1]
  hour_num[3]
%OL_END_REPORT
%OL_CREATE_REPORT power.rpt

===========================================================================
 report_power
============================================================================
======================= max_ff_n40C_1v95 Corner ===================================

Group                    Internal    Switching      Leakage        Total
                            Power        Power        Power        Power (Watts)
------------------------------------------------------------------------
Sequential           0.000000e+00 0.000000e+00 0.000000e+00 0.000000e+00   0.0%
Combinational        2.104264e-06 4.498367e-06 9.021434e-11 6.602721e-06 100.0%
Clock                0.000000e+00 0.000000e+00 1.482975e-10 1.482975e-10   0.0%
Macro                0.000000e+00 0.000000e+00 0.000000e+00 0.000000e+00   0.0%
Pad                  0.000000e+00 0.000000e+00 0.000000e+00 0.000000e+00   0.0%
------------------------------------------------------------------------
Total                2.104264e-06 4.498367e-06 2.385118e-10 6.602870e-06 100.0%
                            31.9%        68.1%         0.0%
%OL_METRIC_F power__internal__total 2.1042642401880585e-6
%OL_METRIC_F power__switching__total 4.4983671614318155e-6
%OL_METRIC_F power__leakage__total 2.3851179364875463e-10
%OL_METRIC_F power__total 6.6028696892317384e-6

%OL_END_REPORT
%OL_CREATE_REPORT skew.min.rpt

===========================================================================
Clock Skew (Hold)
============================================================================
%OL_METRIC_F clock__skew__worst_hold__corner:max_ff_n40C_1v95 0.0
======================= max_ff_n40C_1v95 Corner ===================================

Clock __VIRTUAL_CLK__
No launch/capture paths found.

%OL_END_REPORT
%OL_CREATE_REPORT skew.max.rpt

===========================================================================
Clock Skew (Setup)
============================================================================
%OL_METRIC_F clock__skew__worst_setup__corner:max_ff_n40C_1v95 0.0
======================= max_ff_n40C_1v95 Corner ===================================

Clock __VIRTUAL_CLK__
No launch/capture paths found.

%OL_END_REPORT
%OL_CREATE_REPORT ws.min.rpt

===========================================================================
Worst Slack (Hold)
============================================================================
%OL_METRIC_F timing__hold__ws__corner:max_ff_n40C_1v95 3.9993653965011764
max_ff_n40C_1v95: 3.9993653965011764
%OL_END_REPORT
%OL_CREATE_REPORT ws.max.rpt

===========================================================================
Worst Slack (Setup)
============================================================================
%OL_METRIC_F timing__setup__ws__corner:max_ff_n40C_1v95 4.980259012818524
max_ff_n40C_1v95: 4.980259012818524
%OL_END_REPORT
%OL_CREATE_REPORT tns.min.rpt

===========================================================================
Total Negative Slack (Hold)
============================================================================
%OL_METRIC_F timing__hold__tns__corner:max_ff_n40C_1v95 0.0
max_ff_n40C_1v95: 0.0
%OL_END_REPORT
%OL_CREATE_REPORT tns.max.rpt

===========================================================================
Total Negative Slack (Setup)
============================================================================
%OL_METRIC_F timing__setup__tns__corner:max_ff_n40C_1v95 0.0
max_ff_n40C_1v95: 0.0
%OL_END_REPORT
%OL_CREATE_REPORT wns.min.rpt

===========================================================================
Worst Negative Slack (Hold)
============================================================================
%OL_METRIC_F timing__hold__wns__corner:max_ff_n40C_1v95 0
max_ff_n40C_1v95: 0
%OL_END_REPORT
%OL_CREATE_REPORT wns.max.rpt

===========================================================================
Worst Negative Slack (Setup)
============================================================================
%OL_METRIC_F timing__setup__wns__corner:max_ff_n40C_1v95 0.0
max_ff_n40C_1v95: 0.0
%OL_END_REPORT
%OL_CREATE_REPORT violator_list.rpt

===========================================================================
Violator List
============================================================================
%OL_METRIC_I timing__hold_vio__count__corner:max_ff_n40C_1v95 0
%OL_METRIC_F timing__hold_r2r__ws__corner:max_ff_n40C_1v95 inf
%OL_METRIC_I timing__hold_r2r_vio__count__corner:max_ff_n40C_1v95 0
%OL_METRIC_I timing__setup_vio__count__corner:max_ff_n40C_1v95 0
%OL_METRIC_F timing__setup_r2r__ws__corner:max_ff_n40C_1v95 inf
%OL_METRIC_I timing__setup_r2r_vio__count__corner:max_ff_n40C_1v95 0
%OL_END_REPORT
%OL_CREATE_REPORT unpropagated.rpt
__VIRTUAL_CLK__
%OL_END_REPORT
%OL_CREATE_REPORT clock.rpt
Clock: __VIRTUAL_CLK__
Sources: 
Generated: no
Virtual: yes
Propagated: no
Period: 10.000000

===========================================================================
report_clock_properties
============================================================================
Clock                   Period          Waveform
----------------------------------------------------
__VIRTUAL_CLK__      10.000000    0.000000  5.000000

===========================================================================
report_clock_latency
============================================================================
Clock __VIRTUAL_CLK__


===========================================================================
report_clock_min_period
============================================================================
__VIRTUAL_CLK__ period_min = 0.00 fmax = inf
%OL_END_REPORT
Writing SDF files for all corners…
Removing Clock latencies before writing libs…
Writing timing models for all corners…
Writing timing models for the max_ff_n40C_1v95 corner to /home/kien/openlane2/MARCO/decode_day/runs/RUN_2026-01-15_20-14-16/53-openroad-stapostpnr/max_ff_n40C_1v95/decode_day__max_ff_n40C_1v95.lib…
