                                                                        Cells by Master                                                                         
┏━━━━━━━━━━━━━━━━━━━━━━━━━━━━━━━━━━━━━━━━━━━━━━━━━━━━━━━━━━━━━━━━━━━━━━━━━━━━━━━━━━━━━━━━━━━━━━━━━━━━━━━━━━━━━━━━━━━━━━━━━━━━━━━━━┳━━━━━━━━━━━━━━━━━━━━━━━━━━━━┓
┃ Cell                                                                                                                            ┃ Count                      ┃
┡━━━━━━━━━━━━━━━━━━━━━━━━━━━━━━━━━━━━━━━━━━━━━━━━━━━━━━━━━━━━━━━━━━━━━━━━━━━━━━━━━━━━━━━━━━━━━━━━━━━━━━━━━━━━━━━━━━━━━━━━━━━━━━━━━╇━━━━━━━━━━━━━━━━━━━━━━━━━━━━┩
│ sky130_ef_sc_hd__decap_12                                                                                                       │ 46                         │
│ sky130_fd_sc_hd__a211oi_1                                                                                                       │ 1                          │
│ sky130_fd_sc_hd__buf_1                                                                                                          │ 4                          │
│ sky130_fd_sc_hd__buf_2                                                                                                          │ 4                          │
│ sky130_fd_sc_hd__clkbuf_1                                                                                                       │ 4                          │
│ sky130_fd_sc_hd__conb_1                                                                                                         │ 6                          │
│ sky130_fd_sc_hd__decap_3                                                                                                        │ 22                         │
│ sky130_fd_sc_hd__decap_4                                                                                                        │ 10                         │
│ sky130_fd_sc_hd__decap_6                                                                                                        │ 5                          │
│ sky130_fd_sc_hd__decap_8                                                                                                        │ 2                          │
│ sky130_fd_sc_hd__fill_1                                                                                                         │ 22                         │
│ sky130_fd_sc_hd__fill_2                                                                                                         │ 3                          │
│ sky130_fd_sc_hd__inv_2                                                                                                          │ 2                          │
│ sky130_fd_sc_hd__mux2_1                                                                                                         │ 1                          │
│ sky130_fd_sc_hd__nor3_1                                                                                                         │ 1                          │
│ sky130_fd_sc_hd__or3_1                                                                                                          │ 1                          │
│ sky130_fd_sc_hd__or4b_1                                                                                                         │ 1                          │
│ sky130_fd_sc_hd__tapvpwrvgnd_1                                                                                                  │ 12                         │
└─────────────────────────────────────────────────────────────────────────────────────────────────────────────────────────────────┴────────────────────────────┘
