[WARNING ORD-0039] .openroad ignored with -python
                                Cells by Master                                 
┏━━━━━━━━━━━━━━━━━━━━━━━━━━━━━━━━━━━━━━━━━━━━━━━━━━━━━━━━━━━━━━━━┳━━━━━━━━━━━━━┓
┃ Cell                                                           ┃ Count       ┃
┡━━━━━━━━━━━━━━━━━━━━━━━━━━━━━━━━━━━━━━━━━━━━━━━━━━━━━━━━━━━━━━━━╇━━━━━━━━━━━━━┩
│ sky130_ef_sc_hd__decap_12                                      │ 46          │
│ sky130_fd_sc_hd__a211oi_1                                      │ 1           │
│ sky130_fd_sc_hd__buf_1                                         │ 4           │
│ sky130_fd_sc_hd__buf_2                                         │ 4           │
│ sky130_fd_sc_hd__clkbuf_1                                      │ 4           │
│ sky130_fd_sc_hd__conb_1                                        │ 6           │
│ sky130_fd_sc_hd__decap_3                                       │ 22          │
│ sky130_fd_sc_hd__decap_4                                       │ 10          │
│ sky130_fd_sc_hd__decap_6                                       │ 5           │
│ sky130_fd_sc_hd__decap_8                                       │ 2           │
│ sky130_fd_sc_hd__fill_1                                        │ 22          │
│ sky130_fd_sc_hd__fill_2                                        │ 3           │
│ sky130_fd_sc_hd__inv_2                                         │ 2           │
│ sky130_fd_sc_hd__mux2_1                                        │ 1           │
│ sky130_fd_sc_hd__nor3_1                                        │ 1           │
│ sky130_fd_sc_hd__or3_1                                         │ 1           │
│ sky130_fd_sc_hd__or4b_1                                        │ 1           │
│ sky130_fd_sc_hd__tapvpwrvgnd_1                                 │ 12          │
└────────────────────────────────────────────────────────────────┴─────────────┘
                               Cells by Function                                
┏━━━━━━━━━━━━━━━━━━━━━━━━━━━━━━━━━━━━━━━━━━━━━━━━━━━━━━━━━━━━━━━┳━━━━━━━━━━━━━━┓
┃ Cell Function                                                 ┃ Count        ┃
┡━━━━━━━━━━━━━━━━━━━━━━━━━━━━━━━━━━━━━━━━━━━━━━━━━━━━━━━━━━━━━━━╇━━━━━━━━━━━━━━┩
│ sky130_ef_sc_hd__decap                                        │ 46           │
│ sky130_fd_sc_hd__a211oi                                       │ 1            │
│ sky130_fd_sc_hd__buf                                          │ 8            │
│ sky130_fd_sc_hd__clkbuf                                       │ 4            │
│ sky130_fd_sc_hd__conb                                         │ 6            │
│ sky130_fd_sc_hd__decap                                        │ 39           │
│ sky130_fd_sc_hd__fill                                         │ 25           │
│ sky130_fd_sc_hd__inv                                          │ 2            │
│ sky130_fd_sc_hd__mux2                                         │ 1            │
│ sky130_fd_sc_hd__nor3                                         │ 1            │
│ sky130_fd_sc_hd__or3                                          │ 1            │
│ sky130_fd_sc_hd__or4b                                         │ 1            │
│ sky130_fd_sc_hd__tapvpwrvgnd                                  │ 12           │
└───────────────────────────────────────────────────────────────┴──────────────┘
                                  Cells by SCL                                  
┏━━━━━━━━━━━━━━━━━━━━━━━━━━━━━━━━━━━━━━━━━━━━━━━━━━━━━━━┳━━━━━━━━━━━━━━━━━━━━━━┓
┃ SCL                                                   ┃ Count                ┃
┡━━━━━━━━━━━━━━━━━━━━━━━━━━━━━━━━━━━━━━━━━━━━━━━━━━━━━━━╇━━━━━━━━━━━━━━━━━━━━━━┩
│ sky130_ef_sc_hd                                       │ 46                   │
│ sky130_fd_sc_hd                                       │ 101                  │
└───────────────────────────────────────────────────────┴──────────────────────┘
                             Buffers by Cell Master                             
┏━━━━━━━━━━━━━━━━━━━━━━━━━━━━━━━━━━━━━━━━━━━━━━━━━━━━━━━━━━━━━━┳━━━━━━━━━━━━━━━┓
┃ Buffer                                                       ┃ Count         ┃
┡━━━━━━━━━━━━━━━━━━━━━━━━━━━━━━━━━━━━━━━━━━━━━━━━━━━━━━━━━━━━━━╇━━━━━━━━━━━━━━━┩
│ sky130_fd_sc_hd__buf_1                                       │ 4             │
│ sky130_fd_sc_hd__buf_2                                       │ 4             │
│ sky130_fd_sc_hd__clkbuf_1                                    │ 4             │
└──────────────────────────────────────────────────────────────┴───────────────┘
