
===========================================================================
report_checks -unconstrained
===========================================================================
======================= max_ff_n40C_1v95 Corner ===================================

Startpoint: mode[1] (input port clocked by __VIRTUAL_CLK__)
Endpoint: inc[5] (output port clocked by __VIRTUAL_CLK__)
Path Group: __VIRTUAL_CLK__
Path Type: max

Fanout         Cap        Slew       Delay        Time   Description
---------------------------------------------------------------------------------------------
                      0.000000    0.000000    0.000000   clock __VIRTUAL_CLK__ (rise edge)
                                  0.000000    0.000000   clock network delay (ideal)
                                  2.000000    2.000000 v input external delay
     1    0.002955    0.004940    0.002454    2.002454 v mode[1] (in)
                                                         mode[1] (net)
                      0.004948    0.000000    2.002454 v input14/A (sky130_fd_sc_hd__buf_1)
     2    0.011427    0.049176    0.073029    2.075482 v input14/X (sky130_fd_sc_hd__buf_1)
                                                         net14 (net)
                      0.049189    0.000768    2.076250 v fanout39/A (sky130_fd_sc_hd__buf_2)
    10    0.032331    0.060452    0.121187    2.197437 v fanout39/X (sky130_fd_sc_hd__buf_2)
                                                         net39 (net)
                      0.060538    0.002037    2.199475 v _06_/A (sky130_fd_sc_hd__nor2_1)
     5    0.018340    0.238377    0.208342    2.407816 ^ _06_/Y (sky130_fd_sc_hd__nor2_1)
                                                         _01_ (net)
                      0.238388    0.001390    2.409207 ^ _22_/A2 (sky130_fd_sc_hd__a21o_1)
     1    0.008534    0.063055    0.112516    2.521723 ^ _22_/X (sky130_fd_sc_hd__a21o_1)
                                                         net38 (net)
                      0.063064    0.000763    2.522485 ^ output38/A (sky130_fd_sc_hd__buf_2)
     1    0.038317    0.142834    0.154253    2.676739 ^ output38/X (sky130_fd_sc_hd__buf_2)
                                                         inc[5] (net)
                      0.142957    0.003461    2.680200 ^ inc[5] (out)
                                              2.680200   data arrival time

                      0.000000   10.000000   10.000000   clock __VIRTUAL_CLK__ (rise edge)
                                  0.000000   10.000000   clock network delay (ideal)
                                 -0.250000    9.750000   clock uncertainty
                                  0.000000    9.750000   clock reconvergence pessimism
                                 -2.000000    7.750000   output external delay
                                              7.750000   data required time
---------------------------------------------------------------------------------------------
                                              7.750000   data required time
                                             -2.680200   data arrival time
---------------------------------------------------------------------------------------------
                                              5.069800   slack (MET)




===========================================================================
report_checks --slack_max -0.01
============================================================================
======================= max_ff_n40C_1v95 Corner ===================================

No paths found.


===========================================================================
 report_check_types -max_slew -max_cap -max_fanout -violators
============================================================================
======================= max_ff_n40C_1v95 Corner ===================================



===========================================================================
report_parasitic_annotation -report_unannotated
============================================================================
Found 0 unannotated drivers.
Found 0 partially unannotated drivers.

===========================================================================
max slew violation count 0
max fanout violation count 0
max cap violation count 0
============================================================================

===========================================================================
check_setup -verbose -unconstrained_endpoints -multiple_clock -no_clock -no_input_delay -loops -generated_clocks
===========================================================================
