
===========================================================================
report_checks -unconstrained
===========================================================================
======================= min_ss_100C_1v60 Corner ===================================

Startpoint: alarm_inst (rising edge-triggered flip-flop clocked by clk)
Endpoint: alarm_o (output port clocked by clk)
Path Group: clk
Path Type: max

Fanout         Cap        Slew       Delay        Time   Description
---------------------------------------------------------------------------------------------
                                  0.000000    0.000000   clock clk (rise edge)
                                  0.000000    0.000000   clock source latency
     2    0.032120    0.235062    0.163858    0.163858 ^ clk (in)
                                                         clk (net)
                      0.235173    0.000000    0.163858 ^ clkbuf_0_clk/A (sky130_fd_sc_hd__clkbuf_16)
     5    0.040445    0.095393    0.325501    0.489360 ^ clkbuf_0_clk/X (sky130_fd_sc_hd__clkbuf_16)
                                                         clknet_0_clk (net)
                      0.095399    0.000897    0.490256 ^ clkbuf_1_1__f_clk/A (sky130_fd_sc_hd__clkbuf_16)
     5    0.033821    0.085745    0.252336    0.742592 ^ clkbuf_1_1__f_clk/X (sky130_fd_sc_hd__clkbuf_16)
                                                         clknet_1_1__leaf_clk (net)
                      0.085798    0.001996    0.744588 ^ alarm_inst/clk (alarm)
     1    0.009844    0.092800    1.563297    2.307886 ^ alarm_inst/alarm_o (alarm)
                                                         net25 (net)
                      0.092800    0.000237    2.308123 ^ output25/A (sky130_fd_sc_hd__buf_2)
     1    0.034266    0.272101    0.354313    2.662436 ^ output25/X (sky130_fd_sc_hd__buf_2)
                                                         alarm_o (net)
                      0.272101    0.000345    2.662781 ^ alarm_o (out)
                                              2.662781   data arrival time

                               1000000000.000000 1000000000.000000   clock clk (rise edge)
                                  0.000000 1000000000.000000   clock network delay (propagated)
                                 -0.250000 1000000000.000000   clock uncertainty
                                  0.000000 1000000000.000000   clock reconvergence pessimism
                               -200000000.000000 800000064.000000   output external delay
                                           800000064.000000   data required time
---------------------------------------------------------------------------------------------
                                           800000064.000000   data required time
                                             -2.662781   data arrival time
---------------------------------------------------------------------------------------------
                                           800000064.000000   slack (MET)




===========================================================================
report_checks --slack_max -0.01
============================================================================
======================= min_ss_100C_1v60 Corner ===================================

No paths found.


===========================================================================
 report_check_types -max_slew -max_cap -max_fanout -violators
============================================================================
======================= min_ss_100C_1v60 Corner ===================================



===========================================================================
report_parasitic_annotation -report_unannotated
============================================================================
Found 1 unannotated drivers.
 clkload0/Y
Found 0 partially unannotated drivers.

===========================================================================
max slew violation count 0
max fanout violation count 0
max cap violation count 0
============================================================================

===========================================================================
check_setup -verbose -unconstrained_endpoints -multiple_clock -no_clock -no_input_delay -loops -generated_clocks
===========================================================================
Warning: There are 11 unconstrained endpoints.
  led_day[8]
  led_hour[8]
  led_month[13]
  led_month[8]
  led_month[9]
  counter_all_inst/day_num[2]
  counter_all_inst/day_num[3]
  counter_all_inst/day_num[4]
  counter_all_inst/hour_num[0]
  counter_all_inst/hour_num[1]
  counter_all_inst/hour_num[3]
