[INFO PSM-0040] All shapes on net VPWR are connected.
########## IR report #################
Net              : VPWR
Corner           : nom_tt_025C_1v80
Supply voltage   : 1.80e+00 V
Worstcase voltage: 1.80e+00 V
Average voltage  : 1.80e+00 V
Average IR drop  : 4.50e-10 V
Worstcase IR drop: 9.79e-10 V
Percentage drop  : 0.00 %
######################################
[INFO PSM-0040] All shapes on net VGND are connected.
########## IR report #################
Net              : VGND
Corner           : nom_tt_025C_1v80
Supply voltage   : 0.00e+00 V
Worstcase voltage: 9.12e-10 V
Average voltage  : 4.33e-10 V
Average IR drop  : 4.33e-10 V
Worstcase IR drop: 9.12e-10 V
Percentage drop  : 0.00 %
######################################
