[WARNING ORD-0039] .openroad ignored with -python
Top-level design name: decode_input
Block boundaries: 0 0 50000 50000
Horizontal Tracks Origin: 340, Count: 73, Step: 680
Vertical Tracks Origin: 230, Count: 109, Step: 460
Placement details for the N side
Virtual pin count:  0
Actual pin count:  28
Total pin count:  28
Tracks count:  109
Tracks per pin:  3
Used tracks count:  82
Unused track count:  27
Starting track index:  13
Placement details for the S side
Virtual pin count:  0
Actual pin count:  10
Total pin count:  10
Tracks count:  109
Tracks per pin:  10
Used tracks count:  91
Unused track count:  18
Starting track index:  9
