
===========================================================================
report_checks -unconstrained
===========================================================================
======================= max_tt_025C_1v80 Corner ===================================

Startpoint: mode[1] (input port clocked by __VIRTUAL_CLK__)
Endpoint: inc[5] (output port clocked by __VIRTUAL_CLK__)
Path Group: __VIRTUAL_CLK__
Path Type: max

Fanout         Cap        Slew       Delay        Time   Description
---------------------------------------------------------------------------------------------
                      0.000000    0.000000    0.000000   clock __VIRTUAL_CLK__ (rise edge)
                                  0.000000    0.000000   clock network delay (ideal)
                                  2.000000    2.000000 v input external delay
     1    0.002900    0.008847    0.004641    2.004641 v mode[1] (in)
                                                         mode[1] (net)
                      0.008853    0.000000    2.004641 v input14/A (sky130_fd_sc_hd__buf_1)
     2    0.011307    0.071813    0.110105    2.114746 v input14/X (sky130_fd_sc_hd__buf_1)
                                                         net14 (net)
                      0.071821    0.000758    2.115504 v fanout39/A (sky130_fd_sc_hd__buf_2)
    10    0.032038    0.085303    0.186687    2.302190 v fanout39/X (sky130_fd_sc_hd__buf_2)
                                                         net39 (net)
                      0.085360    0.002025    2.304215 v _06_/A (sky130_fd_sc_hd__nor2_1)
     5    0.018330    0.333172    0.301258    2.605473 ^ _06_/Y (sky130_fd_sc_hd__nor2_1)
                                                         _01_ (net)
                      0.333180    0.001390    2.606863 ^ _22_/A2 (sky130_fd_sc_hd__a21o_1)
     1    0.008463    0.083993    0.202472    2.809335 ^ _22_/X (sky130_fd_sc_hd__a21o_1)
                                                         net38 (net)
                      0.083998    0.000753    2.810087 ^ output38/A (sky130_fd_sc_hd__buf_2)
     1    0.038317    0.189231    0.223912    3.034000 ^ output38/X (sky130_fd_sc_hd__buf_2)
                                                         inc[5] (net)
                      0.189324    0.003464    3.037463 ^ inc[5] (out)
                                              3.037463   data arrival time

                      0.000000   10.000000   10.000000   clock __VIRTUAL_CLK__ (rise edge)
                                  0.000000   10.000000   clock network delay (ideal)
                                 -0.250000    9.750000   clock uncertainty
                                  0.000000    9.750000   clock reconvergence pessimism
                                 -2.000000    7.750000   output external delay
                                              7.750000   data required time
---------------------------------------------------------------------------------------------
                                              7.750000   data required time
                                             -3.037463   data arrival time
---------------------------------------------------------------------------------------------
                                              4.712536   slack (MET)




===========================================================================
report_checks --slack_max -0.01
============================================================================
======================= max_tt_025C_1v80 Corner ===================================

No paths found.


===========================================================================
 report_check_types -max_slew -max_cap -max_fanout -violators
============================================================================
======================= max_tt_025C_1v80 Corner ===================================



===========================================================================
report_parasitic_annotation -report_unannotated
============================================================================
Found 0 unannotated drivers.
Found 0 partially unannotated drivers.

===========================================================================
max slew violation count 0
max fanout violation count 0
max cap violation count 0
============================================================================

===========================================================================
check_setup -verbose -unconstrained_endpoints -multiple_clock -no_clock -no_input_delay -loops -generated_clocks
===========================================================================
