
===========================================================================
report_checks -path_delay max (Setup)
============================================================================
======================= max_tt_025C_1v80 Corner ===================================

Startpoint: mode[1] (input port clocked by __VIRTUAL_CLK__)
Endpoint: inc[5] (output port clocked by __VIRTUAL_CLK__)
Path Group: __VIRTUAL_CLK__
Path Type: max

Fanout         Cap        Slew       Delay        Time   Description
---------------------------------------------------------------------------------------------
                      0.000000    0.000000    0.000000   clock __VIRTUAL_CLK__ (rise edge)
                                  0.000000    0.000000   clock network delay (ideal)
                                  2.000000    2.000000 v input external delay
     1    0.002900    0.008847    0.004641    2.004641 v mode[1] (in)
                                                         mode[1] (net)
                      0.008853    0.000000    2.004641 v input14/A (sky130_fd_sc_hd__buf_1)
     2    0.011307    0.071813    0.110105    2.114746 v input14/X (sky130_fd_sc_hd__buf_1)
                                                         net14 (net)
                      0.071821    0.000758    2.115504 v fanout39/A (sky130_fd_sc_hd__buf_2)
    10    0.032038    0.085303    0.186687    2.302190 v fanout39/X (sky130_fd_sc_hd__buf_2)
                                                         net39 (net)
                      0.085360    0.002025    2.304215 v _06_/A (sky130_fd_sc_hd__nor2_1)
     5    0.018330    0.333172    0.301258    2.605473 ^ _06_/Y (sky130_fd_sc_hd__nor2_1)
                                                         _01_ (net)
                      0.333180    0.001390    2.606863 ^ _22_/A2 (sky130_fd_sc_hd__a21o_1)
     1    0.008463    0.083993    0.202472    2.809335 ^ _22_/X (sky130_fd_sc_hd__a21o_1)
                                                         net38 (net)
                      0.083998    0.000753    2.810087 ^ output38/A (sky130_fd_sc_hd__buf_2)
     1    0.038317    0.189231    0.223912    3.034000 ^ output38/X (sky130_fd_sc_hd__buf_2)
                                                         inc[5] (net)
                      0.189324    0.003464    3.037463 ^ inc[5] (out)
                                              3.037463   data arrival time

                      0.000000   10.000000   10.000000   clock __VIRTUAL_CLK__ (rise edge)
                                  0.000000   10.000000   clock network delay (ideal)
                                 -0.250000    9.750000   clock uncertainty
                                  0.000000    9.750000   clock reconvergence pessimism
                                 -2.000000    7.750000   output external delay
                                              7.750000   data required time
---------------------------------------------------------------------------------------------
                                              7.750000   data required time
                                             -3.037463   data arrival time
---------------------------------------------------------------------------------------------
                                              4.712536   slack (MET)


Startpoint: mode[0] (input port clocked by __VIRTUAL_CLK__)
Endpoint: dec[5] (output port clocked by __VIRTUAL_CLK__)
Path Group: __VIRTUAL_CLK__
Path Type: max

Fanout         Cap        Slew       Delay        Time   Description
---------------------------------------------------------------------------------------------
                      0.000000    0.000000    0.000000   clock __VIRTUAL_CLK__ (rise edge)
                                  0.000000    0.000000   clock network delay (ideal)
                                  2.000000    2.000000 ^ input external delay
     1    0.003294    0.021876    0.012095    2.012095 ^ mode[0] (in)
                                                         mode[0] (net)
                      0.021878    0.000000    2.012095 ^ input13/A (sky130_fd_sc_hd__buf_1)
     2    0.011360    0.140166    0.139920    2.152015 ^ input13/X (sky130_fd_sc_hd__buf_1)
                                                         net13 (net)
                      0.140174    0.000882    2.152896 ^ fanout40/A (sky130_fd_sc_hd__buf_2)
    10    0.033763    0.168479    0.228805    2.381701 ^ fanout40/X (sky130_fd_sc_hd__buf_2)
                                                         net40 (net)
                      0.168587    0.002476    2.384177 ^ _14_/A_N (sky130_fd_sc_hd__and3b_1)
     5    0.013142    0.079755    0.241706    2.625883 v _14_/X (sky130_fd_sc_hd__and3b_1)
                                                         _03_ (net)
                      0.079757    0.000520    2.626403 v _15_/B1 (sky130_fd_sc_hd__a31o_1)
     1    0.004738    0.045348    0.202466    2.828870 v _15_/X (sky130_fd_sc_hd__a31o_1)
                                                         net26 (net)
                      0.045349    0.000323    2.829193 v output26/A (sky130_fd_sc_hd__buf_2)
     1    0.035734    0.093198    0.181938    3.011132 v output26/X (sky130_fd_sc_hd__buf_2)
                                                         dec[5] (net)
                      0.093248    0.001966    3.013098 v dec[5] (out)
                                              3.013098   data arrival time

                      0.000000   10.000000   10.000000   clock __VIRTUAL_CLK__ (rise edge)
                                  0.000000   10.000000   clock network delay (ideal)
                                 -0.250000    9.750000   clock uncertainty
                                  0.000000    9.750000   clock reconvergence pessimism
                                 -2.000000    7.750000   output external delay
                                              7.750000   data required time
---------------------------------------------------------------------------------------------
                                              7.750000   data required time
                                             -3.013098   data arrival time
---------------------------------------------------------------------------------------------
                                              4.736902   slack (MET)


Startpoint: mode[0] (input port clocked by __VIRTUAL_CLK__)
Endpoint: dec[4] (output port clocked by __VIRTUAL_CLK__)
Path Group: __VIRTUAL_CLK__
Path Type: max

Fanout         Cap        Slew       Delay        Time   Description
---------------------------------------------------------------------------------------------
                      0.000000    0.000000    0.000000   clock __VIRTUAL_CLK__ (rise edge)
                                  0.000000    0.000000   clock network delay (ideal)
                                  2.000000    2.000000 ^ input external delay
     1    0.003294    0.021876    0.012095    2.012095 ^ mode[0] (in)
                                                         mode[0] (net)
                      0.021878    0.000000    2.012095 ^ input13/A (sky130_fd_sc_hd__buf_1)
     2    0.011360    0.140166    0.139920    2.152015 ^ input13/X (sky130_fd_sc_hd__buf_1)
                                                         net13 (net)
                      0.140174    0.000882    2.152896 ^ fanout40/A (sky130_fd_sc_hd__buf_2)
    10    0.033763    0.168479    0.228805    2.381701 ^ fanout40/X (sky130_fd_sc_hd__buf_2)
                                                         net40 (net)
                      0.168587    0.002476    2.384177 ^ _14_/A_N (sky130_fd_sc_hd__and3b_1)
     5    0.013142    0.079755    0.241706    2.625883 v _14_/X (sky130_fd_sc_hd__and3b_1)
                                                         _03_ (net)
                      0.079757    0.000509    2.626392 v _16_/B1 (sky130_fd_sc_hd__a31o_1)
     1    0.003352    0.039630    0.195337    2.821729 v _16_/X (sky130_fd_sc_hd__a31o_1)
                                                         net25 (net)
                      0.039630    0.000135    2.821864 v output25/A (sky130_fd_sc_hd__buf_2)
     1    0.035705    0.093141    0.179496    3.001360 v output25/X (sky130_fd_sc_hd__buf_2)
                                                         dec[4] (net)
                      0.093187    0.001885    3.003246 v dec[4] (out)
                                              3.003246   data arrival time

                      0.000000   10.000000   10.000000   clock __VIRTUAL_CLK__ (rise edge)
                                  0.000000   10.000000   clock network delay (ideal)
                                 -0.250000    9.750000   clock uncertainty
                                  0.000000    9.750000   clock reconvergence pessimism
                                 -2.000000    7.750000   output external delay
                                              7.750000   data required time
---------------------------------------------------------------------------------------------
                                              7.750000   data required time
                                             -3.003246   data arrival time
---------------------------------------------------------------------------------------------
                                              4.746754   slack (MET)


Startpoint: mode[0] (input port clocked by __VIRTUAL_CLK__)
Endpoint: dec[3] (output port clocked by __VIRTUAL_CLK__)
Path Group: __VIRTUAL_CLK__
Path Type: max

Fanout         Cap        Slew       Delay        Time   Description
---------------------------------------------------------------------------------------------
                      0.000000    0.000000    0.000000   clock __VIRTUAL_CLK__ (rise edge)
                                  0.000000    0.000000   clock network delay (ideal)
                                  2.000000    2.000000 ^ input external delay
     1    0.003294    0.021876    0.012095    2.012095 ^ mode[0] (in)
                                                         mode[0] (net)
                      0.021878    0.000000    2.012095 ^ input13/A (sky130_fd_sc_hd__buf_1)
     2    0.011360    0.140166    0.139920    2.152015 ^ input13/X (sky130_fd_sc_hd__buf_1)
                                                         net13 (net)
                      0.140174    0.000882    2.152896 ^ fanout40/A (sky130_fd_sc_hd__buf_2)
    10    0.033763    0.168479    0.228805    2.381701 ^ fanout40/X (sky130_fd_sc_hd__buf_2)
                                                         net40 (net)
                      0.168587    0.002476    2.384177 ^ _14_/A_N (sky130_fd_sc_hd__and3b_1)
     5    0.013142    0.079755    0.241706    2.625883 v _14_/X (sky130_fd_sc_hd__and3b_1)
                                                         _03_ (net)
                      0.079755    0.000367    2.626250 v _17_/B1 (sky130_fd_sc_hd__a31o_1)
     1    0.002490    0.035248    0.189470    2.815721 v _17_/X (sky130_fd_sc_hd__a31o_1)
                                                         net24 (net)
                      0.035248    0.000103    2.815823 v output24/A (sky130_fd_sc_hd__buf_2)
     1    0.036248    0.092579    0.178611    2.994434 v output24/X (sky130_fd_sc_hd__buf_2)
                                                         dec[3] (net)
                      0.092632    0.002023    2.996458 v dec[3] (out)
                                              2.996458   data arrival time

                      0.000000   10.000000   10.000000   clock __VIRTUAL_CLK__ (rise edge)
                                  0.000000   10.000000   clock network delay (ideal)
                                 -0.250000    9.750000   clock uncertainty
                                  0.000000    9.750000   clock reconvergence pessimism
                                 -2.000000    7.750000   output external delay
                                              7.750000   data required time
---------------------------------------------------------------------------------------------
                                              7.750000   data required time
                                             -2.996458   data arrival time
---------------------------------------------------------------------------------------------
                                              4.753542   slack (MET)


Startpoint: mode[0] (input port clocked by __VIRTUAL_CLK__)
Endpoint: dec[2] (output port clocked by __VIRTUAL_CLK__)
Path Group: __VIRTUAL_CLK__
Path Type: max

Fanout         Cap        Slew       Delay        Time   Description
---------------------------------------------------------------------------------------------
                      0.000000    0.000000    0.000000   clock __VIRTUAL_CLK__ (rise edge)
                                  0.000000    0.000000   clock network delay (ideal)
                                  2.000000    2.000000 ^ input external delay
     1    0.003294    0.021876    0.012095    2.012095 ^ mode[0] (in)
                                                         mode[0] (net)
                      0.021878    0.000000    2.012095 ^ input13/A (sky130_fd_sc_hd__buf_1)
     2    0.011360    0.140166    0.139920    2.152015 ^ input13/X (sky130_fd_sc_hd__buf_1)
                                                         net13 (net)
                      0.140174    0.000882    2.152896 ^ fanout40/A (sky130_fd_sc_hd__buf_2)
    10    0.033763    0.168479    0.228805    2.381701 ^ fanout40/X (sky130_fd_sc_hd__buf_2)
                                                         net40 (net)
                      0.168587    0.002476    2.384177 ^ _14_/A_N (sky130_fd_sc_hd__and3b_1)
     5    0.013142    0.079755    0.241706    2.625883 v _14_/X (sky130_fd_sc_hd__and3b_1)
                                                         _03_ (net)
                      0.079756    0.000474    2.626357 v _18_/B1 (sky130_fd_sc_hd__a31o_1)
     1    0.002180    0.033918    0.187355    2.813711 v _18_/X (sky130_fd_sc_hd__a31o_1)
                                                         net23 (net)
                      0.033918    0.000102    2.813813 v output23/A (sky130_fd_sc_hd__buf_2)
     1    0.035980    0.093600    0.176613    2.990427 v output23/X (sky130_fd_sc_hd__buf_2)
                                                         dec[2] (net)
                      0.093726    0.003044    2.993471 v dec[2] (out)
                                              2.993471   data arrival time

                      0.000000   10.000000   10.000000   clock __VIRTUAL_CLK__ (rise edge)
                                  0.000000   10.000000   clock network delay (ideal)
                                 -0.250000    9.750000   clock uncertainty
                                  0.000000    9.750000   clock reconvergence pessimism
                                 -2.000000    7.750000   output external delay
                                              7.750000   data required time
---------------------------------------------------------------------------------------------
                                              7.750000   data required time
                                             -2.993471   data arrival time
---------------------------------------------------------------------------------------------
                                              4.756529   slack (MET)


Startpoint: mode[0] (input port clocked by __VIRTUAL_CLK__)
Endpoint: dec[1] (output port clocked by __VIRTUAL_CLK__)
Path Group: __VIRTUAL_CLK__
Path Type: max

Fanout         Cap        Slew       Delay        Time   Description
---------------------------------------------------------------------------------------------
                      0.000000    0.000000    0.000000   clock __VIRTUAL_CLK__ (rise edge)
                                  0.000000    0.000000   clock network delay (ideal)
                                  2.000000    2.000000 ^ input external delay
     1    0.003294    0.021876    0.012095    2.012095 ^ mode[0] (in)
                                                         mode[0] (net)
                      0.021878    0.000000    2.012095 ^ input13/A (sky130_fd_sc_hd__buf_1)
     2    0.011360    0.140166    0.139920    2.152015 ^ input13/X (sky130_fd_sc_hd__buf_1)
                                                         net13 (net)
                      0.140174    0.000882    2.152896 ^ fanout40/A (sky130_fd_sc_hd__buf_2)
    10    0.033763    0.168479    0.228805    2.381701 ^ fanout40/X (sky130_fd_sc_hd__buf_2)
                                                         net40 (net)
                      0.168587    0.002476    2.384177 ^ _14_/A_N (sky130_fd_sc_hd__and3b_1)
     5    0.013142    0.079755    0.241706    2.625883 v _14_/X (sky130_fd_sc_hd__and3b_1)
                                                         _03_ (net)
                      0.079755    0.000391    2.626274 v _19_/B1 (sky130_fd_sc_hd__a31o_1)
     1    0.001983    0.033097    0.186002    2.812276 v _19_/X (sky130_fd_sc_hd__a31o_1)
                                                         net22 (net)
                      0.033097    0.000139    2.812415 v output22/A (sky130_fd_sc_hd__buf_2)
     1    0.036303    0.092545    0.177825    2.990240 v output22/X (sky130_fd_sc_hd__buf_2)
                                                         dec[1] (net)
                      0.092596    0.001992    2.992232 v dec[1] (out)
                                              2.992232   data arrival time

                      0.000000   10.000000   10.000000   clock __VIRTUAL_CLK__ (rise edge)
                                  0.000000   10.000000   clock network delay (ideal)
                                 -0.250000    9.750000   clock uncertainty
                                  0.000000    9.750000   clock reconvergence pessimism
                                 -2.000000    7.750000   output external delay
                                              7.750000   data required time
---------------------------------------------------------------------------------------------
                                              7.750000   data required time
                                             -2.992232   data arrival time
---------------------------------------------------------------------------------------------
                                              4.757768   slack (MET)


Startpoint: mode[1] (input port clocked by __VIRTUAL_CLK__)
Endpoint: inc[3] (output port clocked by __VIRTUAL_CLK__)
Path Group: __VIRTUAL_CLK__
Path Type: max

Fanout         Cap        Slew       Delay        Time   Description
---------------------------------------------------------------------------------------------
                      0.000000    0.000000    0.000000   clock __VIRTUAL_CLK__ (rise edge)
                                  0.000000    0.000000   clock network delay (ideal)
                                  2.000000    2.000000 v input external delay
     1    0.002900    0.008847    0.004641    2.004641 v mode[1] (in)
                                                         mode[1] (net)
                      0.008853    0.000000    2.004641 v input14/A (sky130_fd_sc_hd__buf_1)
     2    0.011307    0.071813    0.110105    2.114746 v input14/X (sky130_fd_sc_hd__buf_1)
                                                         net14 (net)
                      0.071821    0.000758    2.115504 v fanout39/A (sky130_fd_sc_hd__buf_2)
    10    0.032038    0.085303    0.186687    2.302190 v fanout39/X (sky130_fd_sc_hd__buf_2)
                                                         net39 (net)
                      0.085360    0.002025    2.304215 v _06_/A (sky130_fd_sc_hd__nor2_1)
     5    0.018330    0.333172    0.301258    2.605473 ^ _06_/Y (sky130_fd_sc_hd__nor2_1)
                                                         _01_ (net)
                      0.333180    0.001366    2.606838 ^ _24_/A2 (sky130_fd_sc_hd__a21o_1)
     1    0.004184    0.050708    0.176116    2.782954 ^ _24_/X (sky130_fd_sc_hd__a21o_1)
                                                         net36 (net)
                      0.050709    0.000268    2.783222 ^ output36/A (sky130_fd_sc_hd__buf_2)
     1    0.035942    0.178130    0.204829    2.988051 ^ output36/X (sky130_fd_sc_hd__buf_2)
                                                         inc[3] (net)
                      0.178159    0.001900    2.989952 ^ inc[3] (out)
                                              2.989952   data arrival time

                      0.000000   10.000000   10.000000   clock __VIRTUAL_CLK__ (rise edge)
                                  0.000000   10.000000   clock network delay (ideal)
                                 -0.250000    9.750000   clock uncertainty
                                  0.000000    9.750000   clock reconvergence pessimism
                                 -2.000000    7.750000   output external delay
                                              7.750000   data required time
---------------------------------------------------------------------------------------------
                                              7.750000   data required time
                                             -2.989952   data arrival time
---------------------------------------------------------------------------------------------
                                              4.760048   slack (MET)


Startpoint: mode[1] (input port clocked by __VIRTUAL_CLK__)
Endpoint: inc[2] (output port clocked by __VIRTUAL_CLK__)
Path Group: __VIRTUAL_CLK__
Path Type: max

Fanout         Cap        Slew       Delay        Time   Description
---------------------------------------------------------------------------------------------
                      0.000000    0.000000    0.000000   clock __VIRTUAL_CLK__ (rise edge)
                                  0.000000    0.000000   clock network delay (ideal)
                                  2.000000    2.000000 v input external delay
     1    0.002900    0.008847    0.004641    2.004641 v mode[1] (in)
                                                         mode[1] (net)
                      0.008853    0.000000    2.004641 v input14/A (sky130_fd_sc_hd__buf_1)
     2    0.011307    0.071813    0.110105    2.114746 v input14/X (sky130_fd_sc_hd__buf_1)
                                                         net14 (net)
                      0.071821    0.000758    2.115504 v fanout39/A (sky130_fd_sc_hd__buf_2)
    10    0.032038    0.085303    0.186687    2.302190 v fanout39/X (sky130_fd_sc_hd__buf_2)
                                                         net39 (net)
                      0.085360    0.002025    2.304215 v _06_/A (sky130_fd_sc_hd__nor2_1)
     5    0.018330    0.333172    0.301258    2.605473 ^ _06_/Y (sky130_fd_sc_hd__nor2_1)
                                                         _01_ (net)
                      0.333176    0.001005    2.606478 ^ _25_/A2 (sky130_fd_sc_hd__a21o_1)
     1    0.003805    0.047885    0.173778    2.780256 ^ _25_/X (sky130_fd_sc_hd__a21o_1)
                                                         net35 (net)
                      0.047886    0.000241    2.780497 ^ output35/A (sky130_fd_sc_hd__buf_2)
     1    0.036793    0.181863    0.206148    2.986645 ^ output35/X (sky130_fd_sc_hd__buf_2)
                                                         inc[2] (net)
                      0.181914    0.002535    2.989179 ^ inc[2] (out)
                                              2.989179   data arrival time

                      0.000000   10.000000   10.000000   clock __VIRTUAL_CLK__ (rise edge)
                                  0.000000   10.000000   clock network delay (ideal)
                                 -0.250000    9.750000   clock uncertainty
                                  0.000000    9.750000   clock reconvergence pessimism
                                 -2.000000    7.750000   output external delay
                                              7.750000   data required time
---------------------------------------------------------------------------------------------
                                              7.750000   data required time
                                             -2.989179   data arrival time
---------------------------------------------------------------------------------------------
                                              4.760820   slack (MET)


Startpoint: mode[1] (input port clocked by __VIRTUAL_CLK__)
Endpoint: inc[1] (output port clocked by __VIRTUAL_CLK__)
Path Group: __VIRTUAL_CLK__
Path Type: max

Fanout         Cap        Slew       Delay        Time   Description
---------------------------------------------------------------------------------------------
                      0.000000    0.000000    0.000000   clock __VIRTUAL_CLK__ (rise edge)
                                  0.000000    0.000000   clock network delay (ideal)
                                  2.000000    2.000000 v input external delay
     1    0.002900    0.008847    0.004641    2.004641 v mode[1] (in)
                                                         mode[1] (net)
                      0.008853    0.000000    2.004641 v input14/A (sky130_fd_sc_hd__buf_1)
     2    0.011307    0.071813    0.110105    2.114746 v input14/X (sky130_fd_sc_hd__buf_1)
                                                         net14 (net)
                      0.071821    0.000758    2.115504 v fanout39/A (sky130_fd_sc_hd__buf_2)
    10    0.032038    0.085303    0.186687    2.302190 v fanout39/X (sky130_fd_sc_hd__buf_2)
                                                         net39 (net)
                      0.085360    0.002025    2.304215 v _06_/A (sky130_fd_sc_hd__nor2_1)
     5    0.018330    0.333172    0.301258    2.605473 ^ _06_/Y (sky130_fd_sc_hd__nor2_1)
                                                         _01_ (net)
                      0.333179    0.001282    2.606755 ^ _26_/A2 (sky130_fd_sc_hd__a21o_1)
     1    0.003059    0.042438    0.168670    2.775425 ^ _26_/X (sky130_fd_sc_hd__a21o_1)
                                                         net34 (net)
                      0.042439    0.000190    2.775615 ^ output34/A (sky130_fd_sc_hd__buf_2)
     1    0.035889    0.177927    0.201434    2.977049 ^ output34/X (sky130_fd_sc_hd__buf_2)
                                                         inc[1] (net)
                      0.177959    0.001986    2.979036 ^ inc[1] (out)
                                              2.979036   data arrival time

                      0.000000   10.000000   10.000000   clock __VIRTUAL_CLK__ (rise edge)
                                  0.000000   10.000000   clock network delay (ideal)
                                 -0.250000    9.750000   clock uncertainty
                                  0.000000    9.750000   clock reconvergence pessimism
                                 -2.000000    7.750000   output external delay
                                              7.750000   data required time
---------------------------------------------------------------------------------------------
                                              7.750000   data required time
                                             -2.979036   data arrival time
---------------------------------------------------------------------------------------------
                                              4.770964   slack (MET)


Startpoint: mode[1] (input port clocked by __VIRTUAL_CLK__)
Endpoint: inc[4] (output port clocked by __VIRTUAL_CLK__)
Path Group: __VIRTUAL_CLK__
Path Type: max

Fanout         Cap        Slew       Delay        Time   Description
---------------------------------------------------------------------------------------------
                      0.000000    0.000000    0.000000   clock __VIRTUAL_CLK__ (rise edge)
                                  0.000000    0.000000   clock network delay (ideal)
                                  2.000000    2.000000 v input external delay
     1    0.002900    0.008847    0.004641    2.004641 v mode[1] (in)
                                                         mode[1] (net)
                      0.008853    0.000000    2.004641 v input14/A (sky130_fd_sc_hd__buf_1)
     2    0.011307    0.071813    0.110105    2.114746 v input14/X (sky130_fd_sc_hd__buf_1)
                                                         net14 (net)
                      0.071821    0.000758    2.115504 v fanout39/A (sky130_fd_sc_hd__buf_2)
    10    0.032038    0.085303    0.186687    2.302190 v fanout39/X (sky130_fd_sc_hd__buf_2)
                                                         net39 (net)
                      0.085360    0.002025    2.304215 v _06_/A (sky130_fd_sc_hd__nor2_1)
     5    0.018330    0.333172    0.301258    2.605473 ^ _06_/Y (sky130_fd_sc_hd__nor2_1)
                                                         _01_ (net)
                      0.333176    0.000959    2.606431 ^ _23_/A2 (sky130_fd_sc_hd__a21o_1)
     1    0.003058    0.042423    0.168628    2.775060 ^ _23_/X (sky130_fd_sc_hd__a21o_1)
                                                         net37 (net)
                      0.042424    0.000231    2.775290 ^ output37/A (sky130_fd_sc_hd__buf_2)
     1    0.035851    0.177759    0.201320    2.976610 ^ output37/X (sky130_fd_sc_hd__buf_2)
                                                         inc[4] (net)
                      0.177790    0.001946    2.978556 ^ inc[4] (out)
                                              2.978556   data arrival time

                      0.000000   10.000000   10.000000   clock __VIRTUAL_CLK__ (rise edge)
                                  0.000000   10.000000   clock network delay (ideal)
                                 -0.250000    9.750000   clock uncertainty
                                  0.000000    9.750000   clock reconvergence pessimism
                                 -2.000000    7.750000   output external delay
                                              7.750000   data required time
---------------------------------------------------------------------------------------------
                                              7.750000   data required time
                                             -2.978556   data arrival time
---------------------------------------------------------------------------------------------
                                              4.771444   slack (MET)


Startpoint: mode[1] (input port clocked by __VIRTUAL_CLK__)
Endpoint: en[0] (output port clocked by __VIRTUAL_CLK__)
Path Group: __VIRTUAL_CLK__
Path Type: max

Fanout         Cap        Slew       Delay        Time   Description
---------------------------------------------------------------------------------------------
                      0.000000    0.000000    0.000000   clock __VIRTUAL_CLK__ (rise edge)
                                  0.000000    0.000000   clock network delay (ideal)
                                  2.000000    2.000000 v input external delay
     1    0.002900    0.008847    0.004641    2.004641 v mode[1] (in)
                                                         mode[1] (net)
                      0.008853    0.000000    2.004641 v input14/A (sky130_fd_sc_hd__buf_1)
     2    0.011307    0.071813    0.110105    2.114746 v input14/X (sky130_fd_sc_hd__buf_1)
                                                         net14 (net)
                      0.071821    0.000758    2.115504 v fanout39/A (sky130_fd_sc_hd__buf_2)
    10    0.032038    0.085303    0.186687    2.302190 v fanout39/X (sky130_fd_sc_hd__buf_2)
                                                         net39 (net)
                      0.085373    0.002207    2.304397 v _07_/A (sky130_fd_sc_hd__xnor2_1)
     6    0.012790    0.312275    0.310832    2.615229 ^ _07_/Y (sky130_fd_sc_hd__xnor2_1)
                                                         _02_ (net)
                      0.312276    0.000364    2.615593 ^ _08_/B (sky130_fd_sc_hd__or2_1)
     1    0.003655    0.050249    0.154079    2.769672 ^ _08_/X (sky130_fd_sc_hd__or2_1)
                                                         net27 (net)
                      0.050257    0.000327    2.769999 ^ output27/A (sky130_fd_sc_hd__buf_2)
     1    0.035641    0.176778    0.203624    2.973623 ^ output27/X (sky130_fd_sc_hd__buf_2)
                                                         en[0] (net)
                      0.176809    0.001954    2.975577 ^ en[0] (out)
                                              2.975577   data arrival time

                      0.000000   10.000000   10.000000   clock __VIRTUAL_CLK__ (rise edge)
                                  0.000000   10.000000   clock network delay (ideal)
                                 -0.250000    9.750000   clock uncertainty
                                  0.000000    9.750000   clock reconvergence pessimism
                                 -2.000000    7.750000   output external delay
                                              7.750000   data required time
---------------------------------------------------------------------------------------------
                                              7.750000   data required time
                                             -2.975577   data arrival time
---------------------------------------------------------------------------------------------
                                              4.774423   slack (MET)


Startpoint: mode[1] (input port clocked by __VIRTUAL_CLK__)
Endpoint: en[1] (output port clocked by __VIRTUAL_CLK__)
Path Group: __VIRTUAL_CLK__
Path Type: max

Fanout         Cap        Slew       Delay        Time   Description
---------------------------------------------------------------------------------------------
                      0.000000    0.000000    0.000000   clock __VIRTUAL_CLK__ (rise edge)
                                  0.000000    0.000000   clock network delay (ideal)
                                  2.000000    2.000000 v input external delay
     1    0.002900    0.008847    0.004641    2.004641 v mode[1] (in)
                                                         mode[1] (net)
                      0.008853    0.000000    2.004641 v input14/A (sky130_fd_sc_hd__buf_1)
     2    0.011307    0.071813    0.110105    2.114746 v input14/X (sky130_fd_sc_hd__buf_1)
                                                         net14 (net)
                      0.071821    0.000758    2.115504 v fanout39/A (sky130_fd_sc_hd__buf_2)
    10    0.032038    0.085303    0.186687    2.302190 v fanout39/X (sky130_fd_sc_hd__buf_2)
                                                         net39 (net)
                      0.085373    0.002207    2.304397 v _07_/A (sky130_fd_sc_hd__xnor2_1)
     6    0.012790    0.312275    0.310832    2.615229 ^ _07_/Y (sky130_fd_sc_hd__xnor2_1)
                                                         _02_ (net)
                      0.312276    0.000391    2.615620 ^ _09_/B (sky130_fd_sc_hd__or2_1)
     1    0.003392    0.048224    0.152350    2.767970 ^ _09_/X (sky130_fd_sc_hd__or2_1)
                                                         net28 (net)
                      0.048224    0.000214    2.768184 ^ output28/A (sky130_fd_sc_hd__buf_2)
     1    0.035831    0.177668    0.203455    2.971639 ^ output28/X (sky130_fd_sc_hd__buf_2)
                                                         en[1] (net)
                      0.177701    0.001993    2.973632 ^ en[1] (out)
                                              2.973632   data arrival time

                      0.000000   10.000000   10.000000   clock __VIRTUAL_CLK__ (rise edge)
                                  0.000000   10.000000   clock network delay (ideal)
                                 -0.250000    9.750000   clock uncertainty
                                  0.000000    9.750000   clock reconvergence pessimism
                                 -2.000000    7.750000   output external delay
                                              7.750000   data required time
---------------------------------------------------------------------------------------------
                                              7.750000   data required time
                                             -2.973632   data arrival time
---------------------------------------------------------------------------------------------
                                              4.776368   slack (MET)


Startpoint: mode[1] (input port clocked by __VIRTUAL_CLK__)
Endpoint: en[2] (output port clocked by __VIRTUAL_CLK__)
Path Group: __VIRTUAL_CLK__
Path Type: max

Fanout         Cap        Slew       Delay        Time   Description
---------------------------------------------------------------------------------------------
                      0.000000    0.000000    0.000000   clock __VIRTUAL_CLK__ (rise edge)
                                  0.000000    0.000000   clock network delay (ideal)
                                  2.000000    2.000000 v input external delay
     1    0.002900    0.008847    0.004641    2.004641 v mode[1] (in)
                                                         mode[1] (net)
                      0.008853    0.000000    2.004641 v input14/A (sky130_fd_sc_hd__buf_1)
     2    0.011307    0.071813    0.110105    2.114746 v input14/X (sky130_fd_sc_hd__buf_1)
                                                         net14 (net)
                      0.071821    0.000758    2.115504 v fanout39/A (sky130_fd_sc_hd__buf_2)
    10    0.032038    0.085303    0.186687    2.302190 v fanout39/X (sky130_fd_sc_hd__buf_2)
                                                         net39 (net)
                      0.085373    0.002207    2.304397 v _07_/A (sky130_fd_sc_hd__xnor2_1)
     6    0.012790    0.312275    0.310832    2.615229 ^ _07_/Y (sky130_fd_sc_hd__xnor2_1)
                                                         _02_ (net)
                      0.312277    0.000501    2.615730 ^ _10_/B (sky130_fd_sc_hd__or2_1)
     1    0.003190    0.046726    0.150890    2.766620 ^ _10_/X (sky130_fd_sc_hd__or2_1)
                                                         net29 (net)
                      0.046726    0.000192    2.766812 ^ output29/A (sky130_fd_sc_hd__buf_2)
     1    0.035712    0.177118    0.202508    2.969319 ^ output29/X (sky130_fd_sc_hd__buf_2)
                                                         en[2] (net)
                      0.177149    0.001942    2.971261 ^ en[2] (out)
                                              2.971261   data arrival time

                      0.000000   10.000000   10.000000   clock __VIRTUAL_CLK__ (rise edge)
                                  0.000000   10.000000   clock network delay (ideal)
                                 -0.250000    9.750000   clock uncertainty
                                  0.000000    9.750000   clock reconvergence pessimism
                                 -2.000000    7.750000   output external delay
                                              7.750000   data required time
---------------------------------------------------------------------------------------------
                                              7.750000   data required time
                                             -2.971261   data arrival time
---------------------------------------------------------------------------------------------
                                              4.778738   slack (MET)


Startpoint: mode[1] (input port clocked by __VIRTUAL_CLK__)
Endpoint: en[4] (output port clocked by __VIRTUAL_CLK__)
Path Group: __VIRTUAL_CLK__
Path Type: max

Fanout         Cap        Slew       Delay        Time   Description
---------------------------------------------------------------------------------------------
                      0.000000    0.000000    0.000000   clock __VIRTUAL_CLK__ (rise edge)
                                  0.000000    0.000000   clock network delay (ideal)
                                  2.000000    2.000000 v input external delay
     1    0.002900    0.008847    0.004641    2.004641 v mode[1] (in)
                                                         mode[1] (net)
                      0.008853    0.000000    2.004641 v input14/A (sky130_fd_sc_hd__buf_1)
     2    0.011307    0.071813    0.110105    2.114746 v input14/X (sky130_fd_sc_hd__buf_1)
                                                         net14 (net)
                      0.071821    0.000758    2.115504 v fanout39/A (sky130_fd_sc_hd__buf_2)
    10    0.032038    0.085303    0.186687    2.302190 v fanout39/X (sky130_fd_sc_hd__buf_2)
                                                         net39 (net)
                      0.085373    0.002207    2.304397 v _07_/A (sky130_fd_sc_hd__xnor2_1)
     6    0.012790    0.312275    0.310832    2.615229 ^ _07_/Y (sky130_fd_sc_hd__xnor2_1)
                                                         _02_ (net)
                      0.312276    0.000411    2.615640 ^ _12_/B (sky130_fd_sc_hd__or2_1)
     1    0.002428    0.041127    0.145340    2.760979 ^ _12_/X (sky130_fd_sc_hd__or2_1)
                                                         net31 (net)
                      0.041138    0.000161    2.761140 ^ output31/A (sky130_fd_sc_hd__buf_2)
     1    0.037047    0.183029    0.204620    2.965760 ^ output31/X (sky130_fd_sc_hd__buf_2)
                                                         en[4] (net)
                      0.183068    0.002215    2.967975 ^ en[4] (out)
                                              2.967975   data arrival time

                      0.000000   10.000000   10.000000   clock __VIRTUAL_CLK__ (rise edge)
                                  0.000000   10.000000   clock network delay (ideal)
                                 -0.250000    9.750000   clock uncertainty
                                  0.000000    9.750000   clock reconvergence pessimism
                                 -2.000000    7.750000   output external delay
                                              7.750000   data required time
---------------------------------------------------------------------------------------------
                                              7.750000   data required time
                                             -2.967975   data arrival time
---------------------------------------------------------------------------------------------
                                              4.782025   slack (MET)


Startpoint: mode[1] (input port clocked by __VIRTUAL_CLK__)
Endpoint: en[5] (output port clocked by __VIRTUAL_CLK__)
Path Group: __VIRTUAL_CLK__
Path Type: max

Fanout         Cap        Slew       Delay        Time   Description
---------------------------------------------------------------------------------------------
                      0.000000    0.000000    0.000000   clock __VIRTUAL_CLK__ (rise edge)
                                  0.000000    0.000000   clock network delay (ideal)
                                  2.000000    2.000000 v input external delay
     1    0.002900    0.008847    0.004641    2.004641 v mode[1] (in)
                                                         mode[1] (net)
                      0.008853    0.000000    2.004641 v input14/A (sky130_fd_sc_hd__buf_1)
     2    0.011307    0.071813    0.110105    2.114746 v input14/X (sky130_fd_sc_hd__buf_1)
                                                         net14 (net)
                      0.071821    0.000758    2.115504 v fanout39/A (sky130_fd_sc_hd__buf_2)
    10    0.032038    0.085303    0.186687    2.302190 v fanout39/X (sky130_fd_sc_hd__buf_2)
                                                         net39 (net)
                      0.085373    0.002207    2.304397 v _07_/A (sky130_fd_sc_hd__xnor2_1)
     6    0.012790    0.312275    0.310832    2.615229 ^ _07_/Y (sky130_fd_sc_hd__xnor2_1)
                                                         _02_ (net)
                      0.312277    0.000539    2.615768 ^ _13_/B (sky130_fd_sc_hd__or2_1)
     1    0.002277    0.040068    0.144254    2.760022 ^ _13_/X (sky130_fd_sc_hd__or2_1)
                                                         net32 (net)
                      0.040068    0.000106    2.760128 ^ output32/A (sky130_fd_sc_hd__buf_2)
     1    0.037222    0.183858    0.204717    2.964845 ^ output32/X (sky130_fd_sc_hd__buf_2)
                                                         en[5] (net)
                      0.183901    0.002344    2.967189 ^ en[5] (out)
                                              2.967189   data arrival time

                      0.000000   10.000000   10.000000   clock __VIRTUAL_CLK__ (rise edge)
                                  0.000000   10.000000   clock network delay (ideal)
                                 -0.250000    9.750000   clock uncertainty
                                  0.000000    9.750000   clock reconvergence pessimism
                                 -2.000000    7.750000   output external delay
                                              7.750000   data required time
---------------------------------------------------------------------------------------------
                                              7.750000   data required time
                                             -2.967189   data arrival time
---------------------------------------------------------------------------------------------
                                              4.782812   slack (MET)


Startpoint: mode[1] (input port clocked by __VIRTUAL_CLK__)
Endpoint: en[3] (output port clocked by __VIRTUAL_CLK__)
Path Group: __VIRTUAL_CLK__
Path Type: max

Fanout         Cap        Slew       Delay        Time   Description
---------------------------------------------------------------------------------------------
                      0.000000    0.000000    0.000000   clock __VIRTUAL_CLK__ (rise edge)
                                  0.000000    0.000000   clock network delay (ideal)
                                  2.000000    2.000000 v input external delay
     1    0.002900    0.008847    0.004641    2.004641 v mode[1] (in)
                                                         mode[1] (net)
                      0.008853    0.000000    2.004641 v input14/A (sky130_fd_sc_hd__buf_1)
     2    0.011307    0.071813    0.110105    2.114746 v input14/X (sky130_fd_sc_hd__buf_1)
                                                         net14 (net)
                      0.071821    0.000758    2.115504 v fanout39/A (sky130_fd_sc_hd__buf_2)
    10    0.032038    0.085303    0.186687    2.302190 v fanout39/X (sky130_fd_sc_hd__buf_2)
                                                         net39 (net)
                      0.085373    0.002207    2.304397 v _07_/A (sky130_fd_sc_hd__xnor2_1)
     6    0.012790    0.312275    0.310832    2.615229 ^ _07_/Y (sky130_fd_sc_hd__xnor2_1)
                                                         _02_ (net)
                      0.312276    0.000414    2.615643 ^ _11_/B (sky130_fd_sc_hd__or2_1)
     1    0.002144    0.039132    0.143273    2.758915 ^ _11_/X (sky130_fd_sc_hd__or2_1)
                                                         net30 (net)
                      0.039132    0.000149    2.759064 ^ output30/A (sky130_fd_sc_hd__buf_2)
     1    0.036894    0.182325    0.203340    2.962404 ^ output30/X (sky130_fd_sc_hd__buf_2)
                                                         en[3] (net)
                      0.182363    0.002192    2.964597 ^ en[3] (out)
                                              2.964597   data arrival time

                      0.000000   10.000000   10.000000   clock __VIRTUAL_CLK__ (rise edge)
                                  0.000000   10.000000   clock network delay (ideal)
                                 -0.250000    9.750000   clock uncertainty
                                  0.000000    9.750000   clock reconvergence pessimism
                                 -2.000000    7.750000   output external delay
                                              7.750000   data required time
---------------------------------------------------------------------------------------------
                                              7.750000   data required time
                                             -2.964597   data arrival time
---------------------------------------------------------------------------------------------
                                              4.785403   slack (MET)


Startpoint: mode[0] (input port clocked by __VIRTUAL_CLK__)
Endpoint: inc[0] (output port clocked by __VIRTUAL_CLK__)
Path Group: __VIRTUAL_CLK__
Path Type: max

Fanout         Cap        Slew       Delay        Time   Description
---------------------------------------------------------------------------------------------
                      0.000000    0.000000    0.000000   clock __VIRTUAL_CLK__ (rise edge)
                                  0.000000    0.000000   clock network delay (ideal)
                                  2.000000    2.000000 v input external delay
     1    0.003118    0.009356    0.005014    2.005014 v mode[0] (in)
                                                         mode[0] (net)
                      0.009359    0.000000    2.005014 v input13/A (sky130_fd_sc_hd__buf_1)
     2    0.010988    0.070062    0.108883    2.113897 v input13/X (sky130_fd_sc_hd__buf_1)
                                                         net13 (net)
                      0.070072    0.000847    2.114743 v fanout40/A (sky130_fd_sc_hd__buf_2)
    10    0.032056    0.084780    0.186309    2.301052 v fanout40/X (sky130_fd_sc_hd__buf_2)
                                                         net40 (net)
                      0.084789    0.000919    2.301971 v _27_/A1 (sky130_fd_sc_hd__a21oi_1)
     1    0.002662    0.101833    0.131192    2.433163 ^ _27_/Y (sky130_fd_sc_hd__a21oi_1)
                                                         net33 (net)
                      0.101833    0.000183    2.433346 ^ output33/A (sky130_fd_sc_hd__buf_2)
     1    0.035787    0.177786    0.223167    2.656514 ^ output33/X (sky130_fd_sc_hd__buf_2)
                                                         inc[0] (net)
                      0.177869    0.001936    2.658449 ^ inc[0] (out)
                                              2.658449   data arrival time

                      0.000000   10.000000   10.000000   clock __VIRTUAL_CLK__ (rise edge)
                                  0.000000   10.000000   clock network delay (ideal)
                                 -0.250000    9.750000   clock uncertainty
                                  0.000000    9.750000   clock reconvergence pessimism
                                 -2.000000    7.750000   output external delay
                                              7.750000   data required time
---------------------------------------------------------------------------------------------
                                              7.750000   data required time
                                             -2.658449   data arrival time
---------------------------------------------------------------------------------------------
                                              5.091550   slack (MET)


Startpoint: mode[0] (input port clocked by __VIRTUAL_CLK__)
Endpoint: dec[0] (output port clocked by __VIRTUAL_CLK__)
Path Group: __VIRTUAL_CLK__
Path Type: max

Fanout         Cap        Slew       Delay        Time   Description
---------------------------------------------------------------------------------------------
                      0.000000    0.000000    0.000000   clock __VIRTUAL_CLK__ (rise edge)
                                  0.000000    0.000000   clock network delay (ideal)
                                  2.000000    2.000000 ^ input external delay
     1    0.003294    0.021876    0.012095    2.012095 ^ mode[0] (in)
                                                         mode[0] (net)
                      0.021878    0.000000    2.012095 ^ input13/A (sky130_fd_sc_hd__buf_1)
     2    0.011360    0.140166    0.139920    2.152015 ^ input13/X (sky130_fd_sc_hd__buf_1)
                                                         net13 (net)
                      0.140178    0.001096    2.153111 ^ _20_/A1 (sky130_fd_sc_hd__o21a_1)
     1    0.002757    0.041213    0.138918    2.292028 ^ _20_/X (sky130_fd_sc_hd__o21a_1)
                                                         net21 (net)
                      0.041214    0.000203    2.292231 ^ output21/A (sky130_fd_sc_hd__buf_2)
     1    0.036281    0.179624    0.202249    2.494480 ^ output21/X (sky130_fd_sc_hd__buf_2)
                                                         dec[0] (net)
                      0.179656    0.002008    2.496488 ^ dec[0] (out)
                                              2.496488   data arrival time

                      0.000000   10.000000   10.000000   clock __VIRTUAL_CLK__ (rise edge)
                                  0.000000   10.000000   clock network delay (ideal)
                                 -0.250000    9.750000   clock uncertainty
                                  0.000000    9.750000   clock reconvergence pessimism
                                 -2.000000    7.750000   output external delay
                                              7.750000   data required time
---------------------------------------------------------------------------------------------
                                              7.750000   data required time
                                             -2.496488   data arrival time
---------------------------------------------------------------------------------------------
                                              5.253512   slack (MET)



