
===========================================================================
report_checks -unconstrained
===========================================================================
======================= min_ff_n40C_1v95 Corner ===================================

Startpoint: mode[0] (input port clocked by __VIRTUAL_CLK__)
Endpoint: inc[5] (output port clocked by __VIRTUAL_CLK__)
Path Group: __VIRTUAL_CLK__
Path Type: max

Fanout         Cap        Slew       Delay        Time   Description
---------------------------------------------------------------------------------------------
                      0.000000    0.000000    0.000000   clock __VIRTUAL_CLK__ (rise edge)
                                  0.000000    0.000000   clock network delay (ideal)
                                  2.000000    2.000000 ^ input external delay
     1    0.003241    0.015492    0.008383    2.008383 ^ mode[0] (in)
                                                         mode[0] (net)
                      0.015497    0.000000    2.008383 ^ input13/A (sky130_fd_sc_hd__buf_1)
     2    0.010227    0.094472    0.091648    2.100031 ^ input13/X (sky130_fd_sc_hd__buf_1)
                                                         net13 (net)
                      0.094473    0.000247    2.100278 ^ fanout40/A (sky130_fd_sc_hd__buf_2)
    10    0.032398    0.121495    0.149016    2.249294 ^ fanout40/X (sky130_fd_sc_hd__buf_2)
                                                         net40 (net)
                      0.121495    0.000075    2.249369 ^ _21_/B (sky130_fd_sc_hd__and3b_1)
     5    0.016053    0.125183    0.173112    2.422481 ^ _21_/X (sky130_fd_sc_hd__and3b_1)
                                                         _04_ (net)
                      0.125183    0.000188    2.422669 ^ _22_/B1 (sky130_fd_sc_hd__a21o_1)
     1    0.007315    0.055542    0.073577    2.496246 ^ _22_/X (sky130_fd_sc_hd__a21o_1)
                                                         net38 (net)
                      0.055542    0.000218    2.496464 ^ output38/A (sky130_fd_sc_hd__buf_2)
     1    0.037485    0.139600    0.152221    2.648685 ^ output38/X (sky130_fd_sc_hd__buf_2)
                                                         inc[5] (net)
                      0.139609    0.000943    2.649629 ^ inc[5] (out)
                                              2.649629   data arrival time

                      0.000000   10.000000   10.000000   clock __VIRTUAL_CLK__ (rise edge)
                                  0.000000   10.000000   clock network delay (ideal)
                                 -0.250000    9.750000   clock uncertainty
                                  0.000000    9.750000   clock reconvergence pessimism
                                 -2.000000    7.750000   output external delay
                                              7.750000   data required time
---------------------------------------------------------------------------------------------
                                              7.750000   data required time
                                             -2.649629   data arrival time
---------------------------------------------------------------------------------------------
                                              5.100371   slack (MET)




===========================================================================
report_checks --slack_max -0.01
============================================================================
======================= min_ff_n40C_1v95 Corner ===================================

No paths found.


===========================================================================
 report_check_types -max_slew -max_cap -max_fanout -violators
============================================================================
======================= min_ff_n40C_1v95 Corner ===================================



===========================================================================
report_parasitic_annotation -report_unannotated
============================================================================
Found 0 unannotated drivers.
Found 0 partially unannotated drivers.

===========================================================================
max slew violation count 0
max fanout violation count 0
max cap violation count 0
============================================================================

===========================================================================
check_setup -verbose -unconstrained_endpoints -multiple_clock -no_clock -no_input_delay -loops -generated_clocks
===========================================================================
