Reading OpenROAD database at '/home/kien/openlane2/MARCO/counter_all/runs/RUN_2026-01-16_18-59-06/36-openroad-resizertimingpostcts/counter_all.odb'…
Reading library file at '/home/kien/.volare/volare/sky130/versions/0fe599b2afb6708d281543108caf8310912f54af/sky130A/libs.ref/sky130_fd_sc_hd/lib/sky130_fd_sc_hd__tt_025C_1v80.lib'…
Reading design constraints file at '/nix/store/4pyixb03xfwwy77zxxplrggxrmm9f57y-python3-3.11.9-env/lib/python3.11/site-packages/openlane/scripts/base.sdc'…
[INFO] Using clock clk…
[INFO] Setting output delay to: 20000000
[INFO] Setting input delay to: 20000000
[INFO] Setting load to: 0.033442
[INFO] Setting clock uncertainty to: 0.25
[INFO] Setting clock transition to: 0.1499999999999999944488848768742172978818416595458984375
[INFO] Setting timing derate to: 5%
[INFO] Setting signal min routing layer to: met1 and clock min routing layer to met1. 
[INFO] Setting signal max routing layer to: met5 and clock max routing layer to met5. 
-congestion_iterations 50 -verbose
[INFO GRT-0020] Min routing layer: met1
[INFO GRT-0021] Max routing layer: met5
[INFO GRT-0022] Global adjustment: 30%
[INFO GRT-0023] Grid origin: (0, 0)
[INFO GRT-0043] No OR_DEFAULT vias defined.
[INFO GRT-0088] Layer li1     Track-Pitch = 0.4600  line-2-Via Pitch: 0.3400
[INFO GRT-0088] Layer met1    Track-Pitch = 0.3400  line-2-Via Pitch: 0.3400
[INFO GRT-0088] Layer met2    Track-Pitch = 0.4600  line-2-Via Pitch: 0.3500
[INFO GRT-0088] Layer met3    Track-Pitch = 0.6800  line-2-Via Pitch: 0.6150
[INFO GRT-0088] Layer met4    Track-Pitch = 0.9200  line-2-Via Pitch: 1.0400
[INFO GRT-0088] Layer met5    Track-Pitch = 3.4000  line-2-Via Pitch: 3.1100
[INFO GRT-0019] Found 6 clock nets.
[WARNING GRT-0036] Pin clk is outside die area.
[WARNING GRT-0036] Pin day[0] is outside die area.
[WARNING GRT-0036] Pin day[1] is outside die area.
[WARNING GRT-0036] Pin day[2] is outside die area.
[WARNING GRT-0036] Pin day[3] is outside die area.
[WARNING GRT-0036] Pin day[4] is outside die area.
[WARNING GRT-0036] Pin day_num[0] is outside die area.
[WARNING GRT-0036] Pin day_num[1] is outside die area.
[WARNING GRT-0036] Pin day_num[2] is outside die area.
[WARNING GRT-0036] Pin day_num[3] is outside die area.
[WARNING GRT-0036] Pin day_num[4] is outside die area.
[WARNING GRT-0036] Pin dec[0] is outside die area.
[WARNING GRT-0036] Pin dec[1] is outside die area.
[WARNING GRT-0036] Pin dec[2] is outside die area.
[WARNING GRT-0036] Pin dec[3] is outside die area.
[WARNING GRT-0036] Pin dec[4] is outside die area.
[WARNING GRT-0036] Pin dec[5] is outside die area.
[WARNING GRT-0036] Pin done_dec[0] is outside die area.
[WARNING GRT-0036] Pin done_dec[1] is outside die area.
[WARNING GRT-0036] Pin done_dec[2] is outside die area.
[WARNING GRT-0036] Pin done_dec[3] is outside die area.
[WARNING GRT-0036] Pin done_dec[4] is outside die area.
[WARNING GRT-0036] Pin done_inc[0] is outside die area.
[WARNING GRT-0036] Pin done_inc[1] is outside die area.
[WARNING GRT-0036] Pin done_inc[2] is outside die area.
[WARNING GRT-0036] Pin done_inc[3] is outside die area.
[WARNING GRT-0036] Pin done_inc[4] is outside die area.
[WARNING GRT-0036] Pin en[0] is outside die area.
[WARNING GRT-0036] Pin en[1] is outside die area.
[WARNING GRT-0036] Pin en[2] is outside die area.
[WARNING GRT-0036] Pin en[3] is outside die area.
[WARNING GRT-0036] Pin en[4] is outside die area.
[WARNING GRT-0036] Pin en[5] is outside die area.
[WARNING GRT-0036] Pin hour[0] is outside die area.
[WARNING GRT-0036] Pin hour[1] is outside die area.
[WARNING GRT-0036] Pin hour[2] is outside die area.
[WARNING GRT-0036] Pin hour[3] is outside die area.
[WARNING GRT-0036] Pin hour[4] is outside die area.
[WARNING GRT-0036] Pin hour_num[0] is outside die area.
[WARNING GRT-0036] Pin hour_num[1] is outside die area.
[WARNING GRT-0036] Pin hour_num[2] is outside die area.
[WARNING GRT-0036] Pin hour_num[3] is outside die area.
[WARNING GRT-0036] Pin hour_num[4] is outside die area.
[WARNING GRT-0036] Pin inc[0] is outside die area.
[WARNING GRT-0036] Pin inc[1] is outside die area.
[WARNING GRT-0036] Pin inc[2] is outside die area.
[WARNING GRT-0036] Pin inc[3] is outside die area.
[WARNING GRT-0036] Pin inc[4] is outside die area.
[WARNING GRT-0036] Pin inc[5] is outside die area.
[WARNING GRT-0036] Pin minute[0] is outside die area.
[WARNING GRT-0036] Pin minute[1] is outside die area.
[WARNING GRT-0036] Pin minute[2] is outside die area.
[WARNING GRT-0036] Pin minute[3] is outside die area.
[WARNING GRT-0036] Pin minute[4] is outside die area.
[WARNING GRT-0036] Pin minute[5] is outside die area.
[WARNING GRT-0036] Pin month[0] is outside die area.
[WARNING GRT-0036] Pin month[1] is outside die area.
[WARNING GRT-0036] Pin month[2] is outside die area.
[WARNING GRT-0036] Pin month[3] is outside die area.
[WARNING GRT-0036] Pin reset_n is outside die area.
[WARNING GRT-0036] Pin second[0] is outside die area.
[WARNING GRT-0036] Pin second[1] is outside die area.
[WARNING GRT-0036] Pin second[2] is outside die area.
[WARNING GRT-0036] Pin second[3] is outside die area.
[WARNING GRT-0036] Pin second[4] is outside die area.
[WARNING GRT-0036] Pin second[5] is outside die area.
[WARNING GRT-0036] Pin year[0] is outside die area.
[WARNING GRT-0036] Pin year[1] is outside die area.
[WARNING GRT-0036] Pin year[2] is outside die area.
[WARNING GRT-0036] Pin year[3] is outside die area.
[WARNING GRT-0036] Pin year[4] is outside die area.
[WARNING GRT-0036] Pin year[5] is outside die area.
[WARNING GRT-0036] Pin year[6] is outside die area.
[INFO GRT-0001] Minimum degree: 2
[INFO GRT-0002] Maximum degree: 11
[INFO GRT-0003] Macros: 0
[WARNING GRT-0041] Net VPWR has wires/vias outside die area.
[WARNING GRT-0041] Net VPWR has wires/vias outside die area.
[WARNING GRT-0041] Net VPWR has wires/vias outside die area.
[WARNING GRT-0041] Net VPWR has wires/vias outside die area.
[WARNING GRT-0041] Net VPWR has wires/vias outside die area.
[WARNING GRT-0041] Net VPWR has wires/vias outside die area.
[WARNING GRT-0041] Net VPWR has wires/vias outside die area.
[WARNING GRT-0041] Net VPWR has wires/vias outside die area.
[WARNING GRT-0041] Net VPWR has wires/vias outside die area.
[WARNING GRT-0041] Net VPWR has wires/vias outside die area.
[WARNING GRT-0041] Net VPWR has wires/vias outside die area.
[WARNING GRT-0041] Net VPWR has wires/vias outside die area.
[WARNING GRT-0041] Net VPWR has wires/vias outside die area.
[WARNING GRT-0041] Net VPWR has wires/vias outside die area.
[WARNING GRT-0041] Net VPWR has wires/vias outside die area.
[WARNING GRT-0041] Net VPWR has wires/vias outside die area.
[WARNING GRT-0041] Net VPWR has wires/vias outside die area.
[WARNING GRT-0041] Net VPWR has wires/vias outside die area.
[WARNING GRT-0041] Net VGND has wires/vias outside die area.
[WARNING GRT-0041] Net VGND has wires/vias outside die area.
[WARNING GRT-0041] Net VGND has wires/vias outside die area.
[WARNING GRT-0041] Net VGND has wires/vias outside die area.
[WARNING GRT-0041] Net VGND has wires/vias outside die area.
[WARNING GRT-0041] Net VGND has wires/vias outside die area.
[WARNING GRT-0041] Net VGND has wires/vias outside die area.
[WARNING GRT-0041] Net VGND has wires/vias outside die area.
[WARNING GRT-0041] Net VGND has wires/vias outside die area.
[WARNING GRT-0041] Net VGND has wires/vias outside die area.
[WARNING GRT-0041] Net VGND has wires/vias outside die area.
[WARNING GRT-0041] Net VGND has wires/vias outside die area.
[WARNING GRT-0041] Net VGND has wires/vias outside die area.
[WARNING GRT-0041] Net VGND has wires/vias outside die area.
[WARNING GRT-0041] Net VGND has wires/vias outside die area.
[WARNING GRT-0041] Net VGND has wires/vias outside die area.
[WARNING GRT-0041] Net VGND has wires/vias outside die area.
[WARNING GRT-0041] Net VGND has wires/vias outside die area.
[WARNING GRT-0041] Net VGND has wires/vias outside die area.
[INFO GRT-0043] No OR_DEFAULT vias defined.
[INFO GRT-0004] Blockages: 466

[INFO GRT-0053] Routing resources analysis:
          Routing      Original      Derated      Resource
Layer     Direction    Resources     Resources    Reduction (%)
---------------------------------------------------------------
li1        Vertical            0             0          0.00%
met1       Horizontal       3344          1614          51.73%
met2       Vertical         2648          1625          38.63%
met3       Horizontal       1672          1078          35.53%
met4       Vertical         1090           624          42.75%
met5       Horizontal        332           121          63.55%
---------------------------------------------------------------

[INFO GRT-0197] Via related to pin nodes: 2345
[INFO GRT-0198] Via related Steiner nodes: 25
[INFO GRT-0199] Via filling finished.
[INFO GRT-0111] Final number of vias: 2875
[INFO GRT-0112] Final usage 3D: 9968

[INFO GRT-0096] Final congestion report:
Layer         Resource        Demand        Usage (%)    Max H / Max V / Total Overflow
---------------------------------------------------------------------------------------
li1                  0             0            0.00%             0 /  0 /  0
met1              1614           626           38.79%             0 /  0 /  0
met2              1625           574           35.32%             0 /  0 /  0
met3              1078           113           10.48%             0 /  0 /  0
met4               624            30            4.81%             0 /  0 /  0
met5               121             0            0.00%             0 /  0 /  0
---------------------------------------------------------------------------------------
Total             5062          1343           26.53%             0 /  0 /  0

[INFO GRT-0018] Total wirelength: 16035 um
[INFO GRT-0014] Routed nets: 477
%OL_CREATE_REPORT antenna.rpt
[INFO GRT-0043] No OR_DEFAULT vias defined.
[INFO ANT-0002] Found 0 net violations.
[INFO ANT-0001] Found 0 pin violations.
%OL_END_REPORT
[INFO] Setting RC values…
Setting global connections for newly added cells…
[INFO] Setting global connections...
Updating metrics…
Cell type report:                       Count       Area
  Fill cell                                54     202.69
  Tap cell                                 72      90.09
  Buffer                                   10      37.54
  Clock buffer                              7     146.39
  Timing Repair Buffer                     83     436.67
  Inverter                                 17      63.81
  Clock inverter                            1      30.03
  Sequential cell                          33     888.35
  Multi-Input combinational cell          299    2248.41
  Total                                   576    4143.97
Writing OpenROAD database to '/home/kien/openlane2/MARCO/counter_all/runs/RUN_2026-01-16_18-59-06/38-openroad-globalrouting/counter_all.odb'…
Writing layout to '/home/kien/openlane2/MARCO/counter_all/runs/RUN_2026-01-16_18-59-06/38-openroad-globalrouting/counter_all.def'…
