
===========================================================================
report_checks -path_delay max (Setup)
============================================================================
======================= nom_tt_025C_1v80 Corner ===================================

Startpoint: mode[0] (input port clocked by __VIRTUAL_CLK__)
Endpoint: dec[1] (output port clocked by __VIRTUAL_CLK__)
Path Group: __VIRTUAL_CLK__
Path Type: max

Fanout         Cap        Slew       Delay        Time   Description
---------------------------------------------------------------------------------------------
                      0.000000    0.000000    0.000000   clock __VIRTUAL_CLK__ (rise edge)
                                  0.000000    0.000000   clock network delay (ideal)
                                  2.000000    2.000000 ^ input external delay
    11    0.035437    0.166645    0.113649    2.113649 ^ mode[0] (in)
                                                         mode[0] (net)
                      0.166645    0.000000    2.113649 ^ _14_/A_N (sky130_fd_sc_hd__and3b_2)
     5    0.010735    0.058266    0.251475    2.365124 v _14_/X (sky130_fd_sc_hd__and3b_2)
                                                         _03_ (net)
                      0.058266    0.000000    2.365124 v _19_/B1 (sky130_fd_sc_hd__a31o_2)
     1    0.033442    0.106563    0.295902    2.661025 v _19_/X (sky130_fd_sc_hd__a31o_2)
                                                         dec[1] (net)
                      0.106563    0.000000    2.661025 v dec[1] (out)
                                              2.661025   data arrival time

                      0.000000   10.000000   10.000000   clock __VIRTUAL_CLK__ (rise edge)
                                  0.000000   10.000000   clock network delay (ideal)
                                 -0.250000    9.750000   clock uncertainty
                                  0.000000    9.750000   clock reconvergence pessimism
                                 -2.000000    7.750000   output external delay
                                              7.750000   data required time
---------------------------------------------------------------------------------------------
                                              7.750000   data required time
                                             -2.661025   data arrival time
---------------------------------------------------------------------------------------------
                                              5.088975   slack (MET)


Startpoint: mode[0] (input port clocked by __VIRTUAL_CLK__)
Endpoint: dec[2] (output port clocked by __VIRTUAL_CLK__)
Path Group: __VIRTUAL_CLK__
Path Type: max

Fanout         Cap        Slew       Delay        Time   Description
---------------------------------------------------------------------------------------------
                      0.000000    0.000000    0.000000   clock __VIRTUAL_CLK__ (rise edge)
                                  0.000000    0.000000   clock network delay (ideal)
                                  2.000000    2.000000 ^ input external delay
    11    0.035437    0.166645    0.113649    2.113649 ^ mode[0] (in)
                                                         mode[0] (net)
                      0.166645    0.000000    2.113649 ^ _14_/A_N (sky130_fd_sc_hd__and3b_2)
     5    0.010735    0.058266    0.251475    2.365124 v _14_/X (sky130_fd_sc_hd__and3b_2)
                                                         _03_ (net)
                      0.058266    0.000000    2.365124 v _18_/B1 (sky130_fd_sc_hd__a31o_2)
     1    0.033442    0.106563    0.295902    2.661025 v _18_/X (sky130_fd_sc_hd__a31o_2)
                                                         dec[2] (net)
                      0.106563    0.000000    2.661025 v dec[2] (out)
                                              2.661025   data arrival time

                      0.000000   10.000000   10.000000   clock __VIRTUAL_CLK__ (rise edge)
                                  0.000000   10.000000   clock network delay (ideal)
                                 -0.250000    9.750000   clock uncertainty
                                  0.000000    9.750000   clock reconvergence pessimism
                                 -2.000000    7.750000   output external delay
                                              7.750000   data required time
---------------------------------------------------------------------------------------------
                                              7.750000   data required time
                                             -2.661025   data arrival time
---------------------------------------------------------------------------------------------
                                              5.088975   slack (MET)


Startpoint: mode[0] (input port clocked by __VIRTUAL_CLK__)
Endpoint: dec[3] (output port clocked by __VIRTUAL_CLK__)
Path Group: __VIRTUAL_CLK__
Path Type: max

Fanout         Cap        Slew       Delay        Time   Description
---------------------------------------------------------------------------------------------
                      0.000000    0.000000    0.000000   clock __VIRTUAL_CLK__ (rise edge)
                                  0.000000    0.000000   clock network delay (ideal)
                                  2.000000    2.000000 ^ input external delay
    11    0.035437    0.166645    0.113649    2.113649 ^ mode[0] (in)
                                                         mode[0] (net)
                      0.166645    0.000000    2.113649 ^ _14_/A_N (sky130_fd_sc_hd__and3b_2)
     5    0.010735    0.058266    0.251475    2.365124 v _14_/X (sky130_fd_sc_hd__and3b_2)
                                                         _03_ (net)
                      0.058266    0.000000    2.365124 v _17_/B1 (sky130_fd_sc_hd__a31o_2)
     1    0.033442    0.106563    0.295902    2.661025 v _17_/X (sky130_fd_sc_hd__a31o_2)
                                                         dec[3] (net)
                      0.106563    0.000000    2.661025 v dec[3] (out)
                                              2.661025   data arrival time

                      0.000000   10.000000   10.000000   clock __VIRTUAL_CLK__ (rise edge)
                                  0.000000   10.000000   clock network delay (ideal)
                                 -0.250000    9.750000   clock uncertainty
                                  0.000000    9.750000   clock reconvergence pessimism
                                 -2.000000    7.750000   output external delay
                                              7.750000   data required time
---------------------------------------------------------------------------------------------
                                              7.750000   data required time
                                             -2.661025   data arrival time
---------------------------------------------------------------------------------------------
                                              5.088975   slack (MET)


Startpoint: mode[0] (input port clocked by __VIRTUAL_CLK__)
Endpoint: dec[4] (output port clocked by __VIRTUAL_CLK__)
Path Group: __VIRTUAL_CLK__
Path Type: max

Fanout         Cap        Slew       Delay        Time   Description
---------------------------------------------------------------------------------------------
                      0.000000    0.000000    0.000000   clock __VIRTUAL_CLK__ (rise edge)
                                  0.000000    0.000000   clock network delay (ideal)
                                  2.000000    2.000000 ^ input external delay
    11    0.035437    0.166645    0.113649    2.113649 ^ mode[0] (in)
                                                         mode[0] (net)
                      0.166645    0.000000    2.113649 ^ _14_/A_N (sky130_fd_sc_hd__and3b_2)
     5    0.010735    0.058266    0.251475    2.365124 v _14_/X (sky130_fd_sc_hd__and3b_2)
                                                         _03_ (net)
                      0.058266    0.000000    2.365124 v _16_/B1 (sky130_fd_sc_hd__a31o_2)
     1    0.033442    0.106563    0.295902    2.661025 v _16_/X (sky130_fd_sc_hd__a31o_2)
                                                         dec[4] (net)
                      0.106563    0.000000    2.661025 v dec[4] (out)
                                              2.661025   data arrival time

                      0.000000   10.000000   10.000000   clock __VIRTUAL_CLK__ (rise edge)
                                  0.000000   10.000000   clock network delay (ideal)
                                 -0.250000    9.750000   clock uncertainty
                                  0.000000    9.750000   clock reconvergence pessimism
                                 -2.000000    7.750000   output external delay
                                              7.750000   data required time
---------------------------------------------------------------------------------------------
                                              7.750000   data required time
                                             -2.661025   data arrival time
---------------------------------------------------------------------------------------------
                                              5.088975   slack (MET)


Startpoint: mode[0] (input port clocked by __VIRTUAL_CLK__)
Endpoint: dec[5] (output port clocked by __VIRTUAL_CLK__)
Path Group: __VIRTUAL_CLK__
Path Type: max

Fanout         Cap        Slew       Delay        Time   Description
---------------------------------------------------------------------------------------------
                      0.000000    0.000000    0.000000   clock __VIRTUAL_CLK__ (rise edge)
                                  0.000000    0.000000   clock network delay (ideal)
                                  2.000000    2.000000 ^ input external delay
    11    0.035437    0.166645    0.113649    2.113649 ^ mode[0] (in)
                                                         mode[0] (net)
                      0.166645    0.000000    2.113649 ^ _14_/A_N (sky130_fd_sc_hd__and3b_2)
     5    0.010735    0.058266    0.251475    2.365124 v _14_/X (sky130_fd_sc_hd__and3b_2)
                                                         _03_ (net)
                      0.058266    0.000000    2.365124 v _15_/B1 (sky130_fd_sc_hd__a31o_2)
     1    0.033442    0.106563    0.295902    2.661025 v _15_/X (sky130_fd_sc_hd__a31o_2)
                                                         dec[5] (net)
                      0.106563    0.000000    2.661025 v dec[5] (out)
                                              2.661025   data arrival time

                      0.000000   10.000000   10.000000   clock __VIRTUAL_CLK__ (rise edge)
                                  0.000000   10.000000   clock network delay (ideal)
                                 -0.250000    9.750000   clock uncertainty
                                  0.000000    9.750000   clock reconvergence pessimism
                                 -2.000000    7.750000   output external delay
                                              7.750000   data required time
---------------------------------------------------------------------------------------------
                                              7.750000   data required time
                                             -2.661025   data arrival time
---------------------------------------------------------------------------------------------
                                              5.088975   slack (MET)


Startpoint: mode[1] (input port clocked by __VIRTUAL_CLK__)
Endpoint: inc[1] (output port clocked by __VIRTUAL_CLK__)
Path Group: __VIRTUAL_CLK__
Path Type: max

Fanout         Cap        Slew       Delay        Time   Description
---------------------------------------------------------------------------------------------
                      0.000000    0.000000    0.000000   clock __VIRTUAL_CLK__ (rise edge)
                                  0.000000    0.000000   clock network delay (ideal)
                                  2.000000    2.000000 ^ input external delay
    11    0.036179    0.169970    0.115964    2.115964 ^ mode[1] (in)
                                                         mode[1] (net)
                      0.169970    0.000000    2.115964 ^ _21_/A_N (sky130_fd_sc_hd__and3b_2)
     5    0.010975    0.058876    0.252814    2.368778 v _21_/X (sky130_fd_sc_hd__and3b_2)
                                                         _04_ (net)
                      0.058876    0.000000    2.368778 v _26_/B1 (sky130_fd_sc_hd__a21o_2)
     1    0.033442    0.103064    0.265646    2.634424 v _26_/X (sky130_fd_sc_hd__a21o_2)
                                                         inc[1] (net)
                      0.103064    0.000000    2.634424 v inc[1] (out)
                                              2.634424   data arrival time

                      0.000000   10.000000   10.000000   clock __VIRTUAL_CLK__ (rise edge)
                                  0.000000   10.000000   clock network delay (ideal)
                                 -0.250000    9.750000   clock uncertainty
                                  0.000000    9.750000   clock reconvergence pessimism
                                 -2.000000    7.750000   output external delay
                                              7.750000   data required time
---------------------------------------------------------------------------------------------
                                              7.750000   data required time
                                             -2.634424   data arrival time
---------------------------------------------------------------------------------------------
                                              5.115576   slack (MET)


Startpoint: mode[1] (input port clocked by __VIRTUAL_CLK__)
Endpoint: inc[2] (output port clocked by __VIRTUAL_CLK__)
Path Group: __VIRTUAL_CLK__
Path Type: max

Fanout         Cap        Slew       Delay        Time   Description
---------------------------------------------------------------------------------------------
                      0.000000    0.000000    0.000000   clock __VIRTUAL_CLK__ (rise edge)
                                  0.000000    0.000000   clock network delay (ideal)
                                  2.000000    2.000000 ^ input external delay
    11    0.036179    0.169970    0.115964    2.115964 ^ mode[1] (in)
                                                         mode[1] (net)
                      0.169970    0.000000    2.115964 ^ _21_/A_N (sky130_fd_sc_hd__and3b_2)
     5    0.010975    0.058876    0.252814    2.368778 v _21_/X (sky130_fd_sc_hd__and3b_2)
                                                         _04_ (net)
                      0.058876    0.000000    2.368778 v _25_/B1 (sky130_fd_sc_hd__a21o_2)
     1    0.033442    0.103064    0.265646    2.634424 v _25_/X (sky130_fd_sc_hd__a21o_2)
                                                         inc[2] (net)
                      0.103064    0.000000    2.634424 v inc[2] (out)
                                              2.634424   data arrival time

                      0.000000   10.000000   10.000000   clock __VIRTUAL_CLK__ (rise edge)
                                  0.000000   10.000000   clock network delay (ideal)
                                 -0.250000    9.750000   clock uncertainty
                                  0.000000    9.750000   clock reconvergence pessimism
                                 -2.000000    7.750000   output external delay
                                              7.750000   data required time
---------------------------------------------------------------------------------------------
                                              7.750000   data required time
                                             -2.634424   data arrival time
---------------------------------------------------------------------------------------------
                                              5.115576   slack (MET)


Startpoint: mode[1] (input port clocked by __VIRTUAL_CLK__)
Endpoint: inc[3] (output port clocked by __VIRTUAL_CLK__)
Path Group: __VIRTUAL_CLK__
Path Type: max

Fanout         Cap        Slew       Delay        Time   Description
---------------------------------------------------------------------------------------------
                      0.000000    0.000000    0.000000   clock __VIRTUAL_CLK__ (rise edge)
                                  0.000000    0.000000   clock network delay (ideal)
                                  2.000000    2.000000 ^ input external delay
    11    0.036179    0.169970    0.115964    2.115964 ^ mode[1] (in)
                                                         mode[1] (net)
                      0.169970    0.000000    2.115964 ^ _21_/A_N (sky130_fd_sc_hd__and3b_2)
     5    0.010975    0.058876    0.252814    2.368778 v _21_/X (sky130_fd_sc_hd__and3b_2)
                                                         _04_ (net)
                      0.058876    0.000000    2.368778 v _24_/B1 (sky130_fd_sc_hd__a21o_2)
     1    0.033442    0.103064    0.265646    2.634424 v _24_/X (sky130_fd_sc_hd__a21o_2)
                                                         inc[3] (net)
                      0.103064    0.000000    2.634424 v inc[3] (out)
                                              2.634424   data arrival time

                      0.000000   10.000000   10.000000   clock __VIRTUAL_CLK__ (rise edge)
                                  0.000000   10.000000   clock network delay (ideal)
                                 -0.250000    9.750000   clock uncertainty
                                  0.000000    9.750000   clock reconvergence pessimism
                                 -2.000000    7.750000   output external delay
                                              7.750000   data required time
---------------------------------------------------------------------------------------------
                                              7.750000   data required time
                                             -2.634424   data arrival time
---------------------------------------------------------------------------------------------
                                              5.115576   slack (MET)


Startpoint: mode[1] (input port clocked by __VIRTUAL_CLK__)
Endpoint: inc[4] (output port clocked by __VIRTUAL_CLK__)
Path Group: __VIRTUAL_CLK__
Path Type: max

Fanout         Cap        Slew       Delay        Time   Description
---------------------------------------------------------------------------------------------
                      0.000000    0.000000    0.000000   clock __VIRTUAL_CLK__ (rise edge)
                                  0.000000    0.000000   clock network delay (ideal)
                                  2.000000    2.000000 ^ input external delay
    11    0.036179    0.169970    0.115964    2.115964 ^ mode[1] (in)
                                                         mode[1] (net)
                      0.169970    0.000000    2.115964 ^ _21_/A_N (sky130_fd_sc_hd__and3b_2)
     5    0.010975    0.058876    0.252814    2.368778 v _21_/X (sky130_fd_sc_hd__and3b_2)
                                                         _04_ (net)
                      0.058876    0.000000    2.368778 v _23_/B1 (sky130_fd_sc_hd__a21o_2)
     1    0.033442    0.103064    0.265646    2.634424 v _23_/X (sky130_fd_sc_hd__a21o_2)
                                                         inc[4] (net)
                      0.103064    0.000000    2.634424 v inc[4] (out)
                                              2.634424   data arrival time

                      0.000000   10.000000   10.000000   clock __VIRTUAL_CLK__ (rise edge)
                                  0.000000   10.000000   clock network delay (ideal)
                                 -0.250000    9.750000   clock uncertainty
                                  0.000000    9.750000   clock reconvergence pessimism
                                 -2.000000    7.750000   output external delay
                                              7.750000   data required time
---------------------------------------------------------------------------------------------
                                              7.750000   data required time
                                             -2.634424   data arrival time
---------------------------------------------------------------------------------------------
                                              5.115576   slack (MET)


Startpoint: mode[1] (input port clocked by __VIRTUAL_CLK__)
Endpoint: inc[5] (output port clocked by __VIRTUAL_CLK__)
Path Group: __VIRTUAL_CLK__
Path Type: max

Fanout         Cap        Slew       Delay        Time   Description
---------------------------------------------------------------------------------------------
                      0.000000    0.000000    0.000000   clock __VIRTUAL_CLK__ (rise edge)
                                  0.000000    0.000000   clock network delay (ideal)
                                  2.000000    2.000000 ^ input external delay
    11    0.036179    0.169970    0.115964    2.115964 ^ mode[1] (in)
                                                         mode[1] (net)
                      0.169970    0.000000    2.115964 ^ _21_/A_N (sky130_fd_sc_hd__and3b_2)
     5    0.010975    0.058876    0.252814    2.368778 v _21_/X (sky130_fd_sc_hd__and3b_2)
                                                         _04_ (net)
                      0.058876    0.000000    2.368778 v _22_/B1 (sky130_fd_sc_hd__a21o_2)
     1    0.033442    0.103064    0.265646    2.634424 v _22_/X (sky130_fd_sc_hd__a21o_2)
                                                         inc[5] (net)
                      0.103064    0.000000    2.634424 v inc[5] (out)
                                              2.634424   data arrival time

                      0.000000   10.000000   10.000000   clock __VIRTUAL_CLK__ (rise edge)
                                  0.000000   10.000000   clock network delay (ideal)
                                 -0.250000    9.750000   clock uncertainty
                                  0.000000    9.750000   clock reconvergence pessimism
                                 -2.000000    7.750000   output external delay
                                              7.750000   data required time
---------------------------------------------------------------------------------------------
                                              7.750000   data required time
                                             -2.634424   data arrival time
---------------------------------------------------------------------------------------------
                                              5.115576   slack (MET)


Startpoint: mode[1] (input port clocked by __VIRTUAL_CLK__)
Endpoint: en[0] (output port clocked by __VIRTUAL_CLK__)
Path Group: __VIRTUAL_CLK__
Path Type: max

Fanout         Cap        Slew       Delay        Time   Description
---------------------------------------------------------------------------------------------
                      0.000000    0.000000    0.000000   clock __VIRTUAL_CLK__ (rise edge)
                                  0.000000    0.000000   clock network delay (ideal)
                                  2.000000    2.000000 ^ input external delay
    11    0.036179    0.169970    0.115964    2.115964 ^ mode[1] (in)
                                                         mode[1] (net)
                      0.169970    0.000000    2.115964 ^ _07_/A (sky130_fd_sc_hd__xnor2_2)
     6    0.007926    0.068381    0.104589    2.220553 v _07_/Y (sky130_fd_sc_hd__xnor2_2)
                                                         _02_ (net)
                      0.068381    0.000000    2.220553 v _08_/B (sky130_fd_sc_hd__or2_2)
     1    0.033442    0.131100    0.378193    2.598746 v _08_/X (sky130_fd_sc_hd__or2_2)
                                                         en[0] (net)
                      0.131100    0.000000    2.598746 v en[0] (out)
                                              2.598746   data arrival time

                      0.000000   10.000000   10.000000   clock __VIRTUAL_CLK__ (rise edge)
                                  0.000000   10.000000   clock network delay (ideal)
                                 -0.250000    9.750000   clock uncertainty
                                  0.000000    9.750000   clock reconvergence pessimism
                                 -2.000000    7.750000   output external delay
                                              7.750000   data required time
---------------------------------------------------------------------------------------------
                                              7.750000   data required time
                                             -2.598746   data arrival time
---------------------------------------------------------------------------------------------
                                              5.151254   slack (MET)


Startpoint: mode[1] (input port clocked by __VIRTUAL_CLK__)
Endpoint: en[1] (output port clocked by __VIRTUAL_CLK__)
Path Group: __VIRTUAL_CLK__
Path Type: max

Fanout         Cap        Slew       Delay        Time   Description
---------------------------------------------------------------------------------------------
                      0.000000    0.000000    0.000000   clock __VIRTUAL_CLK__ (rise edge)
                                  0.000000    0.000000   clock network delay (ideal)
                                  2.000000    2.000000 ^ input external delay
    11    0.036179    0.169970    0.115964    2.115964 ^ mode[1] (in)
                                                         mode[1] (net)
                      0.169970    0.000000    2.115964 ^ _07_/A (sky130_fd_sc_hd__xnor2_2)
     6    0.007926    0.068381    0.104589    2.220553 v _07_/Y (sky130_fd_sc_hd__xnor2_2)
                                                         _02_ (net)
                      0.068381    0.000000    2.220553 v _09_/B (sky130_fd_sc_hd__or2_2)
     1    0.033442    0.131100    0.378193    2.598746 v _09_/X (sky130_fd_sc_hd__or2_2)
                                                         en[1] (net)
                      0.131100    0.000000    2.598746 v en[1] (out)
                                              2.598746   data arrival time

                      0.000000   10.000000   10.000000   clock __VIRTUAL_CLK__ (rise edge)
                                  0.000000   10.000000   clock network delay (ideal)
                                 -0.250000    9.750000   clock uncertainty
                                  0.000000    9.750000   clock reconvergence pessimism
                                 -2.000000    7.750000   output external delay
                                              7.750000   data required time
---------------------------------------------------------------------------------------------
                                              7.750000   data required time
                                             -2.598746   data arrival time
---------------------------------------------------------------------------------------------
                                              5.151254   slack (MET)


Startpoint: mode[1] (input port clocked by __VIRTUAL_CLK__)
Endpoint: en[2] (output port clocked by __VIRTUAL_CLK__)
Path Group: __VIRTUAL_CLK__
Path Type: max

Fanout         Cap        Slew       Delay        Time   Description
---------------------------------------------------------------------------------------------
                      0.000000    0.000000    0.000000   clock __VIRTUAL_CLK__ (rise edge)
                                  0.000000    0.000000   clock network delay (ideal)
                                  2.000000    2.000000 ^ input external delay
    11    0.036179    0.169970    0.115964    2.115964 ^ mode[1] (in)
                                                         mode[1] (net)
                      0.169970    0.000000    2.115964 ^ _07_/A (sky130_fd_sc_hd__xnor2_2)
     6    0.007926    0.068381    0.104589    2.220553 v _07_/Y (sky130_fd_sc_hd__xnor2_2)
                                                         _02_ (net)
                      0.068381    0.000000    2.220553 v _10_/B (sky130_fd_sc_hd__or2_2)
     1    0.033442    0.131100    0.378193    2.598746 v _10_/X (sky130_fd_sc_hd__or2_2)
                                                         en[2] (net)
                      0.131100    0.000000    2.598746 v en[2] (out)
                                              2.598746   data arrival time

                      0.000000   10.000000   10.000000   clock __VIRTUAL_CLK__ (rise edge)
                                  0.000000   10.000000   clock network delay (ideal)
                                 -0.250000    9.750000   clock uncertainty
                                  0.000000    9.750000   clock reconvergence pessimism
                                 -2.000000    7.750000   output external delay
                                              7.750000   data required time
---------------------------------------------------------------------------------------------
                                              7.750000   data required time
                                             -2.598746   data arrival time
---------------------------------------------------------------------------------------------
                                              5.151254   slack (MET)


Startpoint: mode[1] (input port clocked by __VIRTUAL_CLK__)
Endpoint: en[3] (output port clocked by __VIRTUAL_CLK__)
Path Group: __VIRTUAL_CLK__
Path Type: max

Fanout         Cap        Slew       Delay        Time   Description
---------------------------------------------------------------------------------------------
                      0.000000    0.000000    0.000000   clock __VIRTUAL_CLK__ (rise edge)
                                  0.000000    0.000000   clock network delay (ideal)
                                  2.000000    2.000000 ^ input external delay
    11    0.036179    0.169970    0.115964    2.115964 ^ mode[1] (in)
                                                         mode[1] (net)
                      0.169970    0.000000    2.115964 ^ _07_/A (sky130_fd_sc_hd__xnor2_2)
     6    0.007926    0.068381    0.104589    2.220553 v _07_/Y (sky130_fd_sc_hd__xnor2_2)
                                                         _02_ (net)
                      0.068381    0.000000    2.220553 v _11_/B (sky130_fd_sc_hd__or2_2)
     1    0.033442    0.131100    0.378193    2.598746 v _11_/X (sky130_fd_sc_hd__or2_2)
                                                         en[3] (net)
                      0.131100    0.000000    2.598746 v en[3] (out)
                                              2.598746   data arrival time

                      0.000000   10.000000   10.000000   clock __VIRTUAL_CLK__ (rise edge)
                                  0.000000   10.000000   clock network delay (ideal)
                                 -0.250000    9.750000   clock uncertainty
                                  0.000000    9.750000   clock reconvergence pessimism
                                 -2.000000    7.750000   output external delay
                                              7.750000   data required time
---------------------------------------------------------------------------------------------
                                              7.750000   data required time
                                             -2.598746   data arrival time
---------------------------------------------------------------------------------------------
                                              5.151254   slack (MET)


Startpoint: mode[1] (input port clocked by __VIRTUAL_CLK__)
Endpoint: en[4] (output port clocked by __VIRTUAL_CLK__)
Path Group: __VIRTUAL_CLK__
Path Type: max

Fanout         Cap        Slew       Delay        Time   Description
---------------------------------------------------------------------------------------------
                      0.000000    0.000000    0.000000   clock __VIRTUAL_CLK__ (rise edge)
                                  0.000000    0.000000   clock network delay (ideal)
                                  2.000000    2.000000 ^ input external delay
    11    0.036179    0.169970    0.115964    2.115964 ^ mode[1] (in)
                                                         mode[1] (net)
                      0.169970    0.000000    2.115964 ^ _07_/A (sky130_fd_sc_hd__xnor2_2)
     6    0.007926    0.068381    0.104589    2.220553 v _07_/Y (sky130_fd_sc_hd__xnor2_2)
                                                         _02_ (net)
                      0.068381    0.000000    2.220553 v _12_/B (sky130_fd_sc_hd__or2_2)
     1    0.033442    0.131100    0.378193    2.598746 v _12_/X (sky130_fd_sc_hd__or2_2)
                                                         en[4] (net)
                      0.131100    0.000000    2.598746 v en[4] (out)
                                              2.598746   data arrival time

                      0.000000   10.000000   10.000000   clock __VIRTUAL_CLK__ (rise edge)
                                  0.000000   10.000000   clock network delay (ideal)
                                 -0.250000    9.750000   clock uncertainty
                                  0.000000    9.750000   clock reconvergence pessimism
                                 -2.000000    7.750000   output external delay
                                              7.750000   data required time
---------------------------------------------------------------------------------------------
                                              7.750000   data required time
                                             -2.598746   data arrival time
---------------------------------------------------------------------------------------------
                                              5.151254   slack (MET)


Startpoint: mode[1] (input port clocked by __VIRTUAL_CLK__)
Endpoint: en[5] (output port clocked by __VIRTUAL_CLK__)
Path Group: __VIRTUAL_CLK__
Path Type: max

Fanout         Cap        Slew       Delay        Time   Description
---------------------------------------------------------------------------------------------
                      0.000000    0.000000    0.000000   clock __VIRTUAL_CLK__ (rise edge)
                                  0.000000    0.000000   clock network delay (ideal)
                                  2.000000    2.000000 ^ input external delay
    11    0.036179    0.169970    0.115964    2.115964 ^ mode[1] (in)
                                                         mode[1] (net)
                      0.169970    0.000000    2.115964 ^ _07_/A (sky130_fd_sc_hd__xnor2_2)
     6    0.007926    0.068381    0.104589    2.220553 v _07_/Y (sky130_fd_sc_hd__xnor2_2)
                                                         _02_ (net)
                      0.068381    0.000000    2.220553 v _13_/B (sky130_fd_sc_hd__or2_2)
     1    0.033442    0.131100    0.378193    2.598746 v _13_/X (sky130_fd_sc_hd__or2_2)
                                                         en[5] (net)
                      0.131100    0.000000    2.598746 v en[5] (out)
                                              2.598746   data arrival time

                      0.000000   10.000000   10.000000   clock __VIRTUAL_CLK__ (rise edge)
                                  0.000000   10.000000   clock network delay (ideal)
                                 -0.250000    9.750000   clock uncertainty
                                  0.000000    9.750000   clock reconvergence pessimism
                                 -2.000000    7.750000   output external delay
                                              7.750000   data required time
---------------------------------------------------------------------------------------------
                                              7.750000   data required time
                                             -2.598746   data arrival time
---------------------------------------------------------------------------------------------
                                              5.151254   slack (MET)


Startpoint: mode[0] (input port clocked by __VIRTUAL_CLK__)
Endpoint: inc[0] (output port clocked by __VIRTUAL_CLK__)
Path Group: __VIRTUAL_CLK__
Path Type: max

Fanout         Cap        Slew       Delay        Time   Description
---------------------------------------------------------------------------------------------
                      0.000000    0.000000    0.000000   clock __VIRTUAL_CLK__ (rise edge)
                                  0.000000    0.000000   clock network delay (ideal)
                                  2.000000    2.000000 v input external delay
    11    0.032819    0.073657    0.052424    2.052424 v mode[0] (in)
                                                         mode[0] (net)
                      0.073657    0.000000    2.052424 v _27_/A1 (sky130_fd_sc_hd__a21oi_2)
     1    0.033442    0.417705    0.373953    2.426377 ^ _27_/Y (sky130_fd_sc_hd__a21oi_2)
                                                         inc[0] (net)
                      0.417705    0.000000    2.426377 ^ inc[0] (out)
                                              2.426377   data arrival time

                      0.000000   10.000000   10.000000   clock __VIRTUAL_CLK__ (rise edge)
                                  0.000000   10.000000   clock network delay (ideal)
                                 -0.250000    9.750000   clock uncertainty
                                  0.000000    9.750000   clock reconvergence pessimism
                                 -2.000000    7.750000   output external delay
                                              7.750000   data required time
---------------------------------------------------------------------------------------------
                                              7.750000   data required time
                                             -2.426377   data arrival time
---------------------------------------------------------------------------------------------
                                              5.323623   slack (MET)


Startpoint: mode[1] (input port clocked by __VIRTUAL_CLK__)
Endpoint: dec[0] (output port clocked by __VIRTUAL_CLK__)
Path Group: __VIRTUAL_CLK__
Path Type: max

Fanout         Cap        Slew       Delay        Time   Description
---------------------------------------------------------------------------------------------
                      0.000000    0.000000    0.000000   clock __VIRTUAL_CLK__ (rise edge)
                                  0.000000    0.000000   clock network delay (ideal)
                                  2.000000    2.000000 ^ input external delay
    11    0.036179    0.169970    0.115964    2.115964 ^ mode[1] (in)
                                                         mode[1] (net)
                      0.169970    0.000000    2.115964 ^ _20_/B1 (sky130_fd_sc_hd__o21a_2)
     1    0.033442    0.182204    0.269710    2.385674 ^ _20_/X (sky130_fd_sc_hd__o21a_2)
                                                         dec[0] (net)
                      0.182204    0.000000    2.385674 ^ dec[0] (out)
                                              2.385674   data arrival time

                      0.000000   10.000000   10.000000   clock __VIRTUAL_CLK__ (rise edge)
                                  0.000000   10.000000   clock network delay (ideal)
                                 -0.250000    9.750000   clock uncertainty
                                  0.000000    9.750000   clock reconvergence pessimism
                                 -2.000000    7.750000   output external delay
                                              7.750000   data required time
---------------------------------------------------------------------------------------------
                                              7.750000   data required time
                                             -2.385674   data arrival time
---------------------------------------------------------------------------------------------
                                              5.364326   slack (MET)



