Reading timing models for corner nom_tt_025C_1v80…
Reading cell library for the 'nom_tt_025C_1v80' corner at '/home/kien/.volare/volare/sky130/versions/0fe599b2afb6708d281543108caf8310912f54af/sky130A/libs.ref/sky130_fd_sc_hd/lib/sky130_fd_sc_hd__tt_025C_1v80.lib'…
Reading top-level netlist at '/home/kien/openlane2/MARCO/decode_input/runs/RUN_2026-01-16_19-22-56/06-yosys-synthesis/decode_input.nl.v'…
Linking design 'decode_input' from netlist…
Reading design constraints file at '/nix/store/4pyixb03xfwwy77zxxplrggxrmm9f57y-python3-3.11.9-env/lib/python3.11/site-packages/openlane/scripts/base.sdc'…
Warning: base.sdc line 15, port '__VIRTUAL_CLK__' not found.
[INFO] Using clock __VIRTUAL_CLK__…
[INFO] Setting output delay to: 2
[INFO] Setting input delay to: 2
Warning: base.sdc line 32, port '__VIRTUAL_CLK__' not found.
[INFO] Setting load to: 0.033442
[INFO] Setting clock uncertainty to: 0.25
[INFO] Setting clock transition to: 0.1499999999999999944488848768742172978818416595458984375
Warning: base.sdc line 69, transition time can not be specified for virtual clocks.
[INFO] Setting timing derate to: 5%
%OL_CREATE_REPORT min.rpt

===========================================================================
report_checks -path_delay min (Hold)
============================================================================
======================= nom_tt_025C_1v80 Corner ===================================

Startpoint: button_inc (input port clocked by __VIRTUAL_CLK__)
Endpoint: inc[0] (output port clocked by __VIRTUAL_CLK__)
Path Group: __VIRTUAL_CLK__
Path Type: min

Fanout         Cap        Slew       Delay        Time   Description
---------------------------------------------------------------------------------------------
                      0.000000    0.000000    0.000000   clock __VIRTUAL_CLK__ (rise edge)
                                  0.000000    0.000000   clock network delay (ideal)
                                  2.000000    2.000000 v input external delay
     2    0.005724    0.015614    0.009239    2.009239 v button_inc (in)
                                                         button_inc (net)
                      0.015614    0.000000    2.009239 v _05_/A (sky130_fd_sc_hd__inv_2)
     1    0.005052    0.030517    0.035423    2.044662 ^ _05_/Y (sky130_fd_sc_hd__inv_2)
                                                         _00_ (net)
                      0.030517    0.000000    2.044662 ^ _27_/A2 (sky130_fd_sc_hd__a21oi_2)
     1    0.033442    0.097622    0.119186    2.163848 v _27_/Y (sky130_fd_sc_hd__a21oi_2)
                                                         inc[0] (net)
                      0.097622    0.000000    2.163848 v inc[0] (out)
                                              2.163848   data arrival time

                      0.000000    0.000000    0.000000   clock __VIRTUAL_CLK__ (rise edge)
                                  0.000000    0.000000   clock network delay (ideal)
                                  0.250000    0.250000   clock uncertainty
                                  0.000000    0.250000   clock reconvergence pessimism
                                 -2.000000   -1.750000   output external delay
                                             -1.750000   data required time
---------------------------------------------------------------------------------------------
                                             -1.750000   data required time
                                             -2.163848   data arrival time
---------------------------------------------------------------------------------------------
                                              3.913848   slack (MET)


Startpoint: select[0] (input port clocked by __VIRTUAL_CLK__)
Endpoint: en[0] (output port clocked by __VIRTUAL_CLK__)
Path Group: __VIRTUAL_CLK__
Path Type: min

Fanout         Cap        Slew       Delay        Time   Description
---------------------------------------------------------------------------------------------
                      0.000000    0.000000    0.000000   clock __VIRTUAL_CLK__ (rise edge)
                                  0.000000    0.000000   clock network delay (ideal)
                                  2.000000    2.000000 ^ input external delay
     1    0.001570    0.014903    0.005988    2.005988 ^ select[0] (in)
                                                         select[0] (net)
                      0.014903    0.000000    2.005988 ^ _08_/A (sky130_fd_sc_hd__or2_2)
     1    0.033442    0.178573    0.194359    2.200347 ^ _08_/X (sky130_fd_sc_hd__or2_2)
                                                         en[0] (net)
                      0.178573    0.000000    2.200347 ^ en[0] (out)
                                              2.200347   data arrival time

                      0.000000    0.000000    0.000000   clock __VIRTUAL_CLK__ (rise edge)
                                  0.000000    0.000000   clock network delay (ideal)
                                  0.250000    0.250000   clock uncertainty
                                  0.000000    0.250000   clock reconvergence pessimism
                                 -2.000000   -1.750000   output external delay
                                             -1.750000   data required time
---------------------------------------------------------------------------------------------
                                             -1.750000   data required time
                                             -2.200347   data arrival time
---------------------------------------------------------------------------------------------
                                              3.950347   slack (MET)


Startpoint: select[1] (input port clocked by __VIRTUAL_CLK__)
Endpoint: en[1] (output port clocked by __VIRTUAL_CLK__)
Path Group: __VIRTUAL_CLK__
Path Type: min

Fanout         Cap        Slew       Delay        Time   Description
---------------------------------------------------------------------------------------------
                      0.000000    0.000000    0.000000   clock __VIRTUAL_CLK__ (rise edge)
                                  0.000000    0.000000   clock network delay (ideal)
                                  2.000000    2.000000 ^ input external delay
     1    0.001570    0.014903    0.005988    2.005988 ^ select[1] (in)
                                                         select[1] (net)
                      0.014903    0.000000    2.005988 ^ _09_/A (sky130_fd_sc_hd__or2_2)
     1    0.033442    0.178573    0.194359    2.200347 ^ _09_/X (sky130_fd_sc_hd__or2_2)
                                                         en[1] (net)
                      0.178573    0.000000    2.200347 ^ en[1] (out)
                                              2.200347   data arrival time

                      0.000000    0.000000    0.000000   clock __VIRTUAL_CLK__ (rise edge)
                                  0.000000    0.000000   clock network delay (ideal)
                                  0.250000    0.250000   clock uncertainty
                                  0.000000    0.250000   clock reconvergence pessimism
                                 -2.000000   -1.750000   output external delay
                                             -1.750000   data required time
---------------------------------------------------------------------------------------------
                                             -1.750000   data required time
                                             -2.200347   data arrival time
---------------------------------------------------------------------------------------------
                                              3.950347   slack (MET)


Startpoint: select[2] (input port clocked by __VIRTUAL_CLK__)
Endpoint: en[2] (output port clocked by __VIRTUAL_CLK__)
Path Group: __VIRTUAL_CLK__
Path Type: min

Fanout         Cap        Slew       Delay        Time   Description
---------------------------------------------------------------------------------------------
                      0.000000    0.000000    0.000000   clock __VIRTUAL_CLK__ (rise edge)
                                  0.000000    0.000000   clock network delay (ideal)
                                  2.000000    2.000000 ^ input external delay
     1    0.001570    0.014903    0.005988    2.005988 ^ select[2] (in)
                                                         select[2] (net)
                      0.014903    0.000000    2.005988 ^ _10_/A (sky130_fd_sc_hd__or2_2)
     1    0.033442    0.178573    0.194359    2.200347 ^ _10_/X (sky130_fd_sc_hd__or2_2)
                                                         en[2] (net)
                      0.178573    0.000000    2.200347 ^ en[2] (out)
                                              2.200347   data arrival time

                      0.000000    0.000000    0.000000   clock __VIRTUAL_CLK__ (rise edge)
                                  0.000000    0.000000   clock network delay (ideal)
                                  0.250000    0.250000   clock uncertainty
                                  0.000000    0.250000   clock reconvergence pessimism
                                 -2.000000   -1.750000   output external delay
                                             -1.750000   data required time
---------------------------------------------------------------------------------------------
                                             -1.750000   data required time
                                             -2.200347   data arrival time
---------------------------------------------------------------------------------------------
                                              3.950347   slack (MET)


Startpoint: select[3] (input port clocked by __VIRTUAL_CLK__)
Endpoint: en[3] (output port clocked by __VIRTUAL_CLK__)
Path Group: __VIRTUAL_CLK__
Path Type: min

Fanout         Cap        Slew       Delay        Time   Description
---------------------------------------------------------------------------------------------
                      0.000000    0.000000    0.000000   clock __VIRTUAL_CLK__ (rise edge)
                                  0.000000    0.000000   clock network delay (ideal)
                                  2.000000    2.000000 ^ input external delay
     1    0.001570    0.014903    0.005988    2.005988 ^ select[3] (in)
                                                         select[3] (net)
                      0.014903    0.000000    2.005988 ^ _11_/A (sky130_fd_sc_hd__or2_2)
     1    0.033442    0.178573    0.194359    2.200347 ^ _11_/X (sky130_fd_sc_hd__or2_2)
                                                         en[3] (net)
                      0.178573    0.000000    2.200347 ^ en[3] (out)
                                              2.200347   data arrival time

                      0.000000    0.000000    0.000000   clock __VIRTUAL_CLK__ (rise edge)
                                  0.000000    0.000000   clock network delay (ideal)
                                  0.250000    0.250000   clock uncertainty
                                  0.000000    0.250000   clock reconvergence pessimism
                                 -2.000000   -1.750000   output external delay
                                             -1.750000   data required time
---------------------------------------------------------------------------------------------
                                             -1.750000   data required time
                                             -2.200347   data arrival time
---------------------------------------------------------------------------------------------
                                              3.950347   slack (MET)


Startpoint: select[4] (input port clocked by __VIRTUAL_CLK__)
Endpoint: en[4] (output port clocked by __VIRTUAL_CLK__)
Path Group: __VIRTUAL_CLK__
Path Type: min

Fanout         Cap        Slew       Delay        Time   Description
---------------------------------------------------------------------------------------------
                      0.000000    0.000000    0.000000   clock __VIRTUAL_CLK__ (rise edge)
                                  0.000000    0.000000   clock network delay (ideal)
                                  2.000000    2.000000 ^ input external delay
     1    0.001570    0.014903    0.005988    2.005988 ^ select[4] (in)
                                                         select[4] (net)
                      0.014903    0.000000    2.005988 ^ _12_/A (sky130_fd_sc_hd__or2_2)
     1    0.033442    0.178573    0.194359    2.200347 ^ _12_/X (sky130_fd_sc_hd__or2_2)
                                                         en[4] (net)
                      0.178573    0.000000    2.200347 ^ en[4] (out)
                                              2.200347   data arrival time

                      0.000000    0.000000    0.000000   clock __VIRTUAL_CLK__ (rise edge)
                                  0.000000    0.000000   clock network delay (ideal)
                                  0.250000    0.250000   clock uncertainty
                                  0.000000    0.250000   clock reconvergence pessimism
                                 -2.000000   -1.750000   output external delay
                                             -1.750000   data required time
---------------------------------------------------------------------------------------------
                                             -1.750000   data required time
                                             -2.200347   data arrival time
---------------------------------------------------------------------------------------------
                                              3.950347   slack (MET)


Startpoint: select[5] (input port clocked by __VIRTUAL_CLK__)
Endpoint: en[5] (output port clocked by __VIRTUAL_CLK__)
Path Group: __VIRTUAL_CLK__
Path Type: min

Fanout         Cap        Slew       Delay        Time   Description
---------------------------------------------------------------------------------------------
                      0.000000    0.000000    0.000000   clock __VIRTUAL_CLK__ (rise edge)
                                  0.000000    0.000000   clock network delay (ideal)
                                  2.000000    2.000000 ^ input external delay
     1    0.001570    0.014903    0.005988    2.005988 ^ select[5] (in)
                                                         select[5] (net)
                      0.014903    0.000000    2.005988 ^ _13_/A (sky130_fd_sc_hd__or2_2)
     1    0.033442    0.178573    0.194359    2.200347 ^ _13_/X (sky130_fd_sc_hd__or2_2)
                                                         en[5] (net)
                      0.178573    0.000000    2.200347 ^ en[5] (out)
                                              2.200347   data arrival time

                      0.000000    0.000000    0.000000   clock __VIRTUAL_CLK__ (rise edge)
                                  0.000000    0.000000   clock network delay (ideal)
                                  0.250000    0.250000   clock uncertainty
                                  0.000000    0.250000   clock reconvergence pessimism
                                 -2.000000   -1.750000   output external delay
                                             -1.750000   data required time
---------------------------------------------------------------------------------------------
                                             -1.750000   data required time
                                             -2.200347   data arrival time
---------------------------------------------------------------------------------------------
                                              3.950347   slack (MET)


Startpoint: done_inc[0] (input port clocked by __VIRTUAL_CLK__)
Endpoint: inc[1] (output port clocked by __VIRTUAL_CLK__)
Path Group: __VIRTUAL_CLK__
Path Type: min

Fanout         Cap        Slew       Delay        Time   Description
---------------------------------------------------------------------------------------------
                      0.000000    0.000000    0.000000   clock __VIRTUAL_CLK__ (rise edge)
                                  0.000000    0.000000   clock network delay (ideal)
                                  2.000000    2.000000 ^ input external delay
     1    0.002444    0.018842    0.009044    2.009044 ^ done_inc[0] (in)
                                                         done_inc[0] (net)
                      0.018842    0.000000    2.009044 ^ _26_/A1 (sky130_fd_sc_hd__a21o_2)
     1    0.033442    0.171548    0.207253    2.216297 ^ _26_/X (sky130_fd_sc_hd__a21o_2)
                                                         inc[1] (net)
                      0.171548    0.000000    2.216297 ^ inc[1] (out)
                                              2.216297   data arrival time

                      0.000000    0.000000    0.000000   clock __VIRTUAL_CLK__ (rise edge)
                                  0.000000    0.000000   clock network delay (ideal)
                                  0.250000    0.250000   clock uncertainty
                                  0.000000    0.250000   clock reconvergence pessimism
                                 -2.000000   -1.750000   output external delay
                                             -1.750000   data required time
---------------------------------------------------------------------------------------------
                                             -1.750000   data required time
                                             -2.216297   data arrival time
---------------------------------------------------------------------------------------------
                                              3.966297   slack (MET)


Startpoint: done_inc[1] (input port clocked by __VIRTUAL_CLK__)
Endpoint: inc[2] (output port clocked by __VIRTUAL_CLK__)
Path Group: __VIRTUAL_CLK__
Path Type: min

Fanout         Cap        Slew       Delay        Time   Description
---------------------------------------------------------------------------------------------
                      0.000000    0.000000    0.000000   clock __VIRTUAL_CLK__ (rise edge)
                                  0.000000    0.000000   clock network delay (ideal)
                                  2.000000    2.000000 ^ input external delay
     1    0.002444    0.018842    0.009044    2.009044 ^ done_inc[1] (in)
                                                         done_inc[1] (net)
                      0.018842    0.000000    2.009044 ^ _25_/A1 (sky130_fd_sc_hd__a21o_2)
     1    0.033442    0.171548    0.207253    2.216297 ^ _25_/X (sky130_fd_sc_hd__a21o_2)
                                                         inc[2] (net)
                      0.171548    0.000000    2.216297 ^ inc[2] (out)
                                              2.216297   data arrival time

                      0.000000    0.000000    0.000000   clock __VIRTUAL_CLK__ (rise edge)
                                  0.000000    0.000000   clock network delay (ideal)
                                  0.250000    0.250000   clock uncertainty
                                  0.000000    0.250000   clock reconvergence pessimism
                                 -2.000000   -1.750000   output external delay
                                             -1.750000   data required time
---------------------------------------------------------------------------------------------
                                             -1.750000   data required time
                                             -2.216297   data arrival time
---------------------------------------------------------------------------------------------
                                              3.966297   slack (MET)


Startpoint: done_inc[2] (input port clocked by __VIRTUAL_CLK__)
Endpoint: inc[3] (output port clocked by __VIRTUAL_CLK__)
Path Group: __VIRTUAL_CLK__
Path Type: min

Fanout         Cap        Slew       Delay        Time   Description
---------------------------------------------------------------------------------------------
                      0.000000    0.000000    0.000000   clock __VIRTUAL_CLK__ (rise edge)
                                  0.000000    0.000000   clock network delay (ideal)
                                  2.000000    2.000000 ^ input external delay
     1    0.002444    0.018842    0.009044    2.009044 ^ done_inc[2] (in)
                                                         done_inc[2] (net)
                      0.018842    0.000000    2.009044 ^ _24_/A1 (sky130_fd_sc_hd__a21o_2)
     1    0.033442    0.171548    0.207253    2.216297 ^ _24_/X (sky130_fd_sc_hd__a21o_2)
                                                         inc[3] (net)
                      0.171548    0.000000    2.216297 ^ inc[3] (out)
                                              2.216297   data arrival time

                      0.000000    0.000000    0.000000   clock __VIRTUAL_CLK__ (rise edge)
                                  0.000000    0.000000   clock network delay (ideal)
                                  0.250000    0.250000   clock uncertainty
                                  0.000000    0.250000   clock reconvergence pessimism
                                 -2.000000   -1.750000   output external delay
                                             -1.750000   data required time
---------------------------------------------------------------------------------------------
                                             -1.750000   data required time
                                             -2.216297   data arrival time
---------------------------------------------------------------------------------------------
                                              3.966297   slack (MET)


Startpoint: done_inc[3] (input port clocked by __VIRTUAL_CLK__)
Endpoint: inc[4] (output port clocked by __VIRTUAL_CLK__)
Path Group: __VIRTUAL_CLK__
Path Type: min

Fanout         Cap        Slew       Delay        Time   Description
---------------------------------------------------------------------------------------------
                      0.000000    0.000000    0.000000   clock __VIRTUAL_CLK__ (rise edge)
                                  0.000000    0.000000   clock network delay (ideal)
                                  2.000000    2.000000 ^ input external delay
     1    0.002444    0.018842    0.009044    2.009044 ^ done_inc[3] (in)
                                                         done_inc[3] (net)
                      0.018842    0.000000    2.009044 ^ _23_/A1 (sky130_fd_sc_hd__a21o_2)
     1    0.033442    0.171548    0.207253    2.216297 ^ _23_/X (sky130_fd_sc_hd__a21o_2)
                                                         inc[4] (net)
                      0.171548    0.000000    2.216297 ^ inc[4] (out)
                                              2.216297   data arrival time

                      0.000000    0.000000    0.000000   clock __VIRTUAL_CLK__ (rise edge)
                                  0.000000    0.000000   clock network delay (ideal)
                                  0.250000    0.250000   clock uncertainty
                                  0.000000    0.250000   clock reconvergence pessimism
                                 -2.000000   -1.750000   output external delay
                                             -1.750000   data required time
---------------------------------------------------------------------------------------------
                                             -1.750000   data required time
                                             -2.216297   data arrival time
---------------------------------------------------------------------------------------------
                                              3.966297   slack (MET)


Startpoint: done_inc[4] (input port clocked by __VIRTUAL_CLK__)
Endpoint: inc[5] (output port clocked by __VIRTUAL_CLK__)
Path Group: __VIRTUAL_CLK__
Path Type: min

Fanout         Cap        Slew       Delay        Time   Description
---------------------------------------------------------------------------------------------
                      0.000000    0.000000    0.000000   clock __VIRTUAL_CLK__ (rise edge)
                                  0.000000    0.000000   clock network delay (ideal)
                                  2.000000    2.000000 ^ input external delay
     1    0.002444    0.018842    0.009044    2.009044 ^ done_inc[4] (in)
                                                         done_inc[4] (net)
                      0.018842    0.000000    2.009044 ^ _22_/A1 (sky130_fd_sc_hd__a21o_2)
     1    0.033442    0.171548    0.207253    2.216297 ^ _22_/X (sky130_fd_sc_hd__a21o_2)
                                                         inc[5] (net)
                      0.171548    0.000000    2.216297 ^ inc[5] (out)
                                              2.216297   data arrival time

                      0.000000    0.000000    0.000000   clock __VIRTUAL_CLK__ (rise edge)
                                  0.000000    0.000000   clock network delay (ideal)
                                  0.250000    0.250000   clock uncertainty
                                  0.000000    0.250000   clock reconvergence pessimism
                                 -2.000000   -1.750000   output external delay
                                             -1.750000   data required time
---------------------------------------------------------------------------------------------
                                             -1.750000   data required time
                                             -2.216297   data arrival time
---------------------------------------------------------------------------------------------
                                              3.966297   slack (MET)


Startpoint: button_dec (input port clocked by __VIRTUAL_CLK__)
Endpoint: dec[0] (output port clocked by __VIRTUAL_CLK__)
Path Group: __VIRTUAL_CLK__
Path Type: min

Fanout         Cap        Slew       Delay        Time   Description
---------------------------------------------------------------------------------------------
                      0.000000    0.000000    0.000000   clock __VIRTUAL_CLK__ (rise edge)
                                  0.000000    0.000000   clock network delay (ideal)
                                  2.000000    2.000000 ^ input external delay
     2    0.004096    0.026286    0.014819    2.014819 ^ button_dec (in)
                                                         button_dec (net)
                      0.026286    0.000000    2.014819 ^ _20_/A2 (sky130_fd_sc_hd__o21a_2)
     1    0.033442    0.180695    0.212108    2.226927 ^ _20_/X (sky130_fd_sc_hd__o21a_2)
                                                         dec[0] (net)
                      0.180695    0.000000    2.226927 ^ dec[0] (out)
                                              2.226927   data arrival time

                      0.000000    0.000000    0.000000   clock __VIRTUAL_CLK__ (rise edge)
                                  0.000000    0.000000   clock network delay (ideal)
                                  0.250000    0.250000   clock uncertainty
                                  0.000000    0.250000   clock reconvergence pessimism
                                 -2.000000   -1.750000   output external delay
                                             -1.750000   data required time
---------------------------------------------------------------------------------------------
                                             -1.750000   data required time
                                             -2.226927   data arrival time
---------------------------------------------------------------------------------------------
                                              3.976927   slack (MET)


Startpoint: done_dec[0] (input port clocked by __VIRTUAL_CLK__)
Endpoint: dec[1] (output port clocked by __VIRTUAL_CLK__)
Path Group: __VIRTUAL_CLK__
Path Type: min

Fanout         Cap        Slew       Delay        Time   Description
---------------------------------------------------------------------------------------------
                      0.000000    0.000000    0.000000   clock __VIRTUAL_CLK__ (rise edge)
                                  0.000000    0.000000   clock network delay (ideal)
                                  2.000000    2.000000 ^ input external delay
     1    0.002507    0.019126    0.009264    2.009264 ^ done_dec[0] (in)
                                                         done_dec[0] (net)
                      0.019126    0.000000    2.009264 ^ _19_/A3 (sky130_fd_sc_hd__a31o_2)
     1    0.033442    0.194649    0.260746    2.270010 ^ _19_/X (sky130_fd_sc_hd__a31o_2)
                                                         dec[1] (net)
                      0.194649    0.000000    2.270010 ^ dec[1] (out)
                                              2.270010   data arrival time

                      0.000000    0.000000    0.000000   clock __VIRTUAL_CLK__ (rise edge)
                                  0.000000    0.000000   clock network delay (ideal)
                                  0.250000    0.250000   clock uncertainty
                                  0.000000    0.250000   clock reconvergence pessimism
                                 -2.000000   -1.750000   output external delay
                                             -1.750000   data required time
---------------------------------------------------------------------------------------------
                                             -1.750000   data required time
                                             -2.270010   data arrival time
---------------------------------------------------------------------------------------------
                                              4.020010   slack (MET)


Startpoint: done_dec[1] (input port clocked by __VIRTUAL_CLK__)
Endpoint: dec[2] (output port clocked by __VIRTUAL_CLK__)
Path Group: __VIRTUAL_CLK__
Path Type: min

Fanout         Cap        Slew       Delay        Time   Description
---------------------------------------------------------------------------------------------
                      0.000000    0.000000    0.000000   clock __VIRTUAL_CLK__ (rise edge)
                                  0.000000    0.000000   clock network delay (ideal)
                                  2.000000    2.000000 ^ input external delay
     1    0.002507    0.019126    0.009264    2.009264 ^ done_dec[1] (in)
                                                         done_dec[1] (net)
                      0.019126    0.000000    2.009264 ^ _18_/A3 (sky130_fd_sc_hd__a31o_2)
     1    0.033442    0.194649    0.260746    2.270010 ^ _18_/X (sky130_fd_sc_hd__a31o_2)
                                                         dec[2] (net)
                      0.194649    0.000000    2.270010 ^ dec[2] (out)
                                              2.270010   data arrival time

                      0.000000    0.000000    0.000000   clock __VIRTUAL_CLK__ (rise edge)
                                  0.000000    0.000000   clock network delay (ideal)
                                  0.250000    0.250000   clock uncertainty
                                  0.000000    0.250000   clock reconvergence pessimism
                                 -2.000000   -1.750000   output external delay
                                             -1.750000   data required time
---------------------------------------------------------------------------------------------
                                             -1.750000   data required time
                                             -2.270010   data arrival time
---------------------------------------------------------------------------------------------
                                              4.020010   slack (MET)


Startpoint: done_dec[2] (input port clocked by __VIRTUAL_CLK__)
Endpoint: dec[3] (output port clocked by __VIRTUAL_CLK__)
Path Group: __VIRTUAL_CLK__
Path Type: min

Fanout         Cap        Slew       Delay        Time   Description
---------------------------------------------------------------------------------------------
                      0.000000    0.000000    0.000000   clock __VIRTUAL_CLK__ (rise edge)
                                  0.000000    0.000000   clock network delay (ideal)
                                  2.000000    2.000000 ^ input external delay
     1    0.002507    0.019126    0.009264    2.009264 ^ done_dec[2] (in)
                                                         done_dec[2] (net)
                      0.019126    0.000000    2.009264 ^ _17_/A3 (sky130_fd_sc_hd__a31o_2)
     1    0.033442    0.194649    0.260746    2.270010 ^ _17_/X (sky130_fd_sc_hd__a31o_2)
                                                         dec[3] (net)
                      0.194649    0.000000    2.270010 ^ dec[3] (out)
                                              2.270010   data arrival time

                      0.000000    0.000000    0.000000   clock __VIRTUAL_CLK__ (rise edge)
                                  0.000000    0.000000   clock network delay (ideal)
                                  0.250000    0.250000   clock uncertainty
                                  0.000000    0.250000   clock reconvergence pessimism
                                 -2.000000   -1.750000   output external delay
                                             -1.750000   data required time
---------------------------------------------------------------------------------------------
                                             -1.750000   data required time
                                             -2.270010   data arrival time
---------------------------------------------------------------------------------------------
                                              4.020010   slack (MET)


Startpoint: done_dec[3] (input port clocked by __VIRTUAL_CLK__)
Endpoint: dec[4] (output port clocked by __VIRTUAL_CLK__)
Path Group: __VIRTUAL_CLK__
Path Type: min

Fanout         Cap        Slew       Delay        Time   Description
---------------------------------------------------------------------------------------------
                      0.000000    0.000000    0.000000   clock __VIRTUAL_CLK__ (rise edge)
                                  0.000000    0.000000   clock network delay (ideal)
                                  2.000000    2.000000 ^ input external delay
     1    0.002507    0.019126    0.009264    2.009264 ^ done_dec[3] (in)
                                                         done_dec[3] (net)
                      0.019126    0.000000    2.009264 ^ _16_/A3 (sky130_fd_sc_hd__a31o_2)
     1    0.033442    0.194649    0.260746    2.270010 ^ _16_/X (sky130_fd_sc_hd__a31o_2)
                                                         dec[4] (net)
                      0.194649    0.000000    2.270010 ^ dec[4] (out)
                                              2.270010   data arrival time

                      0.000000    0.000000    0.000000   clock __VIRTUAL_CLK__ (rise edge)
                                  0.000000    0.000000   clock network delay (ideal)
                                  0.250000    0.250000   clock uncertainty
                                  0.000000    0.250000   clock reconvergence pessimism
                                 -2.000000   -1.750000   output external delay
                                             -1.750000   data required time
---------------------------------------------------------------------------------------------
                                             -1.750000   data required time
                                             -2.270010   data arrival time
---------------------------------------------------------------------------------------------
                                              4.020010   slack (MET)


Startpoint: done_dec[4] (input port clocked by __VIRTUAL_CLK__)
Endpoint: dec[5] (output port clocked by __VIRTUAL_CLK__)
Path Group: __VIRTUAL_CLK__
Path Type: min

Fanout         Cap        Slew       Delay        Time   Description
---------------------------------------------------------------------------------------------
                      0.000000    0.000000    0.000000   clock __VIRTUAL_CLK__ (rise edge)
                                  0.000000    0.000000   clock network delay (ideal)
                                  2.000000    2.000000 ^ input external delay
     1    0.002507    0.019126    0.009264    2.009264 ^ done_dec[4] (in)
                                                         done_dec[4] (net)
                      0.019126    0.000000    2.009264 ^ _15_/A3 (sky130_fd_sc_hd__a31o_2)
     1    0.033442    0.194649    0.260746    2.270010 ^ _15_/X (sky130_fd_sc_hd__a31o_2)
                                                         dec[5] (net)
                      0.194649    0.000000    2.270010 ^ dec[5] (out)
                                              2.270010   data arrival time

                      0.000000    0.000000    0.000000   clock __VIRTUAL_CLK__ (rise edge)
                                  0.000000    0.000000   clock network delay (ideal)
                                  0.250000    0.250000   clock uncertainty
                                  0.000000    0.250000   clock reconvergence pessimism
                                 -2.000000   -1.750000   output external delay
                                             -1.750000   data required time
---------------------------------------------------------------------------------------------
                                             -1.750000   data required time
                                             -2.270010   data arrival time
---------------------------------------------------------------------------------------------
                                              4.020010   slack (MET)



%OL_END_REPORT
%OL_CREATE_REPORT max.rpt

===========================================================================
report_checks -path_delay max (Setup)
============================================================================
======================= nom_tt_025C_1v80 Corner ===================================

Startpoint: mode[0] (input port clocked by __VIRTUAL_CLK__)
Endpoint: dec[1] (output port clocked by __VIRTUAL_CLK__)
Path Group: __VIRTUAL_CLK__
Path Type: max

Fanout         Cap        Slew       Delay        Time   Description
---------------------------------------------------------------------------------------------
                      0.000000    0.000000    0.000000   clock __VIRTUAL_CLK__ (rise edge)
                                  0.000000    0.000000   clock network delay (ideal)
                                  2.000000    2.000000 ^ input external delay
    11    0.035437    0.166645    0.113649    2.113649 ^ mode[0] (in)
                                                         mode[0] (net)
                      0.166645    0.000000    2.113649 ^ _14_/A_N (sky130_fd_sc_hd__and3b_2)
     5    0.010735    0.058266    0.251475    2.365124 v _14_/X (sky130_fd_sc_hd__and3b_2)
                                                         _03_ (net)
                      0.058266    0.000000    2.365124 v _19_/B1 (sky130_fd_sc_hd__a31o_2)
     1    0.033442    0.106563    0.295902    2.661025 v _19_/X (sky130_fd_sc_hd__a31o_2)
                                                         dec[1] (net)
                      0.106563    0.000000    2.661025 v dec[1] (out)
                                              2.661025   data arrival time

                      0.000000   10.000000   10.000000   clock __VIRTUAL_CLK__ (rise edge)
                                  0.000000   10.000000   clock network delay (ideal)
                                 -0.250000    9.750000   clock uncertainty
                                  0.000000    9.750000   clock reconvergence pessimism
                                 -2.000000    7.750000   output external delay
                                              7.750000   data required time
---------------------------------------------------------------------------------------------
                                              7.750000   data required time
                                             -2.661025   data arrival time
---------------------------------------------------------------------------------------------
                                              5.088975   slack (MET)


Startpoint: mode[0] (input port clocked by __VIRTUAL_CLK__)
Endpoint: dec[2] (output port clocked by __VIRTUAL_CLK__)
Path Group: __VIRTUAL_CLK__
Path Type: max

Fanout         Cap        Slew       Delay        Time   Description
---------------------------------------------------------------------------------------------
                      0.000000    0.000000    0.000000   clock __VIRTUAL_CLK__ (rise edge)
                                  0.000000    0.000000   clock network delay (ideal)
                                  2.000000    2.000000 ^ input external delay
    11    0.035437    0.166645    0.113649    2.113649 ^ mode[0] (in)
                                                         mode[0] (net)
                      0.166645    0.000000    2.113649 ^ _14_/A_N (sky130_fd_sc_hd__and3b_2)
     5    0.010735    0.058266    0.251475    2.365124 v _14_/X (sky130_fd_sc_hd__and3b_2)
                                                         _03_ (net)
                      0.058266    0.000000    2.365124 v _18_/B1 (sky130_fd_sc_hd__a31o_2)
     1    0.033442    0.106563    0.295902    2.661025 v _18_/X (sky130_fd_sc_hd__a31o_2)
                                                         dec[2] (net)
                      0.106563    0.000000    2.661025 v dec[2] (out)
                                              2.661025   data arrival time

                      0.000000   10.000000   10.000000   clock __VIRTUAL_CLK__ (rise edge)
                                  0.000000   10.000000   clock network delay (ideal)
                                 -0.250000    9.750000   clock uncertainty
                                  0.000000    9.750000   clock reconvergence pessimism
                                 -2.000000    7.750000   output external delay
                                              7.750000   data required time
---------------------------------------------------------------------------------------------
                                              7.750000   data required time
                                             -2.661025   data arrival time
---------------------------------------------------------------------------------------------
                                              5.088975   slack (MET)


Startpoint: mode[0] (input port clocked by __VIRTUAL_CLK__)
Endpoint: dec[3] (output port clocked by __VIRTUAL_CLK__)
Path Group: __VIRTUAL_CLK__
Path Type: max

Fanout         Cap        Slew       Delay        Time   Description
---------------------------------------------------------------------------------------------
                      0.000000    0.000000    0.000000   clock __VIRTUAL_CLK__ (rise edge)
                                  0.000000    0.000000   clock network delay (ideal)
                                  2.000000    2.000000 ^ input external delay
    11    0.035437    0.166645    0.113649    2.113649 ^ mode[0] (in)
                                                         mode[0] (net)
                      0.166645    0.000000    2.113649 ^ _14_/A_N (sky130_fd_sc_hd__and3b_2)
     5    0.010735    0.058266    0.251475    2.365124 v _14_/X (sky130_fd_sc_hd__and3b_2)
                                                         _03_ (net)
                      0.058266    0.000000    2.365124 v _17_/B1 (sky130_fd_sc_hd__a31o_2)
     1    0.033442    0.106563    0.295902    2.661025 v _17_/X (sky130_fd_sc_hd__a31o_2)
                                                         dec[3] (net)
                      0.106563    0.000000    2.661025 v dec[3] (out)
                                              2.661025   data arrival time

                      0.000000   10.000000   10.000000   clock __VIRTUAL_CLK__ (rise edge)
                                  0.000000   10.000000   clock network delay (ideal)
                                 -0.250000    9.750000   clock uncertainty
                                  0.000000    9.750000   clock reconvergence pessimism
                                 -2.000000    7.750000   output external delay
                                              7.750000   data required time
---------------------------------------------------------------------------------------------
                                              7.750000   data required time
                                             -2.661025   data arrival time
---------------------------------------------------------------------------------------------
                                              5.088975   slack (MET)


Startpoint: mode[0] (input port clocked by __VIRTUAL_CLK__)
Endpoint: dec[4] (output port clocked by __VIRTUAL_CLK__)
Path Group: __VIRTUAL_CLK__
Path Type: max

Fanout         Cap        Slew       Delay        Time   Description
---------------------------------------------------------------------------------------------
                      0.000000    0.000000    0.000000   clock __VIRTUAL_CLK__ (rise edge)
                                  0.000000    0.000000   clock network delay (ideal)
                                  2.000000    2.000000 ^ input external delay
    11    0.035437    0.166645    0.113649    2.113649 ^ mode[0] (in)
                                                         mode[0] (net)
                      0.166645    0.000000    2.113649 ^ _14_/A_N (sky130_fd_sc_hd__and3b_2)
     5    0.010735    0.058266    0.251475    2.365124 v _14_/X (sky130_fd_sc_hd__and3b_2)
                                                         _03_ (net)
                      0.058266    0.000000    2.365124 v _16_/B1 (sky130_fd_sc_hd__a31o_2)
     1    0.033442    0.106563    0.295902    2.661025 v _16_/X (sky130_fd_sc_hd__a31o_2)
                                                         dec[4] (net)
                      0.106563    0.000000    2.661025 v dec[4] (out)
                                              2.661025   data arrival time

                      0.000000   10.000000   10.000000   clock __VIRTUAL_CLK__ (rise edge)
                                  0.000000   10.000000   clock network delay (ideal)
                                 -0.250000    9.750000   clock uncertainty
                                  0.000000    9.750000   clock reconvergence pessimism
                                 -2.000000    7.750000   output external delay
                                              7.750000   data required time
---------------------------------------------------------------------------------------------
                                              7.750000   data required time
                                             -2.661025   data arrival time
---------------------------------------------------------------------------------------------
                                              5.088975   slack (MET)


Startpoint: mode[0] (input port clocked by __VIRTUAL_CLK__)
Endpoint: dec[5] (output port clocked by __VIRTUAL_CLK__)
Path Group: __VIRTUAL_CLK__
Path Type: max

Fanout         Cap        Slew       Delay        Time   Description
---------------------------------------------------------------------------------------------
                      0.000000    0.000000    0.000000   clock __VIRTUAL_CLK__ (rise edge)
                                  0.000000    0.000000   clock network delay (ideal)
                                  2.000000    2.000000 ^ input external delay
    11    0.035437    0.166645    0.113649    2.113649 ^ mode[0] (in)
                                                         mode[0] (net)
                      0.166645    0.000000    2.113649 ^ _14_/A_N (sky130_fd_sc_hd__and3b_2)
     5    0.010735    0.058266    0.251475    2.365124 v _14_/X (sky130_fd_sc_hd__and3b_2)
                                                         _03_ (net)
                      0.058266    0.000000    2.365124 v _15_/B1 (sky130_fd_sc_hd__a31o_2)
     1    0.033442    0.106563    0.295902    2.661025 v _15_/X (sky130_fd_sc_hd__a31o_2)
                                                         dec[5] (net)
                      0.106563    0.000000    2.661025 v dec[5] (out)
                                              2.661025   data arrival time

                      0.000000   10.000000   10.000000   clock __VIRTUAL_CLK__ (rise edge)
                                  0.000000   10.000000   clock network delay (ideal)
                                 -0.250000    9.750000   clock uncertainty
                                  0.000000    9.750000   clock reconvergence pessimism
                                 -2.000000    7.750000   output external delay
                                              7.750000   data required time
---------------------------------------------------------------------------------------------
                                              7.750000   data required time
                                             -2.661025   data arrival time
---------------------------------------------------------------------------------------------
                                              5.088975   slack (MET)


Startpoint: mode[1] (input port clocked by __VIRTUAL_CLK__)
Endpoint: inc[1] (output port clocked by __VIRTUAL_CLK__)
Path Group: __VIRTUAL_CLK__
Path Type: max

Fanout         Cap        Slew       Delay        Time   Description
---------------------------------------------------------------------------------------------
                      0.000000    0.000000    0.000000   clock __VIRTUAL_CLK__ (rise edge)
                                  0.000000    0.000000   clock network delay (ideal)
                                  2.000000    2.000000 ^ input external delay
    11    0.036179    0.169970    0.115964    2.115964 ^ mode[1] (in)
                                                         mode[1] (net)
                      0.169970    0.000000    2.115964 ^ _21_/A_N (sky130_fd_sc_hd__and3b_2)
     5    0.010975    0.058876    0.252814    2.368778 v _21_/X (sky130_fd_sc_hd__and3b_2)
                                                         _04_ (net)
                      0.058876    0.000000    2.368778 v _26_/B1 (sky130_fd_sc_hd__a21o_2)
     1    0.033442    0.103064    0.265646    2.634424 v _26_/X (sky130_fd_sc_hd__a21o_2)
                                                         inc[1] (net)
                      0.103064    0.000000    2.634424 v inc[1] (out)
                                              2.634424   data arrival time

                      0.000000   10.000000   10.000000   clock __VIRTUAL_CLK__ (rise edge)
                                  0.000000   10.000000   clock network delay (ideal)
                                 -0.250000    9.750000   clock uncertainty
                                  0.000000    9.750000   clock reconvergence pessimism
                                 -2.000000    7.750000   output external delay
                                              7.750000   data required time
---------------------------------------------------------------------------------------------
                                              7.750000   data required time
                                             -2.634424   data arrival time
---------------------------------------------------------------------------------------------
                                              5.115576   slack (MET)


Startpoint: mode[1] (input port clocked by __VIRTUAL_CLK__)
Endpoint: inc[2] (output port clocked by __VIRTUAL_CLK__)
Path Group: __VIRTUAL_CLK__
Path Type: max

Fanout         Cap        Slew       Delay        Time   Description
---------------------------------------------------------------------------------------------
                      0.000000    0.000000    0.000000   clock __VIRTUAL_CLK__ (rise edge)
                                  0.000000    0.000000   clock network delay (ideal)
                                  2.000000    2.000000 ^ input external delay
    11    0.036179    0.169970    0.115964    2.115964 ^ mode[1] (in)
                                                         mode[1] (net)
                      0.169970    0.000000    2.115964 ^ _21_/A_N (sky130_fd_sc_hd__and3b_2)
     5    0.010975    0.058876    0.252814    2.368778 v _21_/X (sky130_fd_sc_hd__and3b_2)
                                                         _04_ (net)
                      0.058876    0.000000    2.368778 v _25_/B1 (sky130_fd_sc_hd__a21o_2)
     1    0.033442    0.103064    0.265646    2.634424 v _25_/X (sky130_fd_sc_hd__a21o_2)
                                                         inc[2] (net)
                      0.103064    0.000000    2.634424 v inc[2] (out)
                                              2.634424   data arrival time

                      0.000000   10.000000   10.000000   clock __VIRTUAL_CLK__ (rise edge)
                                  0.000000   10.000000   clock network delay (ideal)
                                 -0.250000    9.750000   clock uncertainty
                                  0.000000    9.750000   clock reconvergence pessimism
                                 -2.000000    7.750000   output external delay
                                              7.750000   data required time
---------------------------------------------------------------------------------------------
                                              7.750000   data required time
                                             -2.634424   data arrival time
---------------------------------------------------------------------------------------------
                                              5.115576   slack (MET)


Startpoint: mode[1] (input port clocked by __VIRTUAL_CLK__)
Endpoint: inc[3] (output port clocked by __VIRTUAL_CLK__)
Path Group: __VIRTUAL_CLK__
Path Type: max

Fanout         Cap        Slew       Delay        Time   Description
---------------------------------------------------------------------------------------------
                      0.000000    0.000000    0.000000   clock __VIRTUAL_CLK__ (rise edge)
                                  0.000000    0.000000   clock network delay (ideal)
                                  2.000000    2.000000 ^ input external delay
    11    0.036179    0.169970    0.115964    2.115964 ^ mode[1] (in)
                                                         mode[1] (net)
                      0.169970    0.000000    2.115964 ^ _21_/A_N (sky130_fd_sc_hd__and3b_2)
     5    0.010975    0.058876    0.252814    2.368778 v _21_/X (sky130_fd_sc_hd__and3b_2)
                                                         _04_ (net)
                      0.058876    0.000000    2.368778 v _24_/B1 (sky130_fd_sc_hd__a21o_2)
     1    0.033442    0.103064    0.265646    2.634424 v _24_/X (sky130_fd_sc_hd__a21o_2)
                                                         inc[3] (net)
                      0.103064    0.000000    2.634424 v inc[3] (out)
                                              2.634424   data arrival time

                      0.000000   10.000000   10.000000   clock __VIRTUAL_CLK__ (rise edge)
                                  0.000000   10.000000   clock network delay (ideal)
                                 -0.250000    9.750000   clock uncertainty
                                  0.000000    9.750000   clock reconvergence pessimism
                                 -2.000000    7.750000   output external delay
                                              7.750000   data required time
---------------------------------------------------------------------------------------------
                                              7.750000   data required time
                                             -2.634424   data arrival time
---------------------------------------------------------------------------------------------
                                              5.115576   slack (MET)


Startpoint: mode[1] (input port clocked by __VIRTUAL_CLK__)
Endpoint: inc[4] (output port clocked by __VIRTUAL_CLK__)
Path Group: __VIRTUAL_CLK__
Path Type: max

Fanout         Cap        Slew       Delay        Time   Description
---------------------------------------------------------------------------------------------
                      0.000000    0.000000    0.000000   clock __VIRTUAL_CLK__ (rise edge)
                                  0.000000    0.000000   clock network delay (ideal)
                                  2.000000    2.000000 ^ input external delay
    11    0.036179    0.169970    0.115964    2.115964 ^ mode[1] (in)
                                                         mode[1] (net)
                      0.169970    0.000000    2.115964 ^ _21_/A_N (sky130_fd_sc_hd__and3b_2)
     5    0.010975    0.058876    0.252814    2.368778 v _21_/X (sky130_fd_sc_hd__and3b_2)
                                                         _04_ (net)
                      0.058876    0.000000    2.368778 v _23_/B1 (sky130_fd_sc_hd__a21o_2)
     1    0.033442    0.103064    0.265646    2.634424 v _23_/X (sky130_fd_sc_hd__a21o_2)
                                                         inc[4] (net)
                      0.103064    0.000000    2.634424 v inc[4] (out)
                                              2.634424   data arrival time

                      0.000000   10.000000   10.000000   clock __VIRTUAL_CLK__ (rise edge)
                                  0.000000   10.000000   clock network delay (ideal)
                                 -0.250000    9.750000   clock uncertainty
                                  0.000000    9.750000   clock reconvergence pessimism
                                 -2.000000    7.750000   output external delay
                                              7.750000   data required time
---------------------------------------------------------------------------------------------
                                              7.750000   data required time
                                             -2.634424   data arrival time
---------------------------------------------------------------------------------------------
                                              5.115576   slack (MET)


Startpoint: mode[1] (input port clocked by __VIRTUAL_CLK__)
Endpoint: inc[5] (output port clocked by __VIRTUAL_CLK__)
Path Group: __VIRTUAL_CLK__
Path Type: max

Fanout         Cap        Slew       Delay        Time   Description
---------------------------------------------------------------------------------------------
                      0.000000    0.000000    0.000000   clock __VIRTUAL_CLK__ (rise edge)
                                  0.000000    0.000000   clock network delay (ideal)
                                  2.000000    2.000000 ^ input external delay
    11    0.036179    0.169970    0.115964    2.115964 ^ mode[1] (in)
                                                         mode[1] (net)
                      0.169970    0.000000    2.115964 ^ _21_/A_N (sky130_fd_sc_hd__and3b_2)
     5    0.010975    0.058876    0.252814    2.368778 v _21_/X (sky130_fd_sc_hd__and3b_2)
                                                         _04_ (net)
                      0.058876    0.000000    2.368778 v _22_/B1 (sky130_fd_sc_hd__a21o_2)
     1    0.033442    0.103064    0.265646    2.634424 v _22_/X (sky130_fd_sc_hd__a21o_2)
                                                         inc[5] (net)
                      0.103064    0.000000    2.634424 v inc[5] (out)
                                              2.634424   data arrival time

                      0.000000   10.000000   10.000000   clock __VIRTUAL_CLK__ (rise edge)
                                  0.000000   10.000000   clock network delay (ideal)
                                 -0.250000    9.750000   clock uncertainty
                                  0.000000    9.750000   clock reconvergence pessimism
                                 -2.000000    7.750000   output external delay
                                              7.750000   data required time
---------------------------------------------------------------------------------------------
                                              7.750000   data required time
                                             -2.634424   data arrival time
---------------------------------------------------------------------------------------------
                                              5.115576   slack (MET)


Startpoint: mode[1] (input port clocked by __VIRTUAL_CLK__)
Endpoint: en[0] (output port clocked by __VIRTUAL_CLK__)
Path Group: __VIRTUAL_CLK__
Path Type: max

Fanout         Cap        Slew       Delay        Time   Description
---------------------------------------------------------------------------------------------
                      0.000000    0.000000    0.000000   clock __VIRTUAL_CLK__ (rise edge)
                                  0.000000    0.000000   clock network delay (ideal)
                                  2.000000    2.000000 ^ input external delay
    11    0.036179    0.169970    0.115964    2.115964 ^ mode[1] (in)
                                                         mode[1] (net)
                      0.169970    0.000000    2.115964 ^ _07_/A (sky130_fd_sc_hd__xnor2_2)
     6    0.007926    0.068381    0.104589    2.220553 v _07_/Y (sky130_fd_sc_hd__xnor2_2)
                                                         _02_ (net)
                      0.068381    0.000000    2.220553 v _08_/B (sky130_fd_sc_hd__or2_2)
     1    0.033442    0.131100    0.378193    2.598746 v _08_/X (sky130_fd_sc_hd__or2_2)
                                                         en[0] (net)
                      0.131100    0.000000    2.598746 v en[0] (out)
                                              2.598746   data arrival time

                      0.000000   10.000000   10.000000   clock __VIRTUAL_CLK__ (rise edge)
                                  0.000000   10.000000   clock network delay (ideal)
                                 -0.250000    9.750000   clock uncertainty
                                  0.000000    9.750000   clock reconvergence pessimism
                                 -2.000000    7.750000   output external delay
                                              7.750000   data required time
---------------------------------------------------------------------------------------------
                                              7.750000   data required time
                                             -2.598746   data arrival time
---------------------------------------------------------------------------------------------
                                              5.151254   slack (MET)


Startpoint: mode[1] (input port clocked by __VIRTUAL_CLK__)
Endpoint: en[1] (output port clocked by __VIRTUAL_CLK__)
Path Group: __VIRTUAL_CLK__
Path Type: max

Fanout         Cap        Slew       Delay        Time   Description
---------------------------------------------------------------------------------------------
                      0.000000    0.000000    0.000000   clock __VIRTUAL_CLK__ (rise edge)
                                  0.000000    0.000000   clock network delay (ideal)
                                  2.000000    2.000000 ^ input external delay
    11    0.036179    0.169970    0.115964    2.115964 ^ mode[1] (in)
                                                         mode[1] (net)
                      0.169970    0.000000    2.115964 ^ _07_/A (sky130_fd_sc_hd__xnor2_2)
     6    0.007926    0.068381    0.104589    2.220553 v _07_/Y (sky130_fd_sc_hd__xnor2_2)
                                                         _02_ (net)
                      0.068381    0.000000    2.220553 v _09_/B (sky130_fd_sc_hd__or2_2)
     1    0.033442    0.131100    0.378193    2.598746 v _09_/X (sky130_fd_sc_hd__or2_2)
                                                         en[1] (net)
                      0.131100    0.000000    2.598746 v en[1] (out)
                                              2.598746   data arrival time

                      0.000000   10.000000   10.000000   clock __VIRTUAL_CLK__ (rise edge)
                                  0.000000   10.000000   clock network delay (ideal)
                                 -0.250000    9.750000   clock uncertainty
                                  0.000000    9.750000   clock reconvergence pessimism
                                 -2.000000    7.750000   output external delay
                                              7.750000   data required time
---------------------------------------------------------------------------------------------
                                              7.750000   data required time
                                             -2.598746   data arrival time
---------------------------------------------------------------------------------------------
                                              5.151254   slack (MET)


Startpoint: mode[1] (input port clocked by __VIRTUAL_CLK__)
Endpoint: en[2] (output port clocked by __VIRTUAL_CLK__)
Path Group: __VIRTUAL_CLK__
Path Type: max

Fanout         Cap        Slew       Delay        Time   Description
---------------------------------------------------------------------------------------------
                      0.000000    0.000000    0.000000   clock __VIRTUAL_CLK__ (rise edge)
                                  0.000000    0.000000   clock network delay (ideal)
                                  2.000000    2.000000 ^ input external delay
    11    0.036179    0.169970    0.115964    2.115964 ^ mode[1] (in)
                                                         mode[1] (net)
                      0.169970    0.000000    2.115964 ^ _07_/A (sky130_fd_sc_hd__xnor2_2)
     6    0.007926    0.068381    0.104589    2.220553 v _07_/Y (sky130_fd_sc_hd__xnor2_2)
                                                         _02_ (net)
                      0.068381    0.000000    2.220553 v _10_/B (sky130_fd_sc_hd__or2_2)
     1    0.033442    0.131100    0.378193    2.598746 v _10_/X (sky130_fd_sc_hd__or2_2)
                                                         en[2] (net)
                      0.131100    0.000000    2.598746 v en[2] (out)
                                              2.598746   data arrival time

                      0.000000   10.000000   10.000000   clock __VIRTUAL_CLK__ (rise edge)
                                  0.000000   10.000000   clock network delay (ideal)
                                 -0.250000    9.750000   clock uncertainty
                                  0.000000    9.750000   clock reconvergence pessimism
                                 -2.000000    7.750000   output external delay
                                              7.750000   data required time
---------------------------------------------------------------------------------------------
                                              7.750000   data required time
                                             -2.598746   data arrival time
---------------------------------------------------------------------------------------------
                                              5.151254   slack (MET)


Startpoint: mode[1] (input port clocked by __VIRTUAL_CLK__)
Endpoint: en[3] (output port clocked by __VIRTUAL_CLK__)
Path Group: __VIRTUAL_CLK__
Path Type: max

Fanout         Cap        Slew       Delay        Time   Description
---------------------------------------------------------------------------------------------
                      0.000000    0.000000    0.000000   clock __VIRTUAL_CLK__ (rise edge)
                                  0.000000    0.000000   clock network delay (ideal)
                                  2.000000    2.000000 ^ input external delay
    11    0.036179    0.169970    0.115964    2.115964 ^ mode[1] (in)
                                                         mode[1] (net)
                      0.169970    0.000000    2.115964 ^ _07_/A (sky130_fd_sc_hd__xnor2_2)
     6    0.007926    0.068381    0.104589    2.220553 v _07_/Y (sky130_fd_sc_hd__xnor2_2)
                                                         _02_ (net)
                      0.068381    0.000000    2.220553 v _11_/B (sky130_fd_sc_hd__or2_2)
     1    0.033442    0.131100    0.378193    2.598746 v _11_/X (sky130_fd_sc_hd__or2_2)
                                                         en[3] (net)
                      0.131100    0.000000    2.598746 v en[3] (out)
                                              2.598746   data arrival time

                      0.000000   10.000000   10.000000   clock __VIRTUAL_CLK__ (rise edge)
                                  0.000000   10.000000   clock network delay (ideal)
                                 -0.250000    9.750000   clock uncertainty
                                  0.000000    9.750000   clock reconvergence pessimism
                                 -2.000000    7.750000   output external delay
                                              7.750000   data required time
---------------------------------------------------------------------------------------------
                                              7.750000   data required time
                                             -2.598746   data arrival time
---------------------------------------------------------------------------------------------
                                              5.151254   slack (MET)


Startpoint: mode[1] (input port clocked by __VIRTUAL_CLK__)
Endpoint: en[4] (output port clocked by __VIRTUAL_CLK__)
Path Group: __VIRTUAL_CLK__
Path Type: max

Fanout         Cap        Slew       Delay        Time   Description
---------------------------------------------------------------------------------------------
                      0.000000    0.000000    0.000000   clock __VIRTUAL_CLK__ (rise edge)
                                  0.000000    0.000000   clock network delay (ideal)
                                  2.000000    2.000000 ^ input external delay
    11    0.036179    0.169970    0.115964    2.115964 ^ mode[1] (in)
                                                         mode[1] (net)
                      0.169970    0.000000    2.115964 ^ _07_/A (sky130_fd_sc_hd__xnor2_2)
     6    0.007926    0.068381    0.104589    2.220553 v _07_/Y (sky130_fd_sc_hd__xnor2_2)
                                                         _02_ (net)
                      0.068381    0.000000    2.220553 v _12_/B (sky130_fd_sc_hd__or2_2)
     1    0.033442    0.131100    0.378193    2.598746 v _12_/X (sky130_fd_sc_hd__or2_2)
                                                         en[4] (net)
                      0.131100    0.000000    2.598746 v en[4] (out)
                                              2.598746   data arrival time

                      0.000000   10.000000   10.000000   clock __VIRTUAL_CLK__ (rise edge)
                                  0.000000   10.000000   clock network delay (ideal)
                                 -0.250000    9.750000   clock uncertainty
                                  0.000000    9.750000   clock reconvergence pessimism
                                 -2.000000    7.750000   output external delay
                                              7.750000   data required time
---------------------------------------------------------------------------------------------
                                              7.750000   data required time
                                             -2.598746   data arrival time
---------------------------------------------------------------------------------------------
                                              5.151254   slack (MET)


Startpoint: mode[1] (input port clocked by __VIRTUAL_CLK__)
Endpoint: en[5] (output port clocked by __VIRTUAL_CLK__)
Path Group: __VIRTUAL_CLK__
Path Type: max

Fanout         Cap        Slew       Delay        Time   Description
---------------------------------------------------------------------------------------------
                      0.000000    0.000000    0.000000   clock __VIRTUAL_CLK__ (rise edge)
                                  0.000000    0.000000   clock network delay (ideal)
                                  2.000000    2.000000 ^ input external delay
    11    0.036179    0.169970    0.115964    2.115964 ^ mode[1] (in)
                                                         mode[1] (net)
                      0.169970    0.000000    2.115964 ^ _07_/A (sky130_fd_sc_hd__xnor2_2)
     6    0.007926    0.068381    0.104589    2.220553 v _07_/Y (sky130_fd_sc_hd__xnor2_2)
                                                         _02_ (net)
                      0.068381    0.000000    2.220553 v _13_/B (sky130_fd_sc_hd__or2_2)
     1    0.033442    0.131100    0.378193    2.598746 v _13_/X (sky130_fd_sc_hd__or2_2)
                                                         en[5] (net)
                      0.131100    0.000000    2.598746 v en[5] (out)
                                              2.598746   data arrival time

                      0.000000   10.000000   10.000000   clock __VIRTUAL_CLK__ (rise edge)
                                  0.000000   10.000000   clock network delay (ideal)
                                 -0.250000    9.750000   clock uncertainty
                                  0.000000    9.750000   clock reconvergence pessimism
                                 -2.000000    7.750000   output external delay
                                              7.750000   data required time
---------------------------------------------------------------------------------------------
                                              7.750000   data required time
                                             -2.598746   data arrival time
---------------------------------------------------------------------------------------------
                                              5.151254   slack (MET)


Startpoint: mode[0] (input port clocked by __VIRTUAL_CLK__)
Endpoint: inc[0] (output port clocked by __VIRTUAL_CLK__)
Path Group: __VIRTUAL_CLK__
Path Type: max

Fanout         Cap        Slew       Delay        Time   Description
---------------------------------------------------------------------------------------------
                      0.000000    0.000000    0.000000   clock __VIRTUAL_CLK__ (rise edge)
                                  0.000000    0.000000   clock network delay (ideal)
                                  2.000000    2.000000 v input external delay
    11    0.032819    0.073657    0.052424    2.052424 v mode[0] (in)
                                                         mode[0] (net)
                      0.073657    0.000000    2.052424 v _27_/A1 (sky130_fd_sc_hd__a21oi_2)
     1    0.033442    0.417705    0.373953    2.426377 ^ _27_/Y (sky130_fd_sc_hd__a21oi_2)
                                                         inc[0] (net)
                      0.417705    0.000000    2.426377 ^ inc[0] (out)
                                              2.426377   data arrival time

                      0.000000   10.000000   10.000000   clock __VIRTUAL_CLK__ (rise edge)
                                  0.000000   10.000000   clock network delay (ideal)
                                 -0.250000    9.750000   clock uncertainty
                                  0.000000    9.750000   clock reconvergence pessimism
                                 -2.000000    7.750000   output external delay
                                              7.750000   data required time
---------------------------------------------------------------------------------------------
                                              7.750000   data required time
                                             -2.426377   data arrival time
---------------------------------------------------------------------------------------------
                                              5.323623   slack (MET)


Startpoint: mode[1] (input port clocked by __VIRTUAL_CLK__)
Endpoint: dec[0] (output port clocked by __VIRTUAL_CLK__)
Path Group: __VIRTUAL_CLK__
Path Type: max

Fanout         Cap        Slew       Delay        Time   Description
---------------------------------------------------------------------------------------------
                      0.000000    0.000000    0.000000   clock __VIRTUAL_CLK__ (rise edge)
                                  0.000000    0.000000   clock network delay (ideal)
                                  2.000000    2.000000 ^ input external delay
    11    0.036179    0.169970    0.115964    2.115964 ^ mode[1] (in)
                                                         mode[1] (net)
                      0.169970    0.000000    2.115964 ^ _20_/B1 (sky130_fd_sc_hd__o21a_2)
     1    0.033442    0.182204    0.269710    2.385674 ^ _20_/X (sky130_fd_sc_hd__o21a_2)
                                                         dec[0] (net)
                      0.182204    0.000000    2.385674 ^ dec[0] (out)
                                              2.385674   data arrival time

                      0.000000   10.000000   10.000000   clock __VIRTUAL_CLK__ (rise edge)
                                  0.000000   10.000000   clock network delay (ideal)
                                 -0.250000    9.750000   clock uncertainty
                                  0.000000    9.750000   clock reconvergence pessimism
                                 -2.000000    7.750000   output external delay
                                              7.750000   data required time
---------------------------------------------------------------------------------------------
                                              7.750000   data required time
                                             -2.385674   data arrival time
---------------------------------------------------------------------------------------------
                                              5.364326   slack (MET)



%OL_END_REPORT
%OL_CREATE_REPORT checks.rpt

===========================================================================
report_checks -unconstrained
===========================================================================
======================= nom_tt_025C_1v80 Corner ===================================

Startpoint: mode[0] (input port clocked by __VIRTUAL_CLK__)
Endpoint: dec[1] (output port clocked by __VIRTUAL_CLK__)
Path Group: __VIRTUAL_CLK__
Path Type: max

Fanout         Cap        Slew       Delay        Time   Description
---------------------------------------------------------------------------------------------
                      0.000000    0.000000    0.000000   clock __VIRTUAL_CLK__ (rise edge)
                                  0.000000    0.000000   clock network delay (ideal)
                                  2.000000    2.000000 ^ input external delay
    11    0.035437    0.166645    0.113649    2.113649 ^ mode[0] (in)
                                                         mode[0] (net)
                      0.166645    0.000000    2.113649 ^ _14_/A_N (sky130_fd_sc_hd__and3b_2)
     5    0.010735    0.058266    0.251475    2.365124 v _14_/X (sky130_fd_sc_hd__and3b_2)
                                                         _03_ (net)
                      0.058266    0.000000    2.365124 v _19_/B1 (sky130_fd_sc_hd__a31o_2)
     1    0.033442    0.106563    0.295902    2.661025 v _19_/X (sky130_fd_sc_hd__a31o_2)
                                                         dec[1] (net)
                      0.106563    0.000000    2.661025 v dec[1] (out)
                                              2.661025   data arrival time

                      0.000000   10.000000   10.000000   clock __VIRTUAL_CLK__ (rise edge)
                                  0.000000   10.000000   clock network delay (ideal)
                                 -0.250000    9.750000   clock uncertainty
                                  0.000000    9.750000   clock reconvergence pessimism
                                 -2.000000    7.750000   output external delay
                                              7.750000   data required time
---------------------------------------------------------------------------------------------
                                              7.750000   data required time
                                             -2.661025   data arrival time
---------------------------------------------------------------------------------------------
                                              5.088975   slack (MET)




===========================================================================
report_checks --slack_max -0.01
============================================================================
======================= nom_tt_025C_1v80 Corner ===================================

No paths found.


===========================================================================
 report_check_types -max_slew -max_cap -max_fanout -violators
============================================================================
======================= nom_tt_025C_1v80 Corner ===================================

max fanout

Pin                                   Limit Fanout  Slack
---------------------------------------------------------
mode[0]                                  10     11        (VIOLATED)
mode[1]                                  10     11        (VIOLATED)



===========================================================================
report_parasitic_annotation -report_unannotated
============================================================================
Found 43 unannotated drivers.
 button_dec
 button_inc
 done_dec[0]
 done_dec[1]
 done_dec[2]
 done_dec[3]
 done_dec[4]
 done_inc[0]
 done_inc[1]
 done_inc[2]
 done_inc[3]
 done_inc[4]
 mode[0]
 mode[1]
 select[0]
 select[1]
 select[2]
 select[3]
 select[4]
 select[5]
 _05_/Y
 _06_/Y
 _07_/Y
 _08_/X
 _09_/X
 _10_/X
 _11_/X
 _12_/X
 _13_/X
 _14_/X
 _15_/X
 _16_/X
 _17_/X
 _18_/X
 _19_/X
 _20_/X
 _21_/X
 _22_/X
 _23_/X
 _24_/X
 _25_/X
 _26_/X
 _27_/Y
Found 0 partially unannotated drivers.

===========================================================================
max slew violation count 0
%OL_METRIC_I design__max_slew_violation__count__corner:nom_tt_025C_1v80 0
max fanout violation count 2
%OL_METRIC_I design__max_fanout_violation__count__corner:nom_tt_025C_1v80 2
max cap violation count 0
%OL_METRIC_I design__max_cap_violation__count__corner:nom_tt_025C_1v80 0
============================================================================

===========================================================================
check_setup -verbose -unconstrained_endpoints -multiple_clock -no_clock -no_input_delay -loops -generated_clocks
===========================================================================
%OL_END_REPORT
%OL_CREATE_REPORT power.rpt

===========================================================================
 report_power
============================================================================
======================= nom_tt_025C_1v80 Corner ===================================

Group                    Internal    Switching      Leakage        Total
                            Power        Power        Power        Power (Watts)
------------------------------------------------------------------------
Sequential           0.000000e+00 0.000000e+00 0.000000e+00 0.000000e+00   0.0%
Combinational        5.146626e-06 1.421766e-05 9.865177e-11 1.936438e-05 100.0%
Clock                0.000000e+00 0.000000e+00 0.000000e+00 0.000000e+00   0.0%
Macro                0.000000e+00 0.000000e+00 0.000000e+00 0.000000e+00   0.0%
Pad                  0.000000e+00 0.000000e+00 0.000000e+00 0.000000e+00   0.0%
------------------------------------------------------------------------
Total                5.146626e-06 1.421766e-05 9.865177e-11 1.936438e-05 100.0%
                            26.6%        73.4%         0.0%
%OL_METRIC_F power__internal__total 5.146625881025102e-6
%OL_METRIC_F power__switching__total 1.4217656826076563e-5
%OL_METRIC_F power__leakage__total 9.865177424961402e-11
%OL_METRIC_F power__total 1.9364380932529457e-5

%OL_END_REPORT
%OL_CREATE_REPORT skew.min.rpt

===========================================================================
Clock Skew (Hold)
============================================================================
%OL_METRIC_F clock__skew__worst_hold__corner:nom_tt_025C_1v80 0.0
======================= nom_tt_025C_1v80 Corner ===================================

Clock __VIRTUAL_CLK__
No launch/capture paths found.

%OL_END_REPORT
%OL_CREATE_REPORT skew.max.rpt

===========================================================================
Clock Skew (Setup)
============================================================================
%OL_METRIC_F clock__skew__worst_setup__corner:nom_tt_025C_1v80 0.0
======================= nom_tt_025C_1v80 Corner ===================================

Clock __VIRTUAL_CLK__
No launch/capture paths found.

%OL_END_REPORT
%OL_CREATE_REPORT ws.min.rpt

===========================================================================
Worst Slack (Hold)
============================================================================
%OL_METRIC_F timing__hold__ws__corner:nom_tt_025C_1v80 3.913848023120173
nom_tt_025C_1v80: 3.913848023120173
%OL_END_REPORT
%OL_CREATE_REPORT ws.max.rpt

===========================================================================
Worst Slack (Setup)
============================================================================
%OL_METRIC_F timing__setup__ws__corner:nom_tt_025C_1v80 5.088974718999769
nom_tt_025C_1v80: 5.088974718999769
%OL_END_REPORT
%OL_CREATE_REPORT tns.min.rpt

===========================================================================
Total Negative Slack (Hold)
============================================================================
%OL_METRIC_F timing__hold__tns__corner:nom_tt_025C_1v80 0.0
nom_tt_025C_1v80: 0.0
%OL_END_REPORT
%OL_CREATE_REPORT tns.max.rpt

===========================================================================
Total Negative Slack (Setup)
============================================================================
%OL_METRIC_F timing__setup__tns__corner:nom_tt_025C_1v80 0.0
nom_tt_025C_1v80: 0.0
%OL_END_REPORT
%OL_CREATE_REPORT wns.min.rpt

===========================================================================
Worst Negative Slack (Hold)
============================================================================
%OL_METRIC_F timing__hold__wns__corner:nom_tt_025C_1v80 0
nom_tt_025C_1v80: 0
%OL_END_REPORT
%OL_CREATE_REPORT wns.max.rpt

===========================================================================
Worst Negative Slack (Setup)
============================================================================
%OL_METRIC_F timing__setup__wns__corner:nom_tt_025C_1v80 0.0
nom_tt_025C_1v80: 0.0
%OL_END_REPORT
%OL_CREATE_REPORT violator_list.rpt

===========================================================================
Violator List
============================================================================
%OL_METRIC_I timing__hold_vio__count__corner:nom_tt_025C_1v80 0
%OL_METRIC_F timing__hold_r2r__ws__corner:nom_tt_025C_1v80 inf
%OL_METRIC_I timing__hold_r2r_vio__count__corner:nom_tt_025C_1v80 0
%OL_METRIC_I timing__setup_vio__count__corner:nom_tt_025C_1v80 0
%OL_METRIC_F timing__setup_r2r__ws__corner:nom_tt_025C_1v80 inf
%OL_METRIC_I timing__setup_r2r_vio__count__corner:nom_tt_025C_1v80 0
%OL_END_REPORT
%OL_CREATE_REPORT unpropagated.rpt
__VIRTUAL_CLK__
%OL_END_REPORT
%OL_CREATE_REPORT clock.rpt
Clock: __VIRTUAL_CLK__
Sources: 
Generated: no
Virtual: yes
Propagated: no
Period: 10.000000

===========================================================================
report_clock_properties
============================================================================
Clock                   Period          Waveform
----------------------------------------------------
__VIRTUAL_CLK__      10.000000    0.000000  5.000000

===========================================================================
report_clock_latency
============================================================================
Clock __VIRTUAL_CLK__


===========================================================================
report_clock_min_period
============================================================================
__VIRTUAL_CLK__ period_min = 0.00 fmax = inf
%OL_END_REPORT
Writing SDF files for all corners…
