Reading OpenROAD database at '/home/kien/openlane2/MARCO/decode_all/runs/RUN_2026-01-16_19-05-32/25-odb-customioplacement/decode_all.odb'…
Reading library file at '/home/kien/.volare/volare/sky130/versions/0fe599b2afb6708d281543108caf8310912f54af/sky130A/libs.ref/sky130_fd_sc_hd/lib/sky130_fd_sc_hd__tt_025C_1v80.lib'…
Reading design constraints file at '/nix/store/4pyixb03xfwwy77zxxplrggxrmm9f57y-python3-3.11.9-env/lib/python3.11/site-packages/openlane/scripts/base.sdc'…
[WARNING STA-0366] port 'clk' not found.
[INFO] Using clock clk…
[INFO] Setting output delay to: 20000000
[INFO] Setting input delay to: 20000000
[WARNING STA-0366] port 'clk' not found.
[INFO] Setting load to: 0.033442
[INFO] Setting clock uncertainty to: 0.25
[INFO] Setting clock transition to: 0.1499999999999999944488848768742172978818416595458984375
[WARNING STA-0419] transition time can not be specified for virtual clocks.
[INFO] Setting timing derate to: 5%
[WARNING STA-0450] virtual clock clk can not be propagated.
[INFO] Setting RC values…
[INFO] Setting signal min routing layer to: met1 and clock min routing layer to met1. 
[INFO] Setting signal max routing layer to: met5 and clock max routing layer to met5. 
+ global_placement -density 0.85 -timing_driven -routability_driven -pad_right 0 -pad_left 0 -init_wirelength_coef 0.25
[INFO GPL-0002] DBU: 1000
[INFO GPL-0003] SiteSize: (  0.460  2.720 ) um
[INFO GPL-0004] CoreBBox: (  5.520 10.880 ) ( 154.100 48.960 ) um
[INFO GPL-0006] NumInstances:               398
[INFO GPL-0007] NumPlaceInstances:          282
[INFO GPL-0008] NumFixedInstances:          116
[INFO GPL-0009] NumDummyInstances:            0
[INFO GPL-0010] NumNets:                    315
[INFO GPL-0011] NumPins:                   1124
[INFO GPL-0012] DieBBox:  (  0.000  0.000 ) ( 160.000 60.000 ) um
[INFO GPL-0013] CoreBBox: (  5.520 10.880 ) ( 154.100 48.960 ) um
[INFO GPL-0016] CoreArea:              5657.926 um^2
[INFO GPL-0017] NonPlaceInstsArea:      215.206 um^2
[INFO GPL-0018] PlaceInstsArea:        2469.869 um^2
[INFO GPL-0019] Util:                    45.379 %
[INFO GPL-0020] StdInstsArea:          2469.869 um^2
[INFO GPL-0021] MacroInstsArea:           0.000 um^2
[InitialPlace]  Iter: 1 CG residual: 0.00000010 HPWL: 13096261
[InitialPlace]  Iter: 2 CG residual: 0.00000011 HPWL: 7064358
[InitialPlace]  Iter: 3 CG residual: 0.00000011 HPWL: 6591087
[InitialPlace]  Iter: 4 CG residual: 0.00000009 HPWL: 6355621
[InitialPlace]  Iter: 5 CG residual: 0.00000011 HPWL: 6215118
[INFO GPL-0031] FillerInit:NumGCells:       533
[INFO GPL-0032] FillerInit:NumGNets:        315
[INFO GPL-0033] FillerInit:NumGPins:       1124
[INFO GPL-0023] TargetDensity:            0.850
[INFO GPL-0024] AvrgPlaceInstArea:        8.758 um^2
[INFO GPL-0025] IdealBinArea:            10.304 um^2
[INFO GPL-0026] IdealBinCnt:                549
[INFO GPL-0027] TotalBinArea:          5657.926 um^2
[INFO GPL-0028] BinCnt:        32     16
[INFO GPL-0029] BinSize: (  4.644  2.380 )
[INFO GPL-0030] NumBins: 512
[NesterovSolve] Iter:    1 overflow: 0.754 HPWL: 5189868
[INFO GPL-0100] Timing-driven: executing resizer for reweighting nets.
[INFO GPL-0101] Timing-driven: worst slack 0.06
[INFO GPL-0103] Timing-driven: weighted 0 nets.
[INFO GPL-0100] Timing-driven: executing resizer for reweighting nets.
[INFO GPL-0101] Timing-driven: worst slack 0.06
[INFO GPL-0103] Timing-driven: weighted 0 nets.
[NesterovSolve] Iter:   10 overflow: 0.616 HPWL: 5758894
[NesterovSolve] Iter:   20 overflow: 0.609 HPWL: 5818194
[NesterovSolve] Iter:   30 overflow: 0.613 HPWL: 5813911
[NesterovSolve] Iter:   40 overflow: 0.611 HPWL: 5798513
[NesterovSolve] Iter:   50 overflow: 0.612 HPWL: 5791450
[NesterovSolve] Iter:   60 overflow: 0.612 HPWL: 5802915
[NesterovSolve] Iter:   70 overflow: 0.612 HPWL: 5800862
[NesterovSolve] Iter:   80 overflow: 0.611 HPWL: 5797580
[NesterovSolve] Iter:   90 overflow: 0.611 HPWL: 5795638
[NesterovSolve] Iter:  100 overflow: 0.611 HPWL: 5798423
[NesterovSolve] Iter:  110 overflow: 0.610 HPWL: 5797593
[NesterovSolve] Iter:  120 overflow: 0.610 HPWL: 5793384
[NesterovSolve] Iter:  130 overflow: 0.608 HPWL: 5791019
[NesterovSolve] Iter:  140 overflow: 0.605 HPWL: 5781794
[NesterovSolve] Iter:  150 overflow: 0.600 HPWL: 5770019
[NesterovSolve] Snapshot saved at iter = 151
[NesterovSolve] Iter:  160 overflow: 0.593 HPWL: 5755688
[NesterovSolve] Iter:  170 overflow: 0.581 HPWL: 5729025
[NesterovSolve] Iter:  180 overflow: 0.570 HPWL: 5719373
[NesterovSolve] Iter:  190 overflow: 0.557 HPWL: 5728125
[NesterovSolve] Iter:  200 overflow: 0.541 HPWL: 5689071
[NesterovSolve] Iter:  210 overflow: 0.523 HPWL: 5643511
[NesterovSolve] Iter:  220 overflow: 0.503 HPWL: 5588922
[INFO GPL-0100] Timing-driven: executing resizer for reweighting nets.
[INFO GPL-0101] Timing-driven: worst slack 0.06
[INFO GPL-0103] Timing-driven: weighted 0 nets.
[NesterovSolve] Iter:  230 overflow: 0.474 HPWL: 5575086
[NesterovSolve] Iter:  240 overflow: 0.456 HPWL: 5637868
[NesterovSolve] Iter:  250 overflow: 0.430 HPWL: 5688265
[NesterovSolve] Iter:  260 overflow: 0.403 HPWL: 5739158
[NesterovSolve] Iter:  270 overflow: 0.381 HPWL: 5801165
[NesterovSolve] Iter:  280 overflow: 0.347 HPWL: 5867508
[NesterovSolve] Iter:  290 overflow: 0.322 HPWL: 5918666
[NesterovSolve] Iter:  300 overflow: 0.297 HPWL: 5971960
[INFO GPL-0075] Routability numCall: 1 inflationIterCnt: 1 bloatIterCnt: 0
[INFO GPL-0036] TileBBox: (    0    0 ) ( 6900 6900 ) DBU
[INFO GPL-0038] TileCnt:      23    8
[INFO GPL-0040] NumTiles: 184
[INFO GPL-0081] TotalRouteOverflow: 0
[INFO GPL-0082] OverflowTileCnt: 0
[INFO GPL-0083] 0.5%RC: 0.8594964742660522
[INFO GPL-0084] 1.0%RC: 0.8589330315589905
[INFO GPL-0085] 2.0%RC: 0.8379098623991013
[INFO GPL-0086] 5.0%RC: 0.8065949201583862
[INFO GPL-0087] FinalRC: 0.8592148
[INFO GPL-0077] FinalRC lower than targetRC(1.01), routability not needed.
[INFO GPL-0100] Timing-driven: executing resizer for reweighting nets.
[INFO GPL-0101] Timing-driven: worst slack 0.06
[INFO GPL-0103] Timing-driven: weighted 0 nets.
[NesterovSolve] Iter:  310 overflow: 0.270 HPWL: 6030227
[NesterovSolve] Iter:  320 overflow: 0.243 HPWL: 6079497
[NesterovSolve] Iter:  330 overflow: 0.214 HPWL: 6135162
[INFO GPL-0100] Timing-driven: executing resizer for reweighting nets.
[INFO GPL-0101] Timing-driven: worst slack 0.06
[INFO GPL-0103] Timing-driven: weighted 0 nets.
[NesterovSolve] Iter:  340 overflow: 0.173 HPWL: 6193997
[NesterovSolve] Iter:  350 overflow: 0.144 HPWL: 6258559
[INFO GPL-0100] Timing-driven: executing resizer for reweighting nets.
[INFO GPL-0101] Timing-driven: worst slack 0.06
[INFO GPL-0103] Timing-driven: weighted 0 nets.
[NesterovSolve] Iter:  360 overflow: 0.118 HPWL: 6308057
[NesterovSolve] Finished with Overflow: 0.098668
[INFO] Setting RC values…
Setting global connections for newly added cells…
[INFO] Setting global connections...
Updating metrics…
Cell type report:                       Count       Area
  Fill cell                                28     105.10
  Tap cell                                 88     110.11
  Buffer                                    3      15.01
  Inverter                                 20      75.07
  Multi-Input combinational cell          259    2379.78
  Total                                   398    2685.08
Writing OpenROAD database to '/home/kien/openlane2/MARCO/decode_all/runs/RUN_2026-01-16_19-05-32/27-openroad-globalplacement/decode_all.odb'…
Writing netlist to '/home/kien/openlane2/MARCO/decode_all/runs/RUN_2026-01-16_19-05-32/27-openroad-globalplacement/decode_all.nl.v'…
Writing powered netlist to '/home/kien/openlane2/MARCO/decode_all/runs/RUN_2026-01-16_19-05-32/27-openroad-globalplacement/decode_all.pnl.v'…
Writing layout to '/home/kien/openlane2/MARCO/decode_all/runs/RUN_2026-01-16_19-05-32/27-openroad-globalplacement/decode_all.def'…
Writing timing constraints to '/home/kien/openlane2/MARCO/decode_all/runs/RUN_2026-01-16_19-05-32/27-openroad-globalplacement/decode_all.sdc'…
