Reading timing models for corner nom_tt_025C_1v80…
Reading timing library for the 'nom_tt_025C_1v80' corner at '/home/lroot/.volare/volare/sky130/versions/0fe599b2afb6708d281543108caf8310912f54af/sky130A/libs.ref/sky130_fd_sc_hd/lib/sky130_fd_sc_hd__tt_025C_1v80.lib'…
Reading timing library for the 'nom_tt_025C_1v80' corner at '/mnt/e/BKHN_DTVT/VLSI/MARCO/MARCO/macros/counter_all__max_ss_100C_1v60.lib'…
Reading timing library for the 'nom_tt_025C_1v80' corner at '/mnt/e/BKHN_DTVT/VLSI/MARCO/MARCO/macros/alarm__max_ss_100C_1v60.lib'…
Reading timing library for the 'nom_tt_025C_1v80' corner at '/mnt/e/BKHN_DTVT/VLSI/MARCO/MARCO/macros/decode_all__max_ss_100C_1v60.lib'…
Reading timing library for the 'nom_tt_025C_1v80' corner at '/mnt/e/BKHN_DTVT/VLSI/MARCO/MARCO/macros/decode_day__max_ss_100C_1v60.lib'…
Reading timing library for the 'nom_tt_025C_1v80' corner at '/mnt/e/BKHN_DTVT/VLSI/MARCO/MARCO/macros/decode_input__max_ss_100C_1v60.lib'…
Reading timing models for corner nom_ff_n40C_1v95…
Reading timing library for the 'nom_ff_n40C_1v95' corner at '/home/lroot/.volare/volare/sky130/versions/0fe599b2afb6708d281543108caf8310912f54af/sky130A/libs.ref/sky130_fd_sc_hd/lib/sky130_fd_sc_hd__ff_n40C_1v95.lib'…
Reading timing library for the 'nom_ff_n40C_1v95' corner at '/mnt/e/BKHN_DTVT/VLSI/MARCO/MARCO/macros/counter_all__max_ss_100C_1v60.lib'…
[WARNING STA-1140] /mnt/e/BKHN_DTVT/VLSI/MARCO/MARCO/macros/counter_all__max_ss_100C_1v60.lib line 1, library counter_all already exists.
Reading timing library for the 'nom_ff_n40C_1v95' corner at '/mnt/e/BKHN_DTVT/VLSI/MARCO/MARCO/macros/alarm__max_ss_100C_1v60.lib'…
[WARNING STA-1140] /mnt/e/BKHN_DTVT/VLSI/MARCO/MARCO/macros/alarm__max_ss_100C_1v60.lib line 1, library alarm already exists.
Reading timing library for the 'nom_ff_n40C_1v95' corner at '/mnt/e/BKHN_DTVT/VLSI/MARCO/MARCO/macros/decode_all__max_ss_100C_1v60.lib'…
[WARNING STA-1140] /mnt/e/BKHN_DTVT/VLSI/MARCO/MARCO/macros/decode_all__max_ss_100C_1v60.lib line 1, library decode_all already exists.
Reading timing library for the 'nom_ff_n40C_1v95' corner at '/mnt/e/BKHN_DTVT/VLSI/MARCO/MARCO/macros/decode_day__max_ss_100C_1v60.lib'…
[WARNING STA-1140] /mnt/e/BKHN_DTVT/VLSI/MARCO/MARCO/macros/decode_day__max_ss_100C_1v60.lib line 1, library decode_day already exists.
Reading timing library for the 'nom_ff_n40C_1v95' corner at '/mnt/e/BKHN_DTVT/VLSI/MARCO/MARCO/macros/decode_input__max_ss_100C_1v60.lib'…
[WARNING STA-1140] /mnt/e/BKHN_DTVT/VLSI/MARCO/MARCO/macros/decode_input__max_ss_100C_1v60.lib line 1, library decode_input already exists.
Reading timing models for corner nom_ss_100C_1v60…
Reading timing library for the 'nom_ss_100C_1v60' corner at '/home/lroot/.volare/volare/sky130/versions/0fe599b2afb6708d281543108caf8310912f54af/sky130A/libs.ref/sky130_fd_sc_hd/lib/sky130_fd_sc_hd__ss_100C_1v60.lib'…
Reading timing library for the 'nom_ss_100C_1v60' corner at '/mnt/e/BKHN_DTVT/VLSI/MARCO/MARCO/macros/counter_all__max_ss_100C_1v60.lib'…
[WARNING STA-1140] /mnt/e/BKHN_DTVT/VLSI/MARCO/MARCO/macros/counter_all__max_ss_100C_1v60.lib line 1, library counter_all already exists.
Reading timing library for the 'nom_ss_100C_1v60' corner at '/mnt/e/BKHN_DTVT/VLSI/MARCO/MARCO/macros/alarm__max_ss_100C_1v60.lib'…
[WARNING STA-1140] /mnt/e/BKHN_DTVT/VLSI/MARCO/MARCO/macros/alarm__max_ss_100C_1v60.lib line 1, library alarm already exists.
Reading timing library for the 'nom_ss_100C_1v60' corner at '/mnt/e/BKHN_DTVT/VLSI/MARCO/MARCO/macros/decode_all__max_ss_100C_1v60.lib'…
[WARNING STA-1140] /mnt/e/BKHN_DTVT/VLSI/MARCO/MARCO/macros/decode_all__max_ss_100C_1v60.lib line 1, library decode_all already exists.
Reading timing library for the 'nom_ss_100C_1v60' corner at '/mnt/e/BKHN_DTVT/VLSI/MARCO/MARCO/macros/decode_day__max_ss_100C_1v60.lib'…
[WARNING STA-1140] /mnt/e/BKHN_DTVT/VLSI/MARCO/MARCO/macros/decode_day__max_ss_100C_1v60.lib line 1, library decode_day already exists.
Reading timing library for the 'nom_ss_100C_1v60' corner at '/mnt/e/BKHN_DTVT/VLSI/MARCO/MARCO/macros/decode_input__max_ss_100C_1v60.lib'…
[WARNING STA-1140] /mnt/e/BKHN_DTVT/VLSI/MARCO/MARCO/macros/decode_input__max_ss_100C_1v60.lib line 1, library decode_input already exists.
Reading OpenROAD database at '/mnt/e/BKHN_DTVT/VLSI/MARCO/MARCO/runs/macros/34-openroad-cts/clock_century.odb'…
Reading design constraints file at '/nix/store/ss2cw3sxbrwwx9jl0rrppbw4kgcmgi2n-python3-3.11.9-env/lib/python3.11/site-packages/openlane/scripts/base.sdc'…
[INFO] Using clock clk…
[INFO] Setting output delay to: 200000000
[INFO] Setting input delay to: 200000000
[INFO] Setting load to: 0.033442
[INFO] Setting clock uncertainty to: 0.25
[INFO] Setting clock transition to: 0.1499999999999999944488848768742172978818416595458984375
[INFO] Setting timing derate to: 5%
[INFO] Setting RC values…
[INFO RSZ-0098] No setup violations found
[INFO RSZ-0033] No hold violations found.
Placement Analysis
---------------------------------
total displacement          0.0 u
average displacement        0.0 u
max displacement            0.0 u
original HPWL           30044.9 u
legalized HPWL          30111.1 u
delta HPWL                    0 %

[INFO DPL-0020] Mirrored 39 instances
[INFO DPL-0021] HPWL before           30111.1 u
[INFO DPL-0022] HPWL after            30044.9 u
[INFO DPL-0023] HPWL delta               -0.2 %
[INFO] Setting RC values…
Setting global connections for newly added cells…
[INFO] Setting global connections...
counter_all_inst matched with counter_all_inst
alarm_inst matched with alarm_inst
decode_all_inst matched with decode_all_inst
decode_day_inst matched with decode_day_inst
decode_input_inst matched with decode_input_inst
Updating metrics…
Cell type report:                       Count       Area
  Macro                                     5   25504.02
  Fill cell                               508    1906.83
  Tap cell                                966    1208.66
  Clock buffer                              3      75.07
  Timing Repair Buffer                    110     523.00
  Clock inverter                            1      30.03
  Total                                  1593   29247.61
Writing OpenROAD database to '/mnt/e/BKHN_DTVT/VLSI/MARCO/MARCO/runs/macros/36-openroad-resizertimingpostcts/clock_century.odb'…
Writing netlist to '/mnt/e/BKHN_DTVT/VLSI/MARCO/MARCO/runs/macros/36-openroad-resizertimingpostcts/clock_century.nl.v'…
Writing powered netlist to '/mnt/e/BKHN_DTVT/VLSI/MARCO/MARCO/runs/macros/36-openroad-resizertimingpostcts/clock_century.pnl.v'…
Writing layout to '/mnt/e/BKHN_DTVT/VLSI/MARCO/MARCO/runs/macros/36-openroad-resizertimingpostcts/clock_century.def'…
Writing timing constraints to '/mnt/e/BKHN_DTVT/VLSI/MARCO/MARCO/runs/macros/36-openroad-resizertimingpostcts/clock_century.sdc'…
