Reading OpenROAD database at '/home/kien/openlane2/MARCO/counter_all/runs/RUN_2026-01-16_18-59-06/20-openroad-generatepdn/counter_all.odb'…
Reading library file at '/home/kien/.volare/volare/sky130/versions/0fe599b2afb6708d281543108caf8310912f54af/sky130A/libs.ref/sky130_fd_sc_hd/lib/sky130_fd_sc_hd__tt_025C_1v80.lib'…
Reading design constraints file at '/nix/store/4pyixb03xfwwy77zxxplrggxrmm9f57y-python3-3.11.9-env/lib/python3.11/site-packages/openlane/scripts/base.sdc'…
[INFO] Using clock clk…
[INFO] Setting output delay to: 20000000
[INFO] Setting input delay to: 20000000
[INFO] Setting load to: 0.033442
[INFO] Setting clock uncertainty to: 0.25
[INFO] Setting clock transition to: 0.1499999999999999944488848768742172978818416595458984375
[INFO] Setting timing derate to: 5%
+ global_placement -density 0.85 -skip_io -pad_right 0 -pad_left 0 -init_wirelength_coef 0.25
[INFO GPL-0002] DBU: 1000
[INFO GPL-0003] SiteSize: (  0.460  2.720 ) um
[INFO GPL-0004] CoreBBox: (  5.520 10.880 ) ( 80.500 84.320 ) um
[INFO GPL-0006] NumInstances:               485
[INFO GPL-0007] NumPlaceInstances:          359
[INFO GPL-0008] NumFixedInstances:          126
[INFO GPL-0009] NumDummyInstances:            0
[INFO GPL-0010] NumNets:                    389
[INFO GPL-0011] NumPins:                   1358
[INFO GPL-0012] DieBBox:  (  0.000  0.000 ) ( 86.470 97.190 ) um
[INFO GPL-0013] CoreBBox: (  5.520 10.880 ) ( 80.500 84.320 ) um
[INFO GPL-0016] CoreArea:              5506.531 um^2
[INFO GPL-0017] NonPlaceInstsArea:      292.781 um^2
[INFO GPL-0018] PlaceInstsArea:        3698.547 um^2
[INFO GPL-0019] Util:                    70.938 %
[INFO GPL-0020] StdInstsArea:          3698.547 um^2
[INFO GPL-0021] MacroInstsArea:           0.000 um^2
[INFO GPL-0031] FillerInit:NumGCells:       434
[INFO GPL-0032] FillerInit:NumGNets:        389
[INFO GPL-0033] FillerInit:NumGPins:       1358
[INFO GPL-0023] TargetDensity:            0.850
[INFO GPL-0024] AvrgPlaceInstArea:       10.302 um^2
[INFO GPL-0025] IdealBinArea:            12.120 um^2
[INFO GPL-0026] IdealBinCnt:                454
[INFO GPL-0027] TotalBinArea:          5506.531 um^2
[INFO GPL-0028] BinCnt:        16     16
[INFO GPL-0029] BinSize: (  4.687  4.590 )
[INFO GPL-0030] NumBins: 256
[NesterovSolve] Iter:    1 overflow: 0.968 HPWL: 881123
[NesterovSolve] Iter:   10 overflow: 0.967 HPWL: 657216
[NesterovSolve] Iter:   20 overflow: 0.967 HPWL: 655952
[NesterovSolve] Iter:   30 overflow: 0.967 HPWL: 655769
[NesterovSolve] Iter:   40 overflow: 0.967 HPWL: 655588
[NesterovSolve] Iter:   50 overflow: 0.967 HPWL: 655609
[NesterovSolve] Iter:   60 overflow: 0.967 HPWL: 655669
[NesterovSolve] Iter:   70 overflow: 0.967 HPWL: 655840
[NesterovSolve] Iter:   80 overflow: 0.967 HPWL: 656096
[NesterovSolve] Iter:   90 overflow: 0.966 HPWL: 656809
[NesterovSolve] Iter:  100 overflow: 0.964 HPWL: 658156
[NesterovSolve] Iter:  110 overflow: 0.961 HPWL: 661025
[NesterovSolve] Iter:  120 overflow: 0.961 HPWL: 669199
[NesterovSolve] Iter:  130 overflow: 0.940 HPWL: 694149
[NesterovSolve] Iter:  140 overflow: 0.869 HPWL: 744057
[NesterovSolve] Iter:  150 overflow: 0.843 HPWL: 818279
[NesterovSolve] Iter:  160 overflow: 0.813 HPWL: 861201
[NesterovSolve] Iter:  170 overflow: 0.817 HPWL: 875392
[NesterovSolve] Iter:  180 overflow: 0.811 HPWL: 888956
[NesterovSolve] Iter:  190 overflow: 0.794 HPWL: 965190
[NesterovSolve] Iter:  200 overflow: 0.769 HPWL: 1071660
[NesterovSolve] Iter:  210 overflow: 0.749 HPWL: 1171434
[NesterovSolve] Iter:  220 overflow: 0.732 HPWL: 1282367
[NesterovSolve] Iter:  230 overflow: 0.693 HPWL: 1506614
[NesterovSolve] Iter:  240 overflow: 0.640 HPWL: 1675281
[NesterovSolve] Iter:  250 overflow: 0.588 HPWL: 1845316
[NesterovSolve] Iter:  260 overflow: 0.541 HPWL: 2016003
[NesterovSolve] Iter:  270 overflow: 0.498 HPWL: 2219807
[NesterovSolve] Iter:  280 overflow: 0.450 HPWL: 2394625
[NesterovSolve] Iter:  290 overflow: 0.403 HPWL: 2569913
[NesterovSolve] Iter:  300 overflow: 0.357 HPWL: 2738686
[NesterovSolve] Iter:  310 overflow: 0.318 HPWL: 2876348
[NesterovSolve] Iter:  320 overflow: 0.279 HPWL: 2994275
[NesterovSolve] Iter:  330 overflow: 0.238 HPWL: 3067208
[NesterovSolve] Iter:  340 overflow: 0.201 HPWL: 3160571
[NesterovSolve] Iter:  350 overflow: 0.168 HPWL: 3247351
[NesterovSolve] Iter:  360 overflow: 0.137 HPWL: 3325657
[NesterovSolve] Iter:  370 overflow: 0.112 HPWL: 3376637
[NesterovSolve] Finished with Overflow: 0.097459
[INFO] Setting RC values…
Setting global connections for newly added cells…
[INFO] Setting global connections...
Updating metrics…
Cell type report:                       Count       Area
  Fill cell                                54     202.69
  Tap cell                                 72      90.09
  Buffer                                   10      50.05
  Inverter                                 17      63.81
  Sequential cell                          33     867.08
  Multi-Input combinational cell          299    2717.61
  Total                                   485    3991.33
Writing OpenROAD database to '/home/kien/openlane2/MARCO/counter_all/runs/RUN_2026-01-16_18-59-06/23-openroad-globalplacementskipio/counter_all.odb'…
Writing netlist to '/home/kien/openlane2/MARCO/counter_all/runs/RUN_2026-01-16_18-59-06/23-openroad-globalplacementskipio/counter_all.nl.v'…
Writing powered netlist to '/home/kien/openlane2/MARCO/counter_all/runs/RUN_2026-01-16_18-59-06/23-openroad-globalplacementskipio/counter_all.pnl.v'…
Writing layout to '/home/kien/openlane2/MARCO/counter_all/runs/RUN_2026-01-16_18-59-06/23-openroad-globalplacementskipio/counter_all.def'…
Writing timing constraints to '/home/kien/openlane2/MARCO/counter_all/runs/RUN_2026-01-16_18-59-06/23-openroad-globalplacementskipio/counter_all.sdc'…
