Reading timing models for corner nom_tt_025C_1v80…
Reading timing library for the 'nom_tt_025C_1v80' corner at '/home/kien/.volare/volare/sky130/versions/0fe599b2afb6708d281543108caf8310912f54af/sky130A/libs.ref/sky130_fd_sc_hd/lib/sky130_fd_sc_hd__tt_025C_1v80.lib'…
Reading timing models for corner nom_ff_n40C_1v95…
Reading timing library for the 'nom_ff_n40C_1v95' corner at '/home/kien/.volare/volare/sky130/versions/0fe599b2afb6708d281543108caf8310912f54af/sky130A/libs.ref/sky130_fd_sc_hd/lib/sky130_fd_sc_hd__ff_n40C_1v95.lib'…
Reading timing models for corner nom_ss_100C_1v60…
Reading timing library for the 'nom_ss_100C_1v60' corner at '/home/kien/.volare/volare/sky130/versions/0fe599b2afb6708d281543108caf8310912f54af/sky130A/libs.ref/sky130_fd_sc_hd/lib/sky130_fd_sc_hd__ss_100C_1v60.lib'…
Reading OpenROAD database at '/home/kien/openlane2/MARCO/alarm/runs/RUN_2026-01-16_19-22-04/34-openroad-cts/alarm.odb'…
Reading design constraints file at '/nix/store/4pyixb03xfwwy77zxxplrggxrmm9f57y-python3-3.11.9-env/lib/python3.11/site-packages/openlane/scripts/base.sdc'…
[INFO] Using clock clk…
[INFO] Setting output delay to: 20000000
[INFO] Setting input delay to: 20000000
[INFO] Setting load to: 0.033442
[INFO] Setting clock uncertainty to: 0.25
[INFO] Setting clock transition to: 0.1499999999999999944488848768742172978818416595458984375
[INFO] Setting timing derate to: 5%
[INFO] Setting RC values…
[INFO RSZ-0098] No setup violations found
[INFO RSZ-0046] Found 2 endpoints with hold violations.
Iteration | Resized | Buffers | Cloned Gates |   WNS   |   TNS   | Endpoint
---------------------------------------------------------------------------
        0 |       0 |       0 |            0 |   0.040 |   0.000 | _38_/D
    final |       0 |       2 |            0 |   0.411 |   0.000 | _38_/D
---------------------------------------------------------------------------
[INFO RSZ-0032] Inserted 2 hold buffers.
Placement Analysis
---------------------------------
total displacement         18.2 u
average displacement        0.2 u
max displacement            5.4 u
original HPWL             950.6 u
legalized HPWL           1040.2 u
delta HPWL                    9 %

[INFO DPL-0020] Mirrored 29 instances
[INFO DPL-0021] HPWL before            1040.2 u
[INFO DPL-0022] HPWL after              962.7 u
[INFO DPL-0023] HPWL delta               -7.4 %
[INFO] Setting RC values…
Setting global connections for newly added cells…
[INFO] Setting global connections...
Updating metrics…
Cell type report:                       Count       Area
  Fill cell                                20      75.07
  Tap cell                                 12      15.01
  Clock buffer                              3      75.07
  Timing Repair Buffer                     27     115.11
  Sequential cell                           2      50.05
  Multi-Input combinational cell           19     145.14
  Total                                    83     475.46
Writing OpenROAD database to '/home/kien/openlane2/MARCO/alarm/runs/RUN_2026-01-16_19-22-04/36-openroad-resizertimingpostcts/alarm.odb'…
Writing netlist to '/home/kien/openlane2/MARCO/alarm/runs/RUN_2026-01-16_19-22-04/36-openroad-resizertimingpostcts/alarm.nl.v'…
Writing powered netlist to '/home/kien/openlane2/MARCO/alarm/runs/RUN_2026-01-16_19-22-04/36-openroad-resizertimingpostcts/alarm.pnl.v'…
Writing layout to '/home/kien/openlane2/MARCO/alarm/runs/RUN_2026-01-16_19-22-04/36-openroad-resizertimingpostcts/alarm.def'…
Writing timing constraints to '/home/kien/openlane2/MARCO/alarm/runs/RUN_2026-01-16_19-22-04/36-openroad-resizertimingpostcts/alarm.sdc'…
