[WARNING ORD-0039] .openroad ignored with -python
Top-level design name: decode_day
Block boundaries: 0 0 50000 50000
Horizontal Tracks Origin: 340, Count: 73, Step: 680
Vertical Tracks Origin: 230, Count: 109, Step: 460
Placement details for the N side
Virtual pin count:  0
Actual pin count:  12
Total pin count:  12
Tracks count:  109
Tracks per pin:  9
Used tracks count:  100
Unused track count:  9
Starting track index:  4
Placement details for the S side
Virtual pin count:  0
Actual pin count:  10
Total pin count:  10
Tracks count:  109
Tracks per pin:  10
Used tracks count:  91
Unused track count:  18
Starting track index:  9
