Reading timing models for corner nom_ff_n40C_1v95…
Reading cell library for the 'nom_ff_n40C_1v95' corner at '/home/kien/.volare/volare/sky130/versions/0fe599b2afb6708d281543108caf8310912f54af/sky130A/libs.ref/sky130_fd_sc_hd/lib/sky130_fd_sc_hd__ff_n40C_1v95.lib'…
Reading top-level netlist at '/home/kien/openlane2/MARCO/decode_day/runs/RUN_2026-01-15_20-14-16/06-yosys-synthesis/decode_day.nl.v'…
Linking design 'decode_day' from netlist…
Reading design constraints file at '/nix/store/4pyixb03xfwwy77zxxplrggxrmm9f57y-python3-3.11.9-env/lib/python3.11/site-packages/openlane/scripts/base.sdc'…
Warning: base.sdc line 15, port '__VIRTUAL_CLK__' not found.
[INFO] Using clock __VIRTUAL_CLK__…
[INFO] Setting output delay to: 2
[INFO] Setting input delay to: 2
Warning: base.sdc line 32, port '__VIRTUAL_CLK__' not found.
[INFO] Setting load to: 0.033442
[INFO] Setting clock uncertainty to: 0.25
[INFO] Setting clock transition to: 0.1499999999999999944488848768742172978818416595458984375
Warning: base.sdc line 69, transition time can not be specified for virtual clocks.
[INFO] Setting timing derate to: 5%
%OL_CREATE_REPORT min.rpt

===========================================================================
report_checks -path_delay min (Hold)
============================================================================
======================= nom_ff_n40C_1v95 Corner ===================================

Startpoint: am_pm (input port clocked by __VIRTUAL_CLK__)
Endpoint: hour_num[4] (output port clocked by __VIRTUAL_CLK__)
Path Group: __VIRTUAL_CLK__
Path Type: min

Fanout         Cap        Slew       Delay        Time   Description
---------------------------------------------------------------------------------------------
                      0.000000    0.000000    0.000000   clock __VIRTUAL_CLK__ (rise edge)
                                  0.000000    0.000000   clock network delay (ideal)
                                  2.000000    2.000000 ^ input external delay
     2    0.006530    0.027666    0.016628    2.016628 ^ am_pm (in)
                                                         am_pm (net)
                      0.027666    0.000000    2.016628 ^ _04_/A (sky130_fd_sc_hd__inv_2)
     1    0.033442    0.052338    0.050926    2.067554 v _04_/Y (sky130_fd_sc_hd__inv_2)
                                                         hour_num[4] (net)
                      0.052338    0.000000    2.067554 v hour_num[4] (out)
                                              2.067554   data arrival time

                      0.000000    0.000000    0.000000   clock __VIRTUAL_CLK__ (rise edge)
                                  0.000000    0.000000   clock network delay (ideal)
                                  0.250000    0.250000   clock uncertainty
                                  0.000000    0.250000   clock reconvergence pessimism
                                 -2.000000   -1.750000   output external delay
                                             -1.750000   data required time
---------------------------------------------------------------------------------------------
                                             -1.750000   data required time
                                             -2.067554   data arrival time
---------------------------------------------------------------------------------------------
                                              3.817554   slack (MET)


Startpoint: am_pm (input port clocked by __VIRTUAL_CLK__)
Endpoint: hour_num[2] (output port clocked by __VIRTUAL_CLK__)
Path Group: __VIRTUAL_CLK__
Path Type: min

Fanout         Cap        Slew       Delay        Time   Description
---------------------------------------------------------------------------------------------
                      0.000000    0.000000    0.000000   clock __VIRTUAL_CLK__ (rise edge)
                                  0.000000    0.000000   clock network delay (ideal)
                                  2.000000    2.000000 v input external delay
     2    0.006004    0.009923    0.005355    2.005355 v am_pm (in)
                                                         am_pm (net)
                      0.009923    0.000000    2.005355 v _17_/A (sky130_fd_sc_hd__buf_2)
     1    0.033442    0.061506    0.109230    2.114584 v _17_/X (sky130_fd_sc_hd__buf_2)
                                                         hour_num[2] (net)
                      0.061506    0.000000    2.114584 v hour_num[2] (out)
                                              2.114584   data arrival time

                      0.000000    0.000000    0.000000   clock __VIRTUAL_CLK__ (rise edge)
                                  0.000000    0.000000   clock network delay (ideal)
                                  0.250000    0.250000   clock uncertainty
                                  0.000000    0.250000   clock reconvergence pessimism
                                 -2.000000   -1.750000   output external delay
                                             -1.750000   data required time
---------------------------------------------------------------------------------------------
                                             -1.750000   data required time
                                             -2.114584   data arrival time
---------------------------------------------------------------------------------------------
                                              3.864584   slack (MET)


Startpoint: month[3] (input port clocked by __VIRTUAL_CLK__)
Endpoint: day_num[1] (output port clocked by __VIRTUAL_CLK__)
Path Group: __VIRTUAL_CLK__
Path Type: min

Fanout         Cap        Slew       Delay        Time   Description
---------------------------------------------------------------------------------------------
                      0.000000    0.000000    0.000000   clock __VIRTUAL_CLK__ (rise edge)
                                  0.000000    0.000000   clock network delay (ideal)
                                  2.000000    2.000000 ^ input external delay
     3    0.008096    0.032988    0.020420    2.020420 ^ month[3] (in)
                                                         month[3] (net)
                      0.032988    0.000000    2.020420 ^ _06_/C (sky130_fd_sc_hd__or4b_2)
     2    0.038168    0.174481    0.174921    2.195341 ^ _06_/X (sky130_fd_sc_hd__or4b_2)
                                                         day_num[1] (net)
                      0.174481    0.000000    2.195341 ^ day_num[1] (out)
                                              2.195341   data arrival time

                      0.000000    0.000000    0.000000   clock __VIRTUAL_CLK__ (rise edge)
                                  0.000000    0.000000   clock network delay (ideal)
                                  0.250000    0.250000   clock uncertainty
                                  0.000000    0.250000   clock reconvergence pessimism
                                 -2.000000   -1.750000   output external delay
                                             -1.750000   data required time
---------------------------------------------------------------------------------------------
                                             -1.750000   data required time
                                             -2.195341   data arrival time
---------------------------------------------------------------------------------------------
                                              3.945341   slack (MET)


Startpoint: month[3] (input port clocked by __VIRTUAL_CLK__)
Endpoint: day_num[0] (output port clocked by __VIRTUAL_CLK__)
Path Group: __VIRTUAL_CLK__
Path Type: min

Fanout         Cap        Slew       Delay        Time   Description
---------------------------------------------------------------------------------------------
                      0.000000    0.000000    0.000000   clock __VIRTUAL_CLK__ (rise edge)
                                  0.000000    0.000000   clock network delay (ideal)
                                  2.000000    2.000000 v input external delay
     3    0.007086    0.011690    0.006569    2.006569 v month[3] (in)
                                                         month[3] (net)
                      0.011690    0.000000    2.006569 v _08_/C1 (sky130_fd_sc_hd__a211oi_2)
     1    0.001794    0.055375    0.044559    2.051128 ^ _08_/Y (sky130_fd_sc_hd__a211oi_2)
                                                         _02_ (net)
                      0.055375    0.000000    2.051128 ^ _10_/B (sky130_fd_sc_hd__or3_2)
     1    0.033442    0.129398    0.151670    2.202798 ^ _10_/X (sky130_fd_sc_hd__or3_2)
                                                         day_num[0] (net)
                      0.129398    0.000000    2.202798 ^ day_num[0] (out)
                                              2.202798   data arrival time

                      0.000000    0.000000    0.000000   clock __VIRTUAL_CLK__ (rise edge)
                                  0.000000    0.000000   clock network delay (ideal)
                                  0.250000    0.250000   clock uncertainty
                                  0.000000    0.250000   clock reconvergence pessimism
                                 -2.000000   -1.750000   output external delay
                                             -1.750000   data required time
---------------------------------------------------------------------------------------------
                                             -1.750000   data required time
                                             -2.202798   data arrival time
---------------------------------------------------------------------------------------------
                                              3.952797   slack (MET)



%OL_END_REPORT
%OL_CREATE_REPORT max.rpt

===========================================================================
report_checks -path_delay max (Setup)
============================================================================
======================= nom_ff_n40C_1v95 Corner ===================================

Startpoint: month[0] (input port clocked by __VIRTUAL_CLK__)
Endpoint: day_num[0] (output port clocked by __VIRTUAL_CLK__)
Path Group: __VIRTUAL_CLK__
Path Type: max

Fanout         Cap        Slew       Delay        Time   Description
---------------------------------------------------------------------------------------------
                      0.000000    0.000000    0.000000   clock __VIRTUAL_CLK__ (rise edge)
                                  0.000000    0.000000   clock network delay (ideal)
                                  2.000000    2.000000 v input external delay
     3    0.009162    0.015079    0.008899    2.008899 v month[0] (in)
                                                         month[0] (net)
                      0.015079    0.000000    2.008899 v _06_/A (sky130_fd_sc_hd__or4b_2)
     2    0.037441    0.145511    0.477833    2.486732 v _06_/X (sky130_fd_sc_hd__or4b_2)
                                                         day_num[1] (net)
                      0.145511    0.000000    2.486732 v _07_/C (sky130_fd_sc_hd__nor3_2)
     1    0.001758    0.079134    0.095203    2.581936 ^ _07_/Y (sky130_fd_sc_hd__nor3_2)
                                                         _01_ (net)
                      0.079134    0.000000    2.581936 ^ _10_/A (sky130_fd_sc_hd__or3_2)
     1    0.033442    0.129462    0.158464    2.740399 ^ _10_/X (sky130_fd_sc_hd__or3_2)
                                                         day_num[0] (net)
                      0.129462    0.000000    2.740399 ^ day_num[0] (out)
                                              2.740399   data arrival time

                      0.000000   10.000000   10.000000   clock __VIRTUAL_CLK__ (rise edge)
                                  0.000000   10.000000   clock network delay (ideal)
                                 -0.250000    9.750000   clock uncertainty
                                  0.000000    9.750000   clock reconvergence pessimism
                                 -2.000000    7.750000   output external delay
                                              7.750000   data required time
---------------------------------------------------------------------------------------------
                                              7.750000   data required time
                                             -2.740399   data arrival time
---------------------------------------------------------------------------------------------
                                              5.009601   slack (MET)


Startpoint: month[0] (input port clocked by __VIRTUAL_CLK__)
Endpoint: day_num[1] (output port clocked by __VIRTUAL_CLK__)
Path Group: __VIRTUAL_CLK__
Path Type: max

Fanout         Cap        Slew       Delay        Time   Description
---------------------------------------------------------------------------------------------
                      0.000000    0.000000    0.000000   clock __VIRTUAL_CLK__ (rise edge)
                                  0.000000    0.000000   clock network delay (ideal)
                                  2.000000    2.000000 v input external delay
     3    0.009162    0.015079    0.008899    2.008899 v month[0] (in)
                                                         month[0] (net)
                      0.015079    0.000000    2.008899 v _06_/A (sky130_fd_sc_hd__or4b_2)
     2    0.037441    0.145511    0.477833    2.486732 v _06_/X (sky130_fd_sc_hd__or4b_2)
                                                         day_num[1] (net)
                      0.145511    0.000000    2.486732 v day_num[1] (out)
                                              2.486732   data arrival time

                      0.000000   10.000000   10.000000   clock __VIRTUAL_CLK__ (rise edge)
                                  0.000000   10.000000   clock network delay (ideal)
                                 -0.250000    9.750000   clock uncertainty
                                  0.000000    9.750000   clock reconvergence pessimism
                                 -2.000000    7.750000   output external delay
                                              7.750000   data required time
---------------------------------------------------------------------------------------------
                                              7.750000   data required time
                                             -2.486732   data arrival time
---------------------------------------------------------------------------------------------
                                              5.263268   slack (MET)


Startpoint: am_pm (input port clocked by __VIRTUAL_CLK__)
Endpoint: hour_num[2] (output port clocked by __VIRTUAL_CLK__)
Path Group: __VIRTUAL_CLK__
Path Type: max

Fanout         Cap        Slew       Delay        Time   Description
---------------------------------------------------------------------------------------------
                      0.000000    0.000000    0.000000   clock __VIRTUAL_CLK__ (rise edge)
                                  0.000000    0.000000   clock network delay (ideal)
                                  2.000000    2.000000 ^ input external delay
     2    0.006530    0.027666    0.016628    2.016628 ^ am_pm (in)
                                                         am_pm (net)
                      0.027666    0.000000    2.016628 ^ _17_/A (sky130_fd_sc_hd__buf_2)
     1    0.033442    0.127442    0.134631    2.151259 ^ _17_/X (sky130_fd_sc_hd__buf_2)
                                                         hour_num[2] (net)
                      0.127442    0.000000    2.151259 ^ hour_num[2] (out)
                                              2.151259   data arrival time

                      0.000000   10.000000   10.000000   clock __VIRTUAL_CLK__ (rise edge)
                                  0.000000   10.000000   clock network delay (ideal)
                                 -0.250000    9.750000   clock uncertainty
                                  0.000000    9.750000   clock reconvergence pessimism
                                 -2.000000    7.750000   output external delay
                                              7.750000   data required time
---------------------------------------------------------------------------------------------
                                              7.750000   data required time
                                             -2.151259   data arrival time
---------------------------------------------------------------------------------------------
                                              5.598740   slack (MET)


Startpoint: am_pm (input port clocked by __VIRTUAL_CLK__)
Endpoint: hour_num[4] (output port clocked by __VIRTUAL_CLK__)
Path Group: __VIRTUAL_CLK__
Path Type: max

Fanout         Cap        Slew       Delay        Time   Description
---------------------------------------------------------------------------------------------
                      0.000000    0.000000    0.000000   clock __VIRTUAL_CLK__ (rise edge)
                                  0.000000    0.000000   clock network delay (ideal)
                                  2.000000    2.000000 v input external delay
     2    0.006004    0.009923    0.005355    2.005355 v am_pm (in)
                                                         am_pm (net)
                      0.009923    0.000000    2.005355 v _04_/A (sky130_fd_sc_hd__inv_2)
     1    0.033442    0.118188    0.091792    2.097146 ^ _04_/Y (sky130_fd_sc_hd__inv_2)
                                                         hour_num[4] (net)
                      0.118188    0.000000    2.097146 ^ hour_num[4] (out)
                                              2.097146   data arrival time

                      0.000000   10.000000   10.000000   clock __VIRTUAL_CLK__ (rise edge)
                                  0.000000   10.000000   clock network delay (ideal)
                                 -0.250000    9.750000   clock uncertainty
                                  0.000000    9.750000   clock reconvergence pessimism
                                 -2.000000    7.750000   output external delay
                                              7.750000   data required time
---------------------------------------------------------------------------------------------
                                              7.750000   data required time
                                             -2.097146   data arrival time
---------------------------------------------------------------------------------------------
                                              5.652853   slack (MET)



%OL_END_REPORT
%OL_CREATE_REPORT checks.rpt

===========================================================================
report_checks -unconstrained
===========================================================================
======================= nom_ff_n40C_1v95 Corner ===================================

Startpoint: month[0] (input port clocked by __VIRTUAL_CLK__)
Endpoint: day_num[0] (output port clocked by __VIRTUAL_CLK__)
Path Group: __VIRTUAL_CLK__
Path Type: max

Fanout         Cap        Slew       Delay        Time   Description
---------------------------------------------------------------------------------------------
                      0.000000    0.000000    0.000000   clock __VIRTUAL_CLK__ (rise edge)
                                  0.000000    0.000000   clock network delay (ideal)
                                  2.000000    2.000000 v input external delay
     3    0.009162    0.015079    0.008899    2.008899 v month[0] (in)
                                                         month[0] (net)
                      0.015079    0.000000    2.008899 v _06_/A (sky130_fd_sc_hd__or4b_2)
     2    0.037441    0.145511    0.477833    2.486732 v _06_/X (sky130_fd_sc_hd__or4b_2)
                                                         day_num[1] (net)
                      0.145511    0.000000    2.486732 v _07_/C (sky130_fd_sc_hd__nor3_2)
     1    0.001758    0.079134    0.095203    2.581936 ^ _07_/Y (sky130_fd_sc_hd__nor3_2)
                                                         _01_ (net)
                      0.079134    0.000000    2.581936 ^ _10_/A (sky130_fd_sc_hd__or3_2)
     1    0.033442    0.129462    0.158464    2.740399 ^ _10_/X (sky130_fd_sc_hd__or3_2)
                                                         day_num[0] (net)
                      0.129462    0.000000    2.740399 ^ day_num[0] (out)
                                              2.740399   data arrival time

                      0.000000   10.000000   10.000000   clock __VIRTUAL_CLK__ (rise edge)
                                  0.000000   10.000000   clock network delay (ideal)
                                 -0.250000    9.750000   clock uncertainty
                                  0.000000    9.750000   clock reconvergence pessimism
                                 -2.000000    7.750000   output external delay
                                              7.750000   data required time
---------------------------------------------------------------------------------------------
                                              7.750000   data required time
                                             -2.740399   data arrival time
---------------------------------------------------------------------------------------------
                                              5.009601   slack (MET)




===========================================================================
report_checks --slack_max -0.01
============================================================================
======================= nom_ff_n40C_1v95 Corner ===================================

No paths found.


===========================================================================
 report_check_types -max_slew -max_cap -max_fanout -violators
============================================================================
======================= nom_ff_n40C_1v95 Corner ===================================



===========================================================================
report_parasitic_annotation -report_unannotated
============================================================================
Found 32 unannotated drivers.
 am_pm
 month[0]
 month[1]
 month[2]
 month[3]
 year[0]
 year[1]
 year[2]
 year[3]
 year[4]
 year[5]
 year[6]
 _04_/Y
 _05_/Y
 _06_/X
 _07_/Y
 _08_/Y
 _09_/X
 _10_/X
 _11_/HI
 _11_/LO
 _12_/HI
 _12_/LO
 _13_/HI
 _13_/LO
 _14_/HI
 _14_/LO
 _15_/HI
 _15_/LO
 _16_/HI
 _16_/LO
 _17_/X
Found 0 partially unannotated drivers.

===========================================================================
max slew violation count 0
%OL_METRIC_I design__max_slew_violation__count__corner:nom_ff_n40C_1v95 0
max fanout violation count 0
%OL_METRIC_I design__max_fanout_violation__count__corner:nom_ff_n40C_1v95 0
max cap violation count 0
%OL_METRIC_I design__max_cap_violation__count__corner:nom_ff_n40C_1v95 0
============================================================================

===========================================================================
check_setup -verbose -unconstrained_endpoints -multiple_clock -no_clock -no_input_delay -loops -generated_clocks
===========================================================================
Warning: There are 6 unconstrained endpoints.
  day_num[2]
  day_num[3]
  day_num[4]
  hour_num[0]
  hour_num[1]
  hour_num[3]
%OL_END_REPORT
%OL_CREATE_REPORT power.rpt

===========================================================================
 report_power
============================================================================
======================= nom_ff_n40C_1v95 Corner ===================================

Group                    Internal    Switching      Leakage        Total
                            Power        Power        Power        Power (Watts)
------------------------------------------------------------------------
Sequential           0.000000e+00 0.000000e+00 0.000000e+00 0.000000e+00   0.0%
Combinational        1.123888e-06 2.930441e-06 7.309534e-11 4.054402e-06 100.0%
Clock                0.000000e+00 0.000000e+00 0.000000e+00 0.000000e+00   0.0%
Macro                0.000000e+00 0.000000e+00 0.000000e+00 0.000000e+00   0.0%
Pad                  0.000000e+00 0.000000e+00 0.000000e+00 0.000000e+00   0.0%
------------------------------------------------------------------------
Total                1.123888e-06 2.930441e-06 7.309534e-11 4.054402e-06 100.0%
                            27.7%        72.3%         0.0%
%OL_METRIC_F power__internal__total 1.1238879551456193e-6
%OL_METRIC_F power__switching__total 2.9304405870789196e-6
%OL_METRIC_F power__leakage__total 7.309534227895043e-11
%OL_METRIC_F power__total 4.054401870234869e-6

%OL_END_REPORT
%OL_CREATE_REPORT skew.min.rpt

===========================================================================
Clock Skew (Hold)
============================================================================
%OL_METRIC_F clock__skew__worst_hold__corner:nom_ff_n40C_1v95 0.0
======================= nom_ff_n40C_1v95 Corner ===================================

Clock __VIRTUAL_CLK__
No launch/capture paths found.

%OL_END_REPORT
%OL_CREATE_REPORT skew.max.rpt

===========================================================================
Clock Skew (Setup)
============================================================================
%OL_METRIC_F clock__skew__worst_setup__corner:nom_ff_n40C_1v95 0.0
======================= nom_ff_n40C_1v95 Corner ===================================

Clock __VIRTUAL_CLK__
No launch/capture paths found.

%OL_END_REPORT
%OL_CREATE_REPORT ws.min.rpt

===========================================================================
Worst Slack (Hold)
============================================================================
%OL_METRIC_F timing__hold__ws__corner:nom_ff_n40C_1v95 3.817554380668174
nom_ff_n40C_1v95: 3.817554380668174
%OL_END_REPORT
%OL_CREATE_REPORT ws.max.rpt

===========================================================================
Worst Slack (Setup)
============================================================================
%OL_METRIC_F timing__setup__ws__corner:nom_ff_n40C_1v95 5.009600875921582
nom_ff_n40C_1v95: 5.009600875921582
%OL_END_REPORT
%OL_CREATE_REPORT tns.min.rpt

===========================================================================
Total Negative Slack (Hold)
============================================================================
%OL_METRIC_F timing__hold__tns__corner:nom_ff_n40C_1v95 0.0
nom_ff_n40C_1v95: 0.0
%OL_END_REPORT
%OL_CREATE_REPORT tns.max.rpt

===========================================================================
Total Negative Slack (Setup)
============================================================================
%OL_METRIC_F timing__setup__tns__corner:nom_ff_n40C_1v95 0.0
nom_ff_n40C_1v95: 0.0
%OL_END_REPORT
%OL_CREATE_REPORT wns.min.rpt

===========================================================================
Worst Negative Slack (Hold)
============================================================================
%OL_METRIC_F timing__hold__wns__corner:nom_ff_n40C_1v95 0
nom_ff_n40C_1v95: 0
%OL_END_REPORT
%OL_CREATE_REPORT wns.max.rpt

===========================================================================
Worst Negative Slack (Setup)
============================================================================
%OL_METRIC_F timing__setup__wns__corner:nom_ff_n40C_1v95 0.0
nom_ff_n40C_1v95: 0.0
%OL_END_REPORT
%OL_CREATE_REPORT violator_list.rpt

===========================================================================
Violator List
============================================================================
%OL_METRIC_I timing__hold_vio__count__corner:nom_ff_n40C_1v95 0
%OL_METRIC_F timing__hold_r2r__ws__corner:nom_ff_n40C_1v95 inf
%OL_METRIC_I timing__hold_r2r_vio__count__corner:nom_ff_n40C_1v95 0
%OL_METRIC_I timing__setup_vio__count__corner:nom_ff_n40C_1v95 0
%OL_METRIC_F timing__setup_r2r__ws__corner:nom_ff_n40C_1v95 inf
%OL_METRIC_I timing__setup_r2r_vio__count__corner:nom_ff_n40C_1v95 0
%OL_END_REPORT
%OL_CREATE_REPORT unpropagated.rpt
__VIRTUAL_CLK__
%OL_END_REPORT
%OL_CREATE_REPORT clock.rpt
Clock: __VIRTUAL_CLK__
Sources: 
Generated: no
Virtual: yes
Propagated: no
Period: 10.000000

===========================================================================
report_clock_properties
============================================================================
Clock                   Period          Waveform
----------------------------------------------------
__VIRTUAL_CLK__      10.000000    0.000000  5.000000

===========================================================================
report_clock_latency
============================================================================
Clock __VIRTUAL_CLK__


===========================================================================
report_clock_min_period
============================================================================
__VIRTUAL_CLK__ period_min = 0.00 fmax = inf
%OL_END_REPORT
Writing SDF files for all corners…
