100. Printing statistics.

=== alarm ===

   Number of wires:                 34
   Number of wire bits:             52
   Number of public wires:           9
   Number of public wire bits:      27
   Number of ports:                  8
   Number of port bits:             26
   Number of memories:               0
   Number of memory bits:            0
   Number of processes:              0
   Number of cells:                 27
     $_ANDNOT_                       4
     $_MUX_                          2
     $_NOT_                          1
     $_OR_                           7
     $_XNOR_                         1
     $_XOR_                         10
     sky130_fd_sc_hd__dfrtp_2        2

   Area for cell type $_NOT_ is unknown!
   Area for cell type $_OR_ is unknown!
   Area for cell type $_XOR_ is unknown!
   Area for cell type $_XNOR_ is unknown!
   Area for cell type $_ANDNOT_ is unknown!
   Area for cell type $_MUX_ is unknown!

   Chip area for module '\alarm': 52.550400
     of which used for sequential elements: 52.550400 (100.00%)

