94. Printing statistics.

=== alarm ===

   Number of wires:                 32
   Number of wire bits:             50
   Number of public wires:           9
   Number of public wire bits:      27
   Number of ports:                  8
   Number of port bits:             26
   Number of memories:               0
   Number of memory bits:            0
   Number of processes:              0
   Number of cells:                 25
     $_ANDNOT_                       4
     $_DFFE_PN0P_                    2
     $_NOT_                          1
     $_OR_                           7
     $_XNOR_                         1
     $_XOR_                         10

   Area for cell type $_NOT_ is unknown!
   Area for cell type $_OR_ is unknown!
   Area for cell type $_XOR_ is unknown!
   Area for cell type $_XNOR_ is unknown!
   Area for cell type $_ANDNOT_ is unknown!
   Area for cell type $_DFFE_PN0P_ is unknown!

