
===========================================================================
report_checks -path_delay max (Setup)
============================================================================
======================= nom_tt_025C_1v80 Corner ===================================

Startpoint: month[0] (input port clocked by __VIRTUAL_CLK__)
Endpoint: day_num[0] (output port clocked by __VIRTUAL_CLK__)
Path Group: __VIRTUAL_CLK__
Path Type: max

Fanout         Cap        Slew       Delay        Time   Description
---------------------------------------------------------------------------------------------
                      0.000000    0.000000    0.000000   clock __VIRTUAL_CLK__ (rise edge)
                                  0.000000    0.000000   clock network delay (ideal)
                                  2.000000    2.000000 v input external delay
     3    0.008923    0.022551    0.014418    2.014418 v month[0] (in)
                                                         month[0] (net)
                      0.022551    0.000000    2.014418 v _06_/A (sky130_fd_sc_hd__or4b_2)
     2    0.037444    0.212737    0.822832    2.837250 v _06_/X (sky130_fd_sc_hd__or4b_2)
                                                         day_num[1] (net)
                      0.212737    0.000000    2.837250 v _07_/C (sky130_fd_sc_hd__nor3_2)
     1    0.001649    0.112298    0.139065    2.976315 ^ _07_/Y (sky130_fd_sc_hd__nor3_2)
                                                         _01_ (net)
                      0.112298    0.000000    2.976315 ^ _10_/A (sky130_fd_sc_hd__or3_2)
     1    0.033442    0.172106    0.233597    3.209912 ^ _10_/X (sky130_fd_sc_hd__or3_2)
                                                         day_num[0] (net)
                      0.172106    0.000000    3.209912 ^ day_num[0] (out)
                                              3.209912   data arrival time

                      0.000000   10.000000   10.000000   clock __VIRTUAL_CLK__ (rise edge)
                                  0.000000   10.000000   clock network delay (ideal)
                                 -0.250000    9.750000   clock uncertainty
                                  0.000000    9.750000   clock reconvergence pessimism
                                 -2.000000    7.750000   output external delay
                                              7.750000   data required time
---------------------------------------------------------------------------------------------
                                              7.750000   data required time
                                             -3.209912   data arrival time
---------------------------------------------------------------------------------------------
                                              4.540088   slack (MET)


Startpoint: month[0] (input port clocked by __VIRTUAL_CLK__)
Endpoint: day_num[1] (output port clocked by __VIRTUAL_CLK__)
Path Group: __VIRTUAL_CLK__
Path Type: max

Fanout         Cap        Slew       Delay        Time   Description
---------------------------------------------------------------------------------------------
                      0.000000    0.000000    0.000000   clock __VIRTUAL_CLK__ (rise edge)
                                  0.000000    0.000000   clock network delay (ideal)
                                  2.000000    2.000000 v input external delay
     3    0.008923    0.022551    0.014418    2.014418 v month[0] (in)
                                                         month[0] (net)
                      0.022551    0.000000    2.014418 v _06_/A (sky130_fd_sc_hd__or4b_2)
     2    0.037444    0.212737    0.822832    2.837250 v _06_/X (sky130_fd_sc_hd__or4b_2)
                                                         day_num[1] (net)
                      0.212737    0.000000    2.837250 v day_num[1] (out)
                                              2.837250   data arrival time

                      0.000000   10.000000   10.000000   clock __VIRTUAL_CLK__ (rise edge)
                                  0.000000   10.000000   clock network delay (ideal)
                                 -0.250000    9.750000   clock uncertainty
                                  0.000000    9.750000   clock reconvergence pessimism
                                 -2.000000    7.750000   output external delay
                                              7.750000   data required time
---------------------------------------------------------------------------------------------
                                              7.750000   data required time
                                             -2.837250   data arrival time
---------------------------------------------------------------------------------------------
                                              4.912750   slack (MET)


Startpoint: am_pm (input port clocked by __VIRTUAL_CLK__)
Endpoint: hour_num[2] (output port clocked by __VIRTUAL_CLK__)
Path Group: __VIRTUAL_CLK__
Path Type: max

Fanout         Cap        Slew       Delay        Time   Description
---------------------------------------------------------------------------------------------
                      0.000000    0.000000    0.000000   clock __VIRTUAL_CLK__ (rise edge)
                                  0.000000    0.000000   clock network delay (ideal)
                                  2.000000    2.000000 ^ input external delay
     2    0.006449    0.036815    0.022491    2.022491 ^ am_pm (in)
                                                         am_pm (net)
                      0.036815    0.000000    2.022491 ^ _17_/A (sky130_fd_sc_hd__buf_2)
     1    0.033442    0.168803    0.192556    2.215047 ^ _17_/X (sky130_fd_sc_hd__buf_2)
                                                         hour_num[2] (net)
                      0.168803    0.000000    2.215047 ^ hour_num[2] (out)
                                              2.215047   data arrival time

                      0.000000   10.000000   10.000000   clock __VIRTUAL_CLK__ (rise edge)
                                  0.000000   10.000000   clock network delay (ideal)
                                 -0.250000    9.750000   clock uncertainty
                                  0.000000    9.750000   clock reconvergence pessimism
                                 -2.000000    7.750000   output external delay
                                              7.750000   data required time
---------------------------------------------------------------------------------------------
                                              7.750000   data required time
                                             -2.215047   data arrival time
---------------------------------------------------------------------------------------------
                                              5.534953   slack (MET)


Startpoint: am_pm (input port clocked by __VIRTUAL_CLK__)
Endpoint: hour_num[4] (output port clocked by __VIRTUAL_CLK__)
Path Group: __VIRTUAL_CLK__
Path Type: max

Fanout         Cap        Slew       Delay        Time   Description
---------------------------------------------------------------------------------------------
                      0.000000    0.000000    0.000000   clock __VIRTUAL_CLK__ (rise edge)
                                  0.000000    0.000000   clock network delay (ideal)
                                  2.000000    2.000000 v input external delay
     2    0.005923    0.016046    0.009561    2.009561 v am_pm (in)
                                                         am_pm (net)
                      0.016046    0.000000    2.009561 v _04_/A (sky130_fd_sc_hd__inv_2)
     1    0.033442    0.157278    0.125303    2.134864 ^ _04_/Y (sky130_fd_sc_hd__inv_2)
                                                         hour_num[4] (net)
                      0.157278    0.000000    2.134864 ^ hour_num[4] (out)
                                              2.134864   data arrival time

                      0.000000   10.000000   10.000000   clock __VIRTUAL_CLK__ (rise edge)
                                  0.000000   10.000000   clock network delay (ideal)
                                 -0.250000    9.750000   clock uncertainty
                                  0.000000    9.750000   clock reconvergence pessimism
                                 -2.000000    7.750000   output external delay
                                              7.750000   data required time
---------------------------------------------------------------------------------------------
                                              7.750000   data required time
                                             -2.134864   data arrival time
---------------------------------------------------------------------------------------------
                                              5.615136   slack (MET)



