                                                                        Cells by Master                                                                         
┏━━━━━━━━━━━━━━━━━━━━━━━━━━━━━━━━━━━━━━━━━━━━━━━━━━━━━━━━━━━━━━━━━━━━━━━━━━━━━━━━━━━━━━━━━━━━━━━━━━━━━━━━━━━━━━━━━━━━━━━━━━━━━━━━━━┳━━━━━━━━━━━━━━━━━━━━━━━━━━━┓
┃ Cell                                                                                                                             ┃ Count                     ┃
┡━━━━━━━━━━━━━━━━━━━━━━━━━━━━━━━━━━━━━━━━━━━━━━━━━━━━━━━━━━━━━━━━━━━━━━━━━━━━━━━━━━━━━━━━━━━━━━━━━━━━━━━━━━━━━━━━━━━━━━━━━━━━━━━━━━╇━━━━━━━━━━━━━━━━━━━━━━━━━━━┩
│ sky130_ef_sc_hd__decap_12                                                                                                        │ 141                       │
│ sky130_fd_sc_hd__a2111o_1                                                                                                        │ 3                         │
│ sky130_fd_sc_hd__a2111oi_1                                                                                                       │ 1                         │
│ sky130_fd_sc_hd__a211o_1                                                                                                         │ 5                         │
│ sky130_fd_sc_hd__a211oi_1                                                                                                        │ 1                         │
│ sky130_fd_sc_hd__a21bo_1                                                                                                         │ 6                         │
│ sky130_fd_sc_hd__a21boi_1                                                                                                        │ 3                         │
│ sky130_fd_sc_hd__a21o_1                                                                                                          │ 13                        │
│ sky130_fd_sc_hd__a21o_2                                                                                                          │ 1                         │
│ sky130_fd_sc_hd__a21oi_1                                                                                                         │ 8                         │
│ sky130_fd_sc_hd__a21oi_2                                                                                                         │ 2                         │
│ sky130_fd_sc_hd__a221o_1                                                                                                         │ 1                         │
│ sky130_fd_sc_hd__a22o_1                                                                                                          │ 4                         │
│ sky130_fd_sc_hd__a22oi_1                                                                                                         │ 2                         │
│ sky130_fd_sc_hd__a2bb2o_1                                                                                                        │ 2                         │
│ sky130_fd_sc_hd__a31o_1                                                                                                          │ 6                         │
│ sky130_fd_sc_hd__a32o_2                                                                                                          │ 1                         │
│ sky130_fd_sc_hd__a41o_1                                                                                                          │ 1                         │
│ sky130_fd_sc_hd__and2_1                                                                                                          │ 12                        │
│ sky130_fd_sc_hd__and2_2                                                                                                          │ 1                         │
│ sky130_fd_sc_hd__and2b_1                                                                                                         │ 3                         │
│ sky130_fd_sc_hd__and3_1                                                                                                          │ 17                        │
│ sky130_fd_sc_hd__and3b_1                                                                                                         │ 3                         │
│ sky130_fd_sc_hd__and4_1                                                                                                          │ 2                         │
│ sky130_fd_sc_hd__and4b_1                                                                                                         │ 1                         │
│ sky130_fd_sc_hd__buf_1                                                                                                           │ 5                         │
│ sky130_fd_sc_hd__buf_2                                                                                                           │ 90                        │
│ sky130_fd_sc_hd__buf_4                                                                                                           │ 1                         │
│ sky130_fd_sc_hd__clkbuf_1                                                                                                        │ 4                         │
│ sky130_fd_sc_hd__clkbuf_2                                                                                                        │ 10                        │
│ sky130_fd_sc_hd__conb_1                                                                                                          │ 5                         │
│ sky130_fd_sc_hd__decap_3                                                                                                         │ 48                        │
│ sky130_fd_sc_hd__decap_4                                                                                                         │ 19                        │
│ sky130_fd_sc_hd__decap_6                                                                                                         │ 25                        │
│ sky130_fd_sc_hd__decap_8                                                                                                         │ 15                        │
│ sky130_fd_sc_hd__dlymetal6s2s_1                                                                                                  │ 5                         │
│ sky130_fd_sc_hd__fill_1                                                                                                          │ 75                        │
│ sky130_fd_sc_hd__fill_2                                                                                                          │ 43                        │
│ sky130_fd_sc_hd__inv_2                                                                                                           │ 20                        │
│ sky130_fd_sc_hd__mux2_1                                                                                                          │ 2                         │
│ sky130_fd_sc_hd__mux2_2                                                                                                          │ 2                         │
│ sky130_fd_sc_hd__nand2_1                                                                                                         │ 23                        │
│ sky130_fd_sc_hd__nand2b_1                                                                                                        │ 5                         │
│ sky130_fd_sc_hd__nand3_1                                                                                                         │ 2                         │
│ sky130_fd_sc_hd__nor2_1                                                                                                          │ 32                        │
│ sky130_fd_sc_hd__nor3_1                                                                                                          │ 1                         │
│ sky130_fd_sc_hd__nor4_1                                                                                                          │ 1                         │
│ sky130_fd_sc_hd__o211a_1                                                                                                         │ 10                        │
│ sky130_fd_sc_hd__o211a_2                                                                                                         │ 1                         │
│ sky130_fd_sc_hd__o21a_1                                                                                                          │ 5                         │
│ sky130_fd_sc_hd__o21ai_1                                                                                                         │ 6                         │
│ sky130_fd_sc_hd__o21ai_2                                                                                                         │ 2                         │
│ sky130_fd_sc_hd__o21ba_1                                                                                                         │ 5                         │
│ sky130_fd_sc_hd__o21bai_1                                                                                                        │ 1                         │
│ sky130_fd_sc_hd__o21bai_2                                                                                                        │ 1                         │
│ sky130_fd_sc_hd__o221a_1                                                                                                         │ 1                         │
│ sky130_fd_sc_hd__o22a_1                                                                                                          │ 3                         │
│ sky130_fd_sc_hd__o22ai_1                                                                                                         │ 1                         │
│ sky130_fd_sc_hd__o2bb2a_1                                                                                                        │ 4                         │
│ sky130_fd_sc_hd__or2_1                                                                                                           │ 15                        │
│ sky130_fd_sc_hd__or3b_1                                                                                                          │ 4                         │
│ sky130_fd_sc_hd__tapvpwrvgnd_1                                                                                                   │ 88                        │
│ sky130_fd_sc_hd__xnor2_1                                                                                                         │ 9                         │
│ sky130_fd_sc_hd__xnor2_2                                                                                                         │ 7                         │
│ sky130_fd_sc_hd__xnor2_4                                                                                                         │ 1                         │
│ sky130_fd_sc_hd__xor2_1                                                                                                          │ 3                         │
│ sky130_fd_sc_hd__xor2_2                                                                                                          │ 8                         │
└──────────────────────────────────────────────────────────────────────────────────────────────────────────────────────────────────┴───────────────────────────┘
