                                                                       Cells by Function                                                                        
┏━━━━━━━━━━━━━━━━━━━━━━━━━━━━━━━━━━━━━━━━━━━━━━━━━━━━━━━━━━━━━━━━━━━━━━━━━━━━━━━━━━━━━━━━━━━━━━━━━━━━━━━━━━━━━━━━━━━━━━━━━━━━━━━━━┳━━━━━━━━━━━━━━━━━━━━━━━━━━━━┓
┃ Cell Function                                                                                                                   ┃ Count                      ┃
┡━━━━━━━━━━━━━━━━━━━━━━━━━━━━━━━━━━━━━━━━━━━━━━━━━━━━━━━━━━━━━━━━━━━━━━━━━━━━━━━━━━━━━━━━━━━━━━━━━━━━━━━━━━━━━━━━━━━━━━━━━━━━━━━━━╇━━━━━━━━━━━━━━━━━━━━━━━━━━━━┩
│ sky130_ef_sc_hd__decap                                                                                                          │ 141                        │
│ sky130_fd_sc_hd__a2111o                                                                                                         │ 3                          │
│ sky130_fd_sc_hd__a2111oi                                                                                                        │ 1                          │
│ sky130_fd_sc_hd__a211o                                                                                                          │ 5                          │
│ sky130_fd_sc_hd__a211oi                                                                                                         │ 1                          │
│ sky130_fd_sc_hd__a21bo                                                                                                          │ 6                          │
│ sky130_fd_sc_hd__a21boi                                                                                                         │ 3                          │
│ sky130_fd_sc_hd__a21o                                                                                                           │ 14                         │
│ sky130_fd_sc_hd__a21oi                                                                                                          │ 10                         │
│ sky130_fd_sc_hd__a221o                                                                                                          │ 1                          │
│ sky130_fd_sc_hd__a22o                                                                                                           │ 4                          │
│ sky130_fd_sc_hd__a22oi                                                                                                          │ 2                          │
│ sky130_fd_sc_hd__a2bb2o                                                                                                         │ 2                          │
│ sky130_fd_sc_hd__a31o                                                                                                           │ 6                          │
│ sky130_fd_sc_hd__a32o                                                                                                           │ 1                          │
│ sky130_fd_sc_hd__a41o                                                                                                           │ 1                          │
│ sky130_fd_sc_hd__and2                                                                                                           │ 13                         │
│ sky130_fd_sc_hd__and2b                                                                                                          │ 3                          │
│ sky130_fd_sc_hd__and3                                                                                                           │ 17                         │
│ sky130_fd_sc_hd__and3b                                                                                                          │ 3                          │
│ sky130_fd_sc_hd__and4                                                                                                           │ 2                          │
│ sky130_fd_sc_hd__and4b                                                                                                          │ 1                          │
│ sky130_fd_sc_hd__buf                                                                                                            │ 96                         │
│ sky130_fd_sc_hd__clkbuf                                                                                                         │ 14                         │
│ sky130_fd_sc_hd__conb                                                                                                           │ 5                          │
│ sky130_fd_sc_hd__decap                                                                                                          │ 107                        │
│ sky130_fd_sc_hd__dlymetal6s2s                                                                                                   │ 5                          │
│ sky130_fd_sc_hd__fill                                                                                                           │ 118                        │
│ sky130_fd_sc_hd__inv                                                                                                            │ 20                         │
│ sky130_fd_sc_hd__mux2                                                                                                           │ 4                          │
│ sky130_fd_sc_hd__nand2                                                                                                          │ 23                         │
│ sky130_fd_sc_hd__nand2b                                                                                                         │ 5                          │
│ sky130_fd_sc_hd__nand3                                                                                                          │ 2                          │
│ sky130_fd_sc_hd__nor2                                                                                                           │ 32                         │
│ sky130_fd_sc_hd__nor3                                                                                                           │ 1                          │
│ sky130_fd_sc_hd__nor4                                                                                                           │ 1                          │
│ sky130_fd_sc_hd__o211a                                                                                                          │ 11                         │
│ sky130_fd_sc_hd__o21a                                                                                                           │ 5                          │
│ sky130_fd_sc_hd__o21ai                                                                                                          │ 8                          │
│ sky130_fd_sc_hd__o21ba                                                                                                          │ 5                          │
│ sky130_fd_sc_hd__o21bai                                                                                                         │ 2                          │
│ sky130_fd_sc_hd__o221a                                                                                                          │ 1                          │
│ sky130_fd_sc_hd__o22a                                                                                                           │ 3                          │
│ sky130_fd_sc_hd__o22ai                                                                                                          │ 1                          │
│ sky130_fd_sc_hd__o2bb2a                                                                                                         │ 4                          │
│ sky130_fd_sc_hd__or2                                                                                                            │ 15                         │
│ sky130_fd_sc_hd__or3b                                                                                                           │ 4                          │
│ sky130_fd_sc_hd__tapvpwrvgnd                                                                                                    │ 88                         │
│ sky130_fd_sc_hd__xnor2                                                                                                          │ 17                         │
│ sky130_fd_sc_hd__xor2                                                                                                           │ 11                         │
└─────────────────────────────────────────────────────────────────────────────────────────────────────────────────────────────────┴────────────────────────────┘
